Looking for git in: git
Using git 2.32.0 from git
> git rev-parse --git-dir
Open repository: /home/fenris/work/Projects/Games
> git status -z -u
> git symbolic-ref --short HEAD
> git for-each-ref --format=%(refname)%00%(upstream:short)%00%(objectname)%00%(upstream:track) refs/heads/master refs/remotes/master
> git for-each-ref --sort -committerdate --format %(refname) %(objectname) %(*objectname)
> git remote --verbose
> git config --get commit.template
> git check-ignore -v -z --stdin
> git config --local branch.master.github-pr-owner-number
> git check-ignore -v -z --stdin
> git check-ignore -v -z --stdin
> git check-ignore -v -z --stdin
> git add -A -- /home/fenris/work/Projects/Games/.directory /home/fenris/work/Projects/Games/.gitignore /home/fenris/work/Projects/Games/Black Jack/BlackJack/back/background.jpg /home/fenris/work/Projects/Games/Black Jack/BlackJack/chips/1.png /home/fenris/work/Projects/Games/Black Jack/BlackJack/chips/10.png /home/fenris/work/Projects/Games/Black Jack/BlackJack/chips/100.png /home/fenris/work/Projects/Games/Black Jack/BlackJack/chips/1000.png /home/fenris/work/Projects/Games/Black Jack/BlackJack/chips/2.png /home/fenris/work/Projects/Games/Black Jack/BlackJack/chips/20.png /home/fenris/work/Projects/Games/Black Jack/BlackJack/chips/2000.png /home/fenris/work/Projects/Games/Black Jack/BlackJack/chips/25.png /home/fenris/work/Projects/Games/Black Jack/BlackJack/chips/250.png /home/fenris/work/Projects/Games/Black Jack/BlackJack/chips/5.png /home/fenris/work/Projects/Games/Black Jack/BlackJack/chips/50.png /home/fenris/work/Projects/Games/Black Jack/BlackJack/chips/500.png /home/fenris/work/Projects/Games/Black Jack/BlackJack/chips/5000.png /home/fenris/work/Projects/Games/Black Jack/BlackJack/png/10_of_clubs.png /home/fenris/work/Projects/Games/Black Jack/BlackJack/png/10_of_diamonds.png /home/fenris/work/Projects/Games/Black Jack/BlackJack/png/10_of_hearts.png /home/fenris/work/Projects/Games/Black Jack/BlackJack/png/10_of_spades.png /home/fenris/work/Projects/Games/Black Jack/BlackJack/png/2_of_clubs.png /home/fenris/work/Projects/Games/Black Jack/BlackJack/png/2_of_diamonds.png /home/fenris/work/Projects/Games/Black Jack/BlackJack/png/2_of_hearts.png /home/fenris/work/Projects/Games/Black Jack/BlackJack/png/2_of_spades.png /home/fenris/work/Projects/Games/Black Jack/BlackJack/png/3_of_clubs.png /home/fenris/work/Projects/Games/Black Jack/BlackJack/png/3_of_diamonds.png /home/fenris/work/Projects/Games/Black Jack/BlackJack/png/3_of_hearts.png /home/fenris/work/Projects/Games/Black Jack/BlackJack/png/3_of_spades.png /home/fenris/work/Projects/Games/Black Jack/BlackJack/png/4_of_clubs.png /home/fenris/work/Projects/Games/Black Jack/BlackJack/png/4_of_diamonds.png /home/fenris/work/Projects/Games/Black Jack/BlackJack/png/4_of_hearts.png /home/fenris/work/Projects/Games/Black Jack/BlackJack/png/4_of_spades.png /home/fenris/work/Projects/Games/Black Jack/BlackJack/png/5_of_clubs.png /home/fenris/work/Projects/Games/Black Jack/BlackJack/png/5_of_diamonds.png /home/fenris/work/Projects/Games/Black Jack/BlackJack/png/5_of_hearts.png /home/fenris/work/Projects/Games/Black Jack/BlackJack/png/5_of_spades.png /home/fenris/work/Projects/Games/Black Jack/BlackJack/png/6_of_clubs.png /home/fenris/work/Projects/Games/Black Jack/BlackJack/png/6_of_diamonds.png /home/fenris/work/Projects/Games/Black Jack/BlackJack/png/6_of_hearts.png /home/fenris/work/Projects/Games/Black Jack/BlackJack/png/6_of_spades.png /home/fenris/work/Projects/Games/Black Jack/BlackJack/png/7_of_clubs.png /home/fenris/work/Projects/Games/Black Jack/BlackJack/png/7_of_diamonds.png /home/fenris/work/Projects/Games/Black Jack/BlackJack/png/7_of_hearts.png /home/fenris/work/Projects/Games/Black Jack/BlackJack/png/7_of_spades.png /home/fenris/work/Projects/Games/Black Jack/BlackJack/png/8_of_clubs.png /home/fenris/work/Projects/Games/Black Jack/BlackJack/png/8_of_diamonds.png /home/fenris/work/Projects/Games/Black Jack/BlackJack/png/8_of_hearts.png /home/fenris/work/Projects/Games/Black Jack/BlackJack/png/8_of_spades.png /home/fenris/work/Projects/Games/Black Jack/BlackJack/png/9_of_clubs.png /home/fenris/work/Projects/Games/Black Jack/BlackJack/png/9_of_diamonds.png /home/fenris/work/Projects/Games/Black Jack/BlackJack/png/9_of_hearts.png /home/fenris/work/Projects/Games/Black Jack/BlackJack/png/9_of_spades.png /home/fenris/work/Projects/Games/Black Jack/BlackJack/png/ace_of_clubs.png /home/fenris/work/Projects/Games/Black Jack/BlackJack/png/ace_of_diamonds.png /home/fenris/work/Projects/Games/Black Jack/BlackJack/png/ace_of_hearts.png /home/fenris/work/Projects/Games/Black Jack/BlackJack/png/ace_of_spades.png /home/fenris/work/Projects/Games/Black Jack/BlackJack/png/back.png /home/fenris/work/Projects/Games/Black Jack/BlackJack/png/back@2x.png /home/fenris/work/Projects/Games/Black Jack/BlackJack/png/black_joker.png /home/fenris/work/Projects/Games/Black Jack/BlackJack/png/cardBack.png /home/fenris/work/Projects/Games/Black Jack/BlackJack/png/jack_of_clubs.png /home/fenris/work/Projects/Games/Black Jack/BlackJack/png/jack_of_diamonds.png /home/fenris/work/Projects/Games/Black Jack/BlackJack/png/jack_of_hearts.png /home/fenris/work/Projects/Games/Black Jack/BlackJack/png/jack_of_spades.png /home/fenris/work/Projects/Games/Black Jack/BlackJack/png/king_of_clubs.png /home/fenris/work/Projects/Games/Black Jack/BlackJack/png/king_of_diamonds.png /home/fenris/work/Projects/Games/Black Jack/BlackJack/png/king_of_hearts.png /home/fenris/work/Projects/Games/Black Jack/BlackJack/png/king_of_spades.png /home/fenris/work/Projects/Games/Black Jack/BlackJack/png/queen_of_clubs.png /home/fenris/work/Projects/Games/Black Jack/BlackJack/png/queen_of_diamonds.png /home/fenris/work/Projects/Games/Black Jack/BlackJack/png/queen_of_hearts.png /home/fenris/work/Projects/Games/Black Jack/BlackJack/png/queen_of_spades.png /home/fenris/work/Projects/Games/Black Jack/BlackJack/png/red_joker.png /home/fenris/work/Projects/Games/Chess/classes.py /home/fenris/work/Projects/Games/Chess/main.py
> git status -z -u
> git symbolic-ref --short HEAD
> git for-each-ref --format=%(refname)%00%(upstream:short)%00%(objectname)%00%(upstream:track) refs/heads/master refs/remotes/master
> git for-each-ref --sort -committerdate --format %(refname) %(objectname) %(*objectname)
> git remote --verbose
> git config --get commit.template
> git -c user.useConfigOnly=true commit --quiet --allow-empty-message --file -
error: invalid object 100755 5927aada92c2f83bc9b1fa6a72458f24dcd934ec for '.vscode/settings.json'
error: invalid object 100755 5927aada92c2f83bc9b1fa6a72458f24dcd934ec for '.vscode/settings.json'
error: Error building trees
> git config --get-all user.name
> git config --get-all user.email
> git fetch
