[18:23:45] Initializing LaTeX Workshop.
[18:23:45] Extension root: /home/fenris/.vscode/extensions/james-yu.latex-workshop-8.23.0
[18:23:45] $PATH: /home/fenris/Apps/anaconda3/bin:/home/fenris/Apps/anaconda3/condabin:/usr/local/sbin:/usr/local/bin:/usr/bin:/usr/lib/jvm/default/bin:/usr/bin/site_perl:/usr/bin/vendor_perl:/usr/bin/core_perl
[18:23:45] $SHELL: /usr/bin/zsh
[18:23:45] vscode.env.appName: Visual Studio Code
[18:23:45] vscode.env.remoteName: undefined
[18:23:45] vscode.env.uiKind: 1
[18:23:45] editor.acceptSuggestionOnEnter: "on"
[18:23:45] latex-workshop.bind.enter.key: true
[18:23:45] latex-workshop.docker.enabled: false
[18:23:45] latex-workshop.docker.image.latex: ""
[18:23:45] latex-workshop.hover.preview.mathjax.extensions: []
[18:23:45] latex-workshop.intellisense.package.enabled: true
[18:23:45] latex-workshop.intellisense.update.aggressive.enabled: false
[18:23:45] latex-workshop.intellisense.update.delay: 1000
[18:23:45] latex-workshop.latex.autoBuild.run: "onFileChange"
[18:23:45] latex-workshop.latex.outDir: "%DIR%"
[18:23:45] latex-workshop.latex.recipes: [
 {
  "name": "latexmk 🔃",
  "tools": [
   "latexmk"
  ]
 },
 {
  "name": "latexmk (latexmkrc)",
  "tools": [
   "latexmk_rconly"
  ]
 },
 {
  "name": "latexmk (lualatex)",
  "tools": [
   "lualatexmk"
  ]
 },
 {
  "name": "pdflatex ➞ bibtex ➞ pdflatex × 2",
  "tools": [
   "pdflatex",
   "bibtex",
   "pdflatex",
   "pdflatex"
  ]
 },
 {
  "name": "Compile Rnw files",
  "tools": [
   "rnw2tex",
   "latexmk"
  ]
 },
 {
  "name": "Compile Jnw files",
  "tools": [
   "jnw2tex",
   "latexmk"
  ]
 },
 {
  "name": "tectonic",
  "tools": [
   "tectonic"
  ]
 }
]
[18:23:45] latex-workshop.latex.tools: [
 {
  "name": "latexmk",
  "command": "latexmk",
  "args": [
   "-synctex=1",
   "-interaction=nonstopmode",
   "-file-line-error",
   "-pdf",
   "-outdir=%OUTDIR%",
   "%DOC%"
  ],
  "env": {}
 },
 {
  "name": "lualatexmk",
  "command": "latexmk",
  "args": [
   "-synctex=1",
   "-interaction=nonstopmode",
   "-file-line-error",
   "-lualatex",
   "-outdir=%OUTDIR%",
   "%DOC%"
  ],
  "env": {}
 },
 {
  "name": "latexmk_rconly",
  "command": "latexmk",
  "args": [
   "%DOC%"
  ],
  "env": {}
 },
 {
  "name": "pdflatex",
  "command": "pdflatex",
  "args": [
   "-synctex=1",
   "-interaction=nonstopmode",
   "-file-line-error",
   "%DOC%"
  ],
  "env": {}
 },
 {
  "name": "bibtex",
  "command": "bibtex",
  "args": [
   "%DOCFILE%"
  ],
  "env": {}
 },
 {
  "name": "rnw2tex",
  "command": "Rscript",
  "args": [
   "-e",
   "knitr::opts_knit$set(concordance = TRUE); knitr::knit('%DOCFILE_EXT%')"
  ],
  "env": {}
 },
 {
  "name": "jnw2tex",
  "command": "julia",
  "args": [
   "-e",
   "using Weave; weave(\"%DOC_EXT%\", doctype=\"tex\")"
  ],
  "env": {}
 },
 {
  "name": "jnw2texmintex",
  "command": "julia",
  "args": [
   "-e",
   "using Weave; weave(\"%DOC_EXT%\", doctype=\"texminted\")"
  ],
  "env": {}
 },
 {
  "name": "tectonic",
  "command": "tectonic",
  "args": [
   "--synctex",
   "--keep-logs",
   "%DOC%.tex"
  ],
  "env": {}
 }
]
[18:23:45] latex-workshop.viewer.pdf.internal.keyboardEvent: "auto"
[18:23:45] Creating a new file watcher.
[18:23:45] watcherOptions: {"useFsEvents":false,"usePolling":false,"interval":300,"binaryInterval":1000,"awaitWriteFinish":{"stabilityThreshold":250}}
[18:23:45] Creating PDF file watcher.
[18:23:45] watcherOptions: {"useFsEvents":false,"usePolling":false,"interval":300,"binaryInterval":1000,"awaitWriteFinish":{}}
[18:23:45] Creating Bib file watcher.
[18:23:45] watcherOptions: {"useFsEvents":false,"usePolling":false,"interval":300,"binaryInterval":1000,"awaitWriteFinish":{"stabilityThreshold":250}}
[18:23:45] Set $LATEXWORKSHOP_DOCKER_LATEX: ""
[18:23:46] [Server] Creating LaTeX Workshop http and websocket server.
[18:23:46] Bibtex format config: {"tab":"  ","case":"lowercase","left":"{","right":"}","trailingComma":false,"sort":["key"],"alignOnEqual":true,"sortFields":false,"fieldsOrder":[],"firstEntries":["string","xdata"]}
[18:23:46] LaTeX Workshop initialized.
[18:23:46] Bibtex format config: {"tab":"  ","case":"lowercase","left":"{","right":"}","trailingComma":false,"sort":["key"],"alignOnEqual":true,"sortFields":false,"fieldsOrder":[],"firstEntries":["string","xdata"]}
[18:23:46] Trigger characters for intellisense of LaTeX documents: ["\\",",","{"]
[18:23:46] Bibtex format config: {"tab":"  ","case":"lowercase","left":"{","right":"}","trailingComma":false,"sort":["key"],"alignOnEqual":true,"sortFields":false,"fieldsOrder":[],"firstEntries":["string","xdata"]}
[18:23:46] Current workspace folders: ["file:///home/fenris/work/dead/University/Semester6"]
[18:23:46] Current workspaceRootDir: file:///home/fenris/work/dead/University/Semester6
[18:23:46] Found root file from active editor: /home/fenris/work/dead/University/Semester6/Minor_Proj/proposal.tex
[18:23:46] Root file changed: from undefined to /home/fenris/work/dead/University/Semester6/Minor_Proj/proposal.tex
[18:23:46] Start to find all dependencies.
[18:23:46] Root file languageId: latex
[18:23:46] [Server] Server successfully started: {"address":"127.0.0.1","family":"IPv4","port":38465}
[18:23:46] Reset file watcher.
[18:23:46] Parsing a file and its subfiles: /home/fenris/work/dead/University/Semester6/Minor_Proj/proposal.tex
[18:23:46] Parse fls file.
[18:23:46] Cannot find fls file: /home/fenris/work/dead/University/Semester6/Minor_Proj/proposal.fls
[18:23:46] Added to file watcher: /home/fenris/work/dead/University/Semester6/Minor_Proj/proposal.tex
[18:23:46] Snippet data loaded.
[18:23:46] Checking for duplicate labels: /home/fenris/work/dead/University/Semester6/Minor_Proj/proposal.tex.
[18:23:48] Manager.fileWatcher.getWatched: {"/home/fenris/work/dead/University/Semester6/Minor_Proj":["proposal.tex"]}
[18:23:48] Manager.filesWatched: ["/home/fenris/work/dead/University/Semester6/Minor_Proj/proposal.tex"]
[18:23:48] BibWatcher.bibWatcher.getWatched: {}
[18:23:48] BibWatcher.bibsWatched: []
[18:23:48] PdfWatcher.pdfWatcher.getWatched: {}
[18:23:48] PdfWatcher.pdfsWatched: []
[18:30:40] VIEW command invoked with mode: file:///home/fenris/work/dead/University/Semester6/Minor_Proj/proposal.tex.
[18:30:40] Current workspace folders: ["file:///home/fenris/work/dead/University/Semester6"]
[18:30:40] Current workspaceRootDir: file:///home/fenris/work/dead/University/Semester6
[18:30:40] Found root file from active editor: /home/fenris/work/dead/University/Semester6/Minor_Proj/proposal.tex
[18:30:40] Keep using the same root file: /home/fenris/work/dead/University/Semester6/Minor_Proj/proposal.tex
[18:30:40] Cannot find PDF file file:///home/fenris/work/dead/University/Semester6/Minor_Proj/proposal.pdf
[18:30:42] Manager.fileWatcher.getWatched: {"/home/fenris/work/dead/University/Semester6/Minor_Proj":["proposal.tex"]}
[18:30:42] Manager.filesWatched: ["/home/fenris/work/dead/University/Semester6/Minor_Proj/proposal.tex"]
[18:30:42] BibWatcher.bibWatcher.getWatched: {}
[18:30:42] BibWatcher.bibsWatched: []
[18:30:42] PdfWatcher.pdfWatcher.getWatched: {}
[18:30:42] PdfWatcher.pdfsWatched: []
[18:30:47] BUILD command invoked.
[18:30:47] The document of the active editor: file:///home/fenris/work/dead/University/Semester6/Minor_Proj/proposal.tex
[18:30:47] The languageId of the document: latex
[18:30:47] Current workspace folders: ["file:///home/fenris/work/dead/University/Semester6"]
[18:30:47] Current workspaceRootDir: file:///home/fenris/work/dead/University/Semester6
[18:30:47] Found root file from active editor: /home/fenris/work/dead/University/Semester6/Minor_Proj/proposal.tex
[18:30:47] Keep using the same root file: /home/fenris/work/dead/University/Semester6/Minor_Proj/proposal.tex
[18:30:47] Building root file: /home/fenris/work/dead/University/Semester6/Minor_Proj/proposal.tex
[18:30:47] Build root file /home/fenris/work/dead/University/Semester6/Minor_Proj/proposal.tex
[18:30:47] outDir: /home/fenris/work/dead/University/Semester6/Minor_Proj
[18:30:47] Recipe step 1: latexmk, -synctex=1,-interaction=nonstopmode,-file-line-error,-pdf,-outdir=/home/fenris/work/dead/University/Semester6/Minor_Proj,/home/fenris/work/dead/University/Semester6/Minor_Proj/proposal
[18:30:47] Recipe step env: {}
[18:30:47] cwd: /home/fenris/work/dead/University/Semester6/Minor_Proj
[18:30:47] LaTeX build process spawned. PID: 24091.
[18:30:48] LaTeX log parsed with 3 messages.
[18:30:48] Recipe returns with error: 12/null. PID: 24091. message: Rc files read:
  NONE
Latexmk: This is Latexmk, John Collins, 20 November 2021, version: 4.76.
Rule 'pdflatex': File changes, etc:
   Changed files, or newly in use since previous run(s):
      '/home/fenris/work/dead/University/Semester6/Minor_Proj/proposal.tex'
------------
Run number 1 of rule 'pdflatex'
------------
------------
Running 'pdflatex  -synctex=1 -interaction=nonstopmode -file-line-error -recorder  "/home/fenris/work/dead/University/Semester6/Minor_Proj/proposal.tex"'
------------
Latexmk: Missing input file 'private/Header.jpeg' (or dependence on it) from following:
  'LaTeX Warning: File `private/Header.jpeg' not found on input line 23.'
Latexmk: Log file says output to 'proposal.pdf'
Collected error summary (may duplicate other messages):
  pdflatex: Command for 'pdflatex' gave return code 1
      Refer to 'proposal.log' for details
Latexmk: Use the -f option to force complete processing,
 unless error was exceeding maximum runs, or warnings treated as errors.
.
[18:30:48] The environment variable $PATH: /home/fenris/Apps/anaconda3/bin:/home/fenris/Apps/anaconda3/condabin:/usr/local/sbin:/usr/local/bin:/usr/bin:/usr/lib/jvm/default/bin:/usr/bin/site_perl:/usr/bin/vendor_perl:/usr/bin/core_perl
[18:30:48] The environment variable $Path: undefined
[18:30:48] The environment variable $SHELL: /usr/bin/zsh
[18:30:48] Cleaning auxiliary files and retrying build after toolchain error.
[18:30:48] Clean glob matched files: {"globs":["*.aux","*.bbl","*.blg","*.idx","*.ind","*.lof","*.lot","*.out","*.toc","*.acn","*.acr","*.alg","*.glg","*.glo","*.gls","*.fls","*.log","*.fdb_latexmk","*.snm","*.synctex(busy)","*.synctex.gz(busy)","*.nav","*.vrb"],"outdir":"/home/fenris/work/dead/University/Semester6/Minor_Proj"}
[18:30:48] Cleaning file: /home/fenris/work/dead/University/Semester6/Minor_Proj/proposal.aux
[18:30:48] Cleaning file: /home/fenris/work/dead/University/Semester6/Minor_Proj/proposal.fls
[18:30:48] Cleaning file: /home/fenris/work/dead/University/Semester6/Minor_Proj/proposal.log
[18:30:48] Cleaning file: /home/fenris/work/dead/University/Semester6/Minor_Proj/proposal.fdb_latexmk
[18:30:48] Recipe step 1: latexmk, -synctex=1,-interaction=nonstopmode,-file-line-error,-pdf,-outdir=/home/fenris/work/dead/University/Semester6/Minor_Proj,/home/fenris/work/dead/University/Semester6/Minor_Proj/proposal
[18:30:48] Recipe step env: {}
[18:30:48] cwd: /home/fenris/work/dead/University/Semester6/Minor_Proj
[18:30:48] LaTeX build process spawned. PID: 24097.
[18:30:49] Manager.fileWatcher.getWatched: {"/home/fenris/work/dead/University/Semester6/Minor_Proj":["proposal.tex"]}
[18:30:49] Manager.filesWatched: ["/home/fenris/work/dead/University/Semester6/Minor_Proj/proposal.tex"]
[18:30:49] BibWatcher.bibWatcher.getWatched: {}
[18:30:49] BibWatcher.bibsWatched: []
[18:30:49] PdfWatcher.pdfWatcher.getWatched: {}
[18:30:49] PdfWatcher.pdfsWatched: []
[18:30:50] LaTeX log parsed with 3 messages.
[18:30:50] Recipe returns with error: 12/null. PID: 24097. message: Rc files read:
  NONE
Latexmk: This is Latexmk, John Collins, 20 November 2021, version: 4.76.
Rule 'pdflatex': File changes, etc:
   Changed files, or newly in use since previous run(s):
      '/home/fenris/work/dead/University/Semester6/Minor_Proj/proposal.tex'
------------
Run number 1 of rule 'pdflatex'
------------
------------
Running 'pdflatex  -synctex=1 -interaction=nonstopmode -file-line-error -recorder  "/home/fenris/work/dead/University/Semester6/Minor_Proj/proposal.tex"'
------------
Latexmk: Missing input file 'private/Header.jpeg' (or dependence on it) from following:
  'LaTeX Warning: File `private/Header.jpeg' not found on input line 23.'
Latexmk: Log file says output to 'proposal.pdf'
Collected error summary (may duplicate other messages):
  pdflatex: Command for 'pdflatex' gave return code 1
      Refer to 'proposal.log' for details
Latexmk: Use the -f option to force complete processing,
 unless error was exceeding maximum runs, or warnings treated as errors.
.
[18:30:50] The environment variable $PATH: /home/fenris/Apps/anaconda3/bin:/home/fenris/Apps/anaconda3/condabin:/usr/local/sbin:/usr/local/bin:/usr/bin:/usr/lib/jvm/default/bin:/usr/bin/site_perl:/usr/bin/vendor_perl:/usr/bin/core_perl
[18:30:50] The environment variable $Path: undefined
[18:30:50] The environment variable $SHELL: /usr/bin/zsh
[18:30:50] Clean glob matched files: {"globs":["*.aux","*.bbl","*.blg","*.idx","*.ind","*.lof","*.lot","*.out","*.toc","*.acn","*.acr","*.alg","*.glg","*.glo","*.gls","*.fls","*.log","*.fdb_latexmk","*.snm","*.synctex(busy)","*.synctex.gz(busy)","*.nav","*.vrb"],"outdir":"/home/fenris/work/dead/University/Semester6/Minor_Proj"}
[18:30:50] Cleaning file: /home/fenris/work/dead/University/Semester6/Minor_Proj/proposal.aux
[18:30:50] Cleaning file: /home/fenris/work/dead/University/Semester6/Minor_Proj/proposal.fls
[18:30:50] Cleaning file: /home/fenris/work/dead/University/Semester6/Minor_Proj/proposal.log
[18:30:50] Cleaning file: /home/fenris/work/dead/University/Semester6/Minor_Proj/proposal.fdb_latexmk
[18:34:57] File watcher - file changed: /home/fenris/work/dead/University/Semester6/Minor_Proj/proposal.tex
[18:34:57] Parsing a file and its subfiles: /home/fenris/work/dead/University/Semester6/Minor_Proj/proposal.tex
[18:34:57] Checking for duplicate labels: /home/fenris/work/dead/University/Semester6/Minor_Proj/proposal.tex.
[18:34:57] Auto build started detecting the change of a file: /home/fenris/work/dead/University/Semester6/Minor_Proj/proposal.tex
[18:34:57] BUILD command invoked.
[18:34:57] The document of the active editor: file:///home/fenris/work/dead/University/Semester6/Minor_Proj/proposal.tex
[18:34:57] The languageId of the document: latex
[18:34:57] Building root file: /home/fenris/work/dead/University/Semester6/Minor_Proj/proposal.tex
[18:34:59] File watcher - file changed: /home/fenris/work/dead/University/Semester6/Minor_Proj/proposal.tex
[18:34:59] Parsing a file and its subfiles: /home/fenris/work/dead/University/Semester6/Minor_Proj/proposal.tex
[18:34:59] Checking for duplicate labels: /home/fenris/work/dead/University/Semester6/Minor_Proj/proposal.tex.
[18:34:59] Auto Build Run is temporarily disabled during a second.
[18:46:03] File watcher - file changed: /home/fenris/work/dead/University/Semester6/Minor_Proj/proposal.tex
[18:46:04] Parsing a file and its subfiles: /home/fenris/work/dead/University/Semester6/Minor_Proj/proposal.tex
[18:46:04] Checking for duplicate labels: /home/fenris/work/dead/University/Semester6/Minor_Proj/proposal.tex.
[18:46:04] Auto Build Run is temporarily disabled during a second.
[18:46:06] File watcher - file changed: /home/fenris/work/dead/University/Semester6/Minor_Proj/proposal.tex
[18:46:06] Parsing a file and its subfiles: /home/fenris/work/dead/University/Semester6/Minor_Proj/proposal.tex
[18:46:06] Checking for duplicate labels: /home/fenris/work/dead/University/Semester6/Minor_Proj/proposal.tex.
[18:46:06] Auto Build Run is temporarily disabled during a second.
[18:46:20] File watcher - file changed: /home/fenris/work/dead/University/Semester6/Minor_Proj/proposal.tex
[18:46:20] Parsing a file and its subfiles: /home/fenris/work/dead/University/Semester6/Minor_Proj/proposal.tex
[18:46:20] Checking for duplicate labels: /home/fenris/work/dead/University/Semester6/Minor_Proj/proposal.tex.
[18:46:20] Auto Build Run is temporarily disabled during a second.
[18:46:29] File watcher - file changed: /home/fenris/work/dead/University/Semester6/Minor_Proj/proposal.tex
[18:46:29] Parsing a file and its subfiles: /home/fenris/work/dead/University/Semester6/Minor_Proj/proposal.tex
[18:46:29] Checking for duplicate labels: /home/fenris/work/dead/University/Semester6/Minor_Proj/proposal.tex.
[18:46:29] Auto Build Run is temporarily disabled during a second.
[18:46:30] File watcher - file changed: /home/fenris/work/dead/University/Semester6/Minor_Proj/proposal.tex
[18:46:30] Parsing a file and its subfiles: /home/fenris/work/dead/University/Semester6/Minor_Proj/proposal.tex
[18:46:30] Checking for duplicate labels: /home/fenris/work/dead/University/Semester6/Minor_Proj/proposal.tex.
[18:46:30] Auto Build Run is temporarily disabled during a second.
[18:46:44] File watcher - file changed: /home/fenris/work/dead/University/Semester6/Minor_Proj/proposal.tex
[18:46:44] Parsing a file and its subfiles: /home/fenris/work/dead/University/Semester6/Minor_Proj/proposal.tex
[18:46:44] Checking for duplicate labels: /home/fenris/work/dead/University/Semester6/Minor_Proj/proposal.tex.
[18:46:44] Auto Build Run is temporarily disabled during a second.
[18:46:45] File watcher - file changed: /home/fenris/work/dead/University/Semester6/Minor_Proj/proposal.tex
[18:46:45] Parsing a file and its subfiles: /home/fenris/work/dead/University/Semester6/Minor_Proj/proposal.tex
[18:46:45] Checking for duplicate labels: /home/fenris/work/dead/University/Semester6/Minor_Proj/proposal.tex.
[18:46:45] Auto Build Run is temporarily disabled during a second.
[18:47:05] File watcher - file changed: /home/fenris/work/dead/University/Semester6/Minor_Proj/proposal.tex
[18:47:05] Parsing a file and its subfiles: /home/fenris/work/dead/University/Semester6/Minor_Proj/proposal.tex
[18:47:05] Checking for duplicate labels: /home/fenris/work/dead/University/Semester6/Minor_Proj/proposal.tex.
[18:47:05] Auto Build Run is temporarily disabled during a second.
[18:47:15] File watcher - file changed: /home/fenris/work/dead/University/Semester6/Minor_Proj/proposal.tex
[18:47:15] Parsing a file and its subfiles: /home/fenris/work/dead/University/Semester6/Minor_Proj/proposal.tex
[18:47:15] Checking for duplicate labels: /home/fenris/work/dead/University/Semester6/Minor_Proj/proposal.tex.
[18:47:15] Auto Build Run is temporarily disabled during a second.
[18:47:30] File watcher - file changed: /home/fenris/work/dead/University/Semester6/Minor_Proj/proposal.tex
[18:47:30] Parsing a file and its subfiles: /home/fenris/work/dead/University/Semester6/Minor_Proj/proposal.tex
[18:47:30] Checking for duplicate labels: /home/fenris/work/dead/University/Semester6/Minor_Proj/proposal.tex.
[18:47:30] Auto Build Run is temporarily disabled during a second.
[18:47:30] File watcher - file changed: /home/fenris/work/dead/University/Semester6/Minor_Proj/proposal.tex
[18:47:30] Parsing a file and its subfiles: /home/fenris/work/dead/University/Semester6/Minor_Proj/proposal.tex
[18:47:30] Checking for duplicate labels: /home/fenris/work/dead/University/Semester6/Minor_Proj/proposal.tex.
[18:47:30] Auto Build Run is temporarily disabled during a second.
[18:47:43] File watcher - file changed: /home/fenris/work/dead/University/Semester6/Minor_Proj/proposal.tex
[18:47:43] Parsing a file and its subfiles: /home/fenris/work/dead/University/Semester6/Minor_Proj/proposal.tex
[18:47:43] Checking for duplicate labels: /home/fenris/work/dead/University/Semester6/Minor_Proj/proposal.tex.
[18:47:43] Auto Build Run is temporarily disabled during a second.
[18:47:47] File watcher - file changed: /home/fenris/work/dead/University/Semester6/Minor_Proj/proposal.tex
[18:47:47] Parsing a file and its subfiles: /home/fenris/work/dead/University/Semester6/Minor_Proj/proposal.tex
[18:47:47] Checking for duplicate labels: /home/fenris/work/dead/University/Semester6/Minor_Proj/proposal.tex.
[18:47:47] Auto Build Run is temporarily disabled during a second.
[18:47:47] File watcher - file changed: /home/fenris/work/dead/University/Semester6/Minor_Proj/proposal.tex
[18:47:47] Parsing a file and its subfiles: /home/fenris/work/dead/University/Semester6/Minor_Proj/proposal.tex
[18:47:47] Checking for duplicate labels: /home/fenris/work/dead/University/Semester6/Minor_Proj/proposal.tex.
[18:47:47] Auto Build Run is temporarily disabled during a second.
[18:47:50] File watcher - file changed: /home/fenris/work/dead/University/Semester6/Minor_Proj/proposal.tex
[18:47:50] Parsing a file and its subfiles: /home/fenris/work/dead/University/Semester6/Minor_Proj/proposal.tex
[18:47:50] Checking for duplicate labels: /home/fenris/work/dead/University/Semester6/Minor_Proj/proposal.tex.
[18:47:50] Auto Build Run is temporarily disabled during a second.
[18:48:23] File watcher - file changed: /home/fenris/work/dead/University/Semester6/Minor_Proj/proposal.tex
[18:48:23] Parsing a file and its subfiles: /home/fenris/work/dead/University/Semester6/Minor_Proj/proposal.tex
[18:48:23] Checking for duplicate labels: /home/fenris/work/dead/University/Semester6/Minor_Proj/proposal.tex.
[18:48:23] Auto Build Run is temporarily disabled during a second.
[18:48:23] File watcher - file changed: /home/fenris/work/dead/University/Semester6/Minor_Proj/proposal.tex
[18:48:23] Parsing a file and its subfiles: /home/fenris/work/dead/University/Semester6/Minor_Proj/proposal.tex
[18:48:23] Checking for duplicate labels: /home/fenris/work/dead/University/Semester6/Minor_Proj/proposal.tex.
[18:48:23] Auto Build Run is temporarily disabled during a second.
[18:48:30] File watcher - file changed: /home/fenris/work/dead/University/Semester6/Minor_Proj/proposal.tex
[18:48:30] Parsing a file and its subfiles: /home/fenris/work/dead/University/Semester6/Minor_Proj/proposal.tex
[18:48:30] Checking for duplicate labels: /home/fenris/work/dead/University/Semester6/Minor_Proj/proposal.tex.
[18:48:30] Auto Build Run is temporarily disabled during a second.
[18:48:36] File watcher - file changed: /home/fenris/work/dead/University/Semester6/Minor_Proj/proposal.tex
[18:48:36] Parsing a file and its subfiles: /home/fenris/work/dead/University/Semester6/Minor_Proj/proposal.tex
[18:48:36] Checking for duplicate labels: /home/fenris/work/dead/University/Semester6/Minor_Proj/proposal.tex.
[18:48:36] Auto Build Run is temporarily disabled during a second.
[18:48:44] File watcher - file changed: /home/fenris/work/dead/University/Semester6/Minor_Proj/proposal.tex
[18:48:44] Parsing a file and its subfiles: /home/fenris/work/dead/University/Semester6/Minor_Proj/proposal.tex
[18:48:44] Checking for duplicate labels: /home/fenris/work/dead/University/Semester6/Minor_Proj/proposal.tex.
[18:48:44] Auto Build Run is temporarily disabled during a second.
[18:49:28] File watcher - file changed: /home/fenris/work/dead/University/Semester6/Minor_Proj/proposal.tex
[18:49:28] Parsing a file and its subfiles: /home/fenris/work/dead/University/Semester6/Minor_Proj/proposal.tex
[18:49:28] Checking for duplicate labels: /home/fenris/work/dead/University/Semester6/Minor_Proj/proposal.tex.
[18:49:28] Auto Build Run is temporarily disabled during a second.
[18:49:31] File watcher - file changed: /home/fenris/work/dead/University/Semester6/Minor_Proj/proposal.tex
[18:49:31] Parsing a file and its subfiles: /home/fenris/work/dead/University/Semester6/Minor_Proj/proposal.tex
[18:49:31] Checking for duplicate labels: /home/fenris/work/dead/University/Semester6/Minor_Proj/proposal.tex.
[18:49:31] Auto Build Run is temporarily disabled during a second.
[18:49:36] File watcher - file changed: /home/fenris/work/dead/University/Semester6/Minor_Proj/proposal.tex
[18:49:36] Parsing a file and its subfiles: /home/fenris/work/dead/University/Semester6/Minor_Proj/proposal.tex
[18:49:36] Checking for duplicate labels: /home/fenris/work/dead/University/Semester6/Minor_Proj/proposal.tex.
[18:49:36] Auto Build Run is temporarily disabled during a second.
[18:49:40] File watcher - file changed: /home/fenris/work/dead/University/Semester6/Minor_Proj/proposal.tex
[18:49:40] Parsing a file and its subfiles: /home/fenris/work/dead/University/Semester6/Minor_Proj/proposal.tex
[18:49:40] Checking for duplicate labels: /home/fenris/work/dead/University/Semester6/Minor_Proj/proposal.tex.
[18:49:40] Auto Build Run is temporarily disabled during a second.
[18:49:40] File watcher - file changed: /home/fenris/work/dead/University/Semester6/Minor_Proj/proposal.tex
[18:49:40] Parsing a file and its subfiles: /home/fenris/work/dead/University/Semester6/Minor_Proj/proposal.tex
[18:49:40] Checking for duplicate labels: /home/fenris/work/dead/University/Semester6/Minor_Proj/proposal.tex.
[18:49:40] Auto Build Run is temporarily disabled during a second.
[18:49:46] File watcher - file changed: /home/fenris/work/dead/University/Semester6/Minor_Proj/proposal.tex
[18:49:46] Parsing a file and its subfiles: /home/fenris/work/dead/University/Semester6/Minor_Proj/proposal.tex
[18:49:46] Checking for duplicate labels: /home/fenris/work/dead/University/Semester6/Minor_Proj/proposal.tex.
[18:49:46] Auto Build Run is temporarily disabled during a second.
[18:49:48] File watcher - file changed: /home/fenris/work/dead/University/Semester6/Minor_Proj/proposal.tex
[18:49:48] Parsing a file and its subfiles: /home/fenris/work/dead/University/Semester6/Minor_Proj/proposal.tex
[18:49:49] Checking for duplicate labels: /home/fenris/work/dead/University/Semester6/Minor_Proj/proposal.tex.
[18:49:49] Auto Build Run is temporarily disabled during a second.
[18:50:20] File watcher - file changed: /home/fenris/work/dead/University/Semester6/Minor_Proj/proposal.tex
[18:50:20] Parsing a file and its subfiles: /home/fenris/work/dead/University/Semester6/Minor_Proj/proposal.tex
[18:50:20] Checking for duplicate labels: /home/fenris/work/dead/University/Semester6/Minor_Proj/proposal.tex.
[18:50:20] Auto Build Run is temporarily disabled during a second.
[18:50:24] File watcher - file changed: /home/fenris/work/dead/University/Semester6/Minor_Proj/proposal.tex
[18:50:24] Parsing a file and its subfiles: /home/fenris/work/dead/University/Semester6/Minor_Proj/proposal.tex
[18:50:24] Checking for duplicate labels: /home/fenris/work/dead/University/Semester6/Minor_Proj/proposal.tex.
[18:50:24] Auto Build Run is temporarily disabled during a second.
[18:50:35] File watcher - file changed: /home/fenris/work/dead/University/Semester6/Minor_Proj/proposal.tex
[18:50:35] Parsing a file and its subfiles: /home/fenris/work/dead/University/Semester6/Minor_Proj/proposal.tex
[18:50:35] Checking for duplicate labels: /home/fenris/work/dead/University/Semester6/Minor_Proj/proposal.tex.
[18:50:35] Auto Build Run is temporarily disabled during a second.
[18:50:39] File watcher - file changed: /home/fenris/work/dead/University/Semester6/Minor_Proj/proposal.tex
[18:50:39] Parsing a file and its subfiles: /home/fenris/work/dead/University/Semester6/Minor_Proj/proposal.tex
[18:50:39] Checking for duplicate labels: /home/fenris/work/dead/University/Semester6/Minor_Proj/proposal.tex.
[18:50:39] Auto Build Run is temporarily disabled during a second.
[18:51:05] File watcher - file changed: /home/fenris/work/dead/University/Semester6/Minor_Proj/proposal.tex
[18:51:05] Parsing a file and its subfiles: /home/fenris/work/dead/University/Semester6/Minor_Proj/proposal.tex
[18:51:05] Checking for duplicate labels: /home/fenris/work/dead/University/Semester6/Minor_Proj/proposal.tex.
[18:51:05] Auto Build Run is temporarily disabled during a second.
[18:51:34] File watcher - file changed: /home/fenris/work/dead/University/Semester6/Minor_Proj/proposal.tex
[18:51:34] Parsing a file and its subfiles: /home/fenris/work/dead/University/Semester6/Minor_Proj/proposal.tex
[18:51:34] Checking for duplicate labels: /home/fenris/work/dead/University/Semester6/Minor_Proj/proposal.tex.
[18:51:34] Auto Build Run is temporarily disabled during a second.
[18:51:42] File watcher - file changed: /home/fenris/work/dead/University/Semester6/Minor_Proj/proposal.tex
[18:51:42] Parsing a file and its subfiles: /home/fenris/work/dead/University/Semester6/Minor_Proj/proposal.tex
[18:51:42] Checking for duplicate labels: /home/fenris/work/dead/University/Semester6/Minor_Proj/proposal.tex.
[18:51:42] Auto Build Run is temporarily disabled during a second.
[18:51:42] File watcher - file changed: /home/fenris/work/dead/University/Semester6/Minor_Proj/proposal.tex
[18:51:42] Parsing a file and its subfiles: /home/fenris/work/dead/University/Semester6/Minor_Proj/proposal.tex
[18:51:42] Checking for duplicate labels: /home/fenris/work/dead/University/Semester6/Minor_Proj/proposal.tex.
[18:51:42] Auto Build Run is temporarily disabled during a second.
[18:51:43] File watcher - file changed: /home/fenris/work/dead/University/Semester6/Minor_Proj/proposal.tex
[18:51:43] Parsing a file and its subfiles: /home/fenris/work/dead/University/Semester6/Minor_Proj/proposal.tex
[18:51:43] Checking for duplicate labels: /home/fenris/work/dead/University/Semester6/Minor_Proj/proposal.tex.
[18:51:43] Auto Build Run is temporarily disabled during a second.
[18:51:58] File watcher - file changed: /home/fenris/work/dead/University/Semester6/Minor_Proj/proposal.tex
[18:51:58] Parsing a file and its subfiles: /home/fenris/work/dead/University/Semester6/Minor_Proj/proposal.tex
[18:51:58] Checking for duplicate labels: /home/fenris/work/dead/University/Semester6/Minor_Proj/proposal.tex.
[18:51:58] Auto Build Run is temporarily disabled during a second.
[18:51:58] File watcher - file changed: /home/fenris/work/dead/University/Semester6/Minor_Proj/proposal.tex
[18:51:58] Parsing a file and its subfiles: /home/fenris/work/dead/University/Semester6/Minor_Proj/proposal.tex
[18:51:58] Checking for duplicate labels: /home/fenris/work/dead/University/Semester6/Minor_Proj/proposal.tex.
[18:51:58] Auto Build Run is temporarily disabled during a second.
[18:52:02] File watcher - file changed: /home/fenris/work/dead/University/Semester6/Minor_Proj/proposal.tex
[18:52:02] Parsing a file and its subfiles: /home/fenris/work/dead/University/Semester6/Minor_Proj/proposal.tex
[18:52:02] Checking for duplicate labels: /home/fenris/work/dead/University/Semester6/Minor_Proj/proposal.tex.
[18:52:02] Auto Build Run is temporarily disabled during a second.
[18:52:07] File watcher - file changed: /home/fenris/work/dead/University/Semester6/Minor_Proj/proposal.tex
[18:52:07] Parsing a file and its subfiles: /home/fenris/work/dead/University/Semester6/Minor_Proj/proposal.tex
[18:52:07] Checking for duplicate labels: /home/fenris/work/dead/University/Semester6/Minor_Proj/proposal.tex.
[18:52:07] Auto Build Run is temporarily disabled during a second.
[18:52:14] File watcher - file changed: /home/fenris/work/dead/University/Semester6/Minor_Proj/proposal.tex
[18:52:14] Parsing a file and its subfiles: /home/fenris/work/dead/University/Semester6/Minor_Proj/proposal.tex
[18:52:14] Checking for duplicate labels: /home/fenris/work/dead/University/Semester6/Minor_Proj/proposal.tex.
[18:52:14] Auto Build Run is temporarily disabled during a second.
[18:52:17] File watcher - file changed: /home/fenris/work/dead/University/Semester6/Minor_Proj/proposal.tex
[18:52:17] Parsing a file and its subfiles: /home/fenris/work/dead/University/Semester6/Minor_Proj/proposal.tex
[18:52:17] Checking for duplicate labels: /home/fenris/work/dead/University/Semester6/Minor_Proj/proposal.tex.
[18:52:17] Auto Build Run is temporarily disabled during a second.
[18:52:18] File watcher - file changed: /home/fenris/work/dead/University/Semester6/Minor_Proj/proposal.tex
[18:52:18] Parsing a file and its subfiles: /home/fenris/work/dead/University/Semester6/Minor_Proj/proposal.tex
[18:52:18] Checking for duplicate labels: /home/fenris/work/dead/University/Semester6/Minor_Proj/proposal.tex.
[18:52:18] Auto Build Run is temporarily disabled during a second.
[18:52:21] File watcher - file changed: /home/fenris/work/dead/University/Semester6/Minor_Proj/proposal.tex
[18:52:21] Parsing a file and its subfiles: /home/fenris/work/dead/University/Semester6/Minor_Proj/proposal.tex
[18:52:21] Checking for duplicate labels: /home/fenris/work/dead/University/Semester6/Minor_Proj/proposal.tex.
[18:52:21] Auto Build Run is temporarily disabled during a second.
[18:52:22] File watcher - file changed: /home/fenris/work/dead/University/Semester6/Minor_Proj/proposal.tex
[18:52:22] Parsing a file and its subfiles: /home/fenris/work/dead/University/Semester6/Minor_Proj/proposal.tex
[18:52:22] Checking for duplicate labels: /home/fenris/work/dead/University/Semester6/Minor_Proj/proposal.tex.
[18:52:22] Auto Build Run is temporarily disabled during a second.
[18:52:24] File watcher - file changed: /home/fenris/work/dead/University/Semester6/Minor_Proj/proposal.tex
[18:52:24] Parsing a file and its subfiles: /home/fenris/work/dead/University/Semester6/Minor_Proj/proposal.tex
[18:52:24] Checking for duplicate labels: /home/fenris/work/dead/University/Semester6/Minor_Proj/proposal.tex.
[18:52:24] Auto Build Run is temporarily disabled during a second.
[18:52:25] File watcher - file changed: /home/fenris/work/dead/University/Semester6/Minor_Proj/proposal.tex
[18:52:25] Parsing a file and its subfiles: /home/fenris/work/dead/University/Semester6/Minor_Proj/proposal.tex
[18:52:25] Checking for duplicate labels: /home/fenris/work/dead/University/Semester6/Minor_Proj/proposal.tex.
[18:52:25] Auto Build Run is temporarily disabled during a second.
[18:52:27] File watcher - file changed: /home/fenris/work/dead/University/Semester6/Minor_Proj/proposal.tex
[18:52:27] Parsing a file and its subfiles: /home/fenris/work/dead/University/Semester6/Minor_Proj/proposal.tex
[18:52:27] Checking for duplicate labels: /home/fenris/work/dead/University/Semester6/Minor_Proj/proposal.tex.
[18:52:27] Auto Build Run is temporarily disabled during a second.
[18:52:28] File watcher - file changed: /home/fenris/work/dead/University/Semester6/Minor_Proj/proposal.tex
[18:52:28] Parsing a file and its subfiles: /home/fenris/work/dead/University/Semester6/Minor_Proj/proposal.tex
[18:52:28] Checking for duplicate labels: /home/fenris/work/dead/University/Semester6/Minor_Proj/proposal.tex.
[18:52:28] Auto Build Run is temporarily disabled during a second.
[18:52:37] File watcher - file changed: /home/fenris/work/dead/University/Semester6/Minor_Proj/proposal.tex
[18:52:37] Parsing a file and its subfiles: /home/fenris/work/dead/University/Semester6/Minor_Proj/proposal.tex
[18:52:37] Checking for duplicate labels: /home/fenris/work/dead/University/Semester6/Minor_Proj/proposal.tex.
[18:52:37] Auto Build Run is temporarily disabled during a second.
[18:52:44] File watcher - file changed: /home/fenris/work/dead/University/Semester6/Minor_Proj/proposal.tex
[18:52:44] Parsing a file and its subfiles: /home/fenris/work/dead/University/Semester6/Minor_Proj/proposal.tex
[18:52:44] Checking for duplicate labels: /home/fenris/work/dead/University/Semester6/Minor_Proj/proposal.tex.
[18:52:44] Auto Build Run is temporarily disabled during a second.
[18:52:47] File watcher - file changed: /home/fenris/work/dead/University/Semester6/Minor_Proj/proposal.tex
[18:52:47] Parsing a file and its subfiles: /home/fenris/work/dead/University/Semester6/Minor_Proj/proposal.tex
[18:52:47] Checking for duplicate labels: /home/fenris/work/dead/University/Semester6/Minor_Proj/proposal.tex.
[18:52:47] Auto Build Run is temporarily disabled during a second.
[18:52:49] File watcher - file changed: /home/fenris/work/dead/University/Semester6/Minor_Proj/proposal.tex
[18:52:49] Parsing a file and its subfiles: /home/fenris/work/dead/University/Semester6/Minor_Proj/proposal.tex
[18:52:49] Checking for duplicate labels: /home/fenris/work/dead/University/Semester6/Minor_Proj/proposal.tex.
[18:52:49] Auto Build Run is temporarily disabled during a second.
[18:52:52] File watcher - file changed: /home/fenris/work/dead/University/Semester6/Minor_Proj/proposal.tex
[18:52:52] Parsing a file and its subfiles: /home/fenris/work/dead/University/Semester6/Minor_Proj/proposal.tex
[18:52:52] Checking for duplicate labels: /home/fenris/work/dead/University/Semester6/Minor_Proj/proposal.tex.
[18:52:52] Auto Build Run is temporarily disabled during a second.
[18:52:57] File watcher - file changed: /home/fenris/work/dead/University/Semester6/Minor_Proj/proposal.tex
[18:52:57] Parsing a file and its subfiles: /home/fenris/work/dead/University/Semester6/Minor_Proj/proposal.tex
[18:52:57] Checking for duplicate labels: /home/fenris/work/dead/University/Semester6/Minor_Proj/proposal.tex.
[18:52:57] Auto Build Run is temporarily disabled during a second.
[18:52:59] File watcher - file changed: /home/fenris/work/dead/University/Semester6/Minor_Proj/proposal.tex
[18:52:59] Parsing a file and its subfiles: /home/fenris/work/dead/University/Semester6/Minor_Proj/proposal.tex
[18:52:59] Checking for duplicate labels: /home/fenris/work/dead/University/Semester6/Minor_Proj/proposal.tex.
[18:52:59] Auto Build Run is temporarily disabled during a second.
[18:53:09] File watcher - file changed: /home/fenris/work/dead/University/Semester6/Minor_Proj/proposal.tex
[18:53:09] Parsing a file and its subfiles: /home/fenris/work/dead/University/Semester6/Minor_Proj/proposal.tex
[18:53:09] Checking for duplicate labels: /home/fenris/work/dead/University/Semester6/Minor_Proj/proposal.tex.
[18:53:09] Auto Build Run is temporarily disabled during a second.
[18:53:19] File watcher - file changed: /home/fenris/work/dead/University/Semester6/Minor_Proj/proposal.tex
[18:53:19] Parsing a file and its subfiles: /home/fenris/work/dead/University/Semester6/Minor_Proj/proposal.tex
[18:53:19] Checking for duplicate labels: /home/fenris/work/dead/University/Semester6/Minor_Proj/proposal.tex.
[18:53:19] Auto Build Run is temporarily disabled during a second.
[18:53:24] File watcher - file changed: /home/fenris/work/dead/University/Semester6/Minor_Proj/proposal.tex
[18:53:24] Parsing a file and its subfiles: /home/fenris/work/dead/University/Semester6/Minor_Proj/proposal.tex
[18:53:24] Checking for duplicate labels: /home/fenris/work/dead/University/Semester6/Minor_Proj/proposal.tex.
[18:53:24] Auto Build Run is temporarily disabled during a second.
[18:53:25] File watcher - file changed: /home/fenris/work/dead/University/Semester6/Minor_Proj/proposal.tex
[18:53:25] Parsing a file and its subfiles: /home/fenris/work/dead/University/Semester6/Minor_Proj/proposal.tex
[18:53:25] Checking for duplicate labels: /home/fenris/work/dead/University/Semester6/Minor_Proj/proposal.tex.
[18:53:25] Auto Build Run is temporarily disabled during a second.
[18:53:35] File watcher - file changed: /home/fenris/work/dead/University/Semester6/Minor_Proj/proposal.tex
[18:53:35] Parsing a file and its subfiles: /home/fenris/work/dead/University/Semester6/Minor_Proj/proposal.tex
[18:53:35] Checking for duplicate labels: /home/fenris/work/dead/University/Semester6/Minor_Proj/proposal.tex.
[18:53:35] Auto Build Run is temporarily disabled during a second.
[18:53:43] File watcher - file changed: /home/fenris/work/dead/University/Semester6/Minor_Proj/proposal.tex
[18:53:43] Parsing a file and its subfiles: /home/fenris/work/dead/University/Semester6/Minor_Proj/proposal.tex
[18:53:43] Checking for duplicate labels: /home/fenris/work/dead/University/Semester6/Minor_Proj/proposal.tex.
[18:53:43] Auto Build Run is temporarily disabled during a second.
[18:53:44] File watcher - file changed: /home/fenris/work/dead/University/Semester6/Minor_Proj/proposal.tex
[18:53:44] Parsing a file and its subfiles: /home/fenris/work/dead/University/Semester6/Minor_Proj/proposal.tex
[18:53:44] Checking for duplicate labels: /home/fenris/work/dead/University/Semester6/Minor_Proj/proposal.tex.
[18:53:44] Auto Build Run is temporarily disabled during a second.
[18:53:50] File watcher - file changed: /home/fenris/work/dead/University/Semester6/Minor_Proj/proposal.tex
[18:53:50] Parsing a file and its subfiles: /home/fenris/work/dead/University/Semester6/Minor_Proj/proposal.tex
[18:53:50] Checking for duplicate labels: /home/fenris/work/dead/University/Semester6/Minor_Proj/proposal.tex.
[18:53:50] Auto Build Run is temporarily disabled during a second.
[18:53:51] File watcher - file changed: /home/fenris/work/dead/University/Semester6/Minor_Proj/proposal.tex
[18:53:51] Parsing a file and its subfiles: /home/fenris/work/dead/University/Semester6/Minor_Proj/proposal.tex
[18:53:51] Checking for duplicate labels: /home/fenris/work/dead/University/Semester6/Minor_Proj/proposal.tex.
[18:53:51] Auto Build Run is temporarily disabled during a second.
[18:54:05] File watcher - file changed: /home/fenris/work/dead/University/Semester6/Minor_Proj/proposal.tex
[18:54:05] Parsing a file and its subfiles: /home/fenris/work/dead/University/Semester6/Minor_Proj/proposal.tex
[18:54:05] Checking for duplicate labels: /home/fenris/work/dead/University/Semester6/Minor_Proj/proposal.tex.
[18:54:05] Auto Build Run is temporarily disabled during a second.
[18:54:10] File watcher - file changed: /home/fenris/work/dead/University/Semester6/Minor_Proj/proposal.tex
[18:54:10] Parsing a file and its subfiles: /home/fenris/work/dead/University/Semester6/Minor_Proj/proposal.tex
[18:54:10] Checking for duplicate labels: /home/fenris/work/dead/University/Semester6/Minor_Proj/proposal.tex.
[18:54:10] Auto Build Run is temporarily disabled during a second.
[18:54:10] File watcher - file changed: /home/fenris/work/dead/University/Semester6/Minor_Proj/proposal.tex
[18:54:10] Parsing a file and its subfiles: /home/fenris/work/dead/University/Semester6/Minor_Proj/proposal.tex
[18:54:10] Checking for duplicate labels: /home/fenris/work/dead/University/Semester6/Minor_Proj/proposal.tex.
[18:54:10] Auto Build Run is temporarily disabled during a second.
[18:54:12] File watcher - file changed: /home/fenris/work/dead/University/Semester6/Minor_Proj/proposal.tex
[18:54:12] Parsing a file and its subfiles: /home/fenris/work/dead/University/Semester6/Minor_Proj/proposal.tex
[18:54:12] Checking for duplicate labels: /home/fenris/work/dead/University/Semester6/Minor_Proj/proposal.tex.
[18:54:12] Auto Build Run is temporarily disabled during a second.
[18:54:24] File watcher - file changed: /home/fenris/work/dead/University/Semester6/Minor_Proj/proposal.tex
[18:54:24] Parsing a file and its subfiles: /home/fenris/work/dead/University/Semester6/Minor_Proj/proposal.tex
[18:54:24] Checking for duplicate labels: /home/fenris/work/dead/University/Semester6/Minor_Proj/proposal.tex.
[18:54:24] Auto Build Run is temporarily disabled during a second.
[18:54:27] File watcher - file changed: /home/fenris/work/dead/University/Semester6/Minor_Proj/proposal.tex
[18:54:27] Parsing a file and its subfiles: /home/fenris/work/dead/University/Semester6/Minor_Proj/proposal.tex
[18:54:27] Checking for duplicate labels: /home/fenris/work/dead/University/Semester6/Minor_Proj/proposal.tex.
[18:54:27] Auto Build Run is temporarily disabled during a second.
[18:54:31] File watcher - file changed: /home/fenris/work/dead/University/Semester6/Minor_Proj/proposal.tex
[18:54:31] Parsing a file and its subfiles: /home/fenris/work/dead/University/Semester6/Minor_Proj/proposal.tex
[18:54:31] Checking for duplicate labels: /home/fenris/work/dead/University/Semester6/Minor_Proj/proposal.tex.
[18:54:31] Auto Build Run is temporarily disabled during a second.
[18:54:32] File watcher - file changed: /home/fenris/work/dead/University/Semester6/Minor_Proj/proposal.tex
[18:54:32] Parsing a file and its subfiles: /home/fenris/work/dead/University/Semester6/Minor_Proj/proposal.tex
[18:54:32] Checking for duplicate labels: /home/fenris/work/dead/University/Semester6/Minor_Proj/proposal.tex.
[18:54:32] Auto Build Run is temporarily disabled during a second.
[18:54:46] File watcher - file changed: /home/fenris/work/dead/University/Semester6/Minor_Proj/proposal.tex
[18:54:46] Parsing a file and its subfiles: /home/fenris/work/dead/University/Semester6/Minor_Proj/proposal.tex
[18:54:46] Checking for duplicate labels: /home/fenris/work/dead/University/Semester6/Minor_Proj/proposal.tex.
[18:54:46] Auto Build Run is temporarily disabled during a second.
[18:54:50] File watcher - file changed: /home/fenris/work/dead/University/Semester6/Minor_Proj/proposal.tex
[18:54:50] Parsing a file and its subfiles: /home/fenris/work/dead/University/Semester6/Minor_Proj/proposal.tex
[18:54:50] Checking for duplicate labels: /home/fenris/work/dead/University/Semester6/Minor_Proj/proposal.tex.
[18:54:50] Auto Build Run is temporarily disabled during a second.
[18:55:08] File watcher - file changed: /home/fenris/work/dead/University/Semester6/Minor_Proj/proposal.tex
[18:55:08] Parsing a file and its subfiles: /home/fenris/work/dead/University/Semester6/Minor_Proj/proposal.tex
[18:55:08] Checking for duplicate labels: /home/fenris/work/dead/University/Semester6/Minor_Proj/proposal.tex.
[18:55:08] Auto Build Run is temporarily disabled during a second.
[18:55:09] File watcher - file changed: /home/fenris/work/dead/University/Semester6/Minor_Proj/proposal.tex
[18:55:09] Parsing a file and its subfiles: /home/fenris/work/dead/University/Semester6/Minor_Proj/proposal.tex
[18:55:09] Checking for duplicate labels: /home/fenris/work/dead/University/Semester6/Minor_Proj/proposal.tex.
[18:55:09] Auto Build Run is temporarily disabled during a second.
[18:55:20] File watcher - file changed: /home/fenris/work/dead/University/Semester6/Minor_Proj/proposal.tex
[18:55:20] Parsing a file and its subfiles: /home/fenris/work/dead/University/Semester6/Minor_Proj/proposal.tex
[18:55:20] Checking for duplicate labels: /home/fenris/work/dead/University/Semester6/Minor_Proj/proposal.tex.
[18:55:20] Auto Build Run is temporarily disabled during a second.
[18:55:32] File watcher - file changed: /home/fenris/work/dead/University/Semester6/Minor_Proj/proposal.tex
[18:55:32] Parsing a file and its subfiles: /home/fenris/work/dead/University/Semester6/Minor_Proj/proposal.tex
[18:55:32] Checking for duplicate labels: /home/fenris/work/dead/University/Semester6/Minor_Proj/proposal.tex.
[18:55:32] Auto Build Run is temporarily disabled during a second.
[18:55:33] File watcher - file changed: /home/fenris/work/dead/University/Semester6/Minor_Proj/proposal.tex
[18:55:33] Parsing a file and its subfiles: /home/fenris/work/dead/University/Semester6/Minor_Proj/proposal.tex
[18:55:33] Checking for duplicate labels: /home/fenris/work/dead/University/Semester6/Minor_Proj/proposal.tex.
[18:55:33] Auto Build Run is temporarily disabled during a second.
[18:55:42] File watcher - file changed: /home/fenris/work/dead/University/Semester6/Minor_Proj/proposal.tex
[18:55:42] Parsing a file and its subfiles: /home/fenris/work/dead/University/Semester6/Minor_Proj/proposal.tex
[18:55:42] Checking for duplicate labels: /home/fenris/work/dead/University/Semester6/Minor_Proj/proposal.tex.
[18:55:42] Auto Build Run is temporarily disabled during a second.
[18:55:45] File watcher - file changed: /home/fenris/work/dead/University/Semester6/Minor_Proj/proposal.tex
[18:55:45] Parsing a file and its subfiles: /home/fenris/work/dead/University/Semester6/Minor_Proj/proposal.tex
[18:55:45] Checking for duplicate labels: /home/fenris/work/dead/University/Semester6/Minor_Proj/proposal.tex.
[18:55:45] Auto Build Run is temporarily disabled during a second.
[18:55:46] File watcher - file changed: /home/fenris/work/dead/University/Semester6/Minor_Proj/proposal.tex
[18:55:46] Parsing a file and its subfiles: /home/fenris/work/dead/University/Semester6/Minor_Proj/proposal.tex
[18:55:46] Checking for duplicate labels: /home/fenris/work/dead/University/Semester6/Minor_Proj/proposal.tex.
[18:55:46] Auto Build Run is temporarily disabled during a second.
[18:55:48] File watcher - file changed: /home/fenris/work/dead/University/Semester6/Minor_Proj/proposal.tex
[18:55:48] Parsing a file and its subfiles: /home/fenris/work/dead/University/Semester6/Minor_Proj/proposal.tex
[18:55:48] Checking for duplicate labels: /home/fenris/work/dead/University/Semester6/Minor_Proj/proposal.tex.
[18:55:48] Auto Build Run is temporarily disabled during a second.
[18:55:51] File watcher - file changed: /home/fenris/work/dead/University/Semester6/Minor_Proj/proposal.tex
[18:55:51] Parsing a file and its subfiles: /home/fenris/work/dead/University/Semester6/Minor_Proj/proposal.tex
[18:55:51] Checking for duplicate labels: /home/fenris/work/dead/University/Semester6/Minor_Proj/proposal.tex.
[18:55:51] Auto Build Run is temporarily disabled during a second.
[18:55:54] File watcher - file changed: /home/fenris/work/dead/University/Semester6/Minor_Proj/proposal.tex
[18:55:54] Parsing a file and its subfiles: /home/fenris/work/dead/University/Semester6/Minor_Proj/proposal.tex
[18:55:54] Checking for duplicate labels: /home/fenris/work/dead/University/Semester6/Minor_Proj/proposal.tex.
[18:55:54] Auto Build Run is temporarily disabled during a second.
[18:55:58] File watcher - file changed: /home/fenris/work/dead/University/Semester6/Minor_Proj/proposal.tex
[18:55:58] Parsing a file and its subfiles: /home/fenris/work/dead/University/Semester6/Minor_Proj/proposal.tex
[18:55:58] Checking for duplicate labels: /home/fenris/work/dead/University/Semester6/Minor_Proj/proposal.tex.
[18:55:58] Auto Build Run is temporarily disabled during a second.
[18:55:58] File watcher - file changed: /home/fenris/work/dead/University/Semester6/Minor_Proj/proposal.tex
[18:55:58] Parsing a file and its subfiles: /home/fenris/work/dead/University/Semester6/Minor_Proj/proposal.tex
[18:55:58] Checking for duplicate labels: /home/fenris/work/dead/University/Semester6/Minor_Proj/proposal.tex.
[18:55:58] Auto Build Run is temporarily disabled during a second.
[18:56:12] File watcher - file changed: /home/fenris/work/dead/University/Semester6/Minor_Proj/proposal.tex
[18:56:12] Parsing a file and its subfiles: /home/fenris/work/dead/University/Semester6/Minor_Proj/proposal.tex
[18:56:12] Checking for duplicate labels: /home/fenris/work/dead/University/Semester6/Minor_Proj/proposal.tex.
[18:56:12] Auto Build Run is temporarily disabled during a second.
[18:56:13] File watcher - file changed: /home/fenris/work/dead/University/Semester6/Minor_Proj/proposal.tex
[18:56:13] Parsing a file and its subfiles: /home/fenris/work/dead/University/Semester6/Minor_Proj/proposal.tex
[18:56:13] Checking for duplicate labels: /home/fenris/work/dead/University/Semester6/Minor_Proj/proposal.tex.
[18:56:13] Auto Build Run is temporarily disabled during a second.
[18:56:15] File watcher - file changed: /home/fenris/work/dead/University/Semester6/Minor_Proj/proposal.tex
[18:56:15] Parsing a file and its subfiles: /home/fenris/work/dead/University/Semester6/Minor_Proj/proposal.tex
[18:56:15] Checking for duplicate labels: /home/fenris/work/dead/University/Semester6/Minor_Proj/proposal.tex.
[18:56:15] Auto Build Run is temporarily disabled during a second.
[18:56:18] File watcher - file changed: /home/fenris/work/dead/University/Semester6/Minor_Proj/proposal.tex
[18:56:18] Parsing a file and its subfiles: /home/fenris/work/dead/University/Semester6/Minor_Proj/proposal.tex
[18:56:18] Checking for duplicate labels: /home/fenris/work/dead/University/Semester6/Minor_Proj/proposal.tex.
[18:56:18] Auto Build Run is temporarily disabled during a second.
[18:56:18] File watcher - file changed: /home/fenris/work/dead/University/Semester6/Minor_Proj/proposal.tex
[18:56:18] Parsing a file and its subfiles: /home/fenris/work/dead/University/Semester6/Minor_Proj/proposal.tex
[18:56:18] Checking for duplicate labels: /home/fenris/work/dead/University/Semester6/Minor_Proj/proposal.tex.
[18:56:18] Auto Build Run is temporarily disabled during a second.
[18:56:23] File watcher - file changed: /home/fenris/work/dead/University/Semester6/Minor_Proj/proposal.tex
[18:56:23] Parsing a file and its subfiles: /home/fenris/work/dead/University/Semester6/Minor_Proj/proposal.tex
[18:56:23] Checking for duplicate labels: /home/fenris/work/dead/University/Semester6/Minor_Proj/proposal.tex.
[18:56:23] Auto Build Run is temporarily disabled during a second.
[18:56:28] File watcher - file changed: /home/fenris/work/dead/University/Semester6/Minor_Proj/proposal.tex
[18:56:28] Parsing a file and its subfiles: /home/fenris/work/dead/University/Semester6/Minor_Proj/proposal.tex
[18:56:28] Checking for duplicate labels: /home/fenris/work/dead/University/Semester6/Minor_Proj/proposal.tex.
[18:56:28] Auto Build Run is temporarily disabled during a second.
[18:56:31] File watcher - file changed: /home/fenris/work/dead/University/Semester6/Minor_Proj/proposal.tex
[18:56:31] Parsing a file and its subfiles: /home/fenris/work/dead/University/Semester6/Minor_Proj/proposal.tex
[18:56:31] Checking for duplicate labels: /home/fenris/work/dead/University/Semester6/Minor_Proj/proposal.tex.
[18:56:31] Auto Build Run is temporarily disabled during a second.
[18:56:45] File watcher - file changed: /home/fenris/work/dead/University/Semester6/Minor_Proj/proposal.tex
[18:56:45] Parsing a file and its subfiles: /home/fenris/work/dead/University/Semester6/Minor_Proj/proposal.tex
[18:56:45] Checking for duplicate labels: /home/fenris/work/dead/University/Semester6/Minor_Proj/proposal.tex.
[18:56:45] Auto Build Run is temporarily disabled during a second.
[18:56:50] File watcher - file changed: /home/fenris/work/dead/University/Semester6/Minor_Proj/proposal.tex
[18:56:50] Parsing a file and its subfiles: /home/fenris/work/dead/University/Semester6/Minor_Proj/proposal.tex
[18:56:51] Checking for duplicate labels: /home/fenris/work/dead/University/Semester6/Minor_Proj/proposal.tex.
[18:56:51] Auto Build Run is temporarily disabled during a second.
[18:56:51] File watcher - file changed: /home/fenris/work/dead/University/Semester6/Minor_Proj/proposal.tex
[18:56:51] Parsing a file and its subfiles: /home/fenris/work/dead/University/Semester6/Minor_Proj/proposal.tex
[18:56:51] Checking for duplicate labels: /home/fenris/work/dead/University/Semester6/Minor_Proj/proposal.tex.
[18:56:51] Auto Build Run is temporarily disabled during a second.
[18:56:57] File watcher - file changed: /home/fenris/work/dead/University/Semester6/Minor_Proj/proposal.tex
[18:56:57] Parsing a file and its subfiles: /home/fenris/work/dead/University/Semester6/Minor_Proj/proposal.tex
[18:56:57] Checking for duplicate labels: /home/fenris/work/dead/University/Semester6/Minor_Proj/proposal.tex.
[18:56:57] Auto Build Run is temporarily disabled during a second.
[18:57:05] File watcher - file changed: /home/fenris/work/dead/University/Semester6/Minor_Proj/proposal.tex
[18:57:05] Parsing a file and its subfiles: /home/fenris/work/dead/University/Semester6/Minor_Proj/proposal.tex
[18:57:05] Checking for duplicate labels: /home/fenris/work/dead/University/Semester6/Minor_Proj/proposal.tex.
[18:57:05] Auto Build Run is temporarily disabled during a second.
[18:59:52] File watcher - file changed: /home/fenris/work/dead/University/Semester6/Minor_Proj/proposal.tex
[18:59:52] Parsing a file and its subfiles: /home/fenris/work/dead/University/Semester6/Minor_Proj/proposal.tex
[18:59:52] Checking for duplicate labels: /home/fenris/work/dead/University/Semester6/Minor_Proj/proposal.tex.
[18:59:52] Auto Build Run is temporarily disabled during a second.
[18:59:56] File watcher - file changed: /home/fenris/work/dead/University/Semester6/Minor_Proj/proposal.tex
[18:59:56] Parsing a file and its subfiles: /home/fenris/work/dead/University/Semester6/Minor_Proj/proposal.tex
[18:59:56] Checking for duplicate labels: /home/fenris/work/dead/University/Semester6/Minor_Proj/proposal.tex.
[18:59:56] Auto Build Run is temporarily disabled during a second.
[19:00:02] File watcher - file changed: /home/fenris/work/dead/University/Semester6/Minor_Proj/proposal.tex
[19:00:02] Parsing a file and its subfiles: /home/fenris/work/dead/University/Semester6/Minor_Proj/proposal.tex
[19:00:02] Checking for duplicate labels: /home/fenris/work/dead/University/Semester6/Minor_Proj/proposal.tex.
[19:00:02] Auto Build Run is temporarily disabled during a second.
[19:00:05] File watcher - file changed: /home/fenris/work/dead/University/Semester6/Minor_Proj/proposal.tex
[19:00:05] Parsing a file and its subfiles: /home/fenris/work/dead/University/Semester6/Minor_Proj/proposal.tex
[19:00:05] Checking for duplicate labels: /home/fenris/work/dead/University/Semester6/Minor_Proj/proposal.tex.
[19:00:05] Auto Build Run is temporarily disabled during a second.
[19:00:15] File watcher - file changed: /home/fenris/work/dead/University/Semester6/Minor_Proj/proposal.tex
[19:00:15] Parsing a file and its subfiles: /home/fenris/work/dead/University/Semester6/Minor_Proj/proposal.tex
[19:00:15] Checking for duplicate labels: /home/fenris/work/dead/University/Semester6/Minor_Proj/proposal.tex.
[19:00:15] Auto Build Run is temporarily disabled during a second.
[19:00:17] File watcher - file changed: /home/fenris/work/dead/University/Semester6/Minor_Proj/proposal.tex
[19:00:17] Parsing a file and its subfiles: /home/fenris/work/dead/University/Semester6/Minor_Proj/proposal.tex
[19:00:18] Checking for duplicate labels: /home/fenris/work/dead/University/Semester6/Minor_Proj/proposal.tex.
[19:00:18] Auto Build Run is temporarily disabled during a second.
[19:00:28] File watcher - file changed: /home/fenris/work/dead/University/Semester6/Minor_Proj/proposal.tex
[19:00:28] Parsing a file and its subfiles: /home/fenris/work/dead/University/Semester6/Minor_Proj/proposal.tex
[19:00:29] Checking for duplicate labels: /home/fenris/work/dead/University/Semester6/Minor_Proj/proposal.tex.
[19:00:29] Auto Build Run is temporarily disabled during a second.
[19:01:10] File watcher - file changed: /home/fenris/work/dead/University/Semester6/Minor_Proj/proposal.tex
[19:01:10] Parsing a file and its subfiles: /home/fenris/work/dead/University/Semester6/Minor_Proj/proposal.tex
[19:01:10] Checking for duplicate labels: /home/fenris/work/dead/University/Semester6/Minor_Proj/proposal.tex.
[19:01:10] Auto Build Run is temporarily disabled during a second.
[19:01:12] File watcher - file changed: /home/fenris/work/dead/University/Semester6/Minor_Proj/proposal.tex
[19:01:12] Parsing a file and its subfiles: /home/fenris/work/dead/University/Semester6/Minor_Proj/proposal.tex
[19:01:12] Checking for duplicate labels: /home/fenris/work/dead/University/Semester6/Minor_Proj/proposal.tex.
[19:01:12] Auto Build Run is temporarily disabled during a second.
[19:01:28] File watcher - file changed: /home/fenris/work/dead/University/Semester6/Minor_Proj/proposal.tex
[19:01:28] Parsing a file and its subfiles: /home/fenris/work/dead/University/Semester6/Minor_Proj/proposal.tex
[19:01:28] Checking for duplicate labels: /home/fenris/work/dead/University/Semester6/Minor_Proj/proposal.tex.
[19:01:28] Auto Build Run is temporarily disabled during a second.
[19:01:30] File watcher - file changed: /home/fenris/work/dead/University/Semester6/Minor_Proj/proposal.tex
[19:01:30] Parsing a file and its subfiles: /home/fenris/work/dead/University/Semester6/Minor_Proj/proposal.tex
[19:01:30] Checking for duplicate labels: /home/fenris/work/dead/University/Semester6/Minor_Proj/proposal.tex.
[19:01:30] Auto Build Run is temporarily disabled during a second.
[19:01:35] File watcher - file changed: /home/fenris/work/dead/University/Semester6/Minor_Proj/proposal.tex
[19:01:35] Parsing a file and its subfiles: /home/fenris/work/dead/University/Semester6/Minor_Proj/proposal.tex
[19:01:35] Checking for duplicate labels: /home/fenris/work/dead/University/Semester6/Minor_Proj/proposal.tex.
[19:01:35] Auto Build Run is temporarily disabled during a second.
[19:01:37] File watcher - file changed: /home/fenris/work/dead/University/Semester6/Minor_Proj/proposal.tex
[19:01:37] Parsing a file and its subfiles: /home/fenris/work/dead/University/Semester6/Minor_Proj/proposal.tex
[19:01:37] Checking for duplicate labels: /home/fenris/work/dead/University/Semester6/Minor_Proj/proposal.tex.
[19:01:37] Auto Build Run is temporarily disabled during a second.
[19:01:41] File watcher - file changed: /home/fenris/work/dead/University/Semester6/Minor_Proj/proposal.tex
[19:01:41] Parsing a file and its subfiles: /home/fenris/work/dead/University/Semester6/Minor_Proj/proposal.tex
[19:01:41] Checking for duplicate labels: /home/fenris/work/dead/University/Semester6/Minor_Proj/proposal.tex.
[19:01:41] Auto Build Run is temporarily disabled during a second.
[19:04:09] File watcher - file changed: /home/fenris/work/dead/University/Semester6/Minor_Proj/proposal.tex
[19:04:09] Parsing a file and its subfiles: /home/fenris/work/dead/University/Semester6/Minor_Proj/proposal.tex
[19:04:09] Checking for duplicate labels: /home/fenris/work/dead/University/Semester6/Minor_Proj/proposal.tex.
[19:04:09] Auto Build Run is temporarily disabled during a second.
[19:04:13] File watcher - file changed: /home/fenris/work/dead/University/Semester6/Minor_Proj/proposal.tex
[19:04:13] Parsing a file and its subfiles: /home/fenris/work/dead/University/Semester6/Minor_Proj/proposal.tex
[19:04:13] Checking for duplicate labels: /home/fenris/work/dead/University/Semester6/Minor_Proj/proposal.tex.
[19:04:13] Auto Build Run is temporarily disabled during a second.
[19:04:15] File watcher - file changed: /home/fenris/work/dead/University/Semester6/Minor_Proj/proposal.tex
[19:04:15] Parsing a file and its subfiles: /home/fenris/work/dead/University/Semester6/Minor_Proj/proposal.tex
[19:04:15] Checking for duplicate labels: /home/fenris/work/dead/University/Semester6/Minor_Proj/proposal.tex.
[19:04:15] Auto Build Run is temporarily disabled during a second.
[19:04:20] File watcher - file changed: /home/fenris/work/dead/University/Semester6/Minor_Proj/proposal.tex
[19:04:20] Parsing a file and its subfiles: /home/fenris/work/dead/University/Semester6/Minor_Proj/proposal.tex
[19:04:20] Checking for duplicate labels: /home/fenris/work/dead/University/Semester6/Minor_Proj/proposal.tex.
[19:04:20] Auto Build Run is temporarily disabled during a second.
[19:04:21] File watcher - file changed: /home/fenris/work/dead/University/Semester6/Minor_Proj/proposal.tex
[19:04:21] Parsing a file and its subfiles: /home/fenris/work/dead/University/Semester6/Minor_Proj/proposal.tex
[19:04:21] Checking for duplicate labels: /home/fenris/work/dead/University/Semester6/Minor_Proj/proposal.tex.
[19:04:21] Auto Build Run is temporarily disabled during a second.
[19:04:23] File watcher - file changed: /home/fenris/work/dead/University/Semester6/Minor_Proj/proposal.tex
[19:04:23] Parsing a file and its subfiles: /home/fenris/work/dead/University/Semester6/Minor_Proj/proposal.tex
[19:04:23] Checking for duplicate labels: /home/fenris/work/dead/University/Semester6/Minor_Proj/proposal.tex.
[19:04:23] Auto Build Run is temporarily disabled during a second.
[19:04:26] File watcher - file changed: /home/fenris/work/dead/University/Semester6/Minor_Proj/proposal.tex
[19:04:26] Parsing a file and its subfiles: /home/fenris/work/dead/University/Semester6/Minor_Proj/proposal.tex
[19:04:26] Checking for duplicate labels: /home/fenris/work/dead/University/Semester6/Minor_Proj/proposal.tex.
[19:04:26] Auto Build Run is temporarily disabled during a second.
[19:12:53] File watcher - file changed: /home/fenris/work/dead/University/Semester6/Minor_Proj/proposal.tex
[19:12:53] Parsing a file and its subfiles: /home/fenris/work/dead/University/Semester6/Minor_Proj/proposal.tex
[19:12:53] Checking for duplicate labels: /home/fenris/work/dead/University/Semester6/Minor_Proj/proposal.tex.
[19:12:53] Auto Build Run is temporarily disabled during a second.
[19:13:43] File watcher - file changed: /home/fenris/work/dead/University/Semester6/Minor_Proj/proposal.tex
[19:13:43] Parsing a file and its subfiles: /home/fenris/work/dead/University/Semester6/Minor_Proj/proposal.tex
[19:13:43] Checking for duplicate labels: /home/fenris/work/dead/University/Semester6/Minor_Proj/proposal.tex.
[19:13:43] Auto Build Run is temporarily disabled during a second.
[19:13:49] File watcher - file changed: /home/fenris/work/dead/University/Semester6/Minor_Proj/proposal.tex
[19:13:49] Parsing a file and its subfiles: /home/fenris/work/dead/University/Semester6/Minor_Proj/proposal.tex
[19:13:49] Checking for duplicate labels: /home/fenris/work/dead/University/Semester6/Minor_Proj/proposal.tex.
[19:13:49] Auto Build Run is temporarily disabled during a second.
[19:13:51] File watcher - file changed: /home/fenris/work/dead/University/Semester6/Minor_Proj/proposal.tex
[19:13:51] Parsing a file and its subfiles: /home/fenris/work/dead/University/Semester6/Minor_Proj/proposal.tex
[19:13:51] Checking for duplicate labels: /home/fenris/work/dead/University/Semester6/Minor_Proj/proposal.tex.
[19:13:51] Auto Build Run is temporarily disabled during a second.
[19:13:57] File watcher - file changed: /home/fenris/work/dead/University/Semester6/Minor_Proj/proposal.tex
[19:13:57] Parsing a file and its subfiles: /home/fenris/work/dead/University/Semester6/Minor_Proj/proposal.tex
[19:13:57] Checking for duplicate labels: /home/fenris/work/dead/University/Semester6/Minor_Proj/proposal.tex.
[19:13:57] Auto Build Run is temporarily disabled during a second.
[19:14:03] File watcher - file changed: /home/fenris/work/dead/University/Semester6/Minor_Proj/proposal.tex
[19:14:03] Parsing a file and its subfiles: /home/fenris/work/dead/University/Semester6/Minor_Proj/proposal.tex
[19:14:03] Checking for duplicate labels: /home/fenris/work/dead/University/Semester6/Minor_Proj/proposal.tex.
[19:14:03] Auto Build Run is temporarily disabled during a second.
[19:14:17] File watcher - file changed: /home/fenris/work/dead/University/Semester6/Minor_Proj/proposal.tex
[19:14:17] Parsing a file and its subfiles: /home/fenris/work/dead/University/Semester6/Minor_Proj/proposal.tex
[19:14:17] Checking for duplicate labels: /home/fenris/work/dead/University/Semester6/Minor_Proj/proposal.tex.
[19:14:17] Auto Build Run is temporarily disabled during a second.
[19:15:17] File watcher - file changed: /home/fenris/work/dead/University/Semester6/Minor_Proj/proposal.tex
[19:15:17] Parsing a file and its subfiles: /home/fenris/work/dead/University/Semester6/Minor_Proj/proposal.tex
[19:15:17] Checking for duplicate labels: /home/fenris/work/dead/University/Semester6/Minor_Proj/proposal.tex.
[19:15:17] Auto Build Run is temporarily disabled during a second.
[19:15:20] File watcher - file changed: /home/fenris/work/dead/University/Semester6/Minor_Proj/proposal.tex
[19:15:20] Parsing a file and its subfiles: /home/fenris/work/dead/University/Semester6/Minor_Proj/proposal.tex
[19:15:21] Checking for duplicate labels: /home/fenris/work/dead/University/Semester6/Minor_Proj/proposal.tex.
[19:15:21] Auto Build Run is temporarily disabled during a second.
[19:15:29] File watcher - file changed: /home/fenris/work/dead/University/Semester6/Minor_Proj/proposal.tex
[19:15:29] Parsing a file and its subfiles: /home/fenris/work/dead/University/Semester6/Minor_Proj/proposal.tex
[19:15:29] Checking for duplicate labels: /home/fenris/work/dead/University/Semester6/Minor_Proj/proposal.tex.
[19:15:29] Auto Build Run is temporarily disabled during a second.
[19:15:40] File watcher - file changed: /home/fenris/work/dead/University/Semester6/Minor_Proj/proposal.tex
[19:15:40] Parsing a file and its subfiles: /home/fenris/work/dead/University/Semester6/Minor_Proj/proposal.tex
[19:15:40] Checking for duplicate labels: /home/fenris/work/dead/University/Semester6/Minor_Proj/proposal.tex.
[19:15:40] Auto Build Run is temporarily disabled during a second.
[19:15:41] File watcher - file changed: /home/fenris/work/dead/University/Semester6/Minor_Proj/proposal.tex
[19:15:41] Parsing a file and its subfiles: /home/fenris/work/dead/University/Semester6/Minor_Proj/proposal.tex
[19:15:41] Checking for duplicate labels: /home/fenris/work/dead/University/Semester6/Minor_Proj/proposal.tex.
[19:15:41] Auto Build Run is temporarily disabled during a second.
[19:15:45] File watcher - file changed: /home/fenris/work/dead/University/Semester6/Minor_Proj/proposal.tex
[19:15:45] Parsing a file and its subfiles: /home/fenris/work/dead/University/Semester6/Minor_Proj/proposal.tex
[19:15:45] Checking for duplicate labels: /home/fenris/work/dead/University/Semester6/Minor_Proj/proposal.tex.
[19:15:45] Auto Build Run is temporarily disabled during a second.
[19:16:01] File watcher - file changed: /home/fenris/work/dead/University/Semester6/Minor_Proj/proposal.tex
[19:16:01] Parsing a file and its subfiles: /home/fenris/work/dead/University/Semester6/Minor_Proj/proposal.tex
[19:16:02] Checking for duplicate labels: /home/fenris/work/dead/University/Semester6/Minor_Proj/proposal.tex.
[19:16:02] Auto Build Run is temporarily disabled during a second.
[19:16:13] File watcher - file changed: /home/fenris/work/dead/University/Semester6/Minor_Proj/proposal.tex
[19:16:13] Parsing a file and its subfiles: /home/fenris/work/dead/University/Semester6/Minor_Proj/proposal.tex
[19:16:13] Checking for duplicate labels: /home/fenris/work/dead/University/Semester6/Minor_Proj/proposal.tex.
[19:16:13] Auto Build Run is temporarily disabled during a second.
[19:16:16] File watcher - file changed: /home/fenris/work/dead/University/Semester6/Minor_Proj/proposal.tex
[19:16:16] Parsing a file and its subfiles: /home/fenris/work/dead/University/Semester6/Minor_Proj/proposal.tex
[19:16:16] Checking for duplicate labels: /home/fenris/work/dead/University/Semester6/Minor_Proj/proposal.tex.
[19:16:16] Auto Build Run is temporarily disabled during a second.
[19:16:19] File watcher - file changed: /home/fenris/work/dead/University/Semester6/Minor_Proj/proposal.tex
[19:16:20] Parsing a file and its subfiles: /home/fenris/work/dead/University/Semester6/Minor_Proj/proposal.tex
[19:16:20] Checking for duplicate labels: /home/fenris/work/dead/University/Semester6/Minor_Proj/proposal.tex.
[19:16:20] Auto Build Run is temporarily disabled during a second.
[19:16:23] File watcher - file changed: /home/fenris/work/dead/University/Semester6/Minor_Proj/proposal.tex
[19:16:23] Parsing a file and its subfiles: /home/fenris/work/dead/University/Semester6/Minor_Proj/proposal.tex
[19:16:23] Checking for duplicate labels: /home/fenris/work/dead/University/Semester6/Minor_Proj/proposal.tex.
[19:16:23] Auto Build Run is temporarily disabled during a second.
[19:16:38] File watcher - file changed: /home/fenris/work/dead/University/Semester6/Minor_Proj/proposal.tex
[19:16:38] Parsing a file and its subfiles: /home/fenris/work/dead/University/Semester6/Minor_Proj/proposal.tex
[19:16:38] Checking for duplicate labels: /home/fenris/work/dead/University/Semester6/Minor_Proj/proposal.tex.
[19:16:38] Auto Build Run is temporarily disabled during a second.
[19:16:49] File watcher - file changed: /home/fenris/work/dead/University/Semester6/Minor_Proj/proposal.tex
[19:16:49] Parsing a file and its subfiles: /home/fenris/work/dead/University/Semester6/Minor_Proj/proposal.tex
[19:16:49] Checking for duplicate labels: /home/fenris/work/dead/University/Semester6/Minor_Proj/proposal.tex.
[19:16:49] Auto Build Run is temporarily disabled during a second.
[19:16:57] File watcher - file changed: /home/fenris/work/dead/University/Semester6/Minor_Proj/proposal.tex
[19:16:57] Parsing a file and its subfiles: /home/fenris/work/dead/University/Semester6/Minor_Proj/proposal.tex
[19:16:57] Checking for duplicate labels: /home/fenris/work/dead/University/Semester6/Minor_Proj/proposal.tex.
[19:16:57] Auto Build Run is temporarily disabled during a second.
[19:17:04] File watcher - file changed: /home/fenris/work/dead/University/Semester6/Minor_Proj/proposal.tex
[19:17:04] Parsing a file and its subfiles: /home/fenris/work/dead/University/Semester6/Minor_Proj/proposal.tex
[19:17:04] Checking for duplicate labels: /home/fenris/work/dead/University/Semester6/Minor_Proj/proposal.tex.
[19:17:04] Auto Build Run is temporarily disabled during a second.
[19:17:26] File watcher - file changed: /home/fenris/work/dead/University/Semester6/Minor_Proj/proposal.tex
[19:17:26] Parsing a file and its subfiles: /home/fenris/work/dead/University/Semester6/Minor_Proj/proposal.tex
[19:17:26] Checking for duplicate labels: /home/fenris/work/dead/University/Semester6/Minor_Proj/proposal.tex.
[19:17:26] Auto Build Run is temporarily disabled during a second.
[19:17:33] File watcher - file changed: /home/fenris/work/dead/University/Semester6/Minor_Proj/proposal.tex
[19:17:33] Parsing a file and its subfiles: /home/fenris/work/dead/University/Semester6/Minor_Proj/proposal.tex
[19:17:33] Checking for duplicate labels: /home/fenris/work/dead/University/Semester6/Minor_Proj/proposal.tex.
[19:17:33] Auto Build Run is temporarily disabled during a second.
[19:17:37] File watcher - file changed: /home/fenris/work/dead/University/Semester6/Minor_Proj/proposal.tex
[19:17:37] Parsing a file and its subfiles: /home/fenris/work/dead/University/Semester6/Minor_Proj/proposal.tex
[19:17:37] Checking for duplicate labels: /home/fenris/work/dead/University/Semester6/Minor_Proj/proposal.tex.
[19:17:37] Auto Build Run is temporarily disabled during a second.
[19:17:47] File watcher - file changed: /home/fenris/work/dead/University/Semester6/Minor_Proj/proposal.tex
[19:17:47] Parsing a file and its subfiles: /home/fenris/work/dead/University/Semester6/Minor_Proj/proposal.tex
[19:17:47] Checking for duplicate labels: /home/fenris/work/dead/University/Semester6/Minor_Proj/proposal.tex.
[19:17:47] Auto Build Run is temporarily disabled during a second.
[19:17:54] File watcher - file changed: /home/fenris/work/dead/University/Semester6/Minor_Proj/proposal.tex
[19:17:54] Parsing a file and its subfiles: /home/fenris/work/dead/University/Semester6/Minor_Proj/proposal.tex
[19:17:54] Checking for duplicate labels: /home/fenris/work/dead/University/Semester6/Minor_Proj/proposal.tex.
[19:17:54] Auto Build Run is temporarily disabled during a second.
[19:18:25] File watcher - file changed: /home/fenris/work/dead/University/Semester6/Minor_Proj/proposal.tex
[19:18:25] Parsing a file and its subfiles: /home/fenris/work/dead/University/Semester6/Minor_Proj/proposal.tex
[19:18:26] Checking for duplicate labels: /home/fenris/work/dead/University/Semester6/Minor_Proj/proposal.tex.
[19:18:26] Auto Build Run is temporarily disabled during a second.
[19:18:33] File watcher - file changed: /home/fenris/work/dead/University/Semester6/Minor_Proj/proposal.tex
[19:18:33] Parsing a file and its subfiles: /home/fenris/work/dead/University/Semester6/Minor_Proj/proposal.tex
[19:18:33] Checking for duplicate labels: /home/fenris/work/dead/University/Semester6/Minor_Proj/proposal.tex.
[19:18:33] Auto Build Run is temporarily disabled during a second.
[19:19:02] File watcher - file changed: /home/fenris/work/dead/University/Semester6/Minor_Proj/proposal.tex
[19:19:02] Parsing a file and its subfiles: /home/fenris/work/dead/University/Semester6/Minor_Proj/proposal.tex
[19:19:02] Checking for duplicate labels: /home/fenris/work/dead/University/Semester6/Minor_Proj/proposal.tex.
[19:19:02] Auto Build Run is temporarily disabled during a second.
[19:19:16] File watcher - file changed: /home/fenris/work/dead/University/Semester6/Minor_Proj/proposal.tex
[19:19:16] Parsing a file and its subfiles: /home/fenris/work/dead/University/Semester6/Minor_Proj/proposal.tex
[19:19:16] Checking for duplicate labels: /home/fenris/work/dead/University/Semester6/Minor_Proj/proposal.tex.
[19:19:16] Auto Build Run is temporarily disabled during a second.
[19:19:19] File watcher - file changed: /home/fenris/work/dead/University/Semester6/Minor_Proj/proposal.tex
[19:19:19] Parsing a file and its subfiles: /home/fenris/work/dead/University/Semester6/Minor_Proj/proposal.tex
[19:19:20] Checking for duplicate labels: /home/fenris/work/dead/University/Semester6/Minor_Proj/proposal.tex.
[19:19:20] Auto Build Run is temporarily disabled during a second.
[19:19:26] File watcher - file changed: /home/fenris/work/dead/University/Semester6/Minor_Proj/proposal.tex
[19:19:26] Parsing a file and its subfiles: /home/fenris/work/dead/University/Semester6/Minor_Proj/proposal.tex
[19:19:26] Checking for duplicate labels: /home/fenris/work/dead/University/Semester6/Minor_Proj/proposal.tex.
[19:19:26] Auto Build Run is temporarily disabled during a second.
[19:19:44] File watcher - file changed: /home/fenris/work/dead/University/Semester6/Minor_Proj/proposal.tex
[19:19:44] Parsing a file and its subfiles: /home/fenris/work/dead/University/Semester6/Minor_Proj/proposal.tex
[19:19:44] Checking for duplicate labels: /home/fenris/work/dead/University/Semester6/Minor_Proj/proposal.tex.
[19:19:44] Auto Build Run is temporarily disabled during a second.
[19:19:48] File watcher - file changed: /home/fenris/work/dead/University/Semester6/Minor_Proj/proposal.tex
[19:19:48] Parsing a file and its subfiles: /home/fenris/work/dead/University/Semester6/Minor_Proj/proposal.tex
[19:19:48] Checking for duplicate labels: /home/fenris/work/dead/University/Semester6/Minor_Proj/proposal.tex.
[19:19:48] Auto Build Run is temporarily disabled during a second.
[19:20:07] File watcher - file changed: /home/fenris/work/dead/University/Semester6/Minor_Proj/proposal.tex
[19:20:07] Parsing a file and its subfiles: /home/fenris/work/dead/University/Semester6/Minor_Proj/proposal.tex
[19:20:07] Checking for duplicate labels: /home/fenris/work/dead/University/Semester6/Minor_Proj/proposal.tex.
[19:20:07] Auto Build Run is temporarily disabled during a second.
[19:20:10] File watcher - file changed: /home/fenris/work/dead/University/Semester6/Minor_Proj/proposal.tex
[19:20:10] Parsing a file and its subfiles: /home/fenris/work/dead/University/Semester6/Minor_Proj/proposal.tex
[19:20:10] Checking for duplicate labels: /home/fenris/work/dead/University/Semester6/Minor_Proj/proposal.tex.
[19:20:10] Auto Build Run is temporarily disabled during a second.
[19:20:29] File watcher - file changed: /home/fenris/work/dead/University/Semester6/Minor_Proj/proposal.tex
[19:20:29] Parsing a file and its subfiles: /home/fenris/work/dead/University/Semester6/Minor_Proj/proposal.tex
[19:20:29] Checking for duplicate labels: /home/fenris/work/dead/University/Semester6/Minor_Proj/proposal.tex.
[19:20:29] Auto Build Run is temporarily disabled during a second.
[19:20:40] File watcher - file changed: /home/fenris/work/dead/University/Semester6/Minor_Proj/proposal.tex
[19:20:40] Parsing a file and its subfiles: /home/fenris/work/dead/University/Semester6/Minor_Proj/proposal.tex
[19:20:40] Checking for duplicate labels: /home/fenris/work/dead/University/Semester6/Minor_Proj/proposal.tex.
[19:20:40] Auto Build Run is temporarily disabled during a second.
[19:20:46] File watcher - file changed: /home/fenris/work/dead/University/Semester6/Minor_Proj/proposal.tex
[19:20:46] Parsing a file and its subfiles: /home/fenris/work/dead/University/Semester6/Minor_Proj/proposal.tex
[19:20:46] Checking for duplicate labels: /home/fenris/work/dead/University/Semester6/Minor_Proj/proposal.tex.
[19:20:46] Auto Build Run is temporarily disabled during a second.
[19:20:47] File watcher - file changed: /home/fenris/work/dead/University/Semester6/Minor_Proj/proposal.tex
[19:20:47] Parsing a file and its subfiles: /home/fenris/work/dead/University/Semester6/Minor_Proj/proposal.tex
[19:20:47] Checking for duplicate labels: /home/fenris/work/dead/University/Semester6/Minor_Proj/proposal.tex.
[19:20:47] Auto Build Run is temporarily disabled during a second.
[19:20:56] File watcher - file changed: /home/fenris/work/dead/University/Semester6/Minor_Proj/proposal.tex
[19:20:56] Parsing a file and its subfiles: /home/fenris/work/dead/University/Semester6/Minor_Proj/proposal.tex
[19:20:56] Checking for duplicate labels: /home/fenris/work/dead/University/Semester6/Minor_Proj/proposal.tex.
[19:20:56] Auto Build Run is temporarily disabled during a second.
[19:21:09] File watcher - file changed: /home/fenris/work/dead/University/Semester6/Minor_Proj/proposal.tex
[19:21:09] Parsing a file and its subfiles: /home/fenris/work/dead/University/Semester6/Minor_Proj/proposal.tex
[19:21:09] Checking for duplicate labels: /home/fenris/work/dead/University/Semester6/Minor_Proj/proposal.tex.
[19:21:09] Auto Build Run is temporarily disabled during a second.
[19:21:18] File watcher - file changed: /home/fenris/work/dead/University/Semester6/Minor_Proj/proposal.tex
[19:21:18] Parsing a file and its subfiles: /home/fenris/work/dead/University/Semester6/Minor_Proj/proposal.tex
[19:21:18] Checking for duplicate labels: /home/fenris/work/dead/University/Semester6/Minor_Proj/proposal.tex.
[19:21:18] Auto Build Run is temporarily disabled during a second.
[19:21:25] File watcher - file changed: /home/fenris/work/dead/University/Semester6/Minor_Proj/proposal.tex
[19:21:25] Parsing a file and its subfiles: /home/fenris/work/dead/University/Semester6/Minor_Proj/proposal.tex
[19:21:25] Checking for duplicate labels: /home/fenris/work/dead/University/Semester6/Minor_Proj/proposal.tex.
[19:21:25] Auto Build Run is temporarily disabled during a second.
[19:21:34] File watcher - file changed: /home/fenris/work/dead/University/Semester6/Minor_Proj/proposal.tex
[19:21:34] Parsing a file and its subfiles: /home/fenris/work/dead/University/Semester6/Minor_Proj/proposal.tex
[19:21:35] Checking for duplicate labels: /home/fenris/work/dead/University/Semester6/Minor_Proj/proposal.tex.
[19:21:35] Auto Build Run is temporarily disabled during a second.
[19:21:42] File watcher - file changed: /home/fenris/work/dead/University/Semester6/Minor_Proj/proposal.tex
[19:21:42] Parsing a file and its subfiles: /home/fenris/work/dead/University/Semester6/Minor_Proj/proposal.tex
[19:21:42] Checking for duplicate labels: /home/fenris/work/dead/University/Semester6/Minor_Proj/proposal.tex.
[19:21:42] Auto Build Run is temporarily disabled during a second.
[19:21:49] File watcher - file changed: /home/fenris/work/dead/University/Semester6/Minor_Proj/proposal.tex
[19:21:49] Parsing a file and its subfiles: /home/fenris/work/dead/University/Semester6/Minor_Proj/proposal.tex
[19:21:49] Checking for duplicate labels: /home/fenris/work/dead/University/Semester6/Minor_Proj/proposal.tex.
[19:21:49] Auto Build Run is temporarily disabled during a second.
[19:21:55] File watcher - file changed: /home/fenris/work/dead/University/Semester6/Minor_Proj/proposal.tex
[19:21:55] Parsing a file and its subfiles: /home/fenris/work/dead/University/Semester6/Minor_Proj/proposal.tex
[19:21:55] Checking for duplicate labels: /home/fenris/work/dead/University/Semester6/Minor_Proj/proposal.tex.
[19:21:55] Auto Build Run is temporarily disabled during a second.
[19:22:08] File watcher - file changed: /home/fenris/work/dead/University/Semester6/Minor_Proj/proposal.tex
[19:22:08] Parsing a file and its subfiles: /home/fenris/work/dead/University/Semester6/Minor_Proj/proposal.tex
[19:22:08] Checking for duplicate labels: /home/fenris/work/dead/University/Semester6/Minor_Proj/proposal.tex.
[19:22:08] Auto Build Run is temporarily disabled during a second.
[19:22:09] File watcher - file changed: /home/fenris/work/dead/University/Semester6/Minor_Proj/proposal.tex
[19:22:09] Parsing a file and its subfiles: /home/fenris/work/dead/University/Semester6/Minor_Proj/proposal.tex
[19:22:09] Checking for duplicate labels: /home/fenris/work/dead/University/Semester6/Minor_Proj/proposal.tex.
[19:22:09] Auto Build Run is temporarily disabled during a second.
[19:22:10] File watcher - file changed: /home/fenris/work/dead/University/Semester6/Minor_Proj/proposal.tex
[19:22:10] Parsing a file and its subfiles: /home/fenris/work/dead/University/Semester6/Minor_Proj/proposal.tex
[19:22:11] Checking for duplicate labels: /home/fenris/work/dead/University/Semester6/Minor_Proj/proposal.tex.
[19:22:11] Auto Build Run is temporarily disabled during a second.
[19:22:30] File watcher - file changed: /home/fenris/work/dead/University/Semester6/Minor_Proj/proposal.tex
[19:22:30] Parsing a file and its subfiles: /home/fenris/work/dead/University/Semester6/Minor_Proj/proposal.tex
[19:22:30] Checking for duplicate labels: /home/fenris/work/dead/University/Semester6/Minor_Proj/proposal.tex.
[19:22:30] Auto Build Run is temporarily disabled during a second.
