[2022-02-18T12:53:46.775Z] Validating found git in: git
[2022-02-18T12:53:46.823Z] Using git 2.35.1 from git
[2022-02-18T12:53:46.874Z] > git rev-parse --git-dir [14ms]
[2022-02-18T12:53:46.878Z] Open repository: /home/fenris/work/dead/University
[2022-02-18T12:53:47.464Z] > git ls-files --stage -- /home/fenris/work/dead/University/Semester6/Minor_Proj/proposal.tex [2ms]
[2022-02-18T12:53:47.478Z] > git cat-file -s b739f23fcb6ecbaa44b246947742a47f21a6a59f [4ms]
[2022-02-18T12:53:48.012Z] > git fetch [1123ms]
[2022-02-18T12:53:48.012Z] warning: redirecting to https://github.com/TheFenrisLycaon/University.git/
[2022-02-18T12:53:48.129Z] > git symbolic-ref --short HEAD [2ms]
[2022-02-18T12:53:48.143Z] > git for-each-ref --format=%(refname)%00%(upstream:short)%00%(objectname)%00%(upstream:track) refs/heads/master refs/remotes/master [3ms]
[2022-02-18T12:53:48.177Z] > git remote --verbose [11ms]
[2022-02-18T12:53:48.178Z] > git for-each-ref --sort -committerdate --format %(refname) %(objectname) %(*objectname) [21ms]
[2022-02-18T12:53:48.204Z] > git config --get commit.template [12ms]
[2022-02-18T12:53:48.215Z] > git config --local branch.master.github-pr-owner-number [12ms]
[2022-02-18T12:53:49.176Z] > git ls-files --stage -- /home/fenris/work/dead/University/Semester6/Minor_Proj/proposal.tex [2ms]
[2022-02-18T12:53:49.187Z] > git cat-file -s b739f23fcb6ecbaa44b246947742a47f21a6a59f [3ms]
[2022-02-18T12:53:49.305Z] > git symbolic-ref --short HEAD [8ms]
[2022-02-18T12:53:49.342Z] > git for-each-ref --format=%(refname)%00%(upstream:short)%00%(objectname)%00%(upstream:track) refs/heads/master refs/remotes/master [29ms]
[2022-02-18T12:53:49.364Z] > git for-each-ref --sort -committerdate --format %(refname) %(objectname) %(*objectname) [15ms]
[2022-02-18T12:53:49.375Z] > git remote --verbose [19ms]
[2022-02-18T12:53:49.389Z] > git config --get commit.template [3ms]
[2022-02-18T12:59:50.454Z] > git ls-files --stage -- /home/fenris/work/dead/University/Semester6/Minor_Proj/proposal.tex [3ms]
[2022-02-18T12:59:50.467Z] > git cat-file -s b739f23fcb6ecbaa44b246947742a47f21a6a59f [2ms]
[2022-02-18T12:59:50.490Z] > git fetch [1215ms]
[2022-02-18T12:59:50.490Z] warning: redirecting to https://github.com/TheFenrisLycaon/University.git/
[2022-02-18T12:59:51.550Z] > git symbolic-ref --short HEAD [3ms]
[2022-02-18T12:59:51.564Z] > git for-each-ref --format=%(refname)%00%(upstream:short)%00%(objectname)%00%(upstream:track) refs/heads/master refs/remotes/master [3ms]
[2022-02-18T12:59:51.590Z] > git for-each-ref --sort -committerdate --format %(refname) %(objectname) %(*objectname) [13ms]
[2022-02-18T12:59:51.593Z] > git remote --verbose [7ms]
[2022-02-18T12:59:51.612Z] > git config --get commit.template [2ms]
[2022-02-18T12:59:51.658Z] > git ls-files --stage -- /home/fenris/work/dead/University/Semester6/Minor_Proj/proposal.tex [3ms]
[2022-02-18T12:59:51.675Z] > git cat-file -s b739f23fcb6ecbaa44b246947742a47f21a6a59f [3ms]
[2022-02-18T13:00:52.231Z] > git symbolic-ref --short HEAD [2ms]
[2022-02-18T13:00:52.239Z] > git for-each-ref --format=%(refname)%00%(upstream:short)%00%(objectname)%00%(upstream:track) refs/heads/master refs/remotes/master [2ms]
[2022-02-18T13:00:52.254Z] > git for-each-ref --sort -committerdate --format %(refname) %(objectname) %(*objectname) [7ms]
[2022-02-18T13:00:52.254Z] > git remote --verbose [2ms]
[2022-02-18T13:00:52.270Z] > git config --get commit.template [3ms]
[2022-02-18T13:02:52.831Z] > git fetch [1206ms]
[2022-02-18T13:02:52.831Z] warning: redirecting to https://github.com/TheFenrisLycaon/University.git/
[2022-02-18T13:02:53.952Z] > git symbolic-ref --short HEAD [1ms]
[2022-02-18T13:02:53.960Z] > git for-each-ref --format=%(refname)%00%(upstream:short)%00%(objectname)%00%(upstream:track) refs/heads/master refs/remotes/master [2ms]
[2022-02-18T13:02:53.973Z] > git for-each-ref --sort -committerdate --format %(refname) %(objectname) %(*objectname) [7ms]
[2022-02-18T13:02:53.974Z] > git remote --verbose [3ms]
[2022-02-18T13:02:53.989Z] > git config --get commit.template [1ms]
[2022-02-18T13:05:55.541Z] > git fetch [1539ms]
[2022-02-18T13:05:55.541Z] warning: redirecting to https://github.com/TheFenrisLycaon/University.git/
[2022-02-18T13:05:56.567Z] > git symbolic-ref --short HEAD [3ms]
[2022-02-18T13:05:56.578Z] > git for-each-ref --format=%(refname)%00%(upstream:short)%00%(objectname)%00%(upstream:track) refs/heads/master refs/remotes/master [2ms]
[2022-02-18T13:05:56.599Z] > git for-each-ref --sort -committerdate --format %(refname) %(objectname) %(*objectname) [11ms]
[2022-02-18T13:05:56.601Z] > git remote --verbose [6ms]
[2022-02-18T13:05:56.617Z] > git config --get commit.template [1ms]
[2022-02-18T13:08:57.800Z] > git fetch [1168ms]
[2022-02-18T13:08:57.800Z] warning: redirecting to https://github.com/TheFenrisLycaon/University.git/
[2022-02-18T13:08:58.836Z] > git symbolic-ref --short HEAD [2ms]
[2022-02-18T13:08:58.849Z] > git for-each-ref --format=%(refname)%00%(upstream:short)%00%(objectname)%00%(upstream:track) refs/heads/master refs/remotes/master [2ms]
[2022-02-18T13:08:58.872Z] > git for-each-ref --sort -committerdate --format %(refname) %(objectname) %(*objectname) [9ms]
[2022-02-18T13:08:58.874Z] > git remote --verbose [4ms]
[2022-02-18T13:08:58.890Z] > git config --get commit.template [2ms]
[2022-02-18T13:12:00.073Z] > git fetch [1170ms]
[2022-02-18T13:12:00.073Z] warning: redirecting to https://github.com/TheFenrisLycaon/University.git/
[2022-02-18T13:12:01.059Z] > git symbolic-ref --short HEAD [2ms]
[2022-02-18T13:12:01.067Z] > git for-each-ref --format=%(refname)%00%(upstream:short)%00%(objectname)%00%(upstream:track) refs/heads/master refs/remotes/master [2ms]
[2022-02-18T13:12:01.088Z] > git for-each-ref --sort -committerdate --format %(refname) %(objectname) %(*objectname) [10ms]
[2022-02-18T13:12:01.089Z] > git remote --verbose [3ms]
[2022-02-18T13:12:01.106Z] > git config --get commit.template [2ms]
[2022-02-18T13:15:02.351Z] > git fetch [1232ms]
[2022-02-18T13:15:02.351Z] warning: redirecting to https://github.com/TheFenrisLycaon/University.git/
[2022-02-18T13:15:03.328Z] > git symbolic-ref --short HEAD [2ms]
[2022-02-18T13:15:03.338Z] > git for-each-ref --format=%(refname)%00%(upstream:short)%00%(objectname)%00%(upstream:track) refs/heads/master refs/remotes/master [3ms]
[2022-02-18T13:15:03.352Z] > git for-each-ref --sort -committerdate --format %(refname) %(objectname) %(*objectname) [8ms]
[2022-02-18T13:15:03.354Z] > git remote --verbose [3ms]
[2022-02-18T13:15:03.366Z] > git config --get commit.template [2ms]
[2022-02-18T13:18:04.580Z] > git fetch [1200ms]
[2022-02-18T13:18:04.580Z] warning: redirecting to https://github.com/TheFenrisLycaon/University.git/
[2022-02-18T13:18:05.640Z] > git symbolic-ref --short HEAD [2ms]
[2022-02-18T13:18:05.652Z] > git for-each-ref --format=%(refname)%00%(upstream:short)%00%(objectname)%00%(upstream:track) refs/heads/master refs/remotes/master [2ms]
[2022-02-18T13:18:05.671Z] > git for-each-ref --sort -committerdate --format %(refname) %(objectname) %(*objectname) [9ms]
[2022-02-18T13:18:05.672Z] > git remote --verbose [2ms]
[2022-02-18T13:18:05.688Z] > git config --get commit.template [2ms]
[2022-02-18T13:21:06.869Z] > git fetch [1167ms]
[2022-02-18T13:21:06.869Z] warning: redirecting to https://github.com/TheFenrisLycaon/University.git/
[2022-02-18T13:21:08.115Z] > git symbolic-ref --short HEAD [2ms]
[2022-02-18T13:21:08.131Z] > git for-each-ref --format=%(refname)%00%(upstream:short)%00%(objectname)%00%(upstream:track) refs/heads/master refs/remotes/master [7ms]
[2022-02-18T13:21:08.153Z] > git for-each-ref --sort -committerdate --format %(refname) %(objectname) %(*objectname) [10ms]
[2022-02-18T13:21:08.154Z] > git remote --verbose [2ms]
[2022-02-18T13:21:08.169Z] > git config --get commit.template [2ms]
[2022-02-18T13:24:09.312Z] > git fetch [1133ms]
[2022-02-18T13:24:09.312Z] warning: redirecting to https://github.com/TheFenrisLycaon/University.git/
[2022-02-18T13:24:10.420Z] > git symbolic-ref --short HEAD [2ms]
[2022-02-18T13:24:10.432Z] > git for-each-ref --format=%(refname)%00%(upstream:short)%00%(objectname)%00%(upstream:track) refs/heads/master refs/remotes/master [2ms]
[2022-02-18T13:24:10.452Z] > git for-each-ref --sort -committerdate --format %(refname) %(objectname) %(*objectname) [10ms]
[2022-02-18T13:24:10.453Z] > git remote --verbose [2ms]
[2022-02-18T13:24:10.468Z] > git config --get commit.template [3ms]
[2022-02-18T13:27:11.600Z] > git fetch [1118ms]
[2022-02-18T13:27:11.600Z] warning: redirecting to https://github.com/TheFenrisLycaon/University.git/
[2022-02-18T13:27:12.718Z] > git symbolic-ref --short HEAD [2ms]
[2022-02-18T13:27:12.734Z] > git for-each-ref --format=%(refname)%00%(upstream:short)%00%(objectname)%00%(upstream:track) refs/heads/master refs/remotes/master [3ms]
[2022-02-18T13:27:12.753Z] > git for-each-ref --sort -committerdate --format %(refname) %(objectname) %(*objectname) [10ms]
[2022-02-18T13:27:12.754Z] > git remote --verbose [2ms]
[2022-02-18T13:27:12.768Z] > git config --get commit.template [1ms]
[2022-02-18T13:30:13.864Z] > git fetch [1083ms]
[2022-02-18T13:30:13.864Z] warning: redirecting to https://github.com/TheFenrisLycaon/University.git/
[2022-02-18T13:30:13.890Z] > git symbolic-ref --short HEAD [2ms]
[2022-02-18T13:30:13.900Z] > git for-each-ref --format=%(refname)%00%(upstream:short)%00%(objectname)%00%(upstream:track) refs/heads/master refs/remotes/master [2ms]
[2022-02-18T13:30:13.920Z] > git for-each-ref --sort -committerdate --format %(refname) %(objectname) %(*objectname) [11ms]
[2022-02-18T13:30:13.921Z] > git remote --verbose [2ms]
[2022-02-18T13:30:13.934Z] > git config --get commit.template [1ms]
[2022-02-18T13:33:15.082Z] > git fetch [1132ms]
[2022-02-18T13:33:15.082Z] warning: redirecting to https://github.com/TheFenrisLycaon/University.git/
[2022-02-18T13:33:15.109Z] > git symbolic-ref --short HEAD [2ms]
[2022-02-18T13:33:15.118Z] > git for-each-ref --format=%(refname)%00%(upstream:short)%00%(objectname)%00%(upstream:track) refs/heads/master refs/remotes/master [2ms]
[2022-02-18T13:33:15.136Z] > git for-each-ref --sort -committerdate --format %(refname) %(objectname) %(*objectname) [9ms]
[2022-02-18T13:33:15.136Z] > git remote --verbose [2ms]
[2022-02-18T13:33:15.150Z] > git config --get commit.template [1ms]
[2022-02-18T13:36:16.456Z] > git fetch [1291ms]
[2022-02-18T13:36:16.456Z] warning: redirecting to https://github.com/TheFenrisLycaon/University.git/
[2022-02-18T13:36:16.488Z] > git symbolic-ref --short HEAD [1ms]
[2022-02-18T13:36:16.499Z] > git for-each-ref --format=%(refname)%00%(upstream:short)%00%(objectname)%00%(upstream:track) refs/heads/master refs/remotes/master [3ms]
[2022-02-18T13:36:16.514Z] > git for-each-ref --sort -committerdate --format %(refname) %(objectname) %(*objectname) [8ms]
[2022-02-18T13:36:16.515Z] > git remote --verbose [2ms]
[2022-02-18T13:36:16.527Z] > git config --get commit.template [2ms]
[2022-02-18T13:39:17.962Z] > git fetch [1422ms]
[2022-02-18T13:39:17.962Z] warning: redirecting to https://github.com/TheFenrisLycaon/University.git/
[2022-02-18T13:39:17.990Z] > git symbolic-ref --short HEAD [2ms]
[2022-02-18T13:39:18.003Z] > git for-each-ref --format=%(refname)%00%(upstream:short)%00%(objectname)%00%(upstream:track) refs/heads/master refs/remotes/master [2ms]
[2022-02-18T13:39:18.023Z] > git for-each-ref --sort -committerdate --format %(refname) %(objectname) %(*objectname) [12ms]
[2022-02-18T13:39:18.024Z] > git remote --verbose [2ms]
[2022-02-18T13:39:18.036Z] > git config --get commit.template [2ms]
[2022-02-18T13:42:19.265Z] > git fetch [1213ms]
[2022-02-18T13:42:19.265Z] warning: redirecting to https://github.com/TheFenrisLycaon/University.git/
[2022-02-18T13:42:19.287Z] > git symbolic-ref --short HEAD [1ms]
[2022-02-18T13:42:19.300Z] > git for-each-ref --format=%(refname)%00%(upstream:short)%00%(objectname)%00%(upstream:track) refs/heads/master refs/remotes/master [2ms]
[2022-02-18T13:42:19.319Z] > git for-each-ref --sort -committerdate --format %(refname) %(objectname) %(*objectname) [10ms]
[2022-02-18T13:42:19.319Z] > git remote --verbose [2ms]
[2022-02-18T13:42:19.332Z] > git config --get commit.template [1ms]
[2022-02-18T13:45:20.499Z] > git fetch [1158ms]
[2022-02-18T13:45:20.500Z] warning: redirecting to https://github.com/TheFenrisLycaon/University.git/
[2022-02-18T13:45:20.528Z] > git symbolic-ref --short HEAD [2ms]
[2022-02-18T13:45:20.540Z] > git for-each-ref --format=%(refname)%00%(upstream:short)%00%(objectname)%00%(upstream:track) refs/heads/master refs/remotes/master [2ms]
[2022-02-18T13:45:20.557Z] > git for-each-ref --sort -committerdate --format %(refname) %(objectname) %(*objectname) [9ms]
[2022-02-18T13:45:20.558Z] > git remote --verbose [2ms]
[2022-02-18T13:45:20.570Z] > git config --get commit.template [1ms]
[2022-02-18T13:48:21.827Z] > git fetch [1244ms]
[2022-02-18T13:48:21.827Z] warning: redirecting to https://github.com/TheFenrisLycaon/University.git/
[2022-02-18T13:48:21.860Z] > git symbolic-ref --short HEAD [2ms]
[2022-02-18T13:48:21.872Z] > git for-each-ref --format=%(refname)%00%(upstream:short)%00%(objectname)%00%(upstream:track) refs/heads/master refs/remotes/master [2ms]
[2022-02-18T13:48:21.888Z] > git for-each-ref --sort -committerdate --format %(refname) %(objectname) %(*objectname) [8ms]
[2022-02-18T13:48:21.889Z] > git remote --verbose [2ms]
[2022-02-18T13:48:21.900Z] > git config --get commit.template [1ms]
[2022-02-18T13:51:23.162Z] > git fetch [1246ms]
[2022-02-18T13:51:23.162Z] warning: redirecting to https://github.com/TheFenrisLycaon/University.git/
[2022-02-18T13:51:23.198Z] > git symbolic-ref --short HEAD [3ms]
[2022-02-18T13:51:23.212Z] > git for-each-ref --format=%(refname)%00%(upstream:short)%00%(objectname)%00%(upstream:track) refs/heads/master refs/remotes/master [2ms]
[2022-02-18T13:51:23.231Z] > git for-each-ref --sort -committerdate --format %(refname) %(objectname) %(*objectname) [10ms]
[2022-02-18T13:51:23.232Z] > git remote --verbose [3ms]
[2022-02-18T13:51:23.245Z] > git config --get commit.template [2ms]
[2022-02-18T13:54:24.445Z] > git fetch [1185ms]
[2022-02-18T13:54:24.445Z] warning: redirecting to https://github.com/TheFenrisLycaon/University.git/
[2022-02-18T13:54:24.471Z] > git symbolic-ref --short HEAD [2ms]
[2022-02-18T13:54:24.480Z] > git for-each-ref --format=%(refname)%00%(upstream:short)%00%(objectname)%00%(upstream:track) refs/heads/master refs/remotes/master [2ms]
[2022-02-18T13:54:24.498Z] > git for-each-ref --sort -committerdate --format %(refname) %(objectname) %(*objectname) [9ms]
[2022-02-18T13:54:24.498Z] > git remote --verbose [1ms]
[2022-02-18T13:54:24.509Z] > git config --get commit.template [2ms]
