[2021-07-15 00:04:08.824] [exthost] [info] extension host started
[2021-07-15 00:04:08.851] [exthost] [info] Lock '/home/fenris/.config/Code/User/workspaceStorage/a90a6c562093348d5d0d947905cb5b9e/vscode.lock': Lock acquired.
[2021-07-15 00:04:09.712] [exthost] [info] ExtensionService#_doActivateExtension vscode.microsoft-authentication {"startup":false,"extensionId":{"value":"vscode.microsoft-authentication","_lower":"vscode.microsoft-authentication"},"activationEvent":"onAuthenticationRequest:microsoft"}
[2021-07-15 00:04:09.713] [exthost] [info] ExtensionService#loadCommonJSModule file:///opt/visual-studio-code/resources/app/extensions/microsoft-authentication/dist/extension.js
[2021-07-15 00:04:09.734] [exthost] [info] ExtensionService#_doActivateExtension aaron-bond.better-comments {"startup":false,"extensionId":{"value":"aaron-bond.better-comments","_lower":"aaron-bond.better-comments"},"activationEvent":"onLanguage:plaintext"}
[2021-07-15 00:04:09.734] [exthost] [info] ExtensionService#loadCommonJSModule file:///home/fenris/.vscode/extensions/aaron-bond.better-comments-2.1.0/out/extension
[2021-07-15 00:04:09.758] [exthost] [info] ExtensionService#_doActivateExtension ms-python.python {"startup":false,"extensionId":{"value":"ms-python.vscode-pylance","_lower":"ms-python.vscode-pylance"},"activationEvent":"onLanguage:python"}
[2021-07-15 00:04:09.758] [exthost] [info] ExtensionService#loadCommonJSModule file:///home/fenris/.vscode/extensions/ms-python.python-2021.6.944021595/out/client/extension
[2021-07-15 00:04:10.101] [exthost] [info] ExtensionService#_doActivateExtension ms-toolsai.jupyter {"startup":false,"extensionId":{"value":"ms-toolsai.jupyter","_lower":"ms-toolsai.jupyter"},"activationEvent":"onLanguage:python"}
[2021-07-15 00:04:10.102] [exthost] [info] ExtensionService#loadCommonJSModule file:///home/fenris/.vscode/extensions/ms-toolsai.jupyter-2021.8.1013163132/out/client/extension
[2021-07-15 00:04:10.585] [exthost] [info] ExtensionService#_doActivateExtension vscode.git {"startup":true,"extensionId":{"value":"vscode.github","_lower":"vscode.github"},"activationEvent":"*"}
[2021-07-15 00:04:10.585] [exthost] [info] ExtensionService#loadCommonJSModule file:///opt/visual-studio-code/resources/app/extensions/git/dist/main
[2021-07-15 00:04:10.639] [exthost] [info] ExtensionService#_doActivateExtension alefragnani.project-manager {"startup":true,"extensionId":{"value":"alefragnani.project-manager","_lower":"alefragnani.project-manager"},"activationEvent":"*"}
[2021-07-15 00:04:10.640] [exthost] [info] ExtensionService#loadCommonJSModule file:///home/fenris/.vscode/extensions/alefragnani.project-manager-12.3.0/dist/extension
[2021-07-15 00:04:10.717] [exthost] [info] ExtensionService#_doActivateExtension christian-kohler.path-intellisense {"startup":true,"extensionId":{"value":"christian-kohler.path-intellisense","_lower":"christian-kohler.path-intellisense"},"activationEvent":"*"}
[2021-07-15 00:04:10.718] [exthost] [info] ExtensionService#loadCommonJSModule file:///home/fenris/.vscode/extensions/christian-kohler.path-intellisense-2.3.0/out/extension.js
[2021-07-15 00:04:10.947] [exthost] [info] ExtensionService#_doActivateExtension CoenraadS.bracket-pair-colorizer {"startup":true,"extensionId":{"value":"CoenraadS.bracket-pair-colorizer","_lower":"coenraads.bracket-pair-colorizer"},"activationEvent":"*"}
[2021-07-15 00:04:10.947] [exthost] [info] ExtensionService#loadCommonJSModule file:///home/fenris/.vscode/extensions/coenraads.bracket-pair-colorizer-1.0.61/out/src/extension
[2021-07-15 00:04:11.014] [exthost] [info] ExtensionService#_doActivateExtension GitHub.vscode-pull-request-github {"startup":true,"extensionId":{"value":"GitHub.vscode-pull-request-github","_lower":"github.vscode-pull-request-github"},"activationEvent":"*"}
[2021-07-15 00:04:11.014] [exthost] [info] ExtensionService#loadCommonJSModule file:///home/fenris/.vscode/extensions/github.vscode-pull-request-github-0.28.0/dist/extension
[2021-07-15 00:04:11.087] [exthost] [info] ExtensionService#_doActivateExtension PKief.material-icon-theme {"startup":true,"extensionId":{"value":"PKief.material-icon-theme","_lower":"pkief.material-icon-theme"},"activationEvent":"*"}
[2021-07-15 00:04:11.088] [exthost] [info] ExtensionService#loadCommonJSModule file:///home/fenris/.vscode/extensions/pkief.material-icon-theme-4.8.0/dist/extension
[2021-07-15 00:04:11.111] [exthost] [info] ExtensionService#_doActivateExtension ritwickdey.LiveServer {"startup":true,"extensionId":{"value":"ritwickdey.LiveServer","_lower":"ritwickdey.liveserver"},"activationEvent":"*"}
[2021-07-15 00:04:11.111] [exthost] [info] ExtensionService#loadCommonJSModule file:///home/fenris/.vscode/extensions/ritwickdey.liveserver-5.6.1/out/src/extension
[2021-07-15 00:04:12.702] [exthost] [info] ExtensionService#_doActivateExtension vscode.github {"startup":true,"extensionId":{"value":"vscode.github","_lower":"vscode.github"},"activationEvent":"*"}
[2021-07-15 00:04:12.702] [exthost] [info] ExtensionService#loadCommonJSModule file:///opt/visual-studio-code/resources/app/extensions/github/dist/extension.js
[2021-07-15 00:04:12.722] [exthost] [info] ExtensionService#_doActivateExtension vscode.github-authentication {"startup":false,"extensionId":{"value":"vscode.github-authentication","_lower":"vscode.github-authentication"},"activationEvent":"onAuthenticationRequest:github"}
[2021-07-15 00:04:12.722] [exthost] [info] ExtensionService#loadCommonJSModule file:///opt/visual-studio-code/resources/app/extensions/github-authentication/dist/extension.js
[2021-07-15 00:04:13.546] [exthost] [info] eager extensions activated
[2021-07-15 00:04:13.613] [exthost] [info] ExtensionService#_doActivateExtension vscode.emmet {"startup":false,"extensionId":{"value":"vscode.emmet","_lower":"vscode.emmet"},"activationEvent":"onStartupFinished"}
[2021-07-15 00:04:13.613] [exthost] [info] ExtensionService#loadCommonJSModule file:///opt/visual-studio-code/resources/app/extensions/emmet/dist/node/emmetNodeMain
[2021-07-15 00:04:13.639] [exthost] [info] ExtensionService#_doActivateExtension vscode.merge-conflict {"startup":false,"extensionId":{"value":"vscode.merge-conflict","_lower":"vscode.merge-conflict"},"activationEvent":"onStartupFinished"}
[2021-07-15 00:04:13.639] [exthost] [info] ExtensionService#loadCommonJSModule file:///opt/visual-studio-code/resources/app/extensions/merge-conflict/dist/mergeConflictMain
[2021-07-15 00:04:13.651] [exthost] [info] ExtensionService#_doActivateExtension vscode.testing-editor-contributions {"startup":false,"extensionId":{"value":"vscode.testing-editor-contributions","_lower":"vscode.testing-editor-contributions"},"activationEvent":"onStartupFinished"}
[2021-07-15 00:04:13.651] [exthost] [info] ExtensionService#loadCommonJSModule file:///opt/visual-studio-code/resources/app/extensions/testing-editor-contributions/dist/extension.js
[2021-07-15 00:04:21.967] [exthost] [info] ExtensionService#_doActivateExtension ms-python.vscode-pylance {"startup":false,"extensionId":{"value":"ms-python.vscode-pylance","_lower":"ms-python.vscode-pylance"},"activationEvent":"onLanguage:python"}
[2021-07-15 00:04:21.967] [exthost] [info] ExtensionService#loadCommonJSModule file:///home/fenris/.vscode/extensions/ms-python.vscode-pylance-2021.7.2/dist/extension.bundle.js
[2021-07-15 00:04:30.338] [exthost] [info] ExtensionService#_doActivateExtension plibither8.remove-comments {"startup":false,"extensionId":{"value":"plibither8.remove-comments","_lower":"plibither8.remove-comments"},"activationEvent":"onCommand:extension.removeAllComments"}
[2021-07-15 00:04:30.338] [exthost] [info] ExtensionService#loadCommonJSModule file:///home/fenris/.vscode/extensions/plibither8.remove-comments-1.2.2/out/extension
[2021-07-15 00:04:30.635] [exthost] [info] ExtensionService#_doActivateExtension usernamehw.remove-empty-lines {"startup":false,"extensionId":{"value":"usernamehw.remove-empty-lines","_lower":"usernamehw.remove-empty-lines"},"activationEvent":"onCommand:remove-empty-lines.inDocument"}
[2021-07-15 00:04:30.635] [exthost] [info] ExtensionService#loadCommonJSModule file:///home/fenris/.vscode/extensions/usernamehw.remove-empty-lines-0.0.7/dist/extension
[2021-07-15 00:04:36.076] [exthost] [error] [ms-python.python] provider FAILED
[2021-07-15 00:04:36.076] [exthost] [error] Canceled: Canceled
	at E.makeCancelError (/home/fenris/.vscode/extensions/ms-python.python-2021.6.944021595/out/client/extension.js:9:184136)
	at E.handleFailedRequest (/home/fenris/.vscode/extensions/ms-python.python-2021.6.944021595/out/client/extension.js:9:183987)
	at /home/fenris/.vscode/extensions/ms-python.python-2021.6.944021595/out/client/extension.js:9:147921
[2021-07-15 00:05:01.989] [exthost] [error] [ms-python.python] provider FAILED
[2021-07-15 00:05:01.989] [exthost] [error] Canceled: Canceled
	at E.makeCancelError (/home/fenris/.vscode/extensions/ms-python.python-2021.6.944021595/out/client/extension.js:9:184136)
	at E.handleFailedRequest (/home/fenris/.vscode/extensions/ms-python.python-2021.6.944021595/out/client/extension.js:9:183987)
	at /home/fenris/.vscode/extensions/ms-python.python-2021.6.944021595/out/client/extension.js:9:144329
[2021-07-15 00:05:34.098] [exthost] [error] [ms-python.python] provider FAILED
[2021-07-15 00:05:34.098] [exthost] [error] Canceled: Canceled
	at E.makeCancelError (/home/fenris/.vscode/extensions/ms-python.python-2021.6.944021595/out/client/extension.js:9:184136)
	at E.handleFailedRequest (/home/fenris/.vscode/extensions/ms-python.python-2021.6.944021595/out/client/extension.js:9:183987)
	at /home/fenris/.vscode/extensions/ms-python.python-2021.6.944021595/out/client/extension.js:9:151848
[2021-07-15 00:05:35.168] [exthost] [error] [ms-python.python] provider FAILED
[2021-07-15 00:05:35.168] [exthost] [error] Canceled: Canceled
	at E.makeCancelError (/home/fenris/.vscode/extensions/ms-python.python-2021.6.944021595/out/client/extension.js:9:184136)
	at E.handleFailedRequest (/home/fenris/.vscode/extensions/ms-python.python-2021.6.944021595/out/client/extension.js:9:183987)
	at /home/fenris/.vscode/extensions/ms-python.python-2021.6.944021595/out/client/extension.js:9:151848
[2021-07-15 00:09:35.776] [exthost] [info] ExtensionService#_doActivateExtension vscode.extension-editing {"startup":false,"extensionId":{"value":"vscode.extension-editing","_lower":"vscode.extension-editing"},"activationEvent":"onLanguage:markdown"}
[2021-07-15 00:09:35.777] [exthost] [info] ExtensionService#loadCommonJSModule file:///opt/visual-studio-code/resources/app/extensions/extension-editing/dist/extensionEditingMain
[2021-07-15 00:09:35.825] [exthost] [info] ExtensionService#_doActivateExtension vscode.markdown-language-features {"startup":false,"extensionId":{"value":"vscode.markdown-language-features","_lower":"vscode.markdown-language-features"},"activationEvent":"onLanguage:markdown"}
[2021-07-15 00:09:35.825] [exthost] [info] ExtensionService#loadCommonJSModule file:///opt/visual-studio-code/resources/app/extensions/markdown-language-features/dist/extension
[2021-07-15 00:09:35.996] [exthost] [info] ExtensionService#_doActivateExtension DavidAnson.vscode-markdownlint {"startup":false,"extensionId":{"value":"DavidAnson.vscode-markdownlint","_lower":"davidanson.vscode-markdownlint"},"activationEvent":"onLanguage:markdown"}
[2021-07-15 00:09:35.996] [exthost] [info] ExtensionService#loadCommonJSModule file:///home/fenris/.vscode/extensions/davidanson.vscode-markdownlint-0.42.1/bundle
[2021-07-15 00:09:36.963] [exthost] [info] extension host terminating: renderer closed the socket
[2021-07-15 00:09:36.964] [exthost] [info] Lock '/home/fenris/.config/Code/User/workspaceStorage/a90a6c562093348d5d0d947905cb5b9e/vscode.lock': Marking the lockfile as scheduled to be released in 6000 ms.
[2021-07-15 00:09:38.009] [exthost] [info] exiting with code 0
