Validating found git in: git
Using git 2.34.1 from git
> git rev-parse --git-dir
Open repository: /home/fenris/work/dead/University
> git status -z -u
> git symbolic-ref --short HEAD
> git for-each-ref --format=%(refname)%00%(upstream:short)%00%(objectname)%00%(upstream:track) refs/heads/master refs/remotes/master
> git for-each-ref --sort -committerdate --format %(refname) %(objectname) %(*objectname)
> git remote --verbose
> git config --get commit.template
Opening repository for path='/home/fenris/work/Semester5/Minor_Proj/IEEEtran.cls' failed; ex=Error: spawn ENOTDIR
Opening repository for path='/home/fenris/work/Semester5/Minor_Proj/__latexindent_temp.tex' failed; ex=Error: spawn ENOTDIR
Opening repository for path='/home/fenris/work/Semester5/Minor_Proj/biWeekly.tex' failed; ex=Error: spawn ENOTDIR
Opening repository for path='/home/fenris/work/Semester5/Minor_Proj/paper.pdf' failed; ex=Error: spawn ENOTDIR
Opening repository for path='/home/fenris/work/Semester5/Minor_Proj/paper.synctex.gz' failed; ex=Error: spawn ENOTDIR
Opening repository for path='/home/fenris/work/Semester5/Minor_Proj/paper.tex' failed; ex=Error: spawn ENOTDIR
Opening repository for path='/home/fenris/work/Semester5/Minor_Proj/processed_fitrec_France.npy' failed; ex=Error: spawn ENOTDIR
Opening repository for path='/home/fenris/work/Semester5/Minor_Proj/proposal.tex' failed; ex=Error: spawn ENOTDIR
Opening repository for path='/home/fenris/work/Semester5/Minor_Proj/report.pdf' failed; ex=Error: spawn ENOTDIR
Opening repository for path='/home/fenris/work/Semester5/Minor_Proj/report.synctex.gz' failed; ex=Error: spawn ENOTDIR
Opening repository for path='/home/fenris/work/Semester5/Minor_Proj/report.tex' failed; ex=Error: spawn ENOTDIR
Opening repository for path='/home/fenris/work/Semester5/Minor_Proj/synopsis.tex' failed; ex=Error: spawn ENOTDIR
> git fetch
> git config --local branch.master.github-pr-owner-number
warning: redirecting to https://github.com/TheFenrisLycaon/University.git/
error: cannot lock ref 'refs/remotes/origin/master': is at c55e3677423e0a5d61f68185e593cd7b7d8a73f0 but expected 2d1b760d7b877fe3e99bf285fa1ddad6902cc985
From https://www.github.com/TheFenrisLycaon/University
 ! 2d1b760..c55e367  master     -> origin/master  (unable to update local ref)
> git fetch
warning: redirecting to https://github.com/TheFenrisLycaon/University.git/
> git status -z -u
> git symbolic-ref --short HEAD
> git for-each-ref --format=%(refname)%00%(upstream:short)%00%(objectname)%00%(upstream:track) refs/heads/master refs/remotes/master
> git for-each-ref --sort -committerdate --format %(refname) %(objectname) %(*objectname)
> git remote --verbose
> git config --get commit.template
> git config --local branch.master.github-pr-owner-number
> git fetch
fatal: unable to access 'https://www.github.com/TheFenrisLycaon/University.git/': SSL certificate problem: self signed certificate in certificate chain
