[2022-02-18 18:31:06.159] [exthost] [info] Extension host with pid 24237 started
[2022-02-18 18:31:06.160] [exthost] [info] Skipping acquiring lock for /home/fenris/.config/Code/User/workspaceStorage/bce583cf883e7d5cbdc86df0cefc5e0f.
[2022-02-18 18:31:06.495] [exthost] [info] ExtensionService#_doActivateExtension aaron-bond.better-comments, startup: false, activationEvent: 'onLanguage:plaintext'
[2022-02-18 18:31:06.508] [exthost] [info] ExtensionService#_doActivateExtension James-Yu.latex-workshop, startup: false, activationEvent: 'onLanguage:latex'
[2022-02-18 18:31:07.171] [exthost] [info] ExtensionService#_doActivateExtension vscode.microsoft-authentication, startup: false, activationEvent: 'onAuthenticationRequest:microsoft'
[2022-02-18 18:31:07.325] [exthost] [info] ExtensionService#_doActivateExtension vscode.git-base, startup: true, activationEvent: '*', root cause: vscode.github
[2022-02-18 18:31:07.333] [exthost] [info] ExtensionService#_doActivateExtension alefragnani.project-manager, startup: true, activationEvent: '*'
[2022-02-18 18:31:07.376] [exthost] [info] ExtensionService#_doActivateExtension christian-kohler.path-intellisense, startup: true, activationEvent: '*'
[2022-02-18 18:31:07.403] [exthost] [info] ExtensionService#_doActivateExtension CoenraadS.bracket-pair-colorizer, startup: true, activationEvent: '*'
[2022-02-18 18:31:07.433] [exthost] [info] ExtensionService#_doActivateExtension Equinusocio.vsc-material-theme, startup: true, activationEvent: '*'
[2022-02-18 18:31:07.455] [exthost] [info] ExtensionService#_doActivateExtension equinusocio.vsc-material-theme-icons, startup: true, activationEvent: '*'
[2022-02-18 18:31:07.531] [exthost] [info] ExtensionService#_doActivateExtension GitHub.vscode-pull-request-github, startup: true, activationEvent: '*'
[2022-02-18 18:31:07.871] [exthost] [warning] DiagnosticCollection with name 'BibTeX' does already exist.
[2022-02-18 18:31:07.880] [exthost] [warning] DiagnosticCollection with name 'BibTeX' does already exist.
[2022-02-18 18:31:08.436] [exthost] [info] ExtensionService#_doActivateExtension vscode.github-authentication, startup: false, activationEvent: 'onAuthenticationRequest:github'
[2022-02-18 18:31:08.712] [exthost] [info] ExtensionService#_doActivateExtension vscode.git, startup: false, activationEvent: 'api', root cause: GitHub.vscode-pull-request-github
[2022-02-18 18:31:09.189] [exthost] [info] ExtensionService#_doActivateExtension vscode.github, startup: true, activationEvent: '*'
[2022-02-18 18:31:09.261] [exthost] [info] Eager extensions activated
[2022-02-18 18:31:09.270] [exthost] [info] ExtensionService#_doActivateExtension vscode.emmet, startup: false, activationEvent: 'onStartupFinished'
[2022-02-18 18:31:09.310] [exthost] [info] ExtensionService#_doActivateExtension vscode.merge-conflict, startup: false, activationEvent: 'onStartupFinished'
[2022-02-18 18:31:09.320] [exthost] [info] ExtensionService#_doActivateExtension ms-vscode-remote.remote-containers, startup: false, activationEvent: 'onStartupFinished'
[2022-02-18 18:31:09.592] [exthost] [info] ExtensionService#_doActivateExtension PKief.material-icon-theme, startup: false, activationEvent: 'onStartupFinished'
[2022-02-18 18:33:36.614] [exthost] [info] extension host terminating: renderer closed the socket
[2022-02-18 18:33:36.638] [exthost] [info] Extension host with pid 24237 exiting with code 0
[2022-02-18 18:33:39.560] [exthost] [info] Extension host with pid 24478 started
[2022-02-18 18:33:39.560] [exthost] [info] Skipping acquiring lock for /home/fenris/.config/Code/User/workspaceStorage/531bdf287b600960429a25e308e616ec.
[2022-02-18 18:33:39.669] [exthost] [info] ExtensionService#_doActivateExtension vscode.microsoft-authentication, startup: false, activationEvent: 'onAuthenticationRequest:microsoft'
[2022-02-18 18:33:39.689] [exthost] [info] ExtensionService#_doActivateExtension vscode.git-base, startup: true, activationEvent: '*', root cause: vscode.github
[2022-02-18 18:33:39.692] [exthost] [info] ExtensionService#_doActivateExtension alefragnani.project-manager, startup: true, activationEvent: '*'
[2022-02-18 18:33:39.703] [exthost] [info] ExtensionService#_doActivateExtension christian-kohler.path-intellisense, startup: true, activationEvent: '*'
[2022-02-18 18:33:39.717] [exthost] [info] ExtensionService#_doActivateExtension CoenraadS.bracket-pair-colorizer, startup: true, activationEvent: '*'
[2022-02-18 18:33:39.736] [exthost] [info] ExtensionService#_doActivateExtension Equinusocio.vsc-material-theme, startup: true, activationEvent: '*'
[2022-02-18 18:33:39.749] [exthost] [info] ExtensionService#_doActivateExtension equinusocio.vsc-material-theme-icons, startup: true, activationEvent: '*'
[2022-02-18 18:33:39.791] [exthost] [info] ExtensionService#_doActivateExtension GitHub.vscode-pull-request-github, startup: true, activationEvent: '*'
[2022-02-18 18:33:39.824] [exthost] [info] ExtensionService#_doActivateExtension ms-python.python, startup: true, activationEvent: 'workspaceContains:requirements.txt'
[2022-02-18 18:33:40.383] [exthost] [info] ExtensionService#_doActivateExtension vscode.github-authentication, startup: false, activationEvent: 'onAuthenticationRequest:github'
[2022-02-18 18:33:40.737] [exthost] [info] ExtensionService#_doActivateExtension vscode.git, startup: false, activationEvent: 'api', root cause: GitHub.vscode-pull-request-github
[2022-02-18 18:33:41.383] [exthost] [info] ExtensionService#_doActivateExtension vscode.github, startup: true, activationEvent: '*'
[2022-02-18 18:33:41.405] [exthost] [info] Eager extensions activated
[2022-02-18 18:33:41.413] [exthost] [info] ExtensionService#_doActivateExtension vscode.emmet, startup: false, activationEvent: 'onStartupFinished'
[2022-02-18 18:33:41.427] [exthost] [info] ExtensionService#_doActivateExtension vscode.merge-conflict, startup: false, activationEvent: 'onStartupFinished'
[2022-02-18 18:33:41.431] [exthost] [info] ExtensionService#_doActivateExtension ms-vscode-remote.remote-containers, startup: false, activationEvent: 'onStartupFinished'
[2022-02-18 18:33:41.509] [exthost] [info] ExtensionService#_doActivateExtension PKief.material-icon-theme, startup: false, activationEvent: 'onStartupFinished'
[2022-02-18 18:33:49.138] [exthost] [info] ExtensionService#_doActivateExtension ms-python.vscode-pylance, startup: false, activationEvent: 'api', root cause: ms-python.python
[2022-02-18 18:34:33.903] [exthost] [info] ExtensionService#_doActivateExtension aaron-bond.better-comments, startup: false, activationEvent: 'onLanguage:latex'
[2022-02-18 18:34:33.916] [exthost] [info] ExtensionService#_doActivateExtension James-Yu.latex-workshop, startup: false, activationEvent: 'onLanguage:latex'
[2022-02-18 18:34:34.643] [exthost] [warning] DiagnosticCollection with name 'BibTeX' does already exist.
[2022-02-18 18:34:34.650] [exthost] [warning] DiagnosticCollection with name 'BibTeX' does already exist.
[2022-02-18 19:15:52.501] [exthost] [info] ExtensionService#_doActivateExtension sashaweiss.block-travel, startup: false, activationEvent: 'onCommand:block-travel.jumpDown'
[2022-02-18 19:24:56.488] [exthost] [info] extension host terminating: renderer closed the socket
[2022-02-18 19:24:56.550] [exthost] [info] Extension host with pid 24478 exiting with code 0
