[2022-02-18 18:22:02.228] [exthost] [info] Extension host with pid 2655 started
[2022-02-18 18:22:02.228] [exthost] [info] Skipping acquiring lock for /home/fenris/.config/Code/User/workspaceStorage/bce583cf883e7d5cbdc86df0cefc5e0f.
[2022-02-18 18:22:02.421] [exthost] [info] ExtensionService#_doActivateExtension vscode.microsoft-authentication, startup: false, activationEvent: 'onAuthenticationRequest:microsoft'
[2022-02-18 18:22:02.499] [exthost] [info] ExtensionService#_doActivateExtension vscode.git-base, startup: true, activationEvent: '*', root cause: vscode.github
[2022-02-18 18:22:02.506] [exthost] [info] ExtensionService#_doActivateExtension alefragnani.project-manager, startup: true, activationEvent: '*'
[2022-02-18 18:22:02.620] [exthost] [info] ExtensionService#_doActivateExtension christian-kohler.path-intellisense, startup: true, activationEvent: '*'
[2022-02-18 18:22:02.649] [exthost] [info] ExtensionService#_doActivateExtension CoenraadS.bracket-pair-colorizer, startup: true, activationEvent: '*'
[2022-02-18 18:22:02.679] [exthost] [info] ExtensionService#_doActivateExtension Equinusocio.vsc-material-theme, startup: true, activationEvent: '*'
[2022-02-18 18:22:02.694] [exthost] [info] ExtensionService#_doActivateExtension equinusocio.vsc-material-theme-icons, startup: true, activationEvent: '*'
[2022-02-18 18:22:02.755] [exthost] [info] ExtensionService#_doActivateExtension GitHub.vscode-pull-request-github, startup: true, activationEvent: '*'
[2022-02-18 18:22:02.943] [exthost] [info] ExtensionService#_doActivateExtension ritwickdey.LiveServer, startup: true, activationEvent: '*'
[2022-02-18 18:22:04.270] [exthost] [info] ExtensionService#_doActivateExtension vscode.git, startup: false, activationEvent: 'api', root cause: GitHub.vscode-pull-request-github
[2022-02-18 18:22:04.478] [exthost] [info] ExtensionService#_doActivateExtension vscode.github-authentication, startup: false, activationEvent: 'onAuthenticationRequest:github'
[2022-02-18 18:22:05.101] [exthost] [info] ExtensionService#_doActivateExtension vscode.github, startup: true, activationEvent: '*'
[2022-02-18 18:22:05.127] [exthost] [info] Eager extensions activated
[2022-02-18 18:22:05.132] [exthost] [info] ExtensionService#_doActivateExtension vscode.emmet, startup: false, activationEvent: 'onStartupFinished'
[2022-02-18 18:22:05.157] [exthost] [info] ExtensionService#_doActivateExtension vscode.merge-conflict, startup: false, activationEvent: 'onStartupFinished'
[2022-02-18 18:22:05.164] [exthost] [info] ExtensionService#_doActivateExtension ms-vscode-remote.remote-containers, startup: false, activationEvent: 'onStartupFinished'
[2022-02-18 18:22:05.437] [exthost] [info] ExtensionService#_doActivateExtension PKief.material-icon-theme, startup: false, activationEvent: 'onStartupFinished'
[2022-02-18 18:22:14.313] [exthost] [info] ExtensionService#_doActivateExtension vscode.configuration-editing, startup: false, activationEvent: 'onLanguage:jsonc'
[2022-02-18 18:22:14.329] [exthost] [info] ExtensionService#_doActivateExtension vscode.json-language-features, startup: false, activationEvent: 'onLanguage:jsonc'
[2022-02-18 18:22:14.479] [exthost] [info] ExtensionService#_doActivateExtension vscode.typescript-language-features, startup: false, activationEvent: 'onLanguage:jsonc'
[2022-02-18 18:22:14.558] [exthost] [info] ExtensionService#_doActivateExtension aaron-bond.better-comments, startup: false, activationEvent: 'onLanguage:jsonc'
[2022-02-18 18:22:20.443] [exthost] [info] ExtensionService#_doActivateExtension James-Yu.latex-workshop, startup: false, activationEvent: 'onLanguage:latex'
[2022-02-18 18:22:23.608] [exthost] [warning] DiagnosticCollection with name 'BibTeX' does already exist.
[2022-02-18 18:22:23.616] [exthost] [warning] DiagnosticCollection with name 'BibTeX' does already exist.
[2022-02-18 18:23:26.408] [exthost] [info] extension host terminating: renderer closed the socket
[2022-02-18 18:23:26.441] [exthost] [info] Extension host with pid 2655 exiting with code 0
[2022-02-18 18:23:31.176] [exthost] [info] Extension host with pid 2822 started
[2022-02-18 18:23:31.176] [exthost] [info] Skipping acquiring lock for /home/fenris/.config/Code/User/workspaceStorage/bce583cf883e7d5cbdc86df0cefc5e0f.
[2022-02-18 18:23:31.481] [exthost] [info] ExtensionService#_doActivateExtension aaron-bond.better-comments, startup: false, activationEvent: 'onLanguage:plaintext'
[2022-02-18 18:23:31.485] [exthost] [info] ExtensionService#_doActivateExtension James-Yu.latex-workshop, startup: false, activationEvent: 'onLanguage:latex'
[2022-02-18 18:23:32.105] [exthost] [info] ExtensionService#_doActivateExtension vscode.microsoft-authentication, startup: false, activationEvent: 'onAuthenticationRequest:microsoft'
[2022-02-18 18:23:32.132] [exthost] [info] ExtensionService#_doActivateExtension vscode.git-base, startup: true, activationEvent: '*', root cause: vscode.github
[2022-02-18 18:23:32.146] [exthost] [info] ExtensionService#_doActivateExtension alefragnani.project-manager, startup: true, activationEvent: '*'
[2022-02-18 18:23:32.203] [exthost] [info] ExtensionService#_doActivateExtension christian-kohler.path-intellisense, startup: true, activationEvent: '*'
[2022-02-18 18:23:32.235] [exthost] [info] ExtensionService#_doActivateExtension CoenraadS.bracket-pair-colorizer, startup: true, activationEvent: '*'
[2022-02-18 18:23:32.271] [exthost] [info] ExtensionService#_doActivateExtension Equinusocio.vsc-material-theme, startup: true, activationEvent: '*'
[2022-02-18 18:23:32.294] [exthost] [info] ExtensionService#_doActivateExtension equinusocio.vsc-material-theme-icons, startup: true, activationEvent: '*'
[2022-02-18 18:23:32.354] [exthost] [info] ExtensionService#_doActivateExtension GitHub.vscode-pull-request-github, startup: true, activationEvent: '*'
[2022-02-18 18:23:32.845] [exthost] [warning] DiagnosticCollection with name 'BibTeX' does already exist.
[2022-02-18 18:23:32.852] [exthost] [warning] DiagnosticCollection with name 'BibTeX' does already exist.
[2022-02-18 18:23:33.752] [exthost] [info] ExtensionService#_doActivateExtension vscode.github-authentication, startup: false, activationEvent: 'onAuthenticationRequest:github'
[2022-02-18 18:23:33.985] [exthost] [info] ExtensionService#_doActivateExtension vscode.git, startup: false, activationEvent: 'api', root cause: GitHub.vscode-pull-request-github
[2022-02-18 18:23:34.957] [exthost] [info] ExtensionService#_doActivateExtension vscode.github, startup: true, activationEvent: '*'
[2022-02-18 18:23:34.996] [exthost] [info] Eager extensions activated
[2022-02-18 18:23:35.029] [exthost] [info] ExtensionService#_doActivateExtension vscode.emmet, startup: false, activationEvent: 'onStartupFinished'
[2022-02-18 18:23:35.039] [exthost] [info] ExtensionService#_doActivateExtension vscode.merge-conflict, startup: false, activationEvent: 'onStartupFinished'
[2022-02-18 18:23:35.043] [exthost] [info] ExtensionService#_doActivateExtension ms-vscode-remote.remote-containers, startup: false, activationEvent: 'onStartupFinished'
[2022-02-18 18:23:35.249] [exthost] [info] ExtensionService#_doActivateExtension PKief.material-icon-theme, startup: false, activationEvent: 'onStartupFinished'
[2022-02-18 18:23:40.091] [exthost] [info] extension host terminating: renderer closed the socket
[2022-02-18 18:23:40.118] [exthost] [info] Extension host with pid 2822 exiting with code 0
[2022-02-18 18:23:44.897] [exthost] [info] Extension host with pid 2962 started
[2022-02-18 18:23:44.897] [exthost] [info] Skipping acquiring lock for /home/fenris/.config/Code/User/workspaceStorage/bce583cf883e7d5cbdc86df0cefc5e0f.
[2022-02-18 18:23:45.156] [exthost] [info] ExtensionService#_doActivateExtension aaron-bond.better-comments, startup: false, activationEvent: 'onLanguage:plaintext'
[2022-02-18 18:23:45.162] [exthost] [info] ExtensionService#_doActivateExtension James-Yu.latex-workshop, startup: false, activationEvent: 'onLanguage:latex'
[2022-02-18 18:23:45.578] [exthost] [info] ExtensionService#_doActivateExtension vscode.microsoft-authentication, startup: false, activationEvent: 'onAuthenticationRequest:microsoft'
[2022-02-18 18:23:45.595] [exthost] [info] ExtensionService#_doActivateExtension vscode.git-base, startup: true, activationEvent: '*', root cause: vscode.github
[2022-02-18 18:23:45.599] [exthost] [info] ExtensionService#_doActivateExtension alefragnani.project-manager, startup: true, activationEvent: '*'
[2022-02-18 18:23:45.643] [exthost] [info] ExtensionService#_doActivateExtension christian-kohler.path-intellisense, startup: true, activationEvent: '*'
[2022-02-18 18:23:45.668] [exthost] [info] ExtensionService#_doActivateExtension CoenraadS.bracket-pair-colorizer, startup: true, activationEvent: '*'
[2022-02-18 18:23:45.698] [exthost] [info] ExtensionService#_doActivateExtension Equinusocio.vsc-material-theme, startup: true, activationEvent: '*'
[2022-02-18 18:23:45.721] [exthost] [info] ExtensionService#_doActivateExtension equinusocio.vsc-material-theme-icons, startup: true, activationEvent: '*'
[2022-02-18 18:23:45.769] [exthost] [info] ExtensionService#_doActivateExtension GitHub.vscode-pull-request-github, startup: true, activationEvent: '*'
[2022-02-18 18:23:46.126] [exthost] [warning] DiagnosticCollection with name 'BibTeX' does already exist.
[2022-02-18 18:23:46.140] [exthost] [warning] DiagnosticCollection with name 'BibTeX' does already exist.
[2022-02-18 18:23:46.656] [exthost] [info] ExtensionService#_doActivateExtension vscode.github-authentication, startup: false, activationEvent: 'onAuthenticationRequest:github'
[2022-02-18 18:23:46.735] [exthost] [info] ExtensionService#_doActivateExtension vscode.git, startup: false, activationEvent: 'api', root cause: GitHub.vscode-pull-request-github
[2022-02-18 18:23:47.022] [exthost] [info] ExtensionService#_doActivateExtension vscode.github, startup: true, activationEvent: '*'
[2022-02-18 18:23:47.032] [exthost] [info] Eager extensions activated
[2022-02-18 18:23:47.043] [exthost] [info] ExtensionService#_doActivateExtension vscode.emmet, startup: false, activationEvent: 'onStartupFinished'
[2022-02-18 18:23:47.051] [exthost] [info] ExtensionService#_doActivateExtension vscode.merge-conflict, startup: false, activationEvent: 'onStartupFinished'
[2022-02-18 18:23:47.056] [exthost] [info] ExtensionService#_doActivateExtension ms-vscode-remote.remote-containers, startup: false, activationEvent: 'onStartupFinished'
[2022-02-18 18:23:47.248] [exthost] [info] ExtensionService#_doActivateExtension PKief.material-icon-theme, startup: false, activationEvent: 'onStartupFinished'
[2022-02-18 18:23:49.256] [exthost] [info] ExtensionService#_doActivateExtension vscode.configuration-editing, startup: false, activationEvent: 'onLanguage:jsonc'
[2022-02-18 18:23:49.260] [exthost] [info] ExtensionService#_doActivateExtension vscode.json-language-features, startup: false, activationEvent: 'onLanguage:jsonc'
[2022-02-18 18:23:49.278] [exthost] [info] ExtensionService#_doActivateExtension vscode.typescript-language-features, startup: false, activationEvent: 'onLanguage:jsonc'
