[2021-07-16 14:27:50.695] [sharedprocess] [info] Installing extension: ms-python.vscode-pylance
[2021-07-16 14:27:54.821] [sharedprocess] [info] [logs cleanup]: Starting to clean up old logs.
[2021-07-16 14:27:54.822] [sharedprocess] [info] [logs cleanup]: Removing log folders '20210710T144804'
[2021-07-16 14:28:14.823] [sharedprocess] [info] [code cache cleanup]: Starting to clean up old code cache folders.
[2021-07-16 14:28:14.824] [sharedprocess] [info] [storage cleanup]: Starting to clean up storage folders.
[2021-07-16 14:28:16.787] [sharedprocess] [info] Downloaded extension: ms-python.vscode-pylance /home/fenris/.config/Code/CachedExtensionVSIXs/ms-python.vscode-pylance-2021.7.4
[2021-07-16 14:28:22.079] [sharedprocess] [info] Extracted extension to /home/fenris/.vscode/extensions/.cf1d362c-d598-4d4b-947e-87f5123549ab: ms-python.vscode-pylance
[2021-07-16 14:28:22.134] [sharedprocess] [info] Renamed to /home/fenris/.vscode/extensions/ms-python.vscode-pylance-2021.7.4
[2021-07-16 14:28:22.137] [sharedprocess] [info] Installation completed. ms-python.vscode-pylance
[2021-07-16 14:28:22.235] [sharedprocess] [info] Extensions installed successfully: ms-python.vscode-pylance
[2021-07-16 14:28:24.821] [sharedprocess] [info] [language pack cache cleanup]: Starting to clean up unused language packs.
[2021-07-16 14:35:56.718] [sharedprocess] [warning] Resolved variables received without matching request 16
[2021-07-16 14:35:56.743] [sharedprocess] [warning] Resolved variables received without matching request 17
[2021-07-16 14:35:57.103] [sharedprocess] [warning] Resolved variables received without matching request 18
[2021-07-16 14:35:57.114] [sharedprocess] [warning] Resolved variables received without matching request 19
[2021-07-16 14:35:57.251] [sharedprocess] [warning] Resolved variables received without matching request 20
[2021-07-16 14:35:58.995] [sharedprocess] [warning] Resolved variables received without matching request 21
[2021-07-16 14:35:58.996] [sharedprocess] [warning] Resolved variables received without matching request 22
[2021-07-16 14:35:58.997] [sharedprocess] [warning] Resolved variables received without matching request 23
[2021-07-16 14:35:58.997] [sharedprocess] [warning] Resolved variables received without matching request 24
[2021-07-16 14:35:58.998] [sharedprocess] [warning] Resolved variables received without matching request 25
