Experiment 'pythonaacf' is active
Experiment 'pythonTensorboardExperiment' is active
Experiment 'PythonPyTorchProfiler' is active
Experiment 'pythonDeprecatePythonPath' is active
Experiment 'pythonRunFailedTestsButtonDisplayed' is active
Experiment 'pythonRefreshTestsButtonDisplayed' is active
Experiment 'pythonRememberDebugConfig' is active
> conda info --json
> /bin/python ~/.vscode/extensions/ms-python.python-2022.0.1814523869/pythonFiles/get_output_via_markers.py ~/.vscode/extensions/ms-python.python-2022.0.1814523869/pythonFiles/interpreterInfo.py
> /bin/python2 ~/.vscode/extensions/ms-python.python-2022.0.1814523869/pythonFiles/get_output_via_markers.py ~/.vscode/extensions/ms-python.python-2022.0.1814523869/pythonFiles/interpreterInfo.py
> /sbin/python ~/.vscode/extensions/ms-python.python-2022.0.1814523869/pythonFiles/get_output_via_markers.py ~/.vscode/extensions/ms-python.python-2022.0.1814523869/pythonFiles/interpreterInfo.py
> /sbin/python2 ~/.vscode/extensions/ms-python.python-2022.0.1814523869/pythonFiles/get_output_via_markers.py ~/.vscode/extensions/ms-python.python-2022.0.1814523869/pythonFiles/interpreterInfo.py
> /usr/bin/python ~/.vscode/extensions/ms-python.python-2022.0.1814523869/pythonFiles/get_output_via_markers.py ~/.vscode/extensions/ms-python.python-2022.0.1814523869/pythonFiles/interpreterInfo.py
> /usr/bin/python2 ~/.vscode/extensions/ms-python.python-2022.0.1814523869/pythonFiles/get_output_via_markers.py ~/.vscode/extensions/ms-python.python-2022.0.1814523869/pythonFiles/interpreterInfo.py
> /usr/sbin/python ~/.vscode/extensions/ms-python.python-2022.0.1814523869/pythonFiles/get_output_via_markers.py ~/.vscode/extensions/ms-python.python-2022.0.1814523869/pythonFiles/interpreterInfo.py
> /usr/sbin/python2 ~/.vscode/extensions/ms-python.python-2022.0.1814523869/pythonFiles/get_output_via_markers.py ~/.vscode/extensions/ms-python.python-2022.0.1814523869/pythonFiles/interpreterInfo.py
> ~/Apps/anaconda3/bin/python ~/.vscode/extensions/ms-python.python-2022.0.1814523869/pythonFiles/get_output_via_markers.py ~/.vscode/extensions/ms-python.python-2022.0.1814523869/pythonFiles/interpreterInfo.py
> ~/Apps/anaconda3/envs/arima/bin/python ~/.vscode/extensions/ms-python.python-2022.0.1814523869/pythonFiles/get_output_via_markers.py ~/.vscode/extensions/ms-python.python-2022.0.1814523869/pythonFiles/interpreterInfo.py
> ~/Apps/anaconda3/envs/ML/bin/python ~/.vscode/extensions/ms-python.python-2022.0.1814523869/pythonFiles/get_output_via_markers.py ~/.vscode/extensions/ms-python.python-2022.0.1814523869/pythonFiles/interpreterInfo.py
> ~/Apps/anaconda3/envs/gui/bin/python ~/.vscode/extensions/ms-python.python-2022.0.1814523869/pythonFiles/get_output_via_markers.py ~/.vscode/extensions/ms-python.python-2022.0.1814523869/pythonFiles/interpreterInfo.py
Python interpreter path: ~/Apps/anaconda3/envs/arima/bin/python
> ~/Apps/anaconda3/envs/openCV/bin/python ~/.vscode/extensions/ms-python.python-2022.0.1814523869/pythonFiles/get_output_via_markers.py ~/.vscode/extensions/ms-python.python-2022.0.1814523869/pythonFiles/interpreterInfo.py
> ~/Apps/anaconda3/envs/scraper/bin/python ~/.vscode/extensions/ms-python.python-2022.0.1814523869/pythonFiles/get_output_via_markers.py ~/.vscode/extensions/ms-python.python-2022.0.1814523869/pythonFiles/interpreterInfo.py
> ~/Apps/anaconda3/envs/vin/bin/python ~/.vscode/extensions/ms-python.python-2022.0.1814523869/pythonFiles/get_output_via_markers.py ~/.vscode/extensions/ms-python.python-2022.0.1814523869/pythonFiles/interpreterInfo.py
> ~/Apps/anaconda3/envs/webapp/bin/python ~/.vscode/extensions/ms-python.python-2022.0.1814523869/pythonFiles/get_output_via_markers.py ~/.vscode/extensions/ms-python.python-2022.0.1814523869/pythonFiles/interpreterInfo.py
> ~/Apps/anaconda3/envs/xxx/bin/python ~/.vscode/extensions/ms-python.python-2022.0.1814523869/pythonFiles/get_output_via_markers.py ~/.vscode/extensions/ms-python.python-2022.0.1814523869/pythonFiles/interpreterInfo.py
Starting Pylance language server.
Python interpreter path: ~/Apps/anaconda3/bin/python
