[Info  - 6:33:50 pm] (24585) Pylance language server 2022.2.3 (pyright 9b0ea9eb) starting
[Info  - 6:33:50 pm] (24585) Server root directory: /home/fenris/.vscode/extensions/ms-python.vscode-pylance-2022.2.3/dist
[Info  - 6:33:50 pm] (24585) No configuration file found.
[Info  - 6:33:50 pm] (24585) No pyproject.toml file found.
[Info  - 6:33:50 pm] (24585) Setting pythonPath for service "University": "/home/fenris/Apps/anaconda3/envs/arima/bin/python"
[Warn  - 6:33:50 pm] (24585) stubPath /home/fenris/work/dead/University/typings is not a valid directory.
[Info  - 6:33:50 pm] (24585) Assuming Python version 3.7
[Info  - 6:33:50 pm] (24585) Assuming Python platform Linux
[Warn  - 6:33:50 pm] (24585) Exception received when installing file system watcher: TypeError [ERR_FEATURE_UNAVAILABLE_ON_PLATFORM]: The feature watch recursively is unavailable on the current platform, which is being used to run Node.js
[Warn  - 6:33:50 pm] (24585) Exception received when installing file system watcher: TypeError [ERR_FEATURE_UNAVAILABLE_ON_PLATFORM]: The feature watch recursively is unavailable on the current platform, which is being used to run Node.js
[Warn  - 6:33:50 pm] (24585) Exception received when installing file system watcher: TypeError [ERR_FEATURE_UNAVAILABLE_ON_PLATFORM]: The feature watch recursively is unavailable on the current platform, which is being used to run Node.js
[Info  - 6:33:50 pm] (24585) Searching for source files
[Info  - 6:33:50 pm] (24585) Found 17 source files
[Info  - 6:33:50 pm] (24585) Background analysis(1) root directory: /home/fenris/.vscode/extensions/ms-python.vscode-pylance-2022.2.3/dist
[Info  - 6:33:50 pm] (24585) Background analysis(1) started
[Info  - 6:34:01 pm] (24585) Searching for source files
[Info  - 6:34:01 pm] (24585) Found 17 source files
[Info  - 6:34:11 pm] (24585) Searching for source files
[Info  - 6:34:11 pm] (24585) Found 17 source files
[Info  - 6:34:14 pm] (24585) Searching for source files
[Info  - 6:34:14 pm] (24585) Found 17 source files
[Info  - 6:34:36 pm] (24585) Searching for source files
[Info  - 6:34:36 pm] (24585) Found 17 source files
[Info  - 6:34:36 pm] (24585) Searching for source files
[Info  - 6:34:37 pm] (24585) Found 17 source files
[Info  - 6:34:37 pm] (24585) Searching for source files
[Info  - 6:34:37 pm] (24585) Found 17 source files
[Info  - 6:34:58 pm] (24585) Searching for source files
[Info  - 6:34:58 pm] (24585) Found 17 source files
[Info  - 6:34:58 pm] (24585) Searching for source files
[Info  - 6:34:59 pm] (24585) Found 17 source files
[Info  - 6:34:59 pm] (24585) Searching for source files
[Info  - 6:34:59 pm] (24585) Found 17 source files
[Info  - 6:35:00 pm] (24585) Searching for source files
[Info  - 6:35:00 pm] (24585) Found 17 source files
[Info  - 6:35:00 pm] (24585) Searching for source files
[Info  - 6:35:00 pm] (24585) Found 17 source files
[Info  - 6:35:01 pm] (24585) Searching for source files
[Info  - 6:35:01 pm] (24585) Found 17 source files
[Info  - 6:35:01 pm] (24585) Searching for source files
[Info  - 6:35:01 pm] (24585) Found 17 source files
[Info  - 6:35:02 pm] (24585) Searching for source files
[Info  - 6:35:02 pm] (24585) Found 17 source files
[Info  - 6:46:04 pm] (24585) Searching for source files
[Info  - 6:46:04 pm] (24585) Found 17 source files
[Info  - 6:46:05 pm] (24585) Searching for source files
[Info  - 6:46:05 pm] (24585) Found 17 source files
[Info  - 6:46:06 pm] (24585) Searching for source files
[Info  - 6:46:06 pm] (24585) Found 17 source files
[Info  - 6:46:06 pm] (24585) Searching for source files
[Info  - 6:46:06 pm] (24585) Found 17 source files
[Info  - 6:46:07 pm] (24585) Searching for source files
[Info  - 6:46:07 pm] (24585) Found 17 source files
[Info  - 6:46:07 pm] (24585) Searching for source files
[Info  - 6:46:08 pm] (24585) Found 17 source files
[Info  - 6:46:08 pm] (24585) Searching for source files
[Info  - 6:46:08 pm] (24585) Found 17 source files
[Info  - 6:46:09 pm] (24585) Searching for source files
[Info  - 6:46:09 pm] (24585) Found 17 source files
[Info  - 6:46:20 pm] (24585) Searching for source files
[Info  - 6:46:20 pm] (24585) Found 17 source files
[Info  - 6:46:21 pm] (24585) Searching for source files
[Info  - 6:46:21 pm] (24585) Found 17 source files
[Info  - 6:46:21 pm] (24585) Searching for source files
[Info  - 6:46:22 pm] (24585) Found 17 source files
[Info  - 6:46:30 pm] (24585) Searching for source files
[Info  - 6:46:30 pm] (24585) Found 17 source files
[Info  - 6:46:31 pm] (24585) Searching for source files
[Info  - 6:46:31 pm] (24585) Found 17 source files
[Info  - 6:46:32 pm] (24585) Searching for source files
[Info  - 6:46:32 pm] (24585) Found 17 source files
[Info  - 6:46:45 pm] (24585) Searching for source files
[Info  - 6:46:45 pm] (24585) Found 17 source files
[Info  - 6:46:46 pm] (24585) Searching for source files
[Info  - 6:46:46 pm] (24585) Found 17 source files
[Info  - 6:46:47 pm] (24585) Searching for source files
[Info  - 6:46:47 pm] (24585) Found 17 source files
[Info  - 6:46:47 pm] (24585) Searching for source files
[Info  - 6:46:47 pm] (24585) Found 17 source files
[Info  - 6:47:06 pm] (24585) Searching for source files
[Info  - 6:47:06 pm] (24585) Found 17 source files
[Info  - 6:47:07 pm] (24585) Searching for source files
[Info  - 6:47:07 pm] (24585) Found 17 source files
[Info  - 6:47:07 pm] (24585) Searching for source files
[Info  - 6:47:07 pm] (24585) Found 17 source files
[Info  - 6:47:16 pm] (24585) Searching for source files
[Info  - 6:47:16 pm] (24585) Found 17 source files
[Info  - 6:47:17 pm] (24585) Searching for source files
[Info  - 6:47:17 pm] (24585) Found 17 source files
[Info  - 6:47:17 pm] (24585) Searching for source files
[Info  - 6:47:17 pm] (24585) Found 17 source files
[Info  - 6:47:31 pm] (24585) Searching for source files
[Info  - 6:47:31 pm] (24585) Found 17 source files
[Info  - 6:47:32 pm] (24585) Searching for source files
[Info  - 6:47:32 pm] (24585) Found 17 source files
[Info  - 6:47:32 pm] (24585) Searching for source files
[Info  - 6:47:32 pm] (24585) Found 17 source files
[Info  - 6:47:44 pm] (24585) Searching for source files
[Info  - 6:47:44 pm] (24585) Found 17 source files
[Info  - 6:47:45 pm] (24585) Searching for source files
[Info  - 6:47:45 pm] (24585) Found 17 source files
[Info  - 6:47:45 pm] (24585) Searching for source files
[Info  - 6:47:45 pm] (24585) Found 17 source files
[Info  - 6:47:47 pm] (24585) Searching for source files
[Info  - 6:47:48 pm] (24585) Found 17 source files
[Info  - 6:47:48 pm] (24585) Searching for source files
[Info  - 6:47:48 pm] (24585) Found 17 source files
[Info  - 6:47:49 pm] (24585) Searching for source files
[Info  - 6:47:49 pm] (24585) Found 17 source files
[Info  - 6:47:50 pm] (24585) Searching for source files
[Info  - 6:47:50 pm] (24585) Found 17 source files
[Info  - 6:47:51 pm] (24585) Searching for source files
[Info  - 6:47:51 pm] (24585) Found 17 source files
[Info  - 6:47:52 pm] (24585) Searching for source files
[Info  - 6:47:52 pm] (24585) Found 17 source files
[Info  - 6:48:23 pm] (24585) Searching for source files
[Info  - 6:48:23 pm] (24585) Found 17 source files
[Info  - 6:48:24 pm] (24585) Searching for source files
[Info  - 6:48:24 pm] (24585) Found 17 source files
[Info  - 6:48:25 pm] (24585) Searching for source files
[Info  - 6:48:25 pm] (24585) Found 17 source files
[Info  - 6:48:32 pm] (24585) Searching for source files
[Info  - 6:48:32 pm] (24585) Found 17 source files
[Info  - 6:48:32 pm] (24585) Searching for source files
[Info  - 6:48:32 pm] (24585) Found 17 source files
[Info  - 6:48:37 pm] (24585) Searching for source files
[Info  - 6:48:37 pm] (24585) Found 17 source files
[Info  - 6:48:37 pm] (24585) Searching for source files
[Info  - 6:48:37 pm] (24585) Found 17 source files
[Info  - 6:48:38 pm] (24585) Searching for source files
[Info  - 6:48:38 pm] (24585) Found 17 source files
[Info  - 6:48:45 pm] (24585) Searching for source files
[Info  - 6:48:45 pm] (24585) Found 17 source files
[Info  - 6:48:46 pm] (24585) Searching for source files
[Info  - 6:48:46 pm] (24585) Found 17 source files
[Info  - 6:48:46 pm] (24585) Searching for source files
[Info  - 6:48:47 pm] (24585) Found 17 source files
[Info  - 6:49:29 pm] (24585) Searching for source files
[Info  - 6:49:29 pm] (24585) Found 17 source files
[Info  - 6:49:29 pm] (24585) Searching for source files
[Info  - 6:49:29 pm] (24585) Found 17 source files
[Info  - 6:49:30 pm] (24585) Searching for source files
[Info  - 6:49:30 pm] (24585) Found 17 source files
[Info  - 6:49:32 pm] (24585) Searching for source files
[Info  - 6:49:32 pm] (24585) Found 17 source files
[Info  - 6:49:33 pm] (24585) Searching for source files
[Info  - 6:49:33 pm] (24585) Found 17 source files
[Info  - 6:49:34 pm] (24585) Searching for source files
[Info  - 6:49:34 pm] (24585) Found 17 source files
[Info  - 6:49:37 pm] (24585) Searching for source files
[Info  - 6:49:37 pm] (24585) Found 17 source files
[Info  - 6:49:37 pm] (24585) Searching for source files
[Info  - 6:49:37 pm] (24585) Found 17 source files
[Info  - 6:49:38 pm] (24585) Searching for source files
[Info  - 6:49:38 pm] (24585) Found 17 source files
[Info  - 6:49:40 pm] (24585) Searching for source files
[Info  - 6:49:40 pm] (24585) Found 17 source files
[Info  - 6:49:41 pm] (24585) Searching for source files
[Info  - 6:49:41 pm] (24585) Found 17 source files
[Info  - 6:49:42 pm] (24585) Searching for source files
[Info  - 6:49:42 pm] (24585) Found 17 source files
[Info  - 6:49:47 pm] (24585) Searching for source files
[Info  - 6:49:47 pm] (24585) Found 17 source files
[Info  - 6:49:47 pm] (24585) Searching for source files
[Info  - 6:49:47 pm] (24585) Found 17 source files
[Info  - 6:49:48 pm] (24585) Searching for source files
[Info  - 6:49:48 pm] (24585) Found 17 source files
[Info  - 6:49:49 pm] (24585) Searching for source files
[Info  - 6:49:49 pm] (24585) Found 17 source files
[Info  - 6:49:49 pm] (24585) Searching for source files
[Info  - 6:49:49 pm] (24585) Found 17 source files
[Info  - 6:49:50 pm] (24585) Searching for source files
[Info  - 6:49:50 pm] (24585) Found 17 source files
[Info  - 6:49:51 pm] (24585) Searching for source files
[Info  - 6:49:51 pm] (24585) Found 17 source files
[Info  - 6:50:21 pm] (24585) Searching for source files
[Info  - 6:50:21 pm] (24585) Found 17 source files
[Info  - 6:50:21 pm] (24585) Searching for source files
[Info  - 6:50:21 pm] (24585) Found 17 source files
[Info  - 6:50:22 pm] (24585) Searching for source files
[Info  - 6:50:22 pm] (24585) Found 17 source files
[Info  - 6:50:25 pm] (24585) Searching for source files
[Info  - 6:50:25 pm] (24585) Found 17 source files
[Info  - 6:50:25 pm] (24585) Searching for source files
[Info  - 6:50:25 pm] (24585) Found 17 source files
[Info  - 6:50:26 pm] (24585) Searching for source files
[Info  - 6:50:26 pm] (24585) Found 17 source files
[Info  - 6:50:35 pm] (24585) Searching for source files
[Info  - 6:50:35 pm] (24585) Found 17 source files
[Info  - 6:50:36 pm] (24585) Searching for source files
[Info  - 6:50:36 pm] (24585) Found 17 source files
[Info  - 6:50:37 pm] (24585) Searching for source files
[Info  - 6:50:37 pm] (24585) Found 17 source files
[Info  - 6:50:40 pm] (24585) Searching for source files
[Info  - 6:50:40 pm] (24585) Found 17 source files
[Info  - 6:50:41 pm] (24585) Searching for source files
[Info  - 6:50:41 pm] (24585) Found 17 source files
[Info  - 6:50:41 pm] (24585) Searching for source files
[Info  - 6:50:41 pm] (24585) Found 17 source files
[Info  - 6:51:06 pm] (24585) Searching for source files
[Info  - 6:51:06 pm] (24585) Found 17 source files
[Info  - 6:51:07 pm] (24585) Searching for source files
[Info  - 6:51:07 pm] (24585) Found 17 source files
[Info  - 6:51:08 pm] (24585) Searching for source files
[Info  - 6:51:08 pm] (24585) Found 17 source files
[Info  - 6:51:34 pm] (24585) Searching for source files
[Info  - 6:51:35 pm] (24585) Found 17 source files
[Info  - 6:51:35 pm] (24585) Searching for source files
[Info  - 6:51:35 pm] (24585) Found 17 source files
[Info  - 6:51:36 pm] (24585) Searching for source files
[Info  - 6:51:36 pm] (24585) Found 17 source files
[Info  - 6:51:43 pm] (24585) Searching for source files
[Info  - 6:51:43 pm] (24585) Found 17 source files
[Info  - 6:51:43 pm] (24585) Searching for source files
[Info  - 6:51:43 pm] (24585) Found 17 source files
[Info  - 6:51:44 pm] (24585) Searching for source files
[Info  - 6:51:44 pm] (24585) Found 17 source files
[Info  - 6:51:45 pm] (24585) Searching for source files
[Info  - 6:51:45 pm] (24585) Found 17 source files
[Info  - 6:51:45 pm] (24585) Searching for source files
[Info  - 6:51:46 pm] (24585) Found 17 source files
[Info  - 6:51:46 pm] (24585) Searching for source files
[Info  - 6:51:46 pm] (24585) Found 17 source files
[Info  - 6:51:58 pm] (24585) Searching for source files
[Info  - 6:51:58 pm] (24585) Found 17 source files
[Info  - 6:51:59 pm] (24585) Searching for source files
[Info  - 6:51:59 pm] (24585) Found 17 source files
[Info  - 6:52:00 pm] (24585) Searching for source files
[Info  - 6:52:00 pm] (24585) Found 17 source files
[Info  - 6:52:02 pm] (24585) Searching for source files
[Info  - 6:52:02 pm] (24585) Found 17 source files
[Info  - 6:52:03 pm] (24585) Searching for source files
[Info  - 6:52:03 pm] (24585) Found 17 source files
[Info  - 6:52:04 pm] (24585) Searching for source files
[Info  - 6:52:04 pm] (24585) Found 17 source files
[Info  - 6:52:08 pm] (24585) Searching for source files
[Info  - 6:52:08 pm] (24585) Found 17 source files
[Info  - 6:52:08 pm] (24585) Searching for source files
[Info  - 6:52:08 pm] (24585) Found 17 source files
[Info  - 6:52:09 pm] (24585) Searching for source files
[Info  - 6:52:09 pm] (24585) Found 17 source files
[Info  - 6:52:15 pm] (24585) Searching for source files
[Info  - 6:52:15 pm] (24585) Found 17 source files
[Info  - 6:52:16 pm] (24585) Searching for source files
[Info  - 6:52:16 pm] (24585) Found 17 source files
[Info  - 6:52:16 pm] (24585) Searching for source files
[Info  - 6:52:16 pm] (24585) Found 17 source files
[Info  - 6:52:18 pm] (24585) Searching for source files
[Info  - 6:52:18 pm] (24585) Found 17 source files
[Info  - 6:52:19 pm] (24585) Searching for source files
[Info  - 6:52:19 pm] (24585) Found 17 source files
[Info  - 6:52:19 pm] (24585) Searching for source files
[Info  - 6:52:19 pm] (24585) Found 17 source files
[Info  - 6:52:22 pm] (24585) Searching for source files
[Info  - 6:52:22 pm] (24585) Found 17 source files
[Info  - 6:52:23 pm] (24585) Searching for source files
[Info  - 6:52:23 pm] (24585) Found 17 source files
[Info  - 6:52:23 pm] (24585) Searching for source files
[Info  - 6:52:23 pm] (24585) Found 17 source files
[Info  - 6:52:25 pm] (24585) Searching for source files
[Info  - 6:52:25 pm] (24585) Found 17 source files
[Info  - 6:52:26 pm] (24585) Searching for source files
[Info  - 6:52:26 pm] (24585) Found 17 source files
[Info  - 6:52:27 pm] (24585) Searching for source files
[Info  - 6:52:27 pm] (24585) Found 17 source files
[Info  - 6:52:29 pm] (24585) Searching for source files
[Info  - 6:52:29 pm] (24585) Found 17 source files
[Info  - 6:52:29 pm] (24585) Searching for source files
[Info  - 6:52:29 pm] (24585) Found 17 source files
[Info  - 6:52:30 pm] (24585) Searching for source files
[Info  - 6:52:30 pm] (24585) Found 17 source files
[Info  - 6:52:38 pm] (24585) Searching for source files
[Info  - 6:52:38 pm] (24585) Found 17 source files
[Info  - 6:52:39 pm] (24585) Searching for source files
[Info  - 6:52:39 pm] (24585) Found 17 source files
[Info  - 6:52:39 pm] (24585) Searching for source files
[Info  - 6:52:39 pm] (24585) Found 17 source files
[Info  - 6:52:44 pm] (24585) Searching for source files
[Info  - 6:52:44 pm] (24585) Found 17 source files
[Info  - 6:52:45 pm] (24585) Searching for source files
[Info  - 6:52:45 pm] (24585) Found 17 source files
[Info  - 6:52:46 pm] (24585) Searching for source files
[Info  - 6:52:46 pm] (24585) Found 17 source files
[Info  - 6:52:48 pm] (24585) Searching for source files
[Info  - 6:52:48 pm] (24585) Found 17 source files
[Info  - 6:52:49 pm] (24585) Searching for source files
[Info  - 6:52:49 pm] (24585) Found 17 source files
[Info  - 6:52:49 pm] (24585) Searching for source files
[Info  - 6:52:49 pm] (24585) Found 17 source files
[Info  - 6:52:50 pm] (24585) Searching for source files
[Info  - 6:52:50 pm] (24585) Found 17 source files
[Info  - 6:52:51 pm] (24585) Searching for source files
[Info  - 6:52:51 pm] (24585) Found 17 source files
[Info  - 6:52:52 pm] (24585) Searching for source files
[Info  - 6:52:52 pm] (24585) Found 17 source files
[Info  - 6:52:53 pm] (24585) Searching for source files
[Info  - 6:52:53 pm] (24585) Found 17 source files
[Info  - 6:52:54 pm] (24585) Searching for source files
[Info  - 6:52:54 pm] (24585) Found 17 source files
[Info  - 6:52:54 pm] (24585) Searching for source files
[Info  - 6:52:54 pm] (24585) Found 17 source files
[Info  - 6:52:58 pm] (24585) Searching for source files
[Info  - 6:52:58 pm] (24585) Found 17 source files
[Info  - 6:52:59 pm] (24585) Searching for source files
[Info  - 6:52:59 pm] (24585) Found 17 source files
[Info  - 6:52:59 pm] (24585) Searching for source files
[Info  - 6:52:59 pm] (24585) Found 17 source files
[Info  - 6:53:00 pm] (24585) Searching for source files
[Info  - 6:53:00 pm] (24585) Found 17 source files
[Info  - 6:53:01 pm] (24585) Searching for source files
[Info  - 6:53:01 pm] (24585) Found 17 source files
[Info  - 6:53:01 pm] (24585) Searching for source files
[Info  - 6:53:01 pm] (24585) Found 17 source files
[Info  - 6:53:09 pm] (24585) Searching for source files
[Info  - 6:53:09 pm] (24585) Found 17 source files
[Info  - 6:53:10 pm] (24585) Searching for source files
[Info  - 6:53:10 pm] (24585) Found 17 source files
[Info  - 6:53:10 pm] (24585) Searching for source files
[Info  - 6:53:10 pm] (24585) Found 17 source files
[Info  - 6:53:19 pm] (24585) Searching for source files
[Info  - 6:53:19 pm] (24585) Found 17 source files
[Info  - 6:53:20 pm] (24585) Searching for source files
[Info  - 6:53:20 pm] (24585) Found 17 source files
[Info  - 6:53:21 pm] (24585) Searching for source files
[Info  - 6:53:21 pm] (24585) Found 17 source files
[Info  - 6:53:24 pm] (24585) Searching for source files
[Info  - 6:53:24 pm] (24585) Found 17 source files
[Info  - 6:53:25 pm] (24585) Searching for source files
[Info  - 6:53:25 pm] (24585) Found 17 source files
[Info  - 6:53:26 pm] (24585) Searching for source files
[Info  - 6:53:26 pm] (24585) Found 17 source files
[Info  - 6:53:26 pm] (24585) Searching for source files
[Info  - 6:53:26 pm] (24585) Found 17 source files
[Info  - 6:53:27 pm] (24585) Searching for source files
[Info  - 6:53:27 pm] (24585) Found 17 source files
[Info  - 6:53:28 pm] (24585) Searching for source files
[Info  - 6:53:28 pm] (24585) Found 17 source files
[Info  - 6:53:35 pm] (24585) Searching for source files
[Info  - 6:53:35 pm] (24585) Found 17 source files
[Info  - 6:53:36 pm] (24585) Searching for source files
[Info  - 6:53:36 pm] (24585) Found 17 source files
[Info  - 6:53:37 pm] (24585) Searching for source files
[Info  - 6:53:37 pm] (24585) Found 17 source files
[Info  - 6:53:44 pm] (24585) Searching for source files
[Info  - 6:53:44 pm] (24585) Found 17 source files
[Info  - 6:53:45 pm] (24585) Searching for source files
[Info  - 6:53:45 pm] (24585) Found 17 source files
[Info  - 6:53:45 pm] (24585) Searching for source files
[Info  - 6:53:45 pm] (24585) Found 17 source files
[Info  - 6:53:51 pm] (24585) Searching for source files
[Info  - 6:53:51 pm] (24585) Found 17 source files
[Info  - 6:53:52 pm] (24585) Searching for source files
[Info  - 6:53:52 pm] (24585) Found 17 source files
[Info  - 6:53:52 pm] (24585) Searching for source files
[Info  - 6:53:52 pm] (24585) Found 17 source files
[Info  - 6:54:05 pm] (24585) Searching for source files
[Info  - 6:54:05 pm] (24585) Found 17 source files
[Info  - 6:54:06 pm] (24585) Searching for source files
[Info  - 6:54:06 pm] (24585) Found 17 source files
[Info  - 6:54:07 pm] (24585) Searching for source files
[Info  - 6:54:07 pm] (24585) Found 17 source files
[Info  - 6:54:11 pm] (24585) Searching for source files
[Info  - 6:54:11 pm] (24585) Found 17 source files
[Info  - 6:54:11 pm] (24585) Searching for source files
[Info  - 6:54:11 pm] (24585) Found 17 source files
[Info  - 6:54:12 pm] (24585) Searching for source files
[Info  - 6:54:12 pm] (24585) Found 17 source files
[Info  - 6:54:13 pm] (24585) Searching for source files
[Info  - 6:54:13 pm] (24585) Found 17 source files
[Info  - 6:54:13 pm] (24585) Searching for source files
[Info  - 6:54:14 pm] (24585) Found 17 source files
[Info  - 6:54:14 pm] (24585) Searching for source files
[Info  - 6:54:14 pm] (24585) Found 17 source files
[Info  - 6:54:24 pm] (24585) Searching for source files
[Info  - 6:54:24 pm] (24585) Found 17 source files
[Info  - 6:54:25 pm] (24585) Searching for source files
[Info  - 6:54:25 pm] (24585) Found 17 source files
[Info  - 6:54:26 pm] (24585) Searching for source files
[Info  - 6:54:26 pm] (24585) Found 17 source files
[Info  - 6:54:27 pm] (24585) Searching for source files
[Info  - 6:54:28 pm] (24585) Found 17 source files
[Info  - 6:54:28 pm] (24585) Searching for source files
[Info  - 6:54:28 pm] (24585) Found 17 source files
[Info  - 6:54:29 pm] (24585) Searching for source files
[Info  - 6:54:29 pm] (24585) Found 17 source files
[Info  - 6:54:32 pm] (24585) Searching for source files
[Info  - 6:54:32 pm] (24585) Found 17 source files
[Info  - 6:54:33 pm] (24585) Searching for source files
[Info  - 6:54:33 pm] (24585) Found 17 source files
[Info  - 6:54:33 pm] (24585) Searching for source files
[Info  - 6:54:33 pm] (24585) Found 17 source files
[Info  - 6:54:46 pm] (24585) Searching for source files
[Info  - 6:54:46 pm] (24585) Found 17 source files
[Info  - 6:54:47 pm] (24585) Searching for source files
[Info  - 6:54:47 pm] (24585) Found 17 source files
[Info  - 6:54:48 pm] (24585) Searching for source files
[Info  - 6:54:48 pm] (24585) Found 17 source files
[Info  - 6:54:51 pm] (24585) Searching for source files
[Info  - 6:54:51 pm] (24585) Found 17 source files
[Info  - 6:54:51 pm] (24585) Searching for source files
[Info  - 6:54:51 pm] (24585) Found 17 source files
[Info  - 6:54:52 pm] (24585) Searching for source files
[Info  - 6:54:52 pm] (24585) Found 17 source files
[Info  - 6:55:09 pm] (24585) Searching for source files
[Info  - 6:55:09 pm] (24585) Found 17 source files
[Info  - 6:55:10 pm] (24585) Searching for source files
[Info  - 6:55:10 pm] (24585) Found 17 source files
[Info  - 6:55:11 pm] (24585) Searching for source files
[Info  - 6:55:11 pm] (24585) Found 17 source files
[Info  - 6:55:21 pm] (24585) Searching for source files
[Info  - 6:55:21 pm] (24585) Found 17 source files
[Info  - 6:55:21 pm] (24585) Searching for source files
[Info  - 6:55:21 pm] (24585) Found 17 source files
[Info  - 6:55:22 pm] (24585) Searching for source files
[Info  - 6:55:22 pm] (24585) Found 17 source files
[Info  - 6:55:33 pm] (24585) Searching for source files
[Info  - 6:55:33 pm] (24585) Found 17 source files
[Info  - 6:55:34 pm] (24585) Searching for source files
[Info  - 6:55:34 pm] (24585) Found 17 source files
[Info  - 6:55:35 pm] (24585) Searching for source files
[Info  - 6:55:35 pm] (24585) Found 17 source files
[Info  - 6:55:43 pm] (24585) Searching for source files
[Info  - 6:55:43 pm] (24585) Found 17 source files
[Info  - 6:55:43 pm] (24585) Searching for source files
[Info  - 6:55:43 pm] (24585) Found 17 source files
[Info  - 6:55:44 pm] (24585) Searching for source files
[Info  - 6:55:44 pm] (24585) Found 17 source files
[Info  - 6:55:46 pm] (24585) Searching for source files
[Info  - 6:55:46 pm] (24585) Found 17 source files
[Info  - 6:55:47 pm] (24585) Searching for source files
[Info  - 6:55:47 pm] (24585) Found 17 source files
[Info  - 6:55:48 pm] (24585) Searching for source files
[Info  - 6:55:48 pm] (24585) Found 17 source files
[Info  - 6:55:48 pm] (24585) Searching for source files
[Info  - 6:55:48 pm] (24585) Found 17 source files
[Info  - 6:55:49 pm] (24585) Searching for source files
[Info  - 6:55:49 pm] (24585) Found 17 source files
[Info  - 6:55:50 pm] (24585) Searching for source files
[Info  - 6:55:50 pm] (24585) Found 17 source files
[Info  - 6:55:51 pm] (24585) Searching for source files
[Info  - 6:55:51 pm] (24585) Found 17 source files
[Info  - 6:55:52 pm] (24585) Searching for source files
[Info  - 6:55:52 pm] (24585) Found 17 source files
[Info  - 6:55:53 pm] (24585) Searching for source files
[Info  - 6:55:53 pm] (24585) Found 17 source files
[Info  - 6:55:55 pm] (24585) Searching for source files
[Info  - 6:55:55 pm] (24585) Found 17 source files
[Info  - 6:55:56 pm] (24585) Searching for source files
[Info  - 6:55:56 pm] (24585) Found 17 source files
[Info  - 6:55:56 pm] (24585) Searching for source files
[Info  - 6:55:56 pm] (24585) Found 17 source files
[Info  - 6:55:59 pm] (24585) Searching for source files
[Info  - 6:55:59 pm] (24585) Found 17 source files
[Info  - 6:56:00 pm] (24585) Searching for source files
[Info  - 6:56:00 pm] (24585) Found 17 source files
[Info  - 6:56:00 pm] (24585) Searching for source files
[Info  - 6:56:00 pm] (24585) Found 17 source files
[Info  - 6:56:13 pm] (24585) Searching for source files
[Info  - 6:56:13 pm] (24585) Found 17 source files
[Info  - 6:56:14 pm] (24585) Searching for source files
[Info  - 6:56:14 pm] (24585) Found 17 source files
[Info  - 6:56:15 pm] (24585) Searching for source files
[Info  - 6:56:15 pm] (24585) Found 17 source files
[Info  - 6:56:16 pm] (24585) Searching for source files
[Info  - 6:56:16 pm] (24585) Found 17 source files
[Info  - 6:56:16 pm] (24585) Searching for source files
[Info  - 6:56:16 pm] (24585) Found 17 source files
[Info  - 6:56:17 pm] (24585) Searching for source files
[Info  - 6:56:17 pm] (24585) Found 17 source files
[Info  - 6:56:19 pm] (24585) Searching for source files
[Info  - 6:56:19 pm] (24585) Found 17 source files
[Info  - 6:56:20 pm] (24585) Searching for source files
[Info  - 6:56:20 pm] (24585) Found 17 source files
[Info  - 6:56:20 pm] (24585) Searching for source files
[Info  - 6:56:20 pm] (24585) Found 17 source files
[Info  - 6:56:23 pm] (24585) Searching for source files
[Info  - 6:56:23 pm] (24585) Found 17 source files
[Info  - 6:56:24 pm] (24585) Searching for source files
[Info  - 6:56:24 pm] (24585) Found 17 source files
[Info  - 6:56:24 pm] (24585) Searching for source files
[Info  - 6:56:25 pm] (24585) Found 17 source files
[Info  - 6:56:28 pm] (24585) Searching for source files
[Info  - 6:56:28 pm] (24585) Found 17 source files
[Info  - 6:56:29 pm] (24585) Searching for source files
[Info  - 6:56:29 pm] (24585) Found 17 source files
[Info  - 6:56:30 pm] (24585) Searching for source files
[Info  - 6:56:30 pm] (24585) Found 17 source files
[Info  - 6:56:31 pm] (24585) Searching for source files
[Info  - 6:56:32 pm] (24585) Found 17 source files
[Info  - 6:56:32 pm] (24585) Searching for source files
[Info  - 6:56:32 pm] (24585) Found 17 source files
[Info  - 6:56:33 pm] (24585) Searching for source files
[Info  - 6:56:33 pm] (24585) Found 17 source files
[Info  - 6:56:46 pm] (24585) Searching for source files
[Info  - 6:56:46 pm] (24585) Found 17 source files
[Info  - 6:56:46 pm] (24585) Searching for source files
[Info  - 6:56:46 pm] (24585) Found 17 source files
[Info  - 6:56:47 pm] (24585) Searching for source files
[Info  - 6:56:47 pm] (24585) Found 17 source files
[Info  - 6:56:51 pm] (24585) Searching for source files
[Info  - 6:56:51 pm] (24585) Found 17 source files
[Info  - 6:56:52 pm] (24585) Searching for source files
[Info  - 6:56:52 pm] (24585) Found 17 source files
[Info  - 6:56:53 pm] (24585) Searching for source files
[Info  - 6:56:53 pm] (24585) Found 17 source files
[Info  - 6:56:58 pm] (24585) Searching for source files
[Info  - 6:56:58 pm] (24585) Found 17 source files
[Info  - 6:56:58 pm] (24585) Searching for source files
[Info  - 6:56:58 pm] (24585) Found 17 source files
[Info  - 6:56:59 pm] (24585) Searching for source files
[Info  - 6:56:59 pm] (24585) Found 17 source files
[Info  - 6:57:06 pm] (24585) Searching for source files
[Info  - 6:57:06 pm] (24585) Found 17 source files
[Info  - 6:57:06 pm] (24585) Searching for source files
[Info  - 6:57:06 pm] (24585) Found 17 source files
[Info  - 6:57:06 pm] (24585) Searching for source files
[Info  - 6:57:06 pm] (24585) Found 17 source files
[Info  - 6:57:07 pm] (24585) Searching for source files
[Info  - 6:57:07 pm] (24585) Found 17 source files
[Info  - 6:59:20 pm] (24585) No configuration file found.
[Info  - 6:59:20 pm] (24585) No pyproject.toml file found.
[Info  - 6:59:20 pm] (24585) Setting pythonPath for service "University": "/home/fenris/Apps/anaconda3/bin/python"
[Warn  - 6:59:20 pm] (24585) stubPath /home/fenris/work/dead/University/typings is not a valid directory.
[Info  - 6:59:20 pm] (24585) Assuming Python version 3.9
[Info  - 6:59:20 pm] (24585) Assuming Python platform Linux
[Warn  - 6:59:20 pm] (24585) Exception received when installing file system watcher: TypeError [ERR_FEATURE_UNAVAILABLE_ON_PLATFORM]: The feature watch recursively is unavailable on the current platform, which is being used to run Node.js
[Warn  - 6:59:20 pm] (24585) Exception received when installing file system watcher: TypeError [ERR_FEATURE_UNAVAILABLE_ON_PLATFORM]: The feature watch recursively is unavailable on the current platform, which is being used to run Node.js
[Warn  - 6:59:20 pm] (24585) Exception received when installing file system watcher: TypeError [ERR_FEATURE_UNAVAILABLE_ON_PLATFORM]: The feature watch recursively is unavailable on the current platform, which is being used to run Node.js
[Warn  - 6:59:20 pm] (24585) Exception received when installing file system watcher: TypeError [ERR_FEATURE_UNAVAILABLE_ON_PLATFORM]: The feature watch recursively is unavailable on the current platform, which is being used to run Node.js
[Info  - 6:59:20 pm] (24585) Searching for source files
[Info  - 6:59:20 pm] (24585) Found 17 source files
[Info  - 6:59:52 pm] (24585) Searching for source files
[Info  - 6:59:52 pm] (24585) Found 17 source files
[Info  - 6:59:53 pm] (24585) Searching for source files
[Info  - 6:59:53 pm] (24585) Found 17 source files
[Info  - 6:59:54 pm] (24585) Searching for source files
[Info  - 6:59:54 pm] (24585) Found 17 source files
[Info  - 6:59:56 pm] (24585) Searching for source files
[Info  - 6:59:56 pm] (24585) Found 17 source files
[Info  - 6:59:57 pm] (24585) Searching for source files
[Info  - 6:59:57 pm] (24585) Found 17 source files
[Info  - 6:59:58 pm] (24585) Searching for source files
[Info  - 6:59:58 pm] (24585) Found 17 source files
[Info  - 7:00:03 pm] (24585) Searching for source files
[Info  - 7:00:03 pm] (24585) Found 17 source files
[Info  - 7:00:04 pm] (24585) Searching for source files
[Info  - 7:00:04 pm] (24585) Found 17 source files
[Info  - 7:00:04 pm] (24585) Searching for source files
[Info  - 7:00:04 pm] (24585) Found 17 source files
[Info  - 7:00:05 pm] (24585) Searching for source files
[Info  - 7:00:05 pm] (24585) Found 17 source files
[Info  - 7:00:06 pm] (24585) Searching for source files
[Info  - 7:00:06 pm] (24585) Found 17 source files
[Info  - 7:00:06 pm] (24585) Searching for source files
[Info  - 7:00:06 pm] (24585) Found 17 source files
[Info  - 7:00:15 pm] (24585) Searching for source files
[Info  - 7:00:15 pm] (24585) Found 17 source files
[Info  - 7:00:16 pm] (24585) Searching for source files
[Info  - 7:00:16 pm] (24585) Found 17 source files
[Info  - 7:00:17 pm] (24585) Searching for source files
[Info  - 7:00:17 pm] (24585) Found 17 source files
[Info  - 7:00:18 pm] (24585) Searching for source files
[Info  - 7:00:18 pm] (24585) Found 17 source files
[Info  - 7:00:19 pm] (24585) Searching for source files
[Info  - 7:00:19 pm] (24585) Found 17 source files
[Info  - 7:00:19 pm] (24585) Searching for source files
[Info  - 7:00:19 pm] (24585) Found 17 source files
[Info  - 7:00:29 pm] (24585) Searching for source files
[Info  - 7:00:29 pm] (24585) Found 17 source files
[Info  - 7:00:30 pm] (24585) Searching for source files
[Info  - 7:00:30 pm] (24585) Found 17 source files
[Info  - 7:00:30 pm] (24585) Searching for source files
[Info  - 7:00:30 pm] (24585) Found 17 source files
[Info  - 7:01:10 pm] (24585) Searching for source files
[Info  - 7:01:10 pm] (24585) Found 17 source files
[Info  - 7:01:11 pm] (24585) Searching for source files
[Info  - 7:01:11 pm] (24585) Found 17 source files
[Info  - 7:01:12 pm] (24585) Searching for source files
[Info  - 7:01:12 pm] (24585) Found 17 source files
[Info  - 7:01:12 pm] (24585) Searching for source files
[Info  - 7:01:12 pm] (24585) Found 17 source files
[Info  - 7:01:13 pm] (24585) Searching for source files
[Info  - 7:01:13 pm] (24585) Found 17 source files
[Info  - 7:01:14 pm] (24585) Searching for source files
[Info  - 7:01:14 pm] (24585) Found 17 source files
[Info  - 7:01:28 pm] (24585) Searching for source files
[Info  - 7:01:28 pm] (24585) Found 17 source files
[Info  - 7:01:29 pm] (24585) Searching for source files
[Info  - 7:01:29 pm] (24585) Found 17 source files
[Info  - 7:01:29 pm] (24585) Searching for source files
[Info  - 7:01:29 pm] (24585) Found 17 source files
[Info  - 7:01:30 pm] (24585) Searching for source files
[Info  - 7:01:30 pm] (24585) Found 17 source files
[Info  - 7:01:31 pm] (24585) Searching for source files
[Info  - 7:01:31 pm] (24585) Found 17 source files
[Info  - 7:01:32 pm] (24585) Searching for source files
[Info  - 7:01:32 pm] (24585) Found 17 source files
[Info  - 7:01:35 pm] (24585) Searching for source files
[Info  - 7:01:35 pm] (24585) Found 17 source files
[Info  - 7:01:36 pm] (24585) Searching for source files
[Info  - 7:01:36 pm] (24585) Found 17 source files
[Info  - 7:01:37 pm] (24585) Searching for source files
[Info  - 7:01:37 pm] (24585) Found 17 source files
[Info  - 7:01:37 pm] (24585) Searching for source files
[Info  - 7:01:37 pm] (24585) Found 17 source files
[Info  - 7:01:38 pm] (24585) Searching for source files
[Info  - 7:01:38 pm] (24585) Found 17 source files
[Info  - 7:01:39 pm] (24585) Searching for source files
[Info  - 7:01:39 pm] (24585) Found 17 source files
[Info  - 7:01:41 pm] (24585) Searching for source files
[Info  - 7:01:41 pm] (24585) Found 17 source files
[Info  - 7:01:42 pm] (24585) Searching for source files
[Info  - 7:01:42 pm] (24585) Found 17 source files
[Info  - 7:01:43 pm] (24585) Searching for source files
[Info  - 7:01:43 pm] (24585) Found 17 source files
[Info  - 7:01:43 pm] (24585) Searching for source files
[Info  - 7:01:43 pm] (24585) Found 17 source files
[Info  - 7:01:44 pm] (24585) Searching for source files
[Info  - 7:01:44 pm] (24585) Found 17 source files
[Info  - 7:04:09 pm] (24585) Searching for source files
[Info  - 7:04:09 pm] (24585) Found 17 source files
[Info  - 7:04:10 pm] (24585) Searching for source files
[Info  - 7:04:10 pm] (24585) Found 17 source files
[Info  - 7:04:11 pm] (24585) Searching for source files
[Info  - 7:04:11 pm] (24585) Found 17 source files
[Info  - 7:04:13 pm] (24585) Searching for source files
[Info  - 7:04:13 pm] (24585) Found 17 source files
[Info  - 7:04:14 pm] (24585) Searching for source files
[Info  - 7:04:14 pm] (24585) Found 17 source files
[Info  - 7:04:15 pm] (24585) Searching for source files
[Info  - 7:04:15 pm] (24585) Found 17 source files
[Info  - 7:04:15 pm] (24585) Searching for source files
[Info  - 7:04:15 pm] (24585) Found 17 source files
[Info  - 7:04:16 pm] (24585) Searching for source files
[Info  - 7:04:16 pm] (24585) Found 17 source files
[Info  - 7:04:16 pm] (24585) Searching for source files
[Info  - 7:04:16 pm] (24585) Found 17 source files
[Info  - 7:04:17 pm] (24585) Searching for source files
[Info  - 7:04:17 pm] (24585) Found 17 source files
[Info  - 7:04:20 pm] (24585) Searching for source files
[Info  - 7:04:20 pm] (24585) Found 17 source files
[Info  - 7:04:21 pm] (24585) Searching for source files
[Info  - 7:04:21 pm] (24585) Found 17 source files
[Info  - 7:04:22 pm] (24585) Searching for source files
[Info  - 7:04:22 pm] (24585) Found 17 source files
[Info  - 7:04:23 pm] (24585) Searching for source files
[Info  - 7:04:23 pm] (24585) Found 17 source files
[Info  - 7:04:24 pm] (24585) Searching for source files
[Info  - 7:04:24 pm] (24585) Found 17 source files
[Info  - 7:04:25 pm] (24585) Searching for source files
[Info  - 7:04:25 pm] (24585) Found 17 source files
[Info  - 7:04:25 pm] (24585) Searching for source files
[Info  - 7:04:25 pm] (24585) Found 17 source files
[Info  - 7:04:26 pm] (24585) Searching for source files
[Info  - 7:04:26 pm] (24585) Found 17 source files
[Info  - 7:04:27 pm] (24585) Searching for source files
[Info  - 7:04:27 pm] (24585) Found 17 source files
[Info  - 7:04:28 pm] (24585) Searching for source files
[Info  - 7:04:28 pm] (24585) Found 17 source files
[Info  - 7:04:28 pm] (24585) Searching for source files
[Info  - 7:04:28 pm] (24585) Found 17 source files
[Info  - 7:12:31 pm] (24585) Searching for source files
[Info  - 7:12:31 pm] (24585) Found 17 source files
[Info  - 7:12:34 pm] (24585) Searching for source files
[Info  - 7:12:34 pm] (24585) Found 17 source files
[Info  - 7:12:37 pm] (24585) Searching for source files
[Info  - 7:12:37 pm] (24585) Found 17 source files
[Info  - 7:12:53 pm] (24585) Searching for source files
[Info  - 7:12:53 pm] (24585) Found 17 source files
[Info  - 7:12:54 pm] (24585) Searching for source files
[Info  - 7:12:54 pm] (24585) Found 17 source files
[Info  - 7:12:55 pm] (24585) Searching for source files
[Info  - 7:12:55 pm] (24585) Found 17 source files
[Info  - 7:13:43 pm] (24585) Searching for source files
[Info  - 7:13:43 pm] (24585) Found 17 source files
[Info  - 7:13:44 pm] (24585) Searching for source files
[Info  - 7:13:44 pm] (24585) Found 17 source files
[Info  - 7:13:45 pm] (24585) Searching for source files
[Info  - 7:13:45 pm] (24585) Found 17 source files
[Info  - 7:13:49 pm] (24585) Searching for source files
[Info  - 7:13:49 pm] (24585) Found 17 source files
[Info  - 7:13:50 pm] (24585) Searching for source files
[Info  - 7:13:50 pm] (24585) Found 17 source files
[Info  - 7:13:51 pm] (24585) Searching for source files
[Info  - 7:13:51 pm] (24585) Found 17 source files
[Info  - 7:13:52 pm] (24585) Searching for source files
[Info  - 7:13:52 pm] (24585) Found 17 source files
[Info  - 7:13:52 pm] (24585) Searching for source files
[Info  - 7:13:53 pm] (24585) Found 17 source files
[Info  - 7:13:53 pm] (24585) Searching for source files
[Info  - 7:13:53 pm] (24585) Found 17 source files
[Info  - 7:13:57 pm] (24585) Searching for source files
[Info  - 7:13:57 pm] (24585) Found 17 source files
[Info  - 7:13:58 pm] (24585) Searching for source files
[Info  - 7:13:58 pm] (24585) Found 17 source files
[Info  - 7:13:58 pm] (24585) Searching for source files
[Info  - 7:13:58 pm] (24585) Found 17 source files
[Info  - 7:14:03 pm] (24585) Searching for source files
[Info  - 7:14:03 pm] (24585) Found 17 source files
[Info  - 7:14:04 pm] (24585) Searching for source files
[Info  - 7:14:04 pm] (24585) Found 17 source files
[Info  - 7:14:05 pm] (24585) Searching for source files
[Info  - 7:14:05 pm] (24585) Found 17 source files
[Info  - 7:14:18 pm] (24585) Searching for source files
[Info  - 7:14:18 pm] (24585) Found 17 source files
[Info  - 7:14:18 pm] (24585) Searching for source files
[Info  - 7:14:18 pm] (24585) Found 17 source files
[Info  - 7:14:19 pm] (24585) Searching for source files
[Info  - 7:14:19 pm] (24585) Found 17 source files
[Info  - 7:15:17 pm] (24585) Searching for source files
[Info  - 7:15:17 pm] (24585) Found 17 source files
[Info  - 7:15:18 pm] (24585) Searching for source files
[Info  - 7:15:18 pm] (24585) Found 17 source files
[Info  - 7:15:19 pm] (24585) Searching for source files
[Info  - 7:15:19 pm] (24585) Found 17 source files
[Info  - 7:15:21 pm] (24585) Searching for source files
[Info  - 7:15:21 pm] (24585) Found 17 source files
[Info  - 7:15:22 pm] (24585) Searching for source files
[Info  - 7:15:22 pm] (24585) Found 17 source files
[Info  - 7:15:23 pm] (24585) Searching for source files
[Info  - 7:15:23 pm] (24585) Found 17 source files
[Info  - 7:15:29 pm] (24585) Searching for source files
[Info  - 7:15:29 pm] (24585) Found 17 source files
[Info  - 7:15:30 pm] (24585) Searching for source files
[Info  - 7:15:30 pm] (24585) Found 17 source files
[Info  - 7:15:31 pm] (24585) Searching for source files
[Info  - 7:15:31 pm] (24585) Found 17 source files
[Info  - 7:15:41 pm] (24585) Searching for source files
[Info  - 7:15:41 pm] (24585) Found 17 source files
[Info  - 7:15:42 pm] (24585) Searching for source files
[Info  - 7:15:42 pm] (24585) Found 17 source files
[Info  - 7:15:42 pm] (24585) Searching for source files
[Info  - 7:15:42 pm] (24585) Found 17 source files
[Info  - 7:15:46 pm] (24585) Searching for source files
[Info  - 7:15:46 pm] (24585) Found 17 source files
[Info  - 7:15:46 pm] (24585) Searching for source files
[Info  - 7:15:46 pm] (24585) Found 17 source files
[Info  - 7:15:47 pm] (24585) Searching for source files
[Info  - 7:15:47 pm] (24585) Found 17 source files
[Info  - 7:16:02 pm] (24585) Searching for source files
[Info  - 7:16:02 pm] (24585) Found 17 source files
[Info  - 7:16:03 pm] (24585) Searching for source files
[Info  - 7:16:03 pm] (24585) Found 17 source files
[Info  - 7:16:03 pm] (24585) Searching for source files
[Info  - 7:16:03 pm] (24585) Found 17 source files
[Info  - 7:16:13 pm] (24585) Searching for source files
[Info  - 7:16:13 pm] (24585) Found 17 source files
[Info  - 7:16:14 pm] (24585) Searching for source files
[Info  - 7:16:15 pm] (24585) Found 17 source files
[Info  - 7:16:15 pm] (24585) Searching for source files
[Info  - 7:16:15 pm] (24585) Found 17 source files
[Info  - 7:16:16 pm] (24585) Searching for source files
[Info  - 7:16:17 pm] (24585) Found 17 source files
[Info  - 7:16:17 pm] (24585) Searching for source files
[Info  - 7:16:18 pm] (24585) Found 17 source files
[Info  - 7:16:18 pm] (24585) Searching for source files
[Info  - 7:16:18 pm] (24585) Found 17 source files
[Info  - 7:16:20 pm] (24585) Searching for source files
[Info  - 7:16:20 pm] (24585) Found 17 source files
[Info  - 7:16:21 pm] (24585) Searching for source files
[Info  - 7:16:21 pm] (24585) Found 17 source files
[Info  - 7:16:22 pm] (24585) Searching for source files
[Info  - 7:16:22 pm] (24585) Found 17 source files
[Info  - 7:16:24 pm] (24585) Searching for source files
[Info  - 7:16:24 pm] (24585) Found 17 source files
[Info  - 7:16:25 pm] (24585) Searching for source files
[Info  - 7:16:25 pm] (24585) Found 17 source files
[Info  - 7:16:25 pm] (24585) Searching for source files
[Info  - 7:16:25 pm] (24585) Found 17 source files
[Info  - 7:16:38 pm] (24585) Searching for source files
[Info  - 7:16:38 pm] (24585) Found 17 source files
[Info  - 7:16:39 pm] (24585) Searching for source files
[Info  - 7:16:39 pm] (24585) Found 17 source files
[Info  - 7:16:40 pm] (24585) Searching for source files
[Info  - 7:16:40 pm] (24585) Found 17 source files
[Info  - 7:16:40 pm] (24585) Searching for source files
[Info  - 7:16:40 pm] (24585) Found 17 source files
[Info  - 7:16:49 pm] (24585) Searching for source files
[Info  - 7:16:49 pm] (24585) Found 17 source files
[Info  - 7:16:50 pm] (24585) Searching for source files
[Info  - 7:16:50 pm] (24585) Found 17 source files
[Info  - 7:16:51 pm] (24585) Searching for source files
[Info  - 7:16:51 pm] (24585) Found 17 source files
[Info  - 7:16:58 pm] (24585) Searching for source files
[Info  - 7:16:58 pm] (24585) Found 17 source files
[Info  - 7:16:58 pm] (24585) Searching for source files
[Info  - 7:16:58 pm] (24585) Found 17 source files
[Info  - 7:16:59 pm] (24585) Searching for source files
[Info  - 7:16:59 pm] (24585) Found 17 source files
[Info  - 7:17:04 pm] (24585) Searching for source files
[Info  - 7:17:04 pm] (24585) Found 17 source files
[Info  - 7:17:05 pm] (24585) Searching for source files
[Info  - 7:17:05 pm] (24585) Found 17 source files
[Info  - 7:17:05 pm] (24585) Searching for source files
[Info  - 7:17:05 pm] (24585) Found 17 source files
[Info  - 7:17:27 pm] (24585) Searching for source files
[Info  - 7:17:27 pm] (24585) Found 17 source files
[Info  - 7:17:28 pm] (24585) Searching for source files
[Info  - 7:17:28 pm] (24585) Found 17 source files
[Info  - 7:17:28 pm] (24585) Searching for source files
[Info  - 7:17:28 pm] (24585) Found 17 source files
[Info  - 7:17:33 pm] (24585) Searching for source files
[Info  - 7:17:33 pm] (24585) Found 17 source files
[Info  - 7:17:34 pm] (24585) Searching for source files
[Info  - 7:17:34 pm] (24585) Found 17 source files
[Info  - 7:17:34 pm] (24585) Searching for source files
[Info  - 7:17:35 pm] (24585) Found 17 source files
[Info  - 7:17:38 pm] (24585) Searching for source files
[Info  - 7:17:38 pm] (24585) Found 17 source files
[Info  - 7:17:38 pm] (24585) Searching for source files
[Info  - 7:17:38 pm] (24585) Found 17 source files
[Info  - 7:17:39 pm] (24585) Searching for source files
[Info  - 7:17:39 pm] (24585) Found 17 source files
[Info  - 7:17:47 pm] (24585) Searching for source files
[Info  - 7:17:47 pm] (24585) Found 17 source files
[Info  - 7:17:48 pm] (24585) Searching for source files
[Info  - 7:17:48 pm] (24585) Found 17 source files
[Info  - 7:17:49 pm] (24585) Searching for source files
[Info  - 7:17:49 pm] (24585) Found 17 source files
[Info  - 7:17:55 pm] (24585) Searching for source files
[Info  - 7:17:55 pm] (24585) Found 17 source files
[Info  - 7:17:56 pm] (24585) Searching for source files
[Info  - 7:17:56 pm] (24585) Found 17 source files
[Info  - 7:17:56 pm] (24585) Searching for source files
[Info  - 7:17:56 pm] (24585) Found 17 source files
[Info  - 7:18:26 pm] (24585) Searching for source files
[Info  - 7:18:26 pm] (24585) Found 17 source files
[Info  - 7:18:27 pm] (24585) Searching for source files
[Info  - 7:18:27 pm] (24585) Found 17 source files
[Info  - 7:18:27 pm] (24585) Searching for source files
[Info  - 7:18:27 pm] (24585) Found 17 source files
[Info  - 7:18:33 pm] (24585) Searching for source files
[Info  - 7:18:33 pm] (24585) Found 17 source files
[Info  - 7:18:34 pm] (24585) Searching for source files
[Info  - 7:18:34 pm] (24585) Found 17 source files
[Info  - 7:18:35 pm] (24585) Searching for source files
[Info  - 7:18:35 pm] (24585) Found 17 source files
[Info  - 7:19:02 pm] (24585) Searching for source files
[Info  - 7:19:02 pm] (24585) Found 17 source files
[Info  - 7:19:03 pm] (24585) Searching for source files
[Info  - 7:19:03 pm] (24585) Found 17 source files
[Info  - 7:19:04 pm] (24585) Searching for source files
[Info  - 7:19:04 pm] (24585) Found 17 source files
[Info  - 7:19:16 pm] (24585) Searching for source files
[Info  - 7:19:16 pm] (24585) Found 17 source files
[Info  - 7:19:17 pm] (24585) Searching for source files
[Info  - 7:19:17 pm] (24585) Found 17 source files
[Info  - 7:19:17 pm] (24585) Searching for source files
[Info  - 7:19:17 pm] (24585) Found 17 source files
[Info  - 7:19:20 pm] (24585) Searching for source files
[Info  - 7:19:20 pm] (24585) Found 17 source files
[Info  - 7:19:21 pm] (24585) Searching for source files
[Info  - 7:19:21 pm] (24585) Found 17 source files
[Info  - 7:19:21 pm] (24585) Searching for source files
[Info  - 7:19:21 pm] (24585) Found 17 source files
[Info  - 7:19:26 pm] (24585) Searching for source files
[Info  - 7:19:26 pm] (24585) Found 17 source files
[Info  - 7:19:27 pm] (24585) Searching for source files
[Info  - 7:19:27 pm] (24585) Found 17 source files
[Info  - 7:19:28 pm] (24585) Searching for source files
[Info  - 7:19:28 pm] (24585) Found 17 source files
[Info  - 7:19:45 pm] (24585) Searching for source files
[Info  - 7:19:45 pm] (24585) Found 17 source files
[Info  - 7:19:45 pm] (24585) Searching for source files
[Info  - 7:19:45 pm] (24585) Found 17 source files
[Info  - 7:19:46 pm] (24585) Searching for source files
[Info  - 7:19:46 pm] (24585) Found 17 source files
[Info  - 7:19:49 pm] (24585) Searching for source files
[Info  - 7:19:49 pm] (24585) Found 17 source files
[Info  - 7:19:49 pm] (24585) Searching for source files
[Info  - 7:19:49 pm] (24585) Found 17 source files
[Info  - 7:19:50 pm] (24585) Searching for source files
[Info  - 7:19:50 pm] (24585) Found 17 source files
[Info  - 7:20:07 pm] (24585) Searching for source files
[Info  - 7:20:08 pm] (24585) Found 17 source files
[Info  - 7:20:08 pm] (24585) Searching for source files
[Info  - 7:20:08 pm] (24585) Found 17 source files
[Info  - 7:20:09 pm] (24585) Searching for source files
[Info  - 7:20:09 pm] (24585) Found 17 source files
[Info  - 7:20:09 pm] (24585) Searching for source files
[Info  - 7:20:09 pm] (24585) Found 17 source files
[Info  - 7:20:11 pm] (24585) Searching for source files
[Info  - 7:20:11 pm] (24585) Found 17 source files
[Info  - 7:20:11 pm] (24585) Searching for source files
[Info  - 7:20:11 pm] (24585) Found 17 source files
[Info  - 7:20:12 pm] (24585) Searching for source files
[Info  - 7:20:12 pm] (24585) Found 17 source files
[Info  - 7:20:29 pm] (24585) Searching for source files
[Info  - 7:20:29 pm] (24585) Found 17 source files
[Info  - 7:20:30 pm] (24585) Searching for source files
[Info  - 7:20:30 pm] (24585) Found 17 source files
[Info  - 7:20:31 pm] (24585) Searching for source files
[Info  - 7:20:31 pm] (24585) Found 17 source files
[Info  - 7:20:40 pm] (24585) Searching for source files
[Info  - 7:20:40 pm] (24585) Found 17 source files
[Info  - 7:20:41 pm] (24585) Searching for source files
[Info  - 7:20:41 pm] (24585) Found 17 source files
[Info  - 7:20:41 pm] (24585) Searching for source files
[Info  - 7:20:41 pm] (24585) Found 17 source files
[Info  - 7:20:46 pm] (24585) Searching for source files
[Info  - 7:20:46 pm] (24585) Found 17 source files
[Info  - 7:20:47 pm] (24585) Searching for source files
[Info  - 7:20:47 pm] (24585) Found 17 source files
[Info  - 7:20:48 pm] (24585) Searching for source files
[Info  - 7:20:48 pm] (24585) Found 17 source files
[Info  - 7:20:49 pm] (24585) Searching for source files
[Info  - 7:20:49 pm] (24585) Found 17 source files
[Info  - 7:20:50 pm] (24585) Searching for source files
[Info  - 7:20:50 pm] (24585) Found 17 source files
[Info  - 7:20:50 pm] (24585) Searching for source files
[Info  - 7:20:50 pm] (24585) Found 17 source files
[Info  - 7:20:57 pm] (24585) Searching for source files
[Info  - 7:20:57 pm] (24585) Found 17 source files
[Info  - 7:20:57 pm] (24585) Searching for source files
[Info  - 7:20:57 pm] (24585) Found 17 source files
[Info  - 7:20:58 pm] (24585) Searching for source files
[Info  - 7:20:58 pm] (24585) Found 17 source files
[Info  - 7:21:10 pm] (24585) Searching for source files
[Info  - 7:21:10 pm] (24585) Found 17 source files
[Info  - 7:21:10 pm] (24585) Searching for source files
[Info  - 7:21:10 pm] (24585) Found 17 source files
[Info  - 7:21:11 pm] (24585) Searching for source files
[Info  - 7:21:11 pm] (24585) Found 17 source files
[Info  - 7:21:19 pm] (24585) Searching for source files
[Info  - 7:21:19 pm] (24585) Found 17 source files
[Info  - 7:21:19 pm] (24585) Searching for source files
[Info  - 7:21:19 pm] (24585) Found 17 source files
[Info  - 7:21:20 pm] (24585) Searching for source files
[Info  - 7:21:20 pm] (24585) Found 17 source files
[Info  - 7:21:25 pm] (24585) Searching for source files
[Info  - 7:21:25 pm] (24585) Found 17 source files
[Info  - 7:21:26 pm] (24585) Searching for source files
[Info  - 7:21:26 pm] (24585) Found 17 source files
[Info  - 7:21:27 pm] (24585) Searching for source files
[Info  - 7:21:27 pm] (24585) Found 17 source files
[Info  - 7:21:35 pm] (24585) Searching for source files
[Info  - 7:21:35 pm] (24585) Found 17 source files
[Info  - 7:21:36 pm] (24585) Searching for source files
[Info  - 7:21:36 pm] (24585) Found 17 source files
[Info  - 7:21:36 pm] (24585) Searching for source files
[Info  - 7:21:36 pm] (24585) Found 17 source files
[Info  - 7:21:42 pm] (24585) Searching for source files
[Info  - 7:21:42 pm] (24585) Found 17 source files
[Info  - 7:21:43 pm] (24585) Searching for source files
[Info  - 7:21:43 pm] (24585) Found 17 source files
[Info  - 7:21:44 pm] (24585) Searching for source files
[Info  - 7:21:44 pm] (24585) Found 17 source files
[Info  - 7:21:49 pm] (24585) Searching for source files
[Info  - 7:21:49 pm] (24585) Found 17 source files
[Info  - 7:21:50 pm] (24585) Searching for source files
[Info  - 7:21:50 pm] (24585) Found 17 source files
[Info  - 7:21:51 pm] (24585) Searching for source files
[Info  - 7:21:51 pm] (24585) Found 17 source files
[Info  - 7:21:56 pm] (24585) Searching for source files
[Info  - 7:21:56 pm] (24585) Found 17 source files
[Info  - 7:21:56 pm] (24585) Searching for source files
[Info  - 7:21:56 pm] (24585) Found 17 source files
[Info  - 7:21:57 pm] (24585) Searching for source files
[Info  - 7:21:57 pm] (24585) Found 17 source files
[Info  - 7:21:58 pm] (24585) Searching for source files
[Info  - 7:21:58 pm] (24585) Found 17 source files
[Info  - 7:22:08 pm] (24585) Searching for source files
[Info  - 7:22:08 pm] (24585) Found 17 source files
[Info  - 7:22:09 pm] (24585) Searching for source files
[Info  - 7:22:09 pm] (24585) Found 17 source files
[Info  - 7:22:10 pm] (24585) Searching for source files
[Info  - 7:22:10 pm] (24585) Found 17 source files
[Info  - 7:22:10 pm] (24585) Searching for source files
[Info  - 7:22:10 pm] (24585) Found 17 source files
[Info  - 7:22:11 pm] (24585) Searching for source files
[Info  - 7:22:11 pm] (24585) Found 17 source files
[Info  - 7:22:12 pm] (24585) Searching for source files
[Info  - 7:22:12 pm] (24585) Found 17 source files
[Info  - 7:22:12 pm] (24585) Searching for source files
[Info  - 7:22:12 pm] (24585) Found 17 source files
[Info  - 7:22:13 pm] (24585) Searching for source files
[Info  - 7:22:13 pm] (24585) Found 17 source files
[Info  - 7:22:13 pm] (24585) Searching for source files
[Info  - 7:22:13 pm] (24585) Found 17 source files
[Info  - 7:22:31 pm] (24585) Searching for source files
[Info  - 7:22:31 pm] (24585) Found 17 source files
[Info  - 7:22:31 pm] (24585) Searching for source files
[Info  - 7:22:31 pm] (24585) Found 17 source files
[Info  - 7:22:32 pm] (24585) Searching for source files
[Info  - 7:22:32 pm] (24585) Found 17 source files
