Looking for git in: git
Using git 2.32.0 from git
> git rev-parse --git-dir
Open repository: /home/fenris/work/Projects/FlappyBird
> git fetch
> git status -z -u
> git symbolic-ref --short HEAD
> git for-each-ref --format=%(refname)%00%(upstream:short)%00%(objectname)%00%(upstream:track) refs/heads/master refs/remotes/master
> git for-each-ref --sort -committerdate --format %(refname) %(objectname) %(*objectname)
> git remote --verbose
Warning: Failed to watch ref '/home/fenris/work/Projects/FlappyBird/.git/refs/remotes/origin/master', is most likely packed.
> git config --get commit.template
> git show --textconv :main.py
> git ls-files --stage -- /home/fenris/work/Projects/FlappyBird/main.py
> git cat-file -s da261c558491eb409ad68e9cf9b66d583ea1064f
> git check-ignore -v -z --stdin
> git status -z -u
> git symbolic-ref --short HEAD
> git for-each-ref --format=%(refname)%00%(upstream:short)%00%(objectname)%00%(upstream:track) refs/heads/master refs/remotes/master
> git for-each-ref --sort -committerdate --format %(refname) %(objectname) %(*objectname)
> git remote --verbose
Warning: Failed to watch ref '/home/fenris/work/Projects/FlappyBird/.git/refs/remotes/origin/master', is most likely packed.
> git config --get commit.template
> git config --local branch.master.github-pr-owner-number
> git ls-files --stage -- /home/fenris/work/Projects/FlappyBird/main.py
> git cat-file -s da261c558491eb409ad68e9cf9b66d583ea1064f
> git show --textconv :main.py
> git status -z -u
> git symbolic-ref --short HEAD
> git for-each-ref --format=%(refname)%00%(upstream:short)%00%(objectname)%00%(upstream:track) refs/heads/master refs/remotes/master
> git for-each-ref --sort -committerdate --format %(refname) %(objectname) %(*objectname)
> git remote --verbose
Warning: Failed to watch ref '/home/fenris/work/Projects/FlappyBird/.git/refs/remotes/origin/master', is most likely packed.
> git config --get commit.template
> git status -z -u
> git symbolic-ref --short HEAD
> git for-each-ref --format=%(refname)%00%(upstream:short)%00%(objectname)%00%(upstream:track) refs/heads/master refs/remotes/master
> git for-each-ref --sort -committerdate --format %(refname) %(objectname) %(*objectname)
> git remote --verbose
Warning: Failed to watch ref '/home/fenris/work/Projects/FlappyBird/.git/refs/remotes/origin/master', is most likely packed.
> git config --get commit.template
> git status -z -u
> git symbolic-ref --short HEAD
> git ls-files --stage -- /home/fenris/work/Projects/FlappyBird/main.py
> git for-each-ref --format=%(refname)%00%(upstream:short)%00%(objectname)%00%(upstream:track) refs/heads/master refs/remotes/master
> git cat-file -s da261c558491eb409ad68e9cf9b66d583ea1064f
> git for-each-ref --sort -committerdate --format %(refname) %(objectname) %(*objectname)
> git remote --verbose
Warning: Failed to watch ref '/home/fenris/work/Projects/FlappyBird/.git/refs/remotes/origin/master', is most likely packed.
> git show --textconv :main.py
> git config --get commit.template
> git status -z -u
> git symbolic-ref --short HEAD
> git for-each-ref --format=%(refname)%00%(upstream:short)%00%(objectname)%00%(upstream:track) refs/heads/master refs/remotes/master
> git for-each-ref --sort -committerdate --format %(refname) %(objectname) %(*objectname)
> git remote --verbose
Warning: Failed to watch ref '/home/fenris/work/Projects/FlappyBird/.git/refs/remotes/origin/master', is most likely packed.
> git config --get commit.template
> git status -z -u
> git symbolic-ref --short HEAD
> git for-each-ref --format=%(refname)%00%(upstream:short)%00%(objectname)%00%(upstream:track) refs/heads/master refs/remotes/master
> git for-each-ref --sort -committerdate --format %(refname) %(objectname) %(*objectname)
> git remote --verbose
Warning: Failed to watch ref '/home/fenris/work/Projects/FlappyBird/.git/refs/remotes/origin/master', is most likely packed.
> git config --get commit.template
> git show --textconv :README.md
> git ls-files --stage -- /home/fenris/work/Projects/FlappyBird/README.md
> git cat-file -s d8024525541b840a791824a9b3508f1319724f47
> git status -z -u
> git symbolic-ref --short HEAD
> git for-each-ref --format=%(refname)%00%(upstream:short)%00%(objectname)%00%(upstream:track) refs/heads/master refs/remotes/master
> git for-each-ref --sort -committerdate --format %(refname) %(objectname) %(*objectname)
> git remote --verbose
Warning: Failed to watch ref '/home/fenris/work/Projects/FlappyBird/.git/refs/remotes/origin/master', is most likely packed.
> git config --get commit.template
> git status -z -u
> git symbolic-ref --short HEAD
> git for-each-ref --format=%(refname)%00%(upstream:short)%00%(objectname)%00%(upstream:track) refs/heads/master refs/remotes/master
> git for-each-ref --sort -committerdate --format %(refname) %(objectname) %(*objectname)
> git remote --verbose
Warning: Failed to watch ref '/home/fenris/work/Projects/FlappyBird/.git/refs/remotes/origin/master', is most likely packed.
> git config --get commit.template
> git show --textconv :Settings.py
> git ls-files --stage -- /home/fenris/work/Projects/FlappyBird/Settings.py
> git cat-file -s 907510a5fe003e2611fe69838800b369f2a27580
> git check-ignore -v -z --stdin
> git show --textconv :main.py
> git ls-files --stage -- /home/fenris/work/Projects/FlappyBird/main.py
> git cat-file -s da261c558491eb409ad68e9cf9b66d583ea1064f
> git status -z -u
> git symbolic-ref --short HEAD
> git for-each-ref --format=%(refname)%00%(upstream:short)%00%(objectname)%00%(upstream:track) refs/heads/master refs/remotes/master
> git for-each-ref --sort -committerdate --format %(refname) %(objectname) %(*objectname)
> git remote --verbose
Warning: Failed to watch ref '/home/fenris/work/Projects/FlappyBird/.git/refs/remotes/origin/master', is most likely packed.
> git config --get commit.template
> git status -z -u
> git symbolic-ref --short HEAD
> git for-each-ref --format=%(refname)%00%(upstream:short)%00%(objectname)%00%(upstream:track) refs/heads/master refs/remotes/master
> git for-each-ref --sort -committerdate --format %(refname) %(objectname) %(*objectname)
> git remote --verbose
Warning: Failed to watch ref '/home/fenris/work/Projects/FlappyBird/.git/refs/remotes/origin/master', is most likely packed.
> git config --get commit.template
> git status -z -u
> git symbolic-ref --short HEAD
> git for-each-ref --format=%(refname)%00%(upstream:short)%00%(objectname)%00%(upstream:track) refs/heads/master refs/remotes/master
> git for-each-ref --sort -committerdate --format %(refname) %(objectname) %(*objectname)
> git remote --verbose
Warning: Failed to watch ref '/home/fenris/work/Projects/FlappyBird/.git/refs/remotes/origin/master', is most likely packed.
> git config --get commit.template
> git status -z -u
> git symbolic-ref --short HEAD
> git for-each-ref --format=%(refname)%00%(upstream:short)%00%(objectname)%00%(upstream:track) refs/heads/master refs/remotes/master
> git for-each-ref --sort -committerdate --format %(refname) %(objectname) %(*objectname)
> git remote --verbose
Warning: Failed to watch ref '/home/fenris/work/Projects/FlappyBird/.git/refs/remotes/origin/master', is most likely packed.
> git config --get commit.template
> git fetch
> git status -z -u
> git symbolic-ref --short HEAD
> git for-each-ref --format=%(refname)%00%(upstream:short)%00%(objectname)%00%(upstream:track) refs/heads/master refs/remotes/master
> git for-each-ref --sort -committerdate --format %(refname) %(objectname) %(*objectname)
> git remote --verbose
Warning: Failed to watch ref '/home/fenris/work/Projects/FlappyBird/.git/refs/remotes/origin/master', is most likely packed.
> git config --get commit.template
> git ls-files --stage -- /home/fenris/work/Projects/FlappyBird/main.py
> git cat-file -s da261c558491eb409ad68e9cf9b66d583ea1064f
> git show --textconv :main.py
> git status -z -u
> git symbolic-ref --short HEAD
> git for-each-ref --format=%(refname)%00%(upstream:short)%00%(objectname)%00%(upstream:track) refs/heads/master refs/remotes/master
> git for-each-ref --sort -committerdate --format %(refname) %(objectname) %(*objectname)
> git remote --verbose
Warning: Failed to watch ref '/home/fenris/work/Projects/FlappyBird/.git/refs/remotes/origin/master', is most likely packed.
> git config --get commit.template
> git ls-files --stage -- /home/fenris/work/Projects/FlappyBird/main.py
> git cat-file -s da261c558491eb409ad68e9cf9b66d583ea1064f
> git show --textconv :main.py
