[18:31:07] Initializing LaTeX Workshop.
[18:31:07] Extension root: /home/fenris/.vscode/extensions/james-yu.latex-workshop-8.23.0
[18:31:07] $PATH: /home/fenris/Apps/anaconda3/bin:/home/fenris/Apps/anaconda3/condabin:/usr/local/sbin:/usr/local/bin:/usr/bin:/usr/lib/jvm/default/bin:/usr/bin/site_perl:/usr/bin/vendor_perl:/usr/bin/core_perl
[18:31:07] $SHELL: /usr/bin/zsh
[18:31:07] vscode.env.appName: Visual Studio Code
[18:31:07] vscode.env.remoteName: undefined
[18:31:07] vscode.env.uiKind: 1
[18:31:07] editor.acceptSuggestionOnEnter: "on"
[18:31:07] latex-workshop.bind.enter.key: true
[18:31:07] latex-workshop.docker.enabled: false
[18:31:07] latex-workshop.docker.image.latex: ""
[18:31:07] latex-workshop.hover.preview.mathjax.extensions: []
[18:31:07] latex-workshop.intellisense.package.enabled: true
[18:31:07] latex-workshop.intellisense.update.aggressive.enabled: false
[18:31:07] latex-workshop.intellisense.update.delay: 1000
[18:31:07] latex-workshop.latex.autoBuild.run: "onFileChange"
[18:31:07] latex-workshop.latex.outDir: "%DIR%"
[18:31:07] latex-workshop.latex.recipes: [
 {
  "name": "latexmk 🔃",
  "tools": [
   "latexmk"
  ]
 },
 {
  "name": "latexmk (latexmkrc)",
  "tools": [
   "latexmk_rconly"
  ]
 },
 {
  "name": "latexmk (lualatex)",
  "tools": [
   "lualatexmk"
  ]
 },
 {
  "name": "pdflatex ➞ bibtex ➞ pdflatex × 2",
  "tools": [
   "pdflatex",
   "bibtex",
   "pdflatex",
   "pdflatex"
  ]
 },
 {
  "name": "Compile Rnw files",
  "tools": [
   "rnw2tex",
   "latexmk"
  ]
 },
 {
  "name": "Compile Jnw files",
  "tools": [
   "jnw2tex",
   "latexmk"
  ]
 },
 {
  "name": "tectonic",
  "tools": [
   "tectonic"
  ]
 }
]
[18:31:07] latex-workshop.latex.tools: [
 {
  "name": "latexmk",
  "command": "latexmk",
  "args": [
   "-synctex=1",
   "-interaction=nonstopmode",
   "-file-line-error",
   "-pdf",
   "-outdir=%OUTDIR%",
   "%DOC%"
  ],
  "env": {}
 },
 {
  "name": "lualatexmk",
  "command": "latexmk",
  "args": [
   "-synctex=1",
   "-interaction=nonstopmode",
   "-file-line-error",
   "-lualatex",
   "-outdir=%OUTDIR%",
   "%DOC%"
  ],
  "env": {}
 },
 {
  "name": "latexmk_rconly",
  "command": "latexmk",
  "args": [
   "%DOC%"
  ],
  "env": {}
 },
 {
  "name": "pdflatex",
  "command": "pdflatex",
  "args": [
   "-synctex=1",
   "-interaction=nonstopmode",
   "-file-line-error",
   "%DOC%"
  ],
  "env": {}
 },
 {
  "name": "bibtex",
  "command": "bibtex",
  "args": [
   "%DOCFILE%"
  ],
  "env": {}
 },
 {
  "name": "rnw2tex",
  "command": "Rscript",
  "args": [
   "-e",
   "knitr::opts_knit$set(concordance = TRUE); knitr::knit('%DOCFILE_EXT%')"
  ],
  "env": {}
 },
 {
  "name": "jnw2tex",
  "command": "julia",
  "args": [
   "-e",
   "using Weave; weave(\"%DOC_EXT%\", doctype=\"tex\")"
  ],
  "env": {}
 },
 {
  "name": "jnw2texmintex",
  "command": "julia",
  "args": [
   "-e",
   "using Weave; weave(\"%DOC_EXT%\", doctype=\"texminted\")"
  ],
  "env": {}
 },
 {
  "name": "tectonic",
  "command": "tectonic",
  "args": [
   "--synctex",
   "--keep-logs",
   "%DOC%.tex"
  ],
  "env": {}
 }
]
[18:31:07] latex-workshop.viewer.pdf.internal.keyboardEvent: "auto"
[18:31:07] Creating a new file watcher.
[18:31:07] watcherOptions: {"useFsEvents":false,"usePolling":false,"interval":300,"binaryInterval":1000,"awaitWriteFinish":{"stabilityThreshold":250}}
[18:31:07] Creating PDF file watcher.
[18:31:07] watcherOptions: {"useFsEvents":false,"usePolling":false,"interval":300,"binaryInterval":1000,"awaitWriteFinish":{}}
[18:31:07] Creating Bib file watcher.
[18:31:07] watcherOptions: {"useFsEvents":false,"usePolling":false,"interval":300,"binaryInterval":1000,"awaitWriteFinish":{"stabilityThreshold":250}}
[18:31:07] Set $LATEXWORKSHOP_DOCKER_LATEX: ""
[18:31:07] [Server] Creating LaTeX Workshop http and websocket server.
[18:31:07] Bibtex format config: {"tab":"  ","case":"lowercase","left":"{","right":"}","trailingComma":false,"sort":["key"],"alignOnEqual":true,"sortFields":false,"fieldsOrder":[],"firstEntries":["string","xdata"]}
[18:31:07] LaTeX Workshop initialized.
[18:31:07] Bibtex format config: {"tab":"  ","case":"lowercase","left":"{","right":"}","trailingComma":false,"sort":["key"],"alignOnEqual":true,"sortFields":false,"fieldsOrder":[],"firstEntries":["string","xdata"]}
[18:31:07] Trigger characters for intellisense of LaTeX documents: ["\\",",","{"]
[18:31:07] Bibtex format config: {"tab":"  ","case":"lowercase","left":"{","right":"}","trailingComma":false,"sort":["key"],"alignOnEqual":true,"sortFields":false,"fieldsOrder":[],"firstEntries":["string","xdata"]}
[18:31:07] Current workspace folders: ["file:///home/fenris/work/dead/University/Semester6"]
[18:31:07] Current workspaceRootDir: file:///home/fenris/work/dead/University/Semester6
[18:31:07] Found root file from active editor: /home/fenris/work/dead/University/Semester6/Minor_Proj/proposal.tex
[18:31:07] Root file changed: from undefined to /home/fenris/work/dead/University/Semester6/Minor_Proj/proposal.tex
[18:31:07] Start to find all dependencies.
[18:31:07] Root file languageId: latex
[18:31:08] [Server] Server successfully started: {"address":"127.0.0.1","family":"IPv4","port":33973}
[18:31:08] Reset file watcher.
[18:31:08] Parsing a file and its subfiles: /home/fenris/work/dead/University/Semester6/Minor_Proj/proposal.tex
[18:31:08] Parse fls file.
[18:31:08] Cannot find fls file: /home/fenris/work/dead/University/Semester6/Minor_Proj/proposal.fls
[18:31:08] Added to file watcher: /home/fenris/work/dead/University/Semester6/Minor_Proj/proposal.tex
[18:31:08] Snippet data loaded.
[18:31:08] BUILD command invoked.
[18:31:08] The document of the active editor: file:///home/fenris/work/dead/University/Semester6/Minor_Proj/proposal.tex
[18:31:08] The languageId of the document: latex
[18:31:08] Current workspace folders: ["file:///home/fenris/work/dead/University/Semester6"]
[18:31:08] Current workspaceRootDir: file:///home/fenris/work/dead/University/Semester6
[18:31:08] Found root file from active editor: /home/fenris/work/dead/University/Semester6/Minor_Proj/proposal.tex
[18:31:08] Keep using the same root file: /home/fenris/work/dead/University/Semester6/Minor_Proj/proposal.tex
[18:31:08] Building root file: /home/fenris/work/dead/University/Semester6/Minor_Proj/proposal.tex
[18:31:08] Checking for duplicate labels: /home/fenris/work/dead/University/Semester6/Minor_Proj/proposal.tex.
[18:31:08] Build root file /home/fenris/work/dead/University/Semester6/Minor_Proj/proposal.tex
[18:31:08] outDir: /home/fenris/work/dead/University/Semester6/Minor_Proj
[18:31:08] Recipe step 1: latexmk, -synctex=1,-interaction=nonstopmode,-file-line-error,-pdf,-outdir=/home/fenris/work/dead/University/Semester6/Minor_Proj,/home/fenris/work/dead/University/Semester6/Minor_Proj/proposal
[18:31:08] Recipe step env: {}
[18:31:08] cwd: /home/fenris/work/dead/University/Semester6/Minor_Proj
[18:31:08] LaTeX build process spawned. PID: 24334.
[18:31:10] Manager.fileWatcher.getWatched: {"/home/fenris/work/dead/University/Semester6/Minor_Proj":["proposal.tex"]}
[18:31:10] Manager.filesWatched: ["/home/fenris/work/dead/University/Semester6/Minor_Proj/proposal.tex"]
[18:31:10] BibWatcher.bibWatcher.getWatched: {}
[18:31:10] BibWatcher.bibsWatched: []
[18:31:10] PdfWatcher.pdfWatcher.getWatched: {}
[18:31:10] PdfWatcher.pdfsWatched: []
[18:31:10] LaTeX log parsed with 3 messages.
[18:31:10] Recipe returns with error: 12/null. PID: 24334. message: Rc files read:
  NONE
Latexmk: This is Latexmk, John Collins, 20 November 2021, version: 4.76.
Rule 'pdflatex': File changes, etc:
   Changed files, or newly in use since previous run(s):
      '/home/fenris/work/dead/University/Semester6/Minor_Proj/proposal.tex'
------------
Run number 1 of rule 'pdflatex'
------------
------------
Running 'pdflatex  -synctex=1 -interaction=nonstopmode -file-line-error -recorder  "/home/fenris/work/dead/University/Semester6/Minor_Proj/proposal.tex"'
------------
Latexmk: Missing input file 'private/Header.jpeg' (or dependence on it) from following:
  'LaTeX Warning: File `private/Header.jpeg' not found on input line 23.'
Latexmk: Log file says output to 'proposal.pdf'
Collected error summary (may duplicate other messages):
  pdflatex: Command for 'pdflatex' gave return code 1
      Refer to 'proposal.log' for details
Latexmk: Use the -f option to force complete processing,
 unless error was exceeding maximum runs, or warnings treated as errors.
.
[18:31:10] The environment variable $PATH: /home/fenris/Apps/anaconda3/bin:/home/fenris/Apps/anaconda3/condabin:/usr/local/sbin:/usr/local/bin:/usr/bin:/usr/lib/jvm/default/bin:/usr/bin/site_perl:/usr/bin/vendor_perl:/usr/bin/core_perl
[18:31:10] The environment variable $Path: undefined
[18:31:10] The environment variable $SHELL: /usr/bin/zsh
[18:31:10] Cleaning auxiliary files and retrying build after toolchain error.
[18:31:10] Clean glob matched files: {"globs":["*.aux","*.bbl","*.blg","*.idx","*.ind","*.lof","*.lot","*.out","*.toc","*.acn","*.acr","*.alg","*.glg","*.glo","*.gls","*.fls","*.log","*.fdb_latexmk","*.snm","*.synctex(busy)","*.synctex.gz(busy)","*.nav","*.vrb"],"outdir":"/home/fenris/work/dead/University/Semester6/Minor_Proj"}
[18:31:10] Cleaning file: /home/fenris/work/dead/University/Semester6/Minor_Proj/proposal.aux
[18:31:10] Cleaning file: /home/fenris/work/dead/University/Semester6/Minor_Proj/proposal.fls
[18:31:10] Cleaning file: /home/fenris/work/dead/University/Semester6/Minor_Proj/proposal.log
[18:31:10] Cleaning file: /home/fenris/work/dead/University/Semester6/Minor_Proj/proposal.fdb_latexmk
[18:31:10] Recipe step 1: latexmk, -synctex=1,-interaction=nonstopmode,-file-line-error,-pdf,-outdir=/home/fenris/work/dead/University/Semester6/Minor_Proj,/home/fenris/work/dead/University/Semester6/Minor_Proj/proposal
[18:31:10] Recipe step env: {}
[18:31:10] cwd: /home/fenris/work/dead/University/Semester6/Minor_Proj
[18:31:10] LaTeX build process spawned. PID: 24355.
[18:31:10] Manager.fileWatcher.getWatched: {"/home/fenris/work/dead/University/Semester6/Minor_Proj":["proposal.tex"]}
[18:31:10] Manager.filesWatched: ["/home/fenris/work/dead/University/Semester6/Minor_Proj/proposal.tex"]
[18:31:10] BibWatcher.bibWatcher.getWatched: {}
[18:31:10] BibWatcher.bibsWatched: []
[18:31:10] PdfWatcher.pdfWatcher.getWatched: {}
[18:31:10] PdfWatcher.pdfsWatched: []
[18:31:12] LaTeX log parsed with 3 messages.
[18:31:12] Recipe returns with error: 12/null. PID: 24355. message: Rc files read:
  NONE
Latexmk: This is Latexmk, John Collins, 20 November 2021, version: 4.76.
Rule 'pdflatex': File changes, etc:
   Changed files, or newly in use since previous run(s):
      '/home/fenris/work/dead/University/Semester6/Minor_Proj/proposal.tex'
------------
Run number 1 of rule 'pdflatex'
------------
------------
Running 'pdflatex  -synctex=1 -interaction=nonstopmode -file-line-error -recorder  "/home/fenris/work/dead/University/Semester6/Minor_Proj/proposal.tex"'
------------
Latexmk: Missing input file 'private/Header.jpeg' (or dependence on it) from following:
  'LaTeX Warning: File `private/Header.jpeg' not found on input line 23.'
Latexmk: Log file says output to 'proposal.pdf'
Collected error summary (may duplicate other messages):
  pdflatex: Command for 'pdflatex' gave return code 1
      Refer to 'proposal.log' for details
Latexmk: Use the -f option to force complete processing,
 unless error was exceeding maximum runs, or warnings treated as errors.
.
[18:31:12] The environment variable $PATH: /home/fenris/Apps/anaconda3/bin:/home/fenris/Apps/anaconda3/condabin:/usr/local/sbin:/usr/local/bin:/usr/bin:/usr/lib/jvm/default/bin:/usr/bin/site_perl:/usr/bin/vendor_perl:/usr/bin/core_perl
[18:31:12] The environment variable $Path: undefined
[18:31:12] The environment variable $SHELL: /usr/bin/zsh
[18:31:12] Clean glob matched files: {"globs":["*.aux","*.bbl","*.blg","*.idx","*.ind","*.lof","*.lot","*.out","*.toc","*.acn","*.acr","*.alg","*.glg","*.glo","*.gls","*.fls","*.log","*.fdb_latexmk","*.snm","*.synctex(busy)","*.synctex.gz(busy)","*.nav","*.vrb"],"outdir":"/home/fenris/work/dead/University/Semester6/Minor_Proj"}
[18:31:12] Cleaning file: /home/fenris/work/dead/University/Semester6/Minor_Proj/proposal.aux
[18:31:12] Cleaning file: /home/fenris/work/dead/University/Semester6/Minor_Proj/proposal.fls
[18:31:12] Cleaning file: /home/fenris/work/dead/University/Semester6/Minor_Proj/proposal.log
[18:31:12] Cleaning file: /home/fenris/work/dead/University/Semester6/Minor_Proj/proposal.fdb_latexmk
[18:31:13] VIEW command invoked with mode: file:///home/fenris/work/dead/University/Semester6/Minor_Proj/proposal.tex.
[18:31:13] Current workspace folders: ["file:///home/fenris/work/dead/University/Semester6"]
[18:31:13] Current workspaceRootDir: file:///home/fenris/work/dead/University/Semester6
[18:31:13] Found root file from active editor: /home/fenris/work/dead/University/Semester6/Minor_Proj/proposal.tex
[18:31:13] Keep using the same root file: /home/fenris/work/dead/University/Semester6/Minor_Proj/proposal.tex
[18:31:13] Serving PDF file at http://127.0.0.1:33973/viewer.html?file=pdf..ZmlsZSUzQSUyRiUyRiUyRmhvbWUlMkZmZW5yaXMlMkZ3b3JrJTJGZGVhZCUyRlVuaXZlcnNpdHklMkZTZW1lc3RlcjYlMkZNaW5vcl9Qcm9qJTJGcHJvcG9zYWwucGRm
[18:31:13] The encoded path is file:///home/fenris/work/dead/University/Semester6/Minor_Proj/proposal.pdf
[18:31:13] The internal PDF viewer url: http://127.0.0.1:33973/viewer.html?incode=1&file=pdf..ZmlsZSUzQSUyRiUyRiUyRmhvbWUlMkZmZW5yaXMlMkZ3b3JrJTJGZGVhZCUyRlVuaXZlcnNpdHklMkZTZW1lc3RlcjYlMkZNaW5vcl9Qcm9qJTJGcHJvcG9zYWwucGRm
[18:31:13] Added to PDF file watcher: file:///home/fenris/work/dead/University/Semester6/Minor_Proj/proposal.pdf
[18:31:13] Open PDF tab for file:///home/fenris/work/dead/University/Semester6/Minor_Proj/proposal.pdf
[18:31:14] Handle data type: open
[18:31:14] Preview PDF file: file:///home/fenris/work/dead/University/Semester6/Minor_Proj/proposal.pdf
[18:31:14] Handle data type: request_params
[18:31:14] Sending the settings of the PDF viewer for initialization: {"type":"params","scale":"auto","trim":0,"scrollMode":0,"spreadMode":0,"hand":false,"invertMode":{"enabled":false,"brightness":1,"grayscale":0.6,"hueRotate":180,"invert":0,"sepia":0},"bgColor":"#ffffff","keybindings":{"synctex":"ctrl-click"}}
[18:31:14] Handle data type: loaded
[18:31:14] Current workspace folders: ["file:///home/fenris/work/dead/University/Semester6"]
[18:31:14] Current workspaceRootDir: file:///home/fenris/work/dead/University/Semester6
[18:31:14] Found root file from active editor: /home/fenris/work/dead/University/Semester6/Minor_Proj/proposal.tex
[18:31:14] Keep using the same root file: /home/fenris/work/dead/University/Semester6/Minor_Proj/proposal.tex
[18:31:15] Manager.fileWatcher.getWatched: {"/home/fenris/work/dead/University/Semester6/Minor_Proj":["proposal.tex"]}
[18:31:15] Manager.filesWatched: ["/home/fenris/work/dead/University/Semester6/Minor_Proj/proposal.tex"]
[18:31:15] BibWatcher.bibWatcher.getWatched: {}
[18:31:15] BibWatcher.bibsWatched: []
[18:31:15] PdfWatcher.pdfWatcher.getWatched: {"/home/fenris/work/dead/University/Semester6/Minor_Proj":["proposal.pdf"]}
[18:31:15] PdfWatcher.pdfsWatched: ["/home/fenris/work/dead/University/Semester6/Minor_Proj/proposal.pdf"]
[18:31:16] Manager.fileWatcher.getWatched: {"/home/fenris/work/dead/University/Semester6/Minor_Proj":["proposal.tex"]}
[18:31:16] Manager.filesWatched: ["/home/fenris/work/dead/University/Semester6/Minor_Proj/proposal.tex"]
[18:31:16] BibWatcher.bibWatcher.getWatched: {}
[18:31:16] BibWatcher.bibsWatched: []
[18:31:16] PdfWatcher.pdfWatcher.getWatched: {"/home/fenris/work/dead/University/Semester6/Minor_Proj":["proposal.pdf"]}
[18:31:16] PdfWatcher.pdfsWatched: ["/home/fenris/work/dead/University/Semester6/Minor_Proj/proposal.pdf"]
