[2022-02-18T13:01:08.841Z] Validating found git in: git
[2022-02-18T13:01:08.909Z] Using git 2.35.1 from git
[2022-02-18T13:01:08.955Z] > git rev-parse --git-dir [2ms]
[2022-02-18T13:01:08.966Z] Open repository: /home/fenris/work/dead/University
[2022-02-18T13:01:09.917Z] > git ls-files --stage -- /home/fenris/work/dead/University/Semester6/Minor_Proj/proposal.tex [13ms]
[2022-02-18T13:01:09.930Z] > git cat-file -s b739f23fcb6ecbaa44b246947742a47f21a6a59f [5ms]
[2022-02-18T13:01:10.198Z] > git fetch [1215ms]
[2022-02-18T13:01:10.198Z] warning: redirecting to https://github.com/TheFenrisLycaon/University.git/
[2022-02-18T13:01:10.663Z] > git symbolic-ref --short HEAD [2ms]
[2022-02-18T13:01:10.715Z] > git for-each-ref --format=%(refname)%00%(upstream:short)%00%(objectname)%00%(upstream:track) refs/heads/master refs/remotes/master [3ms]
[2022-02-18T13:01:10.743Z] > git remote --verbose [4ms]
[2022-02-18T13:01:10.744Z] > git for-each-ref --sort -committerdate --format %(refname) %(objectname) %(*objectname) [19ms]
[2022-02-18T13:01:10.787Z] > git config --get commit.template [23ms]
[2022-02-18T13:01:10.835Z] > git config --local branch.master.github-pr-owner-number [6ms]
[2022-02-18T13:01:11.366Z] > git ls-files --stage -- /home/fenris/work/dead/University/Semester6/Minor_Proj/proposal.tex [2ms]
[2022-02-18T13:01:11.374Z] > git cat-file -s b739f23fcb6ecbaa44b246947742a47f21a6a59f [2ms]
[2022-02-18T13:01:12.092Z] > git symbolic-ref --short HEAD [2ms]
[2022-02-18T13:01:12.101Z] > git for-each-ref --format=%(refname)%00%(upstream:short)%00%(objectname)%00%(upstream:track) refs/heads/master refs/remotes/master [2ms]
[2022-02-18T13:01:12.116Z] > git for-each-ref --sort -committerdate --format %(refname) %(objectname) %(*objectname) [8ms]
[2022-02-18T13:01:12.118Z] > git remote --verbose [4ms]
[2022-02-18T13:01:12.135Z] > git config --get commit.template [5ms]
[2022-02-18T13:01:13.984Z] > git ls-files --stage -- /home/fenris/work/dead/University/Semester6/Minor_Proj/proposal.tex [4ms]
[2022-02-18T13:01:14.024Z] > git cat-file -s b739f23fcb6ecbaa44b246947742a47f21a6a59f [27ms]
[2022-02-18T13:01:15.223Z] > git symbolic-ref --short HEAD [4ms]
[2022-02-18T13:01:15.234Z] > git for-each-ref --format=%(refname)%00%(upstream:short)%00%(objectname)%00%(upstream:track) refs/heads/master refs/remotes/master [2ms]
[2022-02-18T13:01:15.266Z] > git for-each-ref --sort -committerdate --format %(refname) %(objectname) %(*objectname) [8ms]
[2022-02-18T13:01:15.266Z] > git remote --verbose [2ms]
[2022-02-18T13:01:15.509Z] > git config --get commit.template [4ms]
[2022-02-18T13:02:52.796Z] > git ls-files --stage -- /home/fenris/work/dead/University/Semester6/Minor_Proj/proposal.tex [2ms]
[2022-02-18T13:02:52.805Z] > git cat-file -s b739f23fcb6ecbaa44b246947742a47f21a6a59f [1ms]
[2022-02-18T13:02:53.792Z] > git symbolic-ref --short HEAD [22ms]
[2022-02-18T13:02:53.802Z] > git for-each-ref --format=%(refname)%00%(upstream:short)%00%(objectname)%00%(upstream:track) refs/heads/master refs/remotes/master [3ms]
[2022-02-18T13:02:53.822Z] > git remote --verbose [4ms]
[2022-02-18T13:02:53.823Z] > git for-each-ref --sort -committerdate --format %(refname) %(objectname) %(*objectname) [13ms]
[2022-02-18T13:02:53.843Z] > git config --get commit.template [7ms]
[2022-02-18T13:02:53.993Z] > git ls-files --stage -- /home/fenris/work/dead/University/Semester6/Minor_Proj/proposal.tex [2ms]
[2022-02-18T13:02:54.002Z] > git cat-file -s b739f23fcb6ecbaa44b246947742a47f21a6a59f [2ms]
