[2021-07-16 14:42:17.260] [exthost] [info] extension host started
[2021-07-16 14:42:17.311] [exthost] [info] Lock '/home/fenris/.config/Code/User/workspaceStorage/4b669bf6c34700d35b616fa9180cdb75/vscode.lock': Lock acquired.
[2021-07-16 14:42:17.431] [exthost] [info] ExtensionService#_doActivateExtension vscode.microsoft-authentication {"startup":false,"extensionId":{"value":"vscode.microsoft-authentication","_lower":"vscode.microsoft-authentication"},"activationEvent":"onAuthenticationRequest:microsoft"}
[2021-07-16 14:42:17.431] [exthost] [info] ExtensionService#loadCommonJSModule file:///opt/visual-studio-code/resources/app/extensions/microsoft-authentication/dist/extension.js
[2021-07-16 14:42:17.446] [exthost] [info] ExtensionService#_doActivateExtension aaron-bond.better-comments {"startup":false,"extensionId":{"value":"aaron-bond.better-comments","_lower":"aaron-bond.better-comments"},"activationEvent":"onLanguage:plaintext"}
[2021-07-16 14:42:17.446] [exthost] [info] ExtensionService#loadCommonJSModule file:///home/fenris/.vscode/extensions/aaron-bond.better-comments-2.1.0/out/extension
[2021-07-16 14:42:17.451] [exthost] [info] ExtensionService#_doActivateExtension ms-python.python {"startup":false,"extensionId":{"value":"ms-python.vscode-pylance","_lower":"ms-python.vscode-pylance"},"activationEvent":"onLanguage:python"}
[2021-07-16 14:42:17.451] [exthost] [info] ExtensionService#loadCommonJSModule file:///home/fenris/.vscode/extensions/ms-python.python-2021.6.944021595/out/client/extension
[2021-07-16 14:42:17.621] [exthost] [info] ExtensionService#_doActivateExtension ms-toolsai.jupyter {"startup":false,"extensionId":{"value":"ms-toolsai.jupyter","_lower":"ms-toolsai.jupyter"},"activationEvent":"onLanguage:python"}
[2021-07-16 14:42:17.622] [exthost] [info] ExtensionService#loadCommonJSModule file:///home/fenris/.vscode/extensions/ms-toolsai.jupyter-2021.8.1013163132/out/client/extension
[2021-07-16 14:42:17.825] [exthost] [info] ExtensionService#_doActivateExtension vscode.git {"startup":true,"extensionId":{"value":"vscode.github","_lower":"vscode.github"},"activationEvent":"*"}
[2021-07-16 14:42:17.825] [exthost] [info] ExtensionService#loadCommonJSModule file:///opt/visual-studio-code/resources/app/extensions/git/dist/main
[2021-07-16 14:42:17.866] [exthost] [info] ExtensionService#_doActivateExtension alefragnani.project-manager {"startup":true,"extensionId":{"value":"alefragnani.project-manager","_lower":"alefragnani.project-manager"},"activationEvent":"*"}
[2021-07-16 14:42:17.867] [exthost] [info] ExtensionService#loadCommonJSModule file:///home/fenris/.vscode/extensions/alefragnani.project-manager-12.3.0/dist/extension
[2021-07-16 14:42:17.889] [exthost] [info] ExtensionService#_doActivateExtension christian-kohler.path-intellisense {"startup":true,"extensionId":{"value":"christian-kohler.path-intellisense","_lower":"christian-kohler.path-intellisense"},"activationEvent":"*"}
[2021-07-16 14:42:17.889] [exthost] [info] ExtensionService#loadCommonJSModule file:///home/fenris/.vscode/extensions/christian-kohler.path-intellisense-2.3.0/out/extension.js
[2021-07-16 14:42:17.911] [exthost] [info] ExtensionService#_doActivateExtension CoenraadS.bracket-pair-colorizer {"startup":true,"extensionId":{"value":"CoenraadS.bracket-pair-colorizer","_lower":"coenraads.bracket-pair-colorizer"},"activationEvent":"*"}
[2021-07-16 14:42:17.911] [exthost] [info] ExtensionService#loadCommonJSModule file:///home/fenris/.vscode/extensions/coenraads.bracket-pair-colorizer-1.0.61/out/src/extension
[2021-07-16 14:42:17.947] [exthost] [info] ExtensionService#_doActivateExtension GitHub.vscode-pull-request-github {"startup":true,"extensionId":{"value":"GitHub.vscode-pull-request-github","_lower":"github.vscode-pull-request-github"},"activationEvent":"*"}
[2021-07-16 14:42:17.947] [exthost] [info] ExtensionService#loadCommonJSModule file:///home/fenris/.vscode/extensions/github.vscode-pull-request-github-0.28.0/dist/extension
[2021-07-16 14:42:17.969] [exthost] [info] ExtensionService#_doActivateExtension PKief.material-icon-theme {"startup":true,"extensionId":{"value":"PKief.material-icon-theme","_lower":"pkief.material-icon-theme"},"activationEvent":"*"}
[2021-07-16 14:42:17.969] [exthost] [info] ExtensionService#loadCommonJSModule file:///home/fenris/.vscode/extensions/pkief.material-icon-theme-4.8.0/dist/extension
[2021-07-16 14:42:17.981] [exthost] [info] ExtensionService#_doActivateExtension ritwickdey.LiveServer {"startup":true,"extensionId":{"value":"ritwickdey.LiveServer","_lower":"ritwickdey.liveserver"},"activationEvent":"*"}
[2021-07-16 14:42:17.981] [exthost] [info] ExtensionService#loadCommonJSModule file:///home/fenris/.vscode/extensions/ritwickdey.liveserver-5.6.1/out/src/extension
[2021-07-16 14:42:18.811] [exthost] [info] ExtensionService#_doActivateExtension vscode.github {"startup":true,"extensionId":{"value":"vscode.github","_lower":"vscode.github"},"activationEvent":"*"}
[2021-07-16 14:42:18.811] [exthost] [info] ExtensionService#loadCommonJSModule file:///opt/visual-studio-code/resources/app/extensions/github/dist/extension.js
[2021-07-16 14:42:18.814] [exthost] [info] ExtensionService#_doActivateExtension vscode.github-authentication {"startup":false,"extensionId":{"value":"vscode.github-authentication","_lower":"vscode.github-authentication"},"activationEvent":"onAuthenticationRequest:github"}
[2021-07-16 14:42:18.815] [exthost] [info] ExtensionService#loadCommonJSModule file:///opt/visual-studio-code/resources/app/extensions/github-authentication/dist/extension.js
[2021-07-16 14:42:24.075] [exthost] [info] eager extensions activated
[2021-07-16 14:42:24.116] [exthost] [info] ExtensionService#_doActivateExtension ms-python.vscode-pylance {"startup":false,"extensionId":{"value":"ms-python.vscode-pylance","_lower":"ms-python.vscode-pylance"},"activationEvent":"onLanguage:python"}
[2021-07-16 14:42:24.116] [exthost] [info] ExtensionService#loadCommonJSModule file:///home/fenris/.vscode/extensions/ms-python.vscode-pylance-2021.7.4/dist/extension.bundle.js
[2021-07-16 14:42:24.233] [exthost] [info] ExtensionService#_doActivateExtension vscode.emmet {"startup":false,"extensionId":{"value":"vscode.emmet","_lower":"vscode.emmet"},"activationEvent":"onStartupFinished"}
[2021-07-16 14:42:24.233] [exthost] [info] ExtensionService#loadCommonJSModule file:///opt/visual-studio-code/resources/app/extensions/emmet/dist/node/emmetNodeMain
[2021-07-16 14:42:24.239] [exthost] [info] ExtensionService#_doActivateExtension vscode.merge-conflict {"startup":false,"extensionId":{"value":"vscode.merge-conflict","_lower":"vscode.merge-conflict"},"activationEvent":"onStartupFinished"}
[2021-07-16 14:42:24.239] [exthost] [info] ExtensionService#loadCommonJSModule file:///opt/visual-studio-code/resources/app/extensions/merge-conflict/dist/mergeConflictMain
[2021-07-16 14:42:24.241] [exthost] [info] ExtensionService#_doActivateExtension vscode.testing-editor-contributions {"startup":false,"extensionId":{"value":"vscode.testing-editor-contributions","_lower":"vscode.testing-editor-contributions"},"activationEvent":"onStartupFinished"}
[2021-07-16 14:42:24.241] [exthost] [info] ExtensionService#loadCommonJSModule file:///opt/visual-studio-code/resources/app/extensions/testing-editor-contributions/dist/extension.js
[2021-07-16 15:08:31.819] [exthost] [error] [ms-python.python] provider FAILED
[2021-07-16 15:08:31.819] [exthost] [error] Canceled: Canceled
	at E.makeCancelError (/home/fenris/.vscode/extensions/ms-python.python-2021.6.944021595/out/client/extension.js:9:184136)
	at E.handleFailedRequest (/home/fenris/.vscode/extensions/ms-python.python-2021.6.944021595/out/client/extension.js:9:183987)
	at /home/fenris/.vscode/extensions/ms-python.python-2021.6.944021595/out/client/extension.js:9:144329
[2021-07-16 15:31:16.235] [exthost] [error] [ms-python.python] provider FAILED
[2021-07-16 15:31:16.248] [exthost] [error] Canceled: Canceled
	at E.makeCancelError (/home/fenris/.vscode/extensions/ms-python.python-2021.6.944021595/out/client/extension.js:9:184136)
	at E.handleFailedRequest (/home/fenris/.vscode/extensions/ms-python.python-2021.6.944021595/out/client/extension.js:9:183987)
	at /home/fenris/.vscode/extensions/ms-python.python-2021.6.944021595/out/client/extension.js:9:144329
[2021-07-16 16:05:08.926] [exthost] [info] extension host terminating: renderer closed the socket
[2021-07-16 16:05:08.941] [exthost] [info] Lock '/home/fenris/.config/Code/User/workspaceStorage/4b669bf6c34700d35b616fa9180cdb75/vscode.lock': Marking the lockfile as scheduled to be released in 6000 ms.
[2021-07-16 16:05:10.024] [exthost] [info] exiting with code 0
