[2021-07-14 19:38:35.501] [exthost] [info] extension host started
[2021-07-14 19:38:35.532] [exthost] [info] Lock '/home/fenris/.config/Code/User/workspaceStorage/1995a77f70b50e91063698de1f94617a/vscode.lock': Lock acquired.
[2021-07-14 19:38:35.573] [exthost] [info] ExtensionService#_doActivateExtension vscode.microsoft-authentication {"startup":false,"extensionId":{"value":"vscode.microsoft-authentication","_lower":"vscode.microsoft-authentication"},"activationEvent":"onAuthenticationRequest:microsoft"}
[2021-07-14 19:38:35.573] [exthost] [info] ExtensionService#loadCommonJSModule file:///opt/visual-studio-code/resources/app/extensions/microsoft-authentication/dist/extension.js
[2021-07-14 19:38:35.598] [exthost] [info] ExtensionService#_doActivateExtension vscode.git {"startup":true,"extensionId":{"value":"vscode.github","_lower":"vscode.github"},"activationEvent":"*"}
[2021-07-14 19:38:35.598] [exthost] [info] ExtensionService#loadCommonJSModule file:///opt/visual-studio-code/resources/app/extensions/git/dist/main
[2021-07-14 19:38:35.738] [exthost] [info] ExtensionService#_doActivateExtension alefragnani.project-manager {"startup":true,"extensionId":{"value":"alefragnani.project-manager","_lower":"alefragnani.project-manager"},"activationEvent":"*"}
[2021-07-14 19:38:35.738] [exthost] [info] ExtensionService#loadCommonJSModule file:///home/fenris/.vscode/extensions/alefragnani.project-manager-12.3.0/dist/extension
[2021-07-14 19:38:35.784] [exthost] [info] ExtensionService#_doActivateExtension GitHub.vscode-pull-request-github {"startup":true,"extensionId":{"value":"GitHub.vscode-pull-request-github","_lower":"github.vscode-pull-request-github"},"activationEvent":"*"}
[2021-07-14 19:38:35.784] [exthost] [info] ExtensionService#loadCommonJSModule file:///home/fenris/.vscode/extensions/github.vscode-pull-request-github-0.28.0/dist/extension
[2021-07-14 19:38:36.063] [exthost] [info] ExtensionService#_doActivateExtension PKief.material-icon-theme {"startup":true,"extensionId":{"value":"PKief.material-icon-theme","_lower":"pkief.material-icon-theme"},"activationEvent":"*"}
[2021-07-14 19:38:36.063] [exthost] [info] ExtensionService#loadCommonJSModule file:///home/fenris/.vscode/extensions/pkief.material-icon-theme-4.8.0/dist/extension
[2021-07-14 19:38:36.388] [exthost] [info] ExtensionService#_doActivateExtension vscode.github-authentication {"startup":false,"extensionId":{"value":"vscode.github-authentication","_lower":"vscode.github-authentication"},"activationEvent":"onAuthenticationRequest:github"}
[2021-07-14 19:38:36.388] [exthost] [info] ExtensionService#loadCommonJSModule file:///opt/visual-studio-code/resources/app/extensions/github-authentication/dist/extension.js
[2021-07-14 19:38:36.438] [exthost] [info] ExtensionService#_doActivateExtension vscode.github {"startup":true,"extensionId":{"value":"vscode.github","_lower":"vscode.github"},"activationEvent":"*"}
[2021-07-14 19:38:36.438] [exthost] [info] ExtensionService#loadCommonJSModule file:///opt/visual-studio-code/resources/app/extensions/github/dist/extension.js
[2021-07-14 19:38:36.483] [exthost] [info] eager extensions activated
[2021-07-14 19:38:36.525] [exthost] [info] ExtensionService#_doActivateExtension vscode.emmet {"startup":false,"extensionId":{"value":"vscode.emmet","_lower":"vscode.emmet"},"activationEvent":"onStartupFinished"}
[2021-07-14 19:38:36.525] [exthost] [info] ExtensionService#loadCommonJSModule file:///opt/visual-studio-code/resources/app/extensions/emmet/dist/node/emmetNodeMain
[2021-07-14 19:38:36.541] [exthost] [info] ExtensionService#_doActivateExtension vscode.merge-conflict {"startup":false,"extensionId":{"value":"vscode.merge-conflict","_lower":"vscode.merge-conflict"},"activationEvent":"onStartupFinished"}
[2021-07-14 19:38:36.541] [exthost] [info] ExtensionService#loadCommonJSModule file:///opt/visual-studio-code/resources/app/extensions/merge-conflict/dist/mergeConflictMain
[2021-07-14 19:38:36.546] [exthost] [info] ExtensionService#_doActivateExtension vscode.testing-editor-contributions {"startup":false,"extensionId":{"value":"vscode.testing-editor-contributions","_lower":"vscode.testing-editor-contributions"},"activationEvent":"onStartupFinished"}
[2021-07-14 19:38:36.546] [exthost] [info] ExtensionService#loadCommonJSModule file:///opt/visual-studio-code/resources/app/extensions/testing-editor-contributions/dist/extension.js
[2021-07-14 19:38:37.209] [exthost] [info] ExtensionService#_doActivateExtension christian-kohler.path-intellisense {"startup":false,"extensionId":{"value":"christian-kohler.path-intellisense","_lower":"christian-kohler.path-intellisense"},"activationEvent":"*"}
[2021-07-14 19:38:37.209] [exthost] [info] ExtensionService#loadCommonJSModule file:///home/fenris/.vscode/extensions/christian-kohler.path-intellisense-2.3.0/out/extension.js
[2021-07-14 19:38:38.048] [exthost] [info] ExtensionService#_doActivateExtension CoenraadS.bracket-pair-colorizer {"startup":false,"extensionId":{"value":"CoenraadS.bracket-pair-colorizer","_lower":"coenraads.bracket-pair-colorizer"},"activationEvent":"*"}
[2021-07-14 19:38:38.048] [exthost] [info] ExtensionService#loadCommonJSModule file:///home/fenris/.vscode/extensions/coenraads.bracket-pair-colorizer-1.0.61/out/src/extension
[2021-07-14 19:38:38.140] [exthost] [info] ExtensionService#_doActivateExtension ritwickdey.LiveServer {"startup":false,"extensionId":{"value":"ritwickdey.LiveServer","_lower":"ritwickdey.liveserver"},"activationEvent":"*"}
[2021-07-14 19:38:38.140] [exthost] [info] ExtensionService#loadCommonJSModule file:///home/fenris/.vscode/extensions/ritwickdey.liveserver-5.6.1/out/src/extension
[2021-07-14 19:39:03.499] [exthost] [info] ExtensionService#_doActivateExtension aaron-bond.better-comments {"startup":false,"extensionId":{"value":"aaron-bond.better-comments","_lower":"aaron-bond.better-comments"},"activationEvent":"onLanguage:python"}
[2021-07-14 19:39:03.499] [exthost] [info] ExtensionService#loadCommonJSModule file:///home/fenris/.vscode/extensions/aaron-bond.better-comments-2.1.0/out/extension
[2021-07-14 19:39:03.521] [exthost] [info] ExtensionService#_doActivateExtension ms-python.python {"startup":false,"extensionId":{"value":"ms-python.vscode-pylance","_lower":"ms-python.vscode-pylance"},"activationEvent":"onLanguage:python"}
[2021-07-14 19:39:03.521] [exthost] [info] ExtensionService#loadCommonJSModule file:///home/fenris/.vscode/extensions/ms-python.python-2021.6.944021595/out/client/extension
[2021-07-14 19:39:03.978] [exthost] [info] ExtensionService#_doActivateExtension ms-toolsai.jupyter {"startup":false,"extensionId":{"value":"ms-toolsai.jupyter","_lower":"ms-toolsai.jupyter"},"activationEvent":"onLanguage:python"}
[2021-07-14 19:39:03.978] [exthost] [info] ExtensionService#loadCommonJSModule file:///home/fenris/.vscode/extensions/ms-toolsai.jupyter-2021.8.1013163132/out/client/extension
[2021-07-14 19:39:05.853] [exthost] [info] ExtensionService#_doActivateExtension ms-python.vscode-pylance {"startup":false,"extensionId":{"value":"ms-python.vscode-pylance","_lower":"ms-python.vscode-pylance"},"activationEvent":"onLanguage:python"}
[2021-07-14 19:39:05.853] [exthost] [info] ExtensionService#loadCommonJSModule file:///home/fenris/.vscode/extensions/ms-python.vscode-pylance-2021.7.2/dist/extension.bundle.js
[2021-07-14 19:40:00.882] [exthost] [error] [ms-python.python] provider FAILED
[2021-07-14 19:40:00.882] [exthost] [error] Canceled: Canceled
	at E.makeCancelError (/home/fenris/.vscode/extensions/ms-python.python-2021.6.944021595/out/client/extension.js:9:184136)
	at E.handleFailedRequest (/home/fenris/.vscode/extensions/ms-python.python-2021.6.944021595/out/client/extension.js:9:183987)
	at /home/fenris/.vscode/extensions/ms-python.python-2021.6.944021595/out/client/extension.js:9:144329
[2021-07-14 19:40:02.048] [exthost] [error] [ms-python.python] provider FAILED
[2021-07-14 19:40:02.049] [exthost] [error] TypeError: Cannot read property 'items' of undefined
	at completionLengthMeasure (/home/fenris/.vscode/extensions/ms-python.python-2021.6.944021595/out/client/extension.js:9:446132)
	at p (/home/fenris/.vscode/extensions/ms-python.python-2021.6.944021595/out/client/extension.js:9:448795)
	at async M.provideCompletionItems (/opt/visual-studio-code/resources/app/out/vs/workbench/services/extensions/node/extensionHostProcess.js:84:183488)
[2021-07-14 19:41:03.162] [exthost] [error] [ms-python.python] provider FAILED
[2021-07-14 19:41:03.163] [exthost] [error] Canceled: Canceled
	at E.makeCancelError (/home/fenris/.vscode/extensions/ms-python.python-2021.6.944021595/out/client/extension.js:9:184136)
	at E.handleFailedRequest (/home/fenris/.vscode/extensions/ms-python.python-2021.6.944021595/out/client/extension.js:9:183987)
	at /home/fenris/.vscode/extensions/ms-python.python-2021.6.944021595/out/client/extension.js:9:147921
[2021-07-14 19:41:41.706] [exthost] [info] ExtensionService#_doActivateExtension vscode.configuration-editing {"startup":false,"extensionId":{"value":"vscode.configuration-editing","_lower":"vscode.configuration-editing"},"activationEvent":"onLanguage:jsonc"}
[2021-07-14 19:41:41.706] [exthost] [info] ExtensionService#loadCommonJSModule file:///opt/visual-studio-code/resources/app/extensions/configuration-editing/dist/configurationEditingMain
[2021-07-14 19:41:41.722] [exthost] [info] ExtensionService#_doActivateExtension vscode.json-language-features {"startup":false,"extensionId":{"value":"vscode.json-language-features","_lower":"vscode.json-language-features"},"activationEvent":"onLanguage:jsonc"}
[2021-07-14 19:41:41.722] [exthost] [info] ExtensionService#loadCommonJSModule file:///opt/visual-studio-code/resources/app/extensions/json-language-features/client/dist/node/jsonClientMain
[2021-07-14 19:41:41.755] [exthost] [info] ExtensionService#_doActivateExtension vscode.typescript-language-features {"startup":false,"extensionId":{"value":"vscode.typescript-language-features","_lower":"vscode.typescript-language-features"},"activationEvent":"onLanguage:jsonc"}
[2021-07-14 19:41:41.755] [exthost] [info] ExtensionService#loadCommonJSModule file:///opt/visual-studio-code/resources/app/extensions/typescript-language-features/dist/extension
[2021-07-14 19:49:28.401] [exthost] [error] [ms-python.python] provider FAILED
[2021-07-14 19:49:28.402] [exthost] [error] Canceled: Canceled
	at E.makeCancelError (/home/fenris/.vscode/extensions/ms-python.python-2021.6.944021595/out/client/extension.js:9:184136)
	at E.handleFailedRequest (/home/fenris/.vscode/extensions/ms-python.python-2021.6.944021595/out/client/extension.js:9:183987)
	at /home/fenris/.vscode/extensions/ms-python.python-2021.6.944021595/out/client/extension.js:9:144329
[2021-07-14 19:51:07.868] [exthost] [error] [ms-python.python] provider FAILED
[2021-07-14 19:51:07.868] [exthost] [error] Canceled: Canceled
	at E.makeCancelError (/home/fenris/.vscode/extensions/ms-python.python-2021.6.944021595/out/client/extension.js:9:184136)
	at E.handleFailedRequest (/home/fenris/.vscode/extensions/ms-python.python-2021.6.944021595/out/client/extension.js:9:183987)
	at /home/fenris/.vscode/extensions/ms-python.python-2021.6.944021595/out/client/extension.js:9:144329
[2021-07-14 19:51:11.430] [exthost] [error] [ms-python.python] provider FAILED
[2021-07-14 19:51:11.431] [exthost] [error] Canceled: Canceled
	at E.makeCancelError (/home/fenris/.vscode/extensions/ms-python.python-2021.6.944021595/out/client/extension.js:9:184136)
	at E.handleFailedRequest (/home/fenris/.vscode/extensions/ms-python.python-2021.6.944021595/out/client/extension.js:9:183987)
	at /home/fenris/.vscode/extensions/ms-python.python-2021.6.944021595/out/client/extension.js:9:144329
[2021-07-14 19:51:13.984] [exthost] [error] [ms-python.python] provider FAILED
[2021-07-14 19:51:13.985] [exthost] [error] Canceled: Canceled
	at E.makeCancelError (/home/fenris/.vscode/extensions/ms-python.python-2021.6.944021595/out/client/extension.js:9:184136)
	at E.handleFailedRequest (/home/fenris/.vscode/extensions/ms-python.python-2021.6.944021595/out/client/extension.js:9:183987)
	at /home/fenris/.vscode/extensions/ms-python.python-2021.6.944021595/out/client/extension.js:9:151848
[2021-07-14 19:57:07.731] [exthost] [error] [ms-python.python] provider FAILED
[2021-07-14 19:57:07.731] [exthost] [error] Canceled: Canceled
	at E.makeCancelError (/home/fenris/.vscode/extensions/ms-python.python-2021.6.944021595/out/client/extension.js:9:184136)
	at E.handleFailedRequest (/home/fenris/.vscode/extensions/ms-python.python-2021.6.944021595/out/client/extension.js:9:183987)
	at /home/fenris/.vscode/extensions/ms-python.python-2021.6.944021595/out/client/extension.js:9:144329
[2021-07-14 20:04:57.527] [exthost] [error] [ms-python.python] provider FAILED
[2021-07-14 20:04:57.527] [exthost] [error] Canceled: Canceled
	at E.makeCancelError (/home/fenris/.vscode/extensions/ms-python.python-2021.6.944021595/out/client/extension.js:9:184136)
	at E.handleFailedRequest (/home/fenris/.vscode/extensions/ms-python.python-2021.6.944021595/out/client/extension.js:9:183987)
	at /home/fenris/.vscode/extensions/ms-python.python-2021.6.944021595/out/client/extension.js:9:144329
[2021-07-14 20:08:20.717] [exthost] [info] extension host terminating: renderer closed the socket
[2021-07-14 20:08:20.718] [exthost] [info] Lock '/home/fenris/.config/Code/User/workspaceStorage/1995a77f70b50e91063698de1f94617a/vscode.lock': Marking the lockfile as scheduled to be released in 6000 ms.
[2021-07-14 20:08:21.762] [exthost] [info] exiting with code 0
