Info 2021-12-02 14:51:45: Experimentation service retrieved: [object Object]
User belongs to experiment group 'jupyterTestcf'
User belongs to experiment group 'jupyterEnhancedDataViewer'
Info 2021-12-02 14:51:45: ZMQ install verified.
Info 2021-12-02 14:51:46: Experiment status for python is {"enabled":true,"optInto":[],"optOutFrom":[]}
Error 2021-12-02 14:51:56: Failed to get activated conda env variables for arima: /home/fenris/Apps/anaconda3/envs/arima/bin/python
Info 2021-12-02 14:51:56: Process Execution: > ~/Apps/anaconda3/envs/arima/bin/python -m pip list
> ~/Apps/anaconda3/envs/arima/bin/python -m pip list
Error 2021-12-02 14:51:56: Failed to get activated conda env variables for arima: /home/fenris/Apps/anaconda3/envs/arima/bin/python
Info 2021-12-02 14:51:56: Process Execution: > ~/Apps/anaconda3/envs/arima/bin/python -c "import notebook"
> ~/Apps/anaconda3/envs/arima/bin/python -c "import notebook"
Error 2021-12-02 14:51:56: Failed to get activated conda env variables for arima: /home/fenris/Apps/anaconda3/envs/arima/bin/python
Info 2021-12-02 14:51:56: Process Execution: > ~/Apps/anaconda3/envs/arima/bin/python -c "import jupyter"
> ~/Apps/anaconda3/envs/arima/bin/python -c "import jupyter"
Info 2021-12-02 15:13:12: Shutting down notebooks for f816f1d2-29b7-4f4c-a39a-ce17b015fdf9
Info 2021-12-02 15:13:12: Disposing HostJupyterExecution 3cfb7286-431c-467b-ad67-91a199f657f0
Info 2021-12-02 15:13:12: Disposing super HostJupyterExecution 3cfb7286-431c-467b-ad67-91a199f657f0
Info 2021-12-02 15:13:12: Disposing HostJupyterExecution 3cfb7286-431c-467b-ad67-91a199f657f0
Info 2021-12-02 15:13:12: Finished disposing HostJupyterExecution  3cfb7286-431c-467b-ad67-91a199f657f0
Info 2021-12-02 15:13:12: Cleaning up server cache 3cfb7286-431c-467b-ad67-91a199f657f0
Info 2021-12-02 15:13:12: Finished disposing HostJupyterExecution  3cfb7286-431c-467b-ad67-91a199f657f0
