[2022-02-18T12:53:34.674Z] Validating found git in: git
[2022-02-18T12:53:34.731Z] Using git 2.35.1 from git
[2022-02-18T12:53:34.878Z] > git rev-parse --git-dir [90ms]
[2022-02-18T12:53:34.882Z] Open repository: /home/fenris/work/dead/University
[2022-02-18T12:53:36.184Z] > git fetch [1289ms]
[2022-02-18T12:53:36.184Z] warning: redirecting to https://github.com/TheFenrisLycaon/University.git/
[2022-02-18T12:53:36.312Z] > git symbolic-ref --short HEAD [2ms]
[2022-02-18T12:53:36.324Z] > git for-each-ref --format=%(refname)%00%(upstream:short)%00%(objectname)%00%(upstream:track) refs/heads/master refs/remotes/master [4ms]
[2022-02-18T12:53:36.347Z] > git remote --verbose [5ms]
[2022-02-18T12:53:36.347Z] > git for-each-ref --sort -committerdate --format %(refname) %(objectname) %(*objectname) [14ms]
[2022-02-18T12:53:36.369Z] > git config --get commit.template [3ms]
[2022-02-18T12:53:36.403Z] > git config --local branch.master.github-pr-owner-number [7ms]
[2022-02-18T12:53:37.238Z] > git ls-files --stage -- /home/fenris/work/dead/University/Semester6/Minor_Proj/proposal.tex [3ms]
[2022-02-18T12:53:37.268Z] > git cat-file -s b739f23fcb6ecbaa44b246947742a47f21a6a59f [11ms]
[2022-02-18T12:53:37.351Z] > git ls-files --stage -- /home/fenris/work/dead/University/Semester6/Minor_Proj/proposal.tex [2ms]
[2022-02-18T12:53:37.365Z] > git cat-file -s b739f23fcb6ecbaa44b246947742a47f21a6a59f [3ms]
[2022-02-18T12:53:37.823Z] > git symbolic-ref --short HEAD [2ms]
[2022-02-18T12:53:37.834Z] > git for-each-ref --format=%(refname)%00%(upstream:short)%00%(objectname)%00%(upstream:track) refs/heads/master refs/remotes/master [2ms]
[2022-02-18T12:53:37.854Z] > git for-each-ref --sort -committerdate --format %(refname) %(objectname) %(*objectname) [10ms]
[2022-02-18T12:53:37.856Z] > git remote --verbose [3ms]
[2022-02-18T12:53:37.870Z] > git config --get commit.template [1ms]
