[2022-02-18 18:22:03.113] [sharedprocess] [info] Starting worker process with pid 2688 (type: fileWatcher, window: 1).
[2022-02-18 18:22:34.165] [sharedprocess] [info] Uninstalling extension: espressif.esp-idf-extension
[2022-02-18 18:22:34.495] [sharedprocess] [info] Detected extension removed from another source espressif.esp-idf-extension
[2022-02-18 18:22:35.210] [sharedprocess] [info] Successfully uninstalled extension: espressif.esp-idf-extension
[2022-02-18 18:22:51.824] [sharedprocess] [info] Getting Manifest... alefragnani.project-manager
[2022-02-18 18:22:51.827] [sharedprocess] [info] Getting Manifest... batisteo.vscode-django
[2022-02-18 18:22:51.831] [sharedprocess] [info] Getting Manifest... christian-kohler.path-intellisense
[2022-02-18 18:22:51.835] [sharedprocess] [info] Getting Manifest... coenraads.bracket-pair-colorizer
[2022-02-18 18:22:51.835] [sharedprocess] [info] Getting Manifest... davidanson.vscode-markdownlint
[2022-02-18 18:22:51.836] [sharedprocess] [info] Getting Manifest... github.vscode-pull-request-github
[2022-02-18 18:22:51.841] [sharedprocess] [info] Getting Manifest... golang.go
[2022-02-18 18:22:51.844] [sharedprocess] [info] Getting Manifest... jakebecker.elixir-ls
[2022-02-18 18:22:51.844] [sharedprocess] [info] Getting Manifest... james-yu.latex-workshop
[2022-02-18 18:22:51.853] [sharedprocess] [info] Getting Manifest... ms-python.python
[2022-02-18 18:22:51.854] [sharedprocess] [info] Getting Manifest... ms-python.vscode-pylance
[2022-02-18 18:22:51.854] [sharedprocess] [info] Getting Manifest... ms-toolsai.jupyter
[2022-02-18 18:22:51.855] [sharedprocess] [info] Getting Manifest... ms-toolsai.jupyter-renderers
[2022-02-18 18:22:51.855] [sharedprocess] [info] Getting Manifest... ms-vscode-remote.remote-containers
[2022-02-18 18:22:51.858] [sharedprocess] [info] Getting Manifest... ms-vscode.cpptools
[2022-02-18 18:22:51.859] [sharedprocess] [info] Getting Manifest... pkief.material-icon-theme
[2022-02-18 18:22:51.860] [sharedprocess] [info] Getting Manifest... pkief.material-product-icons
[2022-02-18 18:22:51.866] [sharedprocess] [info] Getting Manifest... redhat.vscode-yaml
[2022-02-18 18:22:51.866] [sharedprocess] [info] Getting Manifest... ritwickdey.liveserver
[2022-02-18 18:22:52.582] [sharedprocess] [info] Installing extension: ms-python.vscode-pylance
[2022-02-18 18:22:52.586] [sharedprocess] [info] Installing extension: pkief.material-icon-theme
[2022-02-18 18:22:52.592] [sharedprocess] [info] Installing extension: ms-toolsai.jupyter
[2022-02-18 18:22:52.666] [sharedprocess] [info] Installing extension: christian-kohler.path-intellisense
[2022-02-18 18:22:53.192] [sharedprocess] [info] Installing extension: batisteo.vscode-django
[2022-02-18 18:22:53.229] [sharedprocess] [info] Installing extension: coenraads.bracket-pair-colorizer
[2022-02-18 18:22:53.271] [sharedprocess] [info] Installing extension: jakebecker.elixir-ls
[2022-02-18 18:22:53.283] [sharedprocess] [info] Installing extension: golang.go
[2022-02-18 18:22:53.287] [sharedprocess] [info] Installing extension: ms-vscode-remote.remote-containers
[2022-02-18 18:22:53.297] [sharedprocess] [info] Installing extension: ms-vscode.cpptools
[2022-02-18 18:22:53.301] [sharedprocess] [info] Installing extension: pkief.material-product-icons
[2022-02-18 18:22:53.355] [sharedprocess] [info] Installing extension: ms-toolsai.jupyter-renderers
[2022-02-18 18:22:53.357] [sharedprocess] [info] Installing extension: github.vscode-pull-request-github
[2022-02-18 18:22:53.362] [sharedprocess] [info] Installing extension: ms-python.python
[2022-02-18 18:22:53.368] [sharedprocess] [info] Installing extension: ritwickdey.liveserver
[2022-02-18 18:22:53.384] [sharedprocess] [info] Installing extension: redhat.vscode-yaml
[2022-02-18 18:22:53.466] [sharedprocess] [info] Installing extension: alefragnani.project-manager
[2022-02-18 18:22:53.470] [sharedprocess] [info] Installing extension: davidanson.vscode-markdownlint
[2022-02-18 18:22:53.538] [sharedprocess] [info] Installing extension: james-yu.latex-workshop
[2022-02-18 18:23:00.573] [sharedprocess] [info] Downloaded extension: christian-kohler.path-intellisense /home/fenris/.config/Code/CachedExtensionVSIXs/christian-kohler.path-intellisense-2.8.0
[2022-02-18 18:23:00.792] [sharedprocess] [info] Extracted extension to /home/fenris/.vscode/extensions/.836f7166-cc54-4031-b2fb-07bd3cc9e4a4: christian-kohler.path-intellisense
[2022-02-18 18:23:00.795] [sharedprocess] [info] Downloaded extension: pkief.material-icon-theme /home/fenris/.config/Code/CachedExtensionVSIXs/pkief.material-icon-theme-4.13.0
[2022-02-18 18:23:01.234] [sharedprocess] [info] Renamed to /home/fenris/.vscode/extensions/christian-kohler.path-intellisense-2.8.0
[2022-02-18 18:23:01.239] [sharedprocess] [info] Extracting completed. christian-kohler.path-intellisense
[2022-02-18 18:23:01.659] [sharedprocess] [info] Extension installed successfully: christian-kohler.path-intellisense
[2022-02-18 18:23:01.759] [sharedprocess] [info] Downloaded extension: golang.go /home/fenris/.config/Code/CachedExtensionVSIXs/golang.go-0.31.1
[2022-02-18 18:23:01.992] [sharedprocess] [info] Extracted extension to /home/fenris/.vscode/extensions/.7385bbf2-5230-459f-9d30-1688d68c4e95: golang.go
[2022-02-18 18:23:02.239] [sharedprocess] [info] Renamed to /home/fenris/.vscode/extensions/golang.go-0.31.1
[2022-02-18 18:23:02.245] [sharedprocess] [info] Extracting completed. golang.go
[2022-02-18 18:23:02.290] [sharedprocess] [info] Extension installed successfully: golang.go
[2022-02-18 18:23:02.907] [sharedprocess] [info] Extracted extension to /home/fenris/.vscode/extensions/.fac833d1-52b3-4bf3-8a00-f6a50b5a143d: pkief.material-icon-theme
[2022-02-18 18:23:03.043] [sharedprocess] [info] Downloaded extension: coenraads.bracket-pair-colorizer /home/fenris/.config/Code/CachedExtensionVSIXs/coenraads.bracket-pair-colorizer-1.0.62
[2022-02-18 18:23:03.180] [sharedprocess] [info] Renamed to /home/fenris/.vscode/extensions/pkief.material-icon-theme-4.13.0
[2022-02-18 18:23:03.182] [sharedprocess] [info] Downloaded extension: pkief.material-product-icons /home/fenris/.config/Code/CachedExtensionVSIXs/pkief.material-product-icons-1.1.2
[2022-02-18 18:23:03.184] [sharedprocess] [info] Extracting completed. pkief.material-icon-theme
[2022-02-18 18:23:03.386] [sharedprocess] [info] Extension installed successfully: pkief.material-icon-theme
[2022-02-18 18:23:03.425] [sharedprocess] [info] Extracted extension to /home/fenris/.vscode/extensions/.eeac29dc-96d0-443c-b893-0c0fc0d4e7f7: pkief.material-product-icons
[2022-02-18 18:23:03.727] [sharedprocess] [info] Renamed to /home/fenris/.vscode/extensions/pkief.material-product-icons-1.1.2
[2022-02-18 18:23:03.729] [sharedprocess] [info] Extracting completed. pkief.material-product-icons
[2022-02-18 18:23:03.876] [sharedprocess] [info] Extracted extension to /home/fenris/.vscode/extensions/.2460f204-f54f-455b-b0f1-909b1f8c8c76: coenraads.bracket-pair-colorizer
[2022-02-18 18:23:04.286] [sharedprocess] [info] Extension installed successfully: pkief.material-product-icons
[2022-02-18 18:23:04.619] [sharedprocess] [info] Renamed to /home/fenris/.vscode/extensions/coenraads.bracket-pair-colorizer-1.0.62
[2022-02-18 18:23:04.659] [sharedprocess] [info] Extracting completed. coenraads.bracket-pair-colorizer
[2022-02-18 18:23:04.864] [sharedprocess] [info] Downloaded extension: redhat.vscode-yaml /home/fenris/.config/Code/CachedExtensionVSIXs/redhat.vscode-yaml-1.4.0
[2022-02-18 18:23:05.220] [sharedprocess] [info] Extension installed successfully: coenraads.bracket-pair-colorizer
[2022-02-18 18:23:05.384] [sharedprocess] [info] Extracted extension to /home/fenris/.vscode/extensions/.37fe0c88-7cac-4585-bab8-6529f55f3245: redhat.vscode-yaml
[2022-02-18 18:23:05.550] [sharedprocess] [info] Downloaded extension: davidanson.vscode-markdownlint /home/fenris/.config/Code/CachedExtensionVSIXs/davidanson.vscode-markdownlint-0.46.0
[2022-02-18 18:23:05.604] [sharedprocess] [info] Extracted extension to /home/fenris/.vscode/extensions/.ee532ac5-de45-4685-9777-03523e952e34: davidanson.vscode-markdownlint
[2022-02-18 18:23:05.677] [sharedprocess] [info] Renamed to /home/fenris/.vscode/extensions/redhat.vscode-yaml-1.4.0
[2022-02-18 18:23:05.681] [sharedprocess] [info] Extracting completed. redhat.vscode-yaml
[2022-02-18 18:23:05.813] [sharedprocess] [info] Renamed to /home/fenris/.vscode/extensions/davidanson.vscode-markdownlint-0.46.0
[2022-02-18 18:23:05.831] [sharedprocess] [info] Extracting completed. davidanson.vscode-markdownlint
[2022-02-18 18:23:05.833] [sharedprocess] [info] Extension installed successfully: redhat.vscode-yaml
[2022-02-18 18:23:05.890] [sharedprocess] [info] Extension installed successfully: davidanson.vscode-markdownlint
[2022-02-18 18:23:06.071] [sharedprocess] [info] Downloaded extension: batisteo.vscode-django /home/fenris/.config/Code/CachedExtensionVSIXs/batisteo.vscode-django-1.9.0
[2022-02-18 18:23:06.216] [sharedprocess] [info] Extracted extension to /home/fenris/.vscode/extensions/.b154673d-e36e-4336-ae51-981684494e69: batisteo.vscode-django
[2022-02-18 18:23:06.322] [sharedprocess] [info] Renamed to /home/fenris/.vscode/extensions/batisteo.vscode-django-1.9.0
[2022-02-18 18:23:06.325] [sharedprocess] [info] Extracting completed. batisteo.vscode-django
[2022-02-18 18:23:06.367] [sharedprocess] [info] Extension installed successfully: batisteo.vscode-django
[2022-02-18 18:23:08.396] [sharedprocess] [info] Downloaded extension: jakebecker.elixir-ls /home/fenris/.config/Code/CachedExtensionVSIXs/jakebecker.elixir-ls-0.9.0
[2022-02-18 18:23:08.707] [sharedprocess] [info] Downloaded extension: james-yu.latex-workshop /home/fenris/.config/Code/CachedExtensionVSIXs/james-yu.latex-workshop-8.23.0
[2022-02-18 18:23:09.295] [sharedprocess] [info] Extracted extension to /home/fenris/.vscode/extensions/.0bc2b7de-3dd6-4ab1-8d9c-24aaba448b14: jakebecker.elixir-ls
[2022-02-18 18:23:09.741] [sharedprocess] [info] Renamed to /home/fenris/.vscode/extensions/jakebecker.elixir-ls-0.9.0
[2022-02-18 18:23:09.742] [sharedprocess] [info] Downloaded extension: ms-python.vscode-pylance /home/fenris/.config/Code/CachedExtensionVSIXs/ms-python.vscode-pylance-2022.2.3
[2022-02-18 18:23:09.745] [sharedprocess] [info] Extracting completed. jakebecker.elixir-ls
[2022-02-18 18:23:10.110] [sharedprocess] [info] Extension installed successfully: jakebecker.elixir-ls
[2022-02-18 18:23:10.831] [sharedprocess] [info] Downloaded extension: ms-toolsai.jupyter /home/fenris/.config/Code/CachedExtensionVSIXs/ms-toolsai.jupyter-2022.1.1301854968
[2022-02-18 18:23:10.992] [sharedprocess] [info] Downloaded extension: ms-toolsai.jupyter-renderers /home/fenris/.config/Code/CachedExtensionVSIXs/ms-toolsai.jupyter-renderers-1.0.6
[2022-02-18 18:23:11.136] [sharedprocess] [info] Downloaded extension: alefragnani.project-manager /home/fenris/.config/Code/CachedExtensionVSIXs/alefragnani.project-manager-12.5.0
[2022-02-18 18:23:11.424] [sharedprocess] [info] Extracted extension to /home/fenris/.vscode/extensions/.5e560c5c-5172-46d1-a015-7f5fd984c8d1: alefragnani.project-manager
[2022-02-18 18:23:11.650] [sharedprocess] [info] Extracted extension to /home/fenris/.vscode/extensions/.31cc6e57-b44e-4895-a46e-d4ea6dce8318: ms-toolsai.jupyter-renderers
[2022-02-18 18:23:11.777] [sharedprocess] [info] Renamed to /home/fenris/.vscode/extensions/alefragnani.project-manager-12.5.0
[2022-02-18 18:23:11.793] [sharedprocess] [info] Extracting completed. alefragnani.project-manager
[2022-02-18 18:23:11.878] [sharedprocess] [info] Renamed to /home/fenris/.vscode/extensions/ms-toolsai.jupyter-renderers-1.0.6
[2022-02-18 18:23:11.902] [sharedprocess] [info] Extracting completed. ms-toolsai.jupyter-renderers
[2022-02-18 18:23:11.971] [sharedprocess] [info] Extension installed successfully: alefragnani.project-manager
[2022-02-18 18:23:12.072] [sharedprocess] [info] Extension installed successfully: ms-toolsai.jupyter-renderers
[2022-02-18 18:23:13.037] [sharedprocess] [info] Extracted extension to /home/fenris/.vscode/extensions/.4160f1e6-6401-4897-a1d8-7f813c1ffcdd: ms-toolsai.jupyter
[2022-02-18 18:23:13.170] [sharedprocess] [info] Downloaded extension: ms-python.python /home/fenris/.config/Code/CachedExtensionVSIXs/ms-python.python-2022.0.1814523869
[2022-02-18 18:23:13.358] [sharedprocess] [info] Downloaded extension: ms-vscode-remote.remote-containers /home/fenris/.config/Code/CachedExtensionVSIXs/ms-vscode-remote.remote-containers-0.217.4
[2022-02-18 18:23:13.468] [sharedprocess] [info] Renamed to /home/fenris/.vscode/extensions/ms-toolsai.jupyter-2022.1.1301854968
[2022-02-18 18:23:13.475] [sharedprocess] [info] Extracting completed. ms-toolsai.jupyter
[2022-02-18 18:23:13.648] [sharedprocess] [info] Extension installed successfully: ms-toolsai.jupyter
[2022-02-18 18:23:15.027] [sharedprocess] [info] Downloaded extension: ritwickdey.liveserver /home/fenris/.config/Code/CachedExtensionVSIXs/ritwickdey.liveserver-5.7.4
[2022-02-18 18:23:15.424] [sharedprocess] [info] Extracted extension to /home/fenris/.vscode/extensions/.5b55b16e-fc5a-4d62-b90f-22d70042a3cb: ms-vscode-remote.remote-containers
[2022-02-18 18:23:15.596] [sharedprocess] [info] Renamed to /home/fenris/.vscode/extensions/ms-vscode-remote.remote-containers-0.217.4
[2022-02-18 18:23:15.601] [sharedprocess] [info] Extracting completed. ms-vscode-remote.remote-containers
[2022-02-18 18:23:16.387] [sharedprocess] [info] Extension installed successfully: ms-vscode-remote.remote-containers
[2022-02-18 18:23:17.812] [sharedprocess] [info] Downloaded extension: github.vscode-pull-request-github /home/fenris/.config/Code/CachedExtensionVSIXs/github.vscode-pull-request-github-0.36.2
[2022-02-18 18:23:18.203] [sharedprocess] [info] Extracted extension to /home/fenris/.vscode/extensions/.e138fa84-a820-4b68-a7f5-b5456516e616: github.vscode-pull-request-github
[2022-02-18 18:23:18.534] [sharedprocess] [info] Renamed to /home/fenris/.vscode/extensions/github.vscode-pull-request-github-0.36.2
[2022-02-18 18:23:18.547] [sharedprocess] [info] Extracting completed. github.vscode-pull-request-github
[2022-02-18 18:23:18.589] [sharedprocess] [info] Extension installed successfully: github.vscode-pull-request-github
[2022-02-18 18:23:19.323] [sharedprocess] [info] Extracted extension to /home/fenris/.vscode/extensions/.b5803014-5957-4195-807c-4475d38df400: ritwickdey.liveserver
[2022-02-18 18:23:19.533] [sharedprocess] [info] Extracted extension to /home/fenris/.vscode/extensions/.1cab36b8-24ff-4600-b2be-9fe2ac381337: james-yu.latex-workshop
[2022-02-18 18:23:20.151] [sharedprocess] [info] Renamed to /home/fenris/.vscode/extensions/ritwickdey.liveserver-5.7.4
[2022-02-18 18:23:20.173] [sharedprocess] [info] Extracting completed. ritwickdey.liveserver
[2022-02-18 18:23:20.249] [sharedprocess] [info] Renamed to /home/fenris/.vscode/extensions/james-yu.latex-workshop-8.23.0
[2022-02-18 18:23:20.278] [sharedprocess] [info] Extension installed successfully: ritwickdey.liveserver
[2022-02-18 18:23:20.285] [sharedprocess] [info] Extracting completed. james-yu.latex-workshop
[2022-02-18 18:23:20.392] [sharedprocess] [info] Extension installed successfully: james-yu.latex-workshop
[2022-02-18 18:23:21.323] [sharedprocess] [info] Extracted extension to /home/fenris/.vscode/extensions/.6be7e387-a216-4710-a102-bc4b51ee27a2: ms-python.python
[2022-02-18 18:23:21.714] [sharedprocess] [info] Renamed to /home/fenris/.vscode/extensions/ms-python.python-2022.0.1814523869
[2022-02-18 18:23:21.719] [sharedprocess] [info] Extracting completed. ms-python.python
[2022-02-18 18:23:22.006] [sharedprocess] [info] Extension installed successfully: ms-python.python
[2022-02-18 18:23:22.529] [sharedprocess] [info] Extracted extension to /home/fenris/.vscode/extensions/.4558057b-8646-4b49-bd53-d5a64907939f: ms-python.vscode-pylance
[2022-02-18 18:23:22.769] [sharedprocess] [info] Renamed to /home/fenris/.vscode/extensions/ms-python.vscode-pylance-2022.2.3
[2022-02-18 18:23:22.776] [sharedprocess] [info] Extracting completed. ms-python.vscode-pylance
[2022-02-18 18:23:22.873] [sharedprocess] [info] Extension installed successfully: ms-python.vscode-pylance
[2022-02-18 18:23:26.429] [sharedprocess] [info] Worker process with pid 2688 terminated normally (type: fileWatcher, window: 1).
[2022-02-18 18:23:28.445] [sharedprocess] [info] Starting worker process with pid 2834 (type: fileWatcher, window: 1).
[2022-02-18 18:23:32.146] [sharedprocess] [info] Downloaded extension: ms-vscode.cpptools /home/fenris/.config/Code/CachedExtensionVSIXs/ms-vscode.cpptools-1.8.4-linux-x64
[2022-02-18 18:23:37.681] [sharedprocess] [info] Extracted extension to /home/fenris/.vscode/extensions/.d11ff088-d4a7-4a56-9258-a794aeab2102: ms-vscode.cpptools
[2022-02-18 18:23:38.144] [sharedprocess] [info] Renamed to /home/fenris/.vscode/extensions/ms-vscode.cpptools-1.8.4
[2022-02-18 18:23:38.152] [sharedprocess] [info] Extracting completed. ms-vscode.cpptools
[2022-02-18 18:23:38.646] [sharedprocess] [info] Extension installed successfully: ms-vscode.cpptools
[2022-02-18 18:23:40.104] [sharedprocess] [info] Worker process with pid 2834 terminated normally (type: fileWatcher, window: 1).
[2022-02-18 18:23:42.195] [sharedprocess] [info] Starting worker process with pid 2974 (type: fileWatcher, window: 1).
