Info 2021-12-06 20:05:39: Experimentation service retrieved: [object Object]
User belongs to experiment group 'jupyterTestcf'
User belongs to experiment group 'jupyterEnhancedDataViewer'
Info 2021-12-06 20:05:39: ZMQ install verified.
Info 2021-12-06 20:05:40: Experiment status for python is {"enabled":true,"optInto":[],"optOutFrom":[]}
Info 2021-12-06 20:05:43: Creating controller for jupyter-notebook with interpreter /home/fenris/Apps/anaconda3/envs/arima/bin/python
Info 2021-12-06 20:05:43: Find preferred kernel for file:///home/fenris/work/IN%20-%20Arima/ANPR/notebooks/data_preparation.ipynb with metadata {"accelerator":"GPU","colab":{"authorship_tag":"ABX9TyNBDHIasw1KdPxRmlk6pNU3","include_colab_link":true,"name":"data_preparation.ipynb","provenance":[]},"kernelspec":{"display_name":"Python 3","name":"python3"}} & preferred interpreter {"sysPrefix":"/home/fenris/Apps/anaconda3/envs/arima","envType":"Conda","envName":"arima","envPath":"/home/fenris/Apps/anaconda3/envs/arima","path":"/home/fenris/Apps/anaconda3/envs/arima/bin/python","architecture":3,"sysVersion":"3.7.10 | packaged by conda-forge | (default, Oct 13 2021, 21:01:18) \n[GCC 9.4.0]","version":{"raw":"3.7.10","major":3,"minor":7,"patch":10,"build":[],"prerelease":["final","0"]},"companyDisplayName":"Anaconda, Inc.","displayName":"Python 3.7.10 64-bit ('arima': conda)"}
Info 2021-12-06 20:05:43: findPreferredKernel score for speclanguage=python, Python 2.7.18 64-bit is -1
Info 2021-12-06 20:05:43: findPreferredKernel score for Python 2.7.18 64-bit is 1
Info 2021-12-06 20:05:43: findPreferredKernel score for speclanguage=python, Python 2.7.18 64-bit is -1
Info 2021-12-06 20:05:43: findPreferredKernel score for Python 2.7.18 64-bit is 1
Info 2021-12-06 20:05:43: findPreferredKernel score for speclanguage=python, Python 2.7.18 64-bit is -1
Info 2021-12-06 20:05:43: findPreferredKernel score for Python 2.7.18 64-bit is 1
Info 2021-12-06 20:05:43: findPreferredKernel score for speclanguage=python, Python 2.7.18 64-bit is -1
Info 2021-12-06 20:05:43: findPreferredKernel score for Python 2.7.18 64-bit is 1
Info 2021-12-06 20:05:43: findPreferredKernel score for speclanguage=python, Python 3.8.11 64-bit ('webapp': conda) is -1
Info 2021-12-06 20:05:43: findPreferredKernel score for Python3, Python 3.8.11 64-bit ('webapp': conda) is 2
Info 2021-12-06 20:05:43: findPreferredKernel score for Python 3.8.11 64-bit ('webapp': conda) is 2
Info 2021-12-06 20:05:43: findPreferredKernel score for speclanguage=python, Python 3.7.10 64-bit ('arima': conda) is -1
Info 2021-12-06 20:05:43: findPreferredKernel score for Python3, Python 3.7.10 64-bit ('arima': conda) is 2
Info 2021-12-06 20:05:43: findPreferredKernel score for Python 3.7.10 64-bit ('arima': conda) is 5
Info 2021-12-06 20:05:43: findPreferredKernel score for speclanguage=python, Python 3.8.12 64-bit ('ML': conda) is -1
Info 2021-12-06 20:05:43: findPreferredKernel score for Python3, Python 3.8.12 64-bit ('ML': conda) is 2
Info 2021-12-06 20:05:43: findPreferredKernel score for Python 3.8.12 64-bit ('ML': conda) is 2
Info 2021-12-06 20:05:43: findPreferredKernel score for speclanguage=python, Python 3.8.12 64-bit ('scraper': conda) is -1
Info 2021-12-06 20:05:43: findPreferredKernel score for Python3, Python 3.8.12 64-bit ('scraper': conda) is 2
Info 2021-12-06 20:05:43: findPreferredKernel score for Python 3.8.12 64-bit ('scraper': conda) is 2
Info 2021-12-06 20:05:43: findPreferredKernel score for speclanguage=python, Python 3.9.7 64-bit ('base': conda) is -1
Info 2021-12-06 20:05:43: findPreferredKernel score for Python3, Python 3.9.7 64-bit ('base': conda) is 2
Info 2021-12-06 20:05:43: findPreferredKernel score for Python 3.9.7 64-bit ('base': conda) is 2
Info 2021-12-06 20:05:43: findPreferredKernel score for speclanguage=python, Python 3.9.7 64-bit ('gui': conda) is -1
Info 2021-12-06 20:05:43: findPreferredKernel score for Python3, Python 3.9.7 64-bit ('gui': conda) is 2
Info 2021-12-06 20:05:43: findPreferredKernel score for Python 3.9.7 64-bit ('gui': conda) is 2
Info 2021-12-06 20:05:43: findPreferredKernel score for speclanguage=python, Python 3.9.7 64-bit ('openCV': conda) is -1
Info 2021-12-06 20:05:43: findPreferredKernel score for Python3, Python 3.9.7 64-bit ('openCV': conda) is 2
Info 2021-12-06 20:05:43: findPreferredKernel score for Python 3.9.7 64-bit ('openCV': conda) is 2
Info 2021-12-06 20:05:43: findPreferredKernel score for speclanguage=python, Python 3.9.7 64-bit ('xxx': conda) is -1
Info 2021-12-06 20:05:43: findPreferredKernel score for Python3, Python 3.9.7 64-bit ('xxx': conda) is 2
Info 2021-12-06 20:05:43: findPreferredKernel score for Python 3.9.7 64-bit ('xxx': conda) is 2
Info 2021-12-06 20:05:43: findPreferredKernel score for speclanguage=python, Python 3.9.9 64-bit is -1
Info 2021-12-06 20:05:43: findPreferredKernel score for Python3, Python 3.9.9 64-bit is 2
Info 2021-12-06 20:05:43: findPreferredKernel score for Python 3.9.9 64-bit is 2
Info 2021-12-06 20:05:43: findPreferredKernel score for speclanguage=python, Python 3.9.9 64-bit is -1
Info 2021-12-06 20:05:43: findPreferredKernel score for Python3, Python 3.9.9 64-bit is 2
Info 2021-12-06 20:05:43: findPreferredKernel score for Python 3.9.9 64-bit is 2
Info 2021-12-06 20:05:43: findPreferredKernel score for speclanguage=python, Python 3.9.9 64-bit is -1
Info 2021-12-06 20:05:43: findPreferredKernel score for Python3, Python 3.9.9 64-bit is 2
Info 2021-12-06 20:05:43: findPreferredKernel score for Python 3.9.9 64-bit is 2
Info 2021-12-06 20:05:43: findPreferredKernel score for speclanguage=python, Python 3.9.9 64-bit is -1
Info 2021-12-06 20:05:43: findPreferredKernel score for Python3, Python 3.9.9 64-bit is 2
Info 2021-12-06 20:05:43: findPreferredKernel score for Python 3.9.9 64-bit is 2
Info 2021-12-06 20:05:43: findPreferredKernel score for speclanguage=python, Python 3.9.7 64-bit ('vin': conda) is -1
Info 2021-12-06 20:05:43: findPreferredKernel score for Python3, Python 3.9.7 64-bit ('vin': conda) is 2
Info 2021-12-06 20:05:43: findPreferredKernel score for Python 3.9.7 64-bit ('vin': conda) is 2
Info 2021-12-06 20:05:43: findKernel found Python 3.7.10 64-bit ('arima': conda)
Info 2021-12-06 20:05:43: Find kernel spec, Class name = k, completed in 3244ms, has a truthy return value, Arg 1: <Uri:/home/fenris/work/IN - Arima/ANPR/notebooks/data_preparation.ipynb>, Arg 2: {"accelerator":"GPU","colab":{"authorship_tag":"ABX9TyNBDHIasw1KdPxRmlk6pNU3","include_colab_link":true,"name":"data_preparation.ipynb","provenance":[]},"kernelspec":{"display_name":"Python 3","name":"python3"}}, Arg 3: {"_isCancelled":false,"_emitter":{"_disposed":false,"_listeners":{"_first":{"next":{},"prev":{}},"_last":{"next":{},"prev":{}},"_size":1}}}, Return Value: {"kind":"startUsingPythonInterpreter","kernelSpec":{"specFile":"/home/fenris/.local/share/jupyter/kernels/python3710jvsc74a57bd0ecb0b07d6a759652c7152165ec3ccd2e41369910748a0e111e9ebc01d31cf4da/kernel.json","interpreterPath":"/home/fenris/Apps/anaconda3/envs/arima/bin/python","name":"python3710jvsc74a57bd0ecb0b07d6a759652c7152165ec3ccd2e41369910748a0e111e9ebc01d31cf4da","argv":["python","-m","ipykernel_launcher","-f","{connection_file}"],"language":"python","path":"python","display_name":"Python 3.7.10 64-bit ('arima': conda)","metadata":{"interpreter":{"sysPrefix":"/home/fenris/Apps/anaconda3/envs/arima","envType":"Conda","envName":"arima","envPath":"/home/fenris/Apps/anaconda3/envs/arima","path":"/home/fenris/Apps/anaconda3/envs/arima/bin/python","architecture":3,"sysVersion":"3.7.10 | packaged by conda-forge | (default, Oct 13 2021, 21:01:18) \n[GCC 9.4.0]","version":{"raw":"3.7.10","major":3,"minor":7,"patch":10,"build":[],"prerelease":["final","0"]},"companyDisplayName":"Anaconda, Inc.","displayName":"Python 3.7.10 64-bit ('arima': conda)"}},"env":{}},"interpreter":{"sysPrefix":"/home/fenris/Apps/anaconda3/envs/arima","envType":"Conda","envName":"arima","envPath":"/home/fenris/Apps/anaconda3/envs/arima","path":"/home/fenris/Apps/anaconda3/envs/arima/bin/python","architecture":3,"sysVersion":"3.7.10 | packaged by conda-forge | (default, Oct 13 2021, 21:01:18) \n[GCC 9.4.0]","version":{"raw":"3.7.10","major":3,"minor":7,"patch":10,"build":[],"prerelease":["final","0"]},"companyDisplayName":"Anaconda, Inc.","displayName":"Python 3.7.10 64-bit ('arima': conda)"},"id":".jvsc74a57bd0ecb0b07d6a759652c7152165ec3ccd2e41369910748a0e111e9ebc01d31cf4da./home/fenris/Apps/anaconda3/envs/arima/python./home/fenris/Apps/anaconda3/envs/arima/python.-m#ipykernel_launcher"}
Info 2021-12-06 20:05:43: PreferredConnection: .jvsc74a57bd0ecb0b07d6a759652c7152165ec3ccd2e41369910748a0e111e9ebc01d31cf4da./home/fenris/Apps/anaconda3/envs/arima/python./home/fenris/Apps/anaconda3/envs/arima/python.-m#ipykernel_launcher found for NotebookDocument: file:///home/fenris/work/IN%20-%20Arima/ANPR/notebooks/data_preparation.ipynb
Info 2021-12-06 20:05:43: TargetController found ID: .jvsc74a57bd0ecb0b07d6a759652c7152165ec3ccd2e41369910748a0e111e9ebc01d31cf4da./home/fenris/Apps/anaconda3/envs/arima/python./home/fenris/Apps/anaconda3/envs/arima/python.-m#ipykernel_launcher for document file:///home/fenris/work/IN%20-%20Arima/ANPR/notebooks/data_preparation.ipynb
Info 2021-12-06 20:05:43: Setting controller affinity for file:///home/fenris/work/IN%20-%20Arima/ANPR/notebooks/data_preparation.ipynb .jvsc74a57bd0ecb0b07d6a759652c7152165ec3ccd2e41369910748a0e111e9ebc01d31cf4da./home/fenris/Apps/anaconda3/envs/arima/python./home/fenris/Apps/anaconda3/envs/arima/python.-m#ipykernel_launcher
Info 2021-12-06 20:05:43: Registering dummy command feature
Error 2021-12-06 20:05:47: Failed to get activated conda env variables for arima: /home/fenris/Apps/anaconda3/envs/arima/bin/python
Info 2021-12-06 20:05:47: Process Execution: > ~/Apps/anaconda3/envs/arima/bin/python -m pip list
> ~/Apps/anaconda3/envs/arima/bin/python -m pip list
Error 2021-12-06 20:05:47: Failed to get activated conda env variables for arima: /home/fenris/Apps/anaconda3/envs/arima/bin/python
Info 2021-12-06 20:05:47: Process Execution: > ~/Apps/anaconda3/envs/arima/bin/python -c "import notebook"
> ~/Apps/anaconda3/envs/arima/bin/python -c "import notebook"
Error 2021-12-06 20:05:47: Failed to get activated conda env variables for arima: /home/fenris/Apps/anaconda3/envs/arima/bin/python
Info 2021-12-06 20:05:47: Process Execution: > ~/Apps/anaconda3/envs/arima/bin/python -c "import jupyter"
> ~/Apps/anaconda3/envs/arima/bin/python -c "import jupyter"
Info 2021-12-06 20:05:54: Loading kernelspec from /home/fenris/Apps/anaconda3/envs/ML/share/jupyter/kernels/python3/kernel.json for /home/fenris/Apps/anaconda3/envs/ML/bin/python
Info 2021-12-06 20:05:54: Loading kernelspec from /home/fenris/Apps/anaconda3/envs/openCV/share/jupyter/kernels/python3/kernel.json for /home/fenris/Apps/anaconda3/envs/openCV/bin/python
Info 2021-12-06 20:05:54: Loading kernelspec from /home/fenris/Apps/anaconda3/envs/scraper/share/jupyter/kernels/python3/kernel.json for /home/fenris/Apps/anaconda3/envs/scraper/bin/python
Info 2021-12-06 20:05:54: Hiding default kernel spec Python 3 (ipykernel), /home/fenris/Apps/anaconda3/envs/ML/bin/python
Info 2021-12-06 20:05:54: Hiding default kernel spec Python 3 (ipykernel), /home/fenris/Apps/anaconda3/envs/scraper/bin/python
Info 2021-12-06 20:05:54: Hiding default kernel spec Python 3 (ipykernel), /home/fenris/Apps/anaconda3/envs/openCV/bin/python
Info 2021-12-06 20:05:54: Hiding default kernel spec Python 3 (ipykernel), /home/fenris/Apps/anaconda3/envs/ML/bin/python
Info 2021-12-06 20:05:54: Hiding default kernel spec Python 3 (ipykernel), /home/fenris/Apps/anaconda3/envs/scraper/bin/python
Info 2021-12-06 20:05:54: Hiding default kernel spec Python 3 (ipykernel), /home/fenris/Apps/anaconda3/envs/openCV/bin/python
Info 2021-12-06 20:05:54: Hiding default kernel spec Python 3 (ipykernel), /home/fenris/Apps/anaconda3/envs/ML/bin/python
Info 2021-12-06 20:05:54: Hiding default kernel spec Python 3 (ipykernel), /home/fenris/Apps/anaconda3/envs/scraper/bin/python
Info 2021-12-06 20:05:54: Hiding default kernel spec Python 3 (ipykernel), /home/fenris/Apps/anaconda3/envs/openCV/bin/python
Info 2021-12-06 20:24:13: Shutting down notebooks for 6435ebdf-7800-4171-9c75-57edc593b0e1
Info 2021-12-06 20:24:13: Disposing HostJupyterExecution e03da296-3e5f-4482-a3ec-a7041dea8a77
Info 2021-12-06 20:24:13: Disposing super HostJupyterExecution e03da296-3e5f-4482-a3ec-a7041dea8a77
Info 2021-12-06 20:24:13: Disposing HostJupyterExecution e03da296-3e5f-4482-a3ec-a7041dea8a77
Info 2021-12-06 20:24:13: Finished disposing HostJupyterExecution  e03da296-3e5f-4482-a3ec-a7041dea8a77
Info 2021-12-06 20:24:13: Cleaning up server cache e03da296-3e5f-4482-a3ec-a7041dea8a77
Info 2021-12-06 20:24:13: Finished disposing HostJupyterExecution  e03da296-3e5f-4482-a3ec-a7041dea8a77
