Handbrake Version: 1.4.1 (2021081700)
[10:37:01] gtkgui: Modified Preset: /General/Super HQ 1080p30 Surround
[10:37:01] Starting work at: Mon Sep  6 10:37:01 2021

[10:37:01] 1 job(s) to process
[10:37:01] json job:
{
    "Audio": {
        "AudioList": [
            {
                "Bitrate": 160,
                "CompressionLevel": -1.0,
                "DRC": 0.0,
                "DitherMethod": "auto",
                "Encoder": "av_aac",
                "Gain": 0.0,
                "Mixdown": "stereo",
                "NormalizeMixLevel": false,
                "PresetEncoder": "av_aac",
                "Quality": -3.0,
                "Samplerate": 0,
                "Track": 0
            },
            {
                "Bitrate": 640,
                "CompressionLevel": -1.0,
                "DRC": 0.0,
                "DitherMethod": "auto",
                "Encoder": "ac3",
                "Gain": 0.0,
                "Mixdown": "stereo",
                "NormalizeMixLevel": false,
                "PresetEncoder": "copy:ac3",
                "Quality": -3.0,
                "Samplerate": 0,
                "Track": 0
            }
        ],
        "CopyMask": [
            "copy:aac",
            "copy:ac3"
        ],
        "FallbackEncoder": "av_aac"
    },
    "Destination": {
        "AlignAVStart": false,
        "ChapterList": [
            {
                "Duration": {
                    "Hours": 0,
                    "Minutes": 0,
                    "Seconds": 58,
                    "Ticks": 5276880
                },
                "Name": ""
            }
        ],
        "ChapterMarkers": false,
        "File": "/home/fenris/Videos/input_12_1080.mkv",
        "InlineParameterSets": false,
        "Mp4Options": {
            "IpodAtom": false,
            "Mp4Optimize": false
        },
        "Mux": "mkv"
    },
    "Filters": {
        "FilterList": [
            {
                "ID": 3,
                "Settings": {
                    "block-height": "16",
                    "block-thresh": "40",
                    "block-width": "16",
                    "filter-mode": "2",
                    "mode": "3",
                    "motion-thresh": "1",
                    "spatial-metric": "2",
                    "spatial-thresh": "1"
                }
            },
            {
                "ID": 4,
                "Settings": {
                    "mode": "7"
                }
            },
            {
                "ID": 6,
                "Settings": {
                    "mode": 2,
                    "rate": "27000000/2700000"
                }
            },
            {
                "ID": 13,
                "Settings": {
                    "crop-bottom": 0,
                    "crop-left": 0,
                    "crop-right": 0,
                    "crop-top": 0,
                    "height": 1080,
                    "width": 1920
                }
            }
        ]
    },
    "Metadata": {
        "Name": "input"
    },
    "PAR": {
        "Den": 8,
        "Num": 9
    },
    "SequenceID": 0,
    "Source": {
        "Angle": 0,
        "Path": "/home/fenris/Videos/input.mp4",
        "Range": {
            "End": 1,
            "Start": 1,
            "Type": "chapter"
        },
        "Title": 1
    },
    "Subtitle": {
        "Search": {
            "Burn": true,
            "Default": false,
            "Enable": false,
            "Forced": false
        },
        "SubtitleList": []
    },
    "Video": {
        "ColorFormat": 0,
        "ColorMatrix": 6,
        "ColorPrimaries": 5,
        "ColorRange": 1,
        "ColorTransfer": 6,
        "Encoder": "x265",
        "Level": "auto",
        "Options": "",
        "Preset": "fast",
        "Profile": "auto",
        "QSV": {
            "AdapterIndex": 1,
            "AsyncDepth": 0,
            "Decode": false
        },
        "Quality": 20.0,
        "Tune": "",
        "Turbo": false,
        "TwoPass": false
    }
}
[10:37:01] CPU: Intel(R) Core(TM) i5-3427U CPU @ 1.80GHz
[10:37:01]  - Intel microarchitecture Ivy Bridge
[10:37:01]  - logical processor count: 4
[10:37:01] Intel Quick Sync Video support: no
[10:37:01] hb_scan: path=/home/fenris/Videos/input.mp4, title_index=1
udfread ERROR: ECMA 167 Volume Recognition failed
disc.c:333: failed opening UDF image /home/fenris/Videos/input.mp4
disc.c:437: error opening file BDMV/index.bdmv
disc.c:437: error opening file BDMV/BACKUP/index.bdmv
bluray.c:2646: nav_get_title_list(/home/fenris/Videos/input.mp4/) failed
[10:37:01] bd: not a bd - trying as a stream/file instead
libdvdread: DVDOpenFileUDF:UDFFindFile /VIDEO_TS/VIDEO_TS.IFO failed
libdvdnav: vm: vm: failed to read VIDEO_TS.IFO
[10:37:01] dvd: not a dvd - trying as a stream/file instead
Input #0, mov,mp4,m4a,3gp,3g2,mj2, from '/home/fenris/Videos/input.mp4':
  Metadata:
    major_brand     : isom
    minor_version   : 512
    compatible_brands: isomiso2avc1mp41
    encoder         : Lavf57.83.100
  Duration: 00:00:58.63, start: 0.000000, bitrate: 85458 kb/s
  Stream #0:0(und): Video: h264 (Baseline) (avc1 / 0x31637661), yuv420p(tv, smpte170m/bt470bg/smpte170m), 3840x1920, 85044 kb/s, 60.02 fps, 60 tbr, 1000k tbn, 2000k tbc (default)
    Metadata:
      handler_name    : VideoHandler
      vendor_id       : [0][0][0][0]
  Stream #0:1(und): Audio: aac (LC) (mp4a / 0x6134706D), 44100 Hz, stereo, fltp, 435 kb/s (default)
    Metadata:
      handler_name    : SoundHandler
      vendor_id       : [0][0][0][0]
[10:37:01] scan: decoding previews for title 1
[10:37:01] scan: audio 0x1: aac, rate=44100Hz, bitrate=435291 Unknown (AAC LC) (2.0 ch) (435 kbps)
[10:37:03] scan: 10 previews, 3840x1920, 60.023 fps, autocrop = 0/0/0/0, aspect 2.00:1, PAR 1:1, color profile: 5-6-6
[10:37:03] libhb: scan thread found 1 valid title(s)
[10:37:04] Starting Task: Encoding Pass
[10:37:04] job configuration:
[10:37:04]  * source
[10:37:04]    + /home/fenris/Videos/input.mp4
[10:37:04]    + title 1, chapter(s) 1 to 1
[10:37:04]    + container: mov,mp4,m4a,3gp,3g2,mj2
[10:37:04]    + data rate: 85458 kbps
[10:37:04]  * destination
[10:37:04]    + /home/fenris/Videos/input_12_1080.mkv
[10:37:04]    + container: Matroska (libavformat)
[10:37:04]  * video track
[10:37:04]    + decoder: h264 8-bit
[10:37:04]      + bitrate 85044 kbps
[10:37:04]    + filters
[10:37:04]      + Comb Detect (mode=3:spatial-metric=2:motion-thresh=1:spatial-thresh=1:filter-mode=2:block-thresh=40:block-width=16:block-height=16)
[10:37:04]      + Decomb (mode=39)
[10:37:04]      + Framerate Shaper (mode=2:rate=27000000/2700000)
[10:37:04]        + frame rate: 60.023 fps -> peak rate limited to 10.000 fps
[10:37:04]      + Crop and Scale (width=1920:height=1080:crop-top=0:crop-bottom=0:crop-left=0:crop-right=0)
[10:37:04]        + source: 3840 * 1920, crop (0/0/0/0): 3840 * 1920, scale: 1920 * 1080
[10:37:04]    + Output geometry
[10:37:04]      + storage dimensions: 1920 x 1080
[10:37:04]      + pixel aspect ratio: 9 : 8
[10:37:04]      + display dimensions: 2160 x 1080
[10:37:04]    + encoder: H.265 (libx265)
[10:37:04]      + preset:  fast
[10:37:04]      + profile: auto
[10:37:04]      + level:   auto
[10:37:04]      + quality: 20.00 (RF)
[10:37:04]      + color profile: 5-6-6
[10:37:04]  * audio track 1
[10:37:04]    + decoder: Unknown (AAC LC) (2.0 ch) (435 kbps) (track 1, id 0x1)
[10:37:04]      + bitrate: 435 kbps, samplerate: 44100 Hz
[10:37:04]    + mixdown: Stereo
[10:37:04]    + encoder: AAC (libavcodec)
[10:37:04]      + bitrate: 160 kbps, samplerate: 44100 Hz
[10:37:04]  * audio track 2
[10:37:04]    + decoder: Unknown (AAC LC) (2.0 ch) (435 kbps) (track 1, id 0x1)
[10:37:04]      + bitrate: 435 kbps, samplerate: 44100 Hz
[10:37:04]    + mixdown: Stereo
[10:37:04]    + encoder: AC3 (libavcodec)
[10:37:04]      + bitrate: 640 kbps, samplerate: 44100 Hz
[10:37:04] sync: expecting 3519 video frames
x265 [info]: HEVC encoder version unknown
x265 [info]: build info [Linux][GCC 11.1.0][64 bit] 8bit+10bit+12bit
x265 [info]: using cpu capabilities: MMX2 SSE2Fast SSSE3 SSE4.2 AVX
x265 [info]: Main profile, Level-4 (Main tier)
x265 [info]: Thread pool created using 4 threads
x265 [info]: Slices                              : 1
x265 [info]: frame threads / pool features       : 2 / wpp(17 rows)
x265 [info]: Coding QT: max CU size, min CU size : 64 / 8
x265 [info]: Residual QT: max TU size, max depth : 32 / 1 inter / 1 intra
x265 [info]: ME / range / subpel / merge         : hex / 57 / 2 / 2
x265 [info]: Keyframe min / max / scenecut / bias  : 10 / 100 / 40 / 5.00 
x265 [info]: Lookahead / bframes / badapt        : 15 / 4 / 0
x265 [info]: b-pyramid / weightp / weightb       : 1 / 1 / 0
x265 [info]: References / ref-limit  cu / depth  : 3 / on / on
x265 [info]: AQ: mode / str / qg-size / cu-tree  : 2 / 1.0 / 32 / 1
x265 [info]: Rate Control / qCompress            : CRF-20.0 / 0.60
x265 [info]: tools: rd=2 psy-rd=2.00 rskip mode=1 signhide tmvp fast-intra
x265 [info]: tools: strong-intra-smoothing lslices=6 deblock sao
[10:37:04] sync: first pts video is 0
[10:37:04] sync: Chapter 1 at frame 1 time 0
[10:37:04] sync: first pts audio 0x1 is 0
[10:37:04] sync: first pts audio 0x1 is 0
[10:46:16] reader: done. 1 scr changes
[10:46:47] work: average encoding speed for job is 6.263191 fps
[10:46:48] comb detect: heavy 11 | light 235 | uncombed 3272 | total 3518
[10:46:48] decomb: deinterlaced 11 | blended 235 | unfiltered 3272 | total 3518
[10:46:48] vfr: 537 frames output, 2981 dropped and 0 duped for CFR/PFR
[10:46:48] vfr: lost time: 0 (0 frames)
[10:46:48] vfr: gained time: 0 (0 frames) (0 not accounted for)
[10:46:48] aac-decoder done: 2525 frames, 0 decoder errors
[10:46:48] aac-decoder done: 2525 frames, 0 decoder errors
[10:46:48] h264-decoder done: 3518 frames, 0 decoder errors
[10:46:48] sync: got 3518 frames, 3519 expected
[10:46:48] sync: framerate min 60.000 fps, max 60.023 fps, avg 60.008 fps
x265 [info]: frame I:     12, Avg QP:17.87  kb/s: 23806.20
x265 [info]: frame P:    110, Avg QP:19.55  kb/s: 17618.67
x265 [info]: frame B:    415, Avg QP:22.20  kb/s: 13032.06
x265 [info]: Weighted P-Frames: Y:2.7% UV:2.7%
x265 [info]: consecutive B-frames: 12.3% 2.5% 0.8% 1.6% 82.8% 

encoded 537 frames in 584.03s (0.92 fps), 14212.35 kb/s, Avg QP:21.56
[10:46:48] mux: track 0, 537 frames, 95402540 bytes, 12979.94 kbps, fifo 128
[10:46:48] mux: track 1, 2526 frames, 1177798 bytes, 160.24 kbps, fifo 512
[10:46:48] mux: track 2, 1683 frames, 4689502 bytes, 638.03 kbps, fifo 512
[10:46:48] Finished work at: Mon Sep  6 10:46:48 2021

[10:46:48] libhb: work result = 0
