Handbrake Version: 1.4.1 (2021081700)
[20:53:21] gtkgui: Preset: /Devices/Android 480p30
[20:53:21] Starting work at: Sat Sep 18 20:53:21 2021

[20:53:21] 1 job(s) to process
[20:53:21] json job:
{
    "Audio": {
        "AudioList": [
            {
                "Bitrate": 128,
                "CompressionLevel": -1.0,
                "DRC": 0.0,
                "DitherMethod": "auto",
                "Encoder": "av_aac",
                "Gain": 0.0,
                "Mixdown": "stereo",
                "NormalizeMixLevel": false,
                "PresetEncoder": "av_aac",
                "Quality": -3.0,
                "Samplerate": 0,
                "Track": 0
            }
        ],
        "CopyMask": [
            "copy:aac"
        ],
        "FallbackEncoder": "av_aac"
    },
    "Destination": {
        "AlignAVStart": false,
        "ChapterList": [
            {
                "Duration": {
                    "Hours": 0,
                    "Minutes": 3,
                    "Seconds": 36,
                    "Ticks": 19524960
                },
                "Name": ""
            }
        ],
        "ChapterMarkers": false,
        "File": "/home/fenris/Videos/videoplayback.m4v",
        "InlineParameterSets": false,
        "Mp4Options": {
            "IpodAtom": false,
            "Mp4Optimize": false
        },
        "Mux": "m4v"
    },
    "Filters": {
        "FilterList": [
            {
                "ID": 3,
                "Settings": {
                    "block-height": "16",
                    "block-thresh": "40",
                    "block-width": "16",
                    "filter-mode": "2",
                    "mode": "3",
                    "motion-thresh": "1",
                    "spatial-metric": "2",
                    "spatial-thresh": "1"
                }
            },
            {
                "ID": 4,
                "Settings": {
                    "mode": "7"
                }
            },
            {
                "ID": 6,
                "Settings": {
                    "mode": 2,
                    "rate": "27000000/900000"
                }
            },
            {
                "ID": 13,
                "Settings": {
                    "crop-bottom": 6,
                    "crop-left": 8,
                    "crop-right": 4,
                    "crop-top": 0,
                    "height": 354,
                    "width": 620
                }
            }
        ]
    },
    "Metadata": {
        "Name": "videoplayback"
    },
    "PAR": {
        "Den": 1,
        "Num": 1
    },
    "SequenceID": 0,
    "Source": {
        "Angle": 0,
        "Path": "/home/fenris/Downloads/videoplayback.mp4",
        "Range": {
            "End": 19170000,
            "Start": 9990000,
            "Type": "time"
        },
        "Title": 1
    },
    "Subtitle": {
        "Search": {
            "Burn": true,
            "Default": false,
            "Enable": false,
            "Forced": false
        },
        "SubtitleList": []
    },
    "Video": {
        "ColorFormat": 0,
        "ColorMatrix": 6,
        "ColorPrimaries": 5,
        "ColorRange": 1,
        "ColorTransfer": 1,
        "Encoder": "x264",
        "Level": "3.0",
        "Options": "",
        "Preset": "medium",
        "Profile": "main",
        "QSV": {
            "AdapterIndex": 1,
            "AsyncDepth": 0,
            "Decode": false
        },
        "Quality": 20.0,
        "Tune": "",
        "Turbo": false,
        "TwoPass": false
    }
}
[20:53:21] CPU: Intel(R) Core(TM) i5-3427U CPU @ 1.80GHz
[20:53:21]  - Intel microarchitecture Ivy Bridge
[20:53:21]  - logical processor count: 4
[20:53:21] Intel Quick Sync Video support: no
[20:53:21] hb_scan: path=/home/fenris/Downloads/videoplayback.mp4, title_index=1
udfread ERROR: ECMA 167 Volume Recognition failed
disc.c:333: failed opening UDF image /home/fenris/Downloads/videoplayback.mp4
disc.c:437: error opening file BDMV/index.bdmv
disc.c:437: error opening file BDMV/BACKUP/index.bdmv
bluray.c:2646: nav_get_title_list(/home/fenris/Downloads/videoplayback.mp4/) failed
[20:53:21] bd: not a bd - trying as a stream/file instead
libdvdread: DVDOpenFileUDF:UDFFindFile /VIDEO_TS/VIDEO_TS.IFO failed
libdvdnav: vm: vm: failed to read VIDEO_TS.IFO
[20:53:21] dvd: not a dvd - trying as a stream/file instead
Input #0, mov,mp4,m4a,3gp,3g2,mj2, from '/home/fenris/Downloads/videoplayback.mp4':
  Metadata:
    major_brand     : mp42
    minor_version   : 0
    compatible_brands: isommp42
    encoder         : Google
  Duration: 00:03:36.94, start: 0.000000, bitrate: 493 kb/s
  Stream #0:0(und): Video: h264 (Main) (avc1 / 0x31637661), yuv420p(tv, smpte170m/bt470bg/bt709), 632x360 [SAR 1:1 DAR 79:45], 394 kb/s, 30 fps, 30 tbr, 15360 tbn, 60 tbc (default)
    Metadata:
      handler_name    : ISO Media file produced by Google Inc.
      vendor_id       : [0][0][0][0]
  Stream #0:1(eng): Audio: aac (LC) (mp4a / 0x6134706D), 44100 Hz, stereo, fltp, 95 kb/s (default)
    Metadata:
      handler_name    : ISO Media file produced by Google Inc.
      vendor_id       : [0][0][0][0]
[20:53:21] scan: decoding previews for title 1
[20:53:21] scan: audio 0x1: aac, rate=44100Hz, bitrate=95999 English (AAC LC) (2.0 ch) (95 kbps)
[20:53:21] scan: 10 previews, 632x360, 30.000 fps, autocrop = 0/6/8/4, aspect 1.76:1, PAR 1:1, color profile: 5-1-6
[20:53:21] libhb: scan thread found 1 valid title(s)
[20:53:21] Starting Task: Encoding Pass
[20:53:21] job configuration:
[20:53:21]  * source
[20:53:21]    + /home/fenris/Downloads/videoplayback.mp4
[20:53:21]    + title 1, start 00:01:51.00 stop 00:03:33.00
[20:53:21]    + container: mov,mp4,m4a,3gp,3g2,mj2
[20:53:21]    + data rate: 493 kbps
[20:53:21]  * destination
[20:53:21]    + /home/fenris/Videos/videoplayback.m4v
[20:53:21]    + container: MPEG-4 (libavformat)
[20:53:21]  * video track
[20:53:21]    + decoder: h264 8-bit
[20:53:21]      + bitrate 394 kbps
[20:53:21]    + filters
[20:53:21]      + Comb Detect (mode=3:spatial-metric=2:motion-thresh=1:spatial-thresh=1:filter-mode=2:block-thresh=40:block-width=16:block-height=16)
[20:53:21]      + Decomb (mode=39)
[20:53:21]      + Framerate Shaper (mode=2:rate=27000000/900000)
[20:53:21]        + frame rate: 30.000 fps -> peak rate limited to 30.000 fps
[20:53:21]      + Crop and Scale (width=620:height=354:crop-top=0:crop-bottom=6:crop-left=8:crop-right=4)
[20:53:21]        + source: 632 * 360, crop (0/6/8/4): 620 * 354, scale: 620 * 354
[20:53:21]    + Output geometry
[20:53:21]      + storage dimensions: 620 x 354
[20:53:21]      + pixel aspect ratio: 1 : 1
[20:53:21]      + display dimensions: 620 x 354
[20:53:21]    + encoder: H.264 (libx264)
[20:53:21]      + preset:  medium
[20:53:21]      + profile: main
[20:53:21]      + level:   3.0
[20:53:21]      + quality: 20.00 (RF)
[20:53:21]      + color profile: 5-1-6
[20:53:21]  * audio track 1
[20:53:21]    + decoder: English (AAC LC) (2.0 ch) (95 kbps) (track 1, id 0x1)
[20:53:21]      + bitrate: 95 kbps, samplerate: 44100 Hz
[20:53:21]    + mixdown: Stereo
[20:53:21]    + encoder: AAC (libavcodec)
[20:53:21]      + bitrate: 128 kbps, samplerate: 44100 Hz
[20:53:21] sync: expecting 3090 video frames
[20:53:21] encx264: min-keyint: 30, keyint: 300
[20:53:21] encx264: encoding at constant RF 20.000000
[20:53:21] encx264: unparsed options: level=3.0:8x8dct=0:vbv-bufsize=10000:vbv-maxrate=10000
x264 [info]: using SAR=1/1
x264 [info]: using cpu capabilities: MMX2 SSE2Fast SSSE3 SSE4.2 AVX
x264 [info]: profile Main, level 3.0, 4:2:0, 8-bit
[20:53:22] sync: first pts audio 0x1 is 0
[20:53:22] sync: first pts video is 776
[20:53:39] decomb: deinterlaced 1 | blended 0 | unfiltered 0 | total 1
[20:53:53] sync: reached audio 0x1 pts 9180473, exiting early
[20:53:53] sync: reached video pts 9180776, exiting early
[20:53:53] reader: done. 1 scr changes
[20:53:54] work: average encoding speed for job is 96.644981 fps
[20:53:54] comb detect: heavy 0 | light 8 | uncombed 3052 | total 3060
[20:53:54] decomb: deinterlaced 0 | blended 8 | unfiltered 3052 | total 3060
[20:53:54] vfr: 3060 frames output, 0 dropped and 0 duped for CFR/PFR
[20:53:54] vfr: lost time: 0 (0 frames)
[20:53:54] vfr: gained time: 0 (0 frames) (0 not accounted for)
[20:53:54] aac-decoder done: 4717 frames, 0 decoder errors
[20:53:54] h264-decoder done: 3283 frames, 0 decoder errors
[20:53:54] sync: got 3060 frames, 3090 expected
[20:53:54] sync: framerate min 30.000 fps, max 30.000 fps, avg 30.000 fps
x264 [info]: frame I:19    Avg QP:16.26  size: 28865
x264 [info]: frame P:1043  Avg QP:19.75  size:  4346
x264 [info]: frame B:1998  Avg QP:24.98  size:   637
x264 [info]: consecutive B-frames: 10.7%  5.0%  4.9% 79.3%
x264 [info]: mb I  I16..4: 13.5%  0.0% 86.5%
x264 [info]: mb P  I16..4:  2.1%  0.0%  1.5%  P16..4: 29.3% 26.7% 15.3%  0.0%  0.0%    skip:25.1%
x264 [info]: mb B  I16..4:  0.1%  0.0%  0.0%  B16..8: 37.0%  5.3%  0.8%  direct: 0.8%  skip:56.1%  L0:49.4% L1:45.9% BI: 4.7%
x264 [info]: coded y,uvDC,uvAC intra: 48.7% 83.7% 45.6% inter: 7.9% 16.9% 0.8%
x264 [info]: i16 v,h,dc,p: 35% 46%  9% 10%
x264 [info]: i4 v,h,dc,ddl,ddr,vr,hd,vl,hu: 34% 28% 11%  4%  5%  5%  5%  5%  4%
x264 [info]: i8c dc,h,v,p: 32% 37% 24%  7%
x264 [info]: Weighted P-Frames: Y:1.2% UV:0.8%
x264 [info]: ref P L0: 75.1% 10.8% 12.0%  2.1%  0.0%
x264 [info]: ref B L0: 94.3%  5.1%  0.6%
x264 [info]: ref B L1: 98.0%  2.0%
x264 [info]: kb/s:498.39
[20:53:54] mux: track 0, 3060 frames, 6353667 bytes, 498.16 kbps, fifo 4096
[20:53:54] mux: track 1, 4394 frames, 1638079 bytes, 128.43 kbps, fifo 8192
[20:53:54] Finished work at: Sat Sep 18 20:53:54 2021

[20:53:54] libhb: work result = 0
