Handbrake Version: 1.4.1 (2021081700)
[20:55:01] gtkgui: Preset: /Devices/Android 1080p30
[20:55:01] Starting work at: Sat Sep 18 20:55:01 2021

[20:55:01] 1 job(s) to process
[20:55:01] json job:
{
    "Audio": {
        "AudioList": [
            {
                "Bitrate": 160,
                "CompressionLevel": -1.0,
                "DRC": 0.0,
                "DitherMethod": "auto",
                "Encoder": "av_aac",
                "Gain": 0.0,
                "Mixdown": "stereo",
                "NormalizeMixLevel": false,
                "PresetEncoder": "av_aac",
                "Quality": -3.0,
                "Samplerate": 0,
                "Track": 0
            }
        ],
        "CopyMask": [
            "copy:aac"
        ],
        "FallbackEncoder": "av_aac"
    },
    "Destination": {
        "AlignAVStart": false,
        "ChapterList": [
            {
                "Duration": {
                    "Hours": 0,
                    "Minutes": 3,
                    "Seconds": 36,
                    "Ticks": 19524960
                },
                "Name": ""
            }
        ],
        "ChapterMarkers": false,
        "File": "/home/fenris/Videos/videoplayback (1).m4v",
        "InlineParameterSets": false,
        "Mp4Options": {
            "IpodAtom": false,
            "Mp4Optimize": false
        },
        "Mux": "m4v"
    },
    "Filters": {
        "FilterList": [
            {
                "ID": 3,
                "Settings": {
                    "block-height": "16",
                    "block-thresh": "40",
                    "block-width": "16",
                    "filter-mode": "2",
                    "mode": "3",
                    "motion-thresh": "1",
                    "spatial-metric": "2",
                    "spatial-thresh": "1"
                }
            },
            {
                "ID": 4,
                "Settings": {
                    "mode": "7"
                }
            },
            {
                "ID": 6,
                "Settings": {
                    "mode": 2,
                    "rate": "27000000/900000"
                }
            },
            {
                "ID": 13,
                "Settings": {
                    "crop-bottom": 6,
                    "crop-left": 8,
                    "crop-right": 4,
                    "crop-top": 0,
                    "height": 354,
                    "width": 620
                }
            }
        ]
    },
    "Metadata": {
        "Name": "videoplayback"
    },
    "PAR": {
        "Den": 1,
        "Num": 1
    },
    "SequenceID": 0,
    "Source": {
        "Angle": 0,
        "Path": "/home/fenris/Downloads/videoplayback.mp4",
        "Range": {
            "End": 1,
            "Start": 1,
            "Type": "chapter"
        },
        "Title": 1
    },
    "Subtitle": {
        "Search": {
            "Burn": true,
            "Default": false,
            "Enable": false,
            "Forced": false
        },
        "SubtitleList": []
    },
    "Video": {
        "ColorFormat": 0,
        "ColorMatrix": 6,
        "ColorPrimaries": 5,
        "ColorRange": 1,
        "ColorTransfer": 1,
        "Encoder": "x264",
        "Level": "4.0",
        "Options": "",
        "Preset": "medium",
        "Profile": "main",
        "QSV": {
            "AdapterIndex": 1,
            "AsyncDepth": 0,
            "Decode": false
        },
        "Quality": 22.0,
        "Tune": "",
        "Turbo": false,
        "TwoPass": false
    }
}
[20:55:01] CPU: Intel(R) Core(TM) i5-3427U CPU @ 1.80GHz
[20:55:01]  - Intel microarchitecture Ivy Bridge
[20:55:01]  - logical processor count: 4
[20:55:01] Intel Quick Sync Video support: no
[20:55:01] hb_scan: path=/home/fenris/Downloads/videoplayback.mp4, title_index=1
udfread ERROR: ECMA 167 Volume Recognition failed
disc.c:333: failed opening UDF image /home/fenris/Downloads/videoplayback.mp4
disc.c:437: error opening file BDMV/index.bdmv
disc.c:437: error opening file BDMV/BACKUP/index.bdmv
bluray.c:2646: nav_get_title_list(/home/fenris/Downloads/videoplayback.mp4/) failed
[20:55:01] bd: not a bd - trying as a stream/file instead
libdvdread: DVDOpenFileUDF:UDFFindFile /VIDEO_TS/VIDEO_TS.IFO failed
libdvdnav: vm: vm: failed to read VIDEO_TS.IFO
[20:55:01] dvd: not a dvd - trying as a stream/file instead
Input #0, mov,mp4,m4a,3gp,3g2,mj2, from '/home/fenris/Downloads/videoplayback.mp4':
  Metadata:
    major_brand     : mp42
    minor_version   : 0
    compatible_brands: isommp42
    encoder         : Google
  Duration: 00:03:36.94, start: 0.000000, bitrate: 493 kb/s
  Stream #0:0(und): Video: h264 (Main) (avc1 / 0x31637661), yuv420p(tv, smpte170m/bt470bg/bt709), 632x360 [SAR 1:1 DAR 79:45], 394 kb/s, 30 fps, 30 tbr, 15360 tbn, 60 tbc (default)
    Metadata:
      handler_name    : ISO Media file produced by Google Inc.
      vendor_id       : [0][0][0][0]
  Stream #0:1(eng): Audio: aac (LC) (mp4a / 0x6134706D), 44100 Hz, stereo, fltp, 95 kb/s (default)
    Metadata:
      handler_name    : ISO Media file produced by Google Inc.
      vendor_id       : [0][0][0][0]
[20:55:01] scan: decoding previews for title 1
[20:55:01] scan: audio 0x1: aac, rate=44100Hz, bitrate=95999 English (AAC LC) (2.0 ch) (95 kbps)
[20:55:01] scan: 10 previews, 632x360, 30.000 fps, autocrop = 0/6/8/4, aspect 1.76:1, PAR 1:1, color profile: 5-1-6
[20:55:01] libhb: scan thread found 1 valid title(s)
[20:55:01] Starting Task: Encoding Pass
[20:55:01] job configuration:
[20:55:01]  * source
[20:55:01]    + /home/fenris/Downloads/videoplayback.mp4
[20:55:01]    + title 1, chapter(s) 1 to 1
[20:55:01]    + container: mov,mp4,m4a,3gp,3g2,mj2
[20:55:01]    + data rate: 493 kbps
[20:55:01]  * destination
[20:55:01]    + /home/fenris/Videos/videoplayback (1).m4v
[20:55:01]    + container: MPEG-4 (libavformat)
[20:55:01]  * video track
[20:55:01]    + decoder: h264 8-bit
[20:55:01]      + bitrate 394 kbps
[20:55:01]    + filters
[20:55:01]      + Comb Detect (mode=3:spatial-metric=2:motion-thresh=1:spatial-thresh=1:filter-mode=2:block-thresh=40:block-width=16:block-height=16)
[20:55:01]      + Decomb (mode=39)
[20:55:01]      + Framerate Shaper (mode=2:rate=27000000/900000)
[20:55:01]        + frame rate: 30.000 fps -> peak rate limited to 30.000 fps
[20:55:01]      + Crop and Scale (width=620:height=354:crop-top=0:crop-bottom=6:crop-left=8:crop-right=4)
[20:55:01]        + source: 632 * 360, crop (0/6/8/4): 620 * 354, scale: 620 * 354
[20:55:01]    + Output geometry
[20:55:01]      + storage dimensions: 620 x 354
[20:55:01]      + pixel aspect ratio: 1 : 1
[20:55:01]      + display dimensions: 620 x 354
[20:55:01]    + encoder: H.264 (libx264)
[20:55:01]      + preset:  medium
[20:55:01]      + profile: main
[20:55:01]      + level:   4.0
[20:55:01]      + quality: 22.00 (RF)
[20:55:01]      + color profile: 5-1-6
[20:55:01]  * audio track 1
[20:55:01]    + decoder: English (AAC LC) (2.0 ch) (95 kbps) (track 1, id 0x1)
[20:55:01]      + bitrate: 95 kbps, samplerate: 44100 Hz
[20:55:01]    + mixdown: Stereo
[20:55:01]    + encoder: AAC (libavcodec)
[20:55:01]      + bitrate: 160 kbps, samplerate: 44100 Hz
[20:55:01] sync: expecting 6508 video frames
[20:55:01] encx264: min-keyint: 30, keyint: 300
[20:55:01] encx264: encoding at constant RF 22.000000
[20:55:01] encx264: unparsed options: level=4.0:8x8dct=0:vbv-bufsize=25000:vbv-maxrate=20000
x264 [info]: using SAR=1/1
x264 [info]: using cpu capabilities: MMX2 SSE2Fast SSSE3 SSE4.2 AVX
x264 [info]: profile Main, level 4.0, 4:2:0, 8-bit
[20:55:01] sync: first pts video is 0
[20:55:01] sync: Chapter 1 at frame 1 time 0
[20:55:01] sync: first pts audio 0x1 is 0
[20:56:08] reader: done. 1 scr changes
[20:56:09] work: average encoding speed for job is 96.235817 fps
[20:56:09] comb detect: heavy 0 | light 21 | uncombed 6485 | total 6506
[20:56:09] decomb: deinterlaced 0 | blended 21 | unfiltered 6485 | total 6506
[20:56:09] vfr: 6506 frames output, 0 dropped and 0 duped for CFR/PFR
[20:56:09] vfr: lost time: 0 (0 frames)
[20:56:09] vfr: gained time: 0 (0 frames) (0 not accounted for)
[20:56:09] aac-decoder done: 9343 frames, 0 decoder errors
[20:56:09] h264-decoder done: 6506 frames, 0 decoder errors
[20:56:09] sync: got 6506 frames, 6508 expected
[20:56:09] sync: framerate min 30.000 fps, max 30.000 fps, avg 30.000 fps
x264 [info]: frame I:57    Avg QP:18.57  size: 29507
x264 [info]: frame P:2563  Avg QP:22.07  size:  3369
x264 [info]: frame B:3886  Avg QP:27.42  size:   601
x264 [info]: consecutive B-frames: 17.2%  7.3%  6.3% 69.2%
x264 [info]: mb I  I16..4: 11.0%  0.0% 89.0%
x264 [info]: mb P  I16..4:  2.3%  0.0%  1.5%  P16..4: 27.3% 19.9% 11.8%  0.0%  0.0%    skip:37.2%
x264 [info]: mb B  I16..4:  0.2%  0.0%  0.1%  B16..8: 32.9%  4.5%  0.7%  direct: 0.7%  skip:60.9%  L0:49.1% L1:46.0% BI: 4.9%
x264 [info]: coded y,uvDC,uvAC intra: 50.2% 81.9% 41.6% inter: 7.0% 14.2% 0.7%
x264 [info]: i16 v,h,dc,p: 34% 43% 10% 13%
x264 [info]: i4 v,h,dc,ddl,ddr,vr,hd,vl,hu: 29% 27% 11%  5%  6%  6%  6%  5%  5%
x264 [info]: i8c dc,h,v,p: 36% 33% 23%  8%
x264 [info]: Weighted P-Frames: Y:1.9% UV:1.6%
x264 [info]: ref P L0: 77.1% 10.3% 10.4%  2.2%  0.0%
x264 [info]: ref B L0: 94.8%  4.6%  0.6%
x264 [info]: ref B L1: 98.3%  1.7%
x264 [info]: kb/s:466.73
[20:56:09] mux: track 0, 6506 frames, 12649894 bytes, 466.43 kbps, fifo 8192
[20:56:09] mux: track 1, 9344 frames, 4349523 bytes, 160.38 kbps, fifo 8192
[20:56:09] Finished work at: Sat Sep 18 20:56:09 2021

[20:56:09] libhb: work result = 0
