Handbrake Version: 1.4.1 (2021081700)
[20:57:19] gtkgui: Preset: /Devices/Android 1080p30
[20:57:19] Starting work at: Sat Sep 18 20:57:19 2021

[20:57:19] 1 job(s) to process
[20:57:19] json job:
{
    "Audio": {
        "AudioList": [
            {
                "Bitrate": -1,
                "CompressionLevel": -1.0,
                "DRC": 0.0,
                "DitherMethod": "auto",
                "Encoder": "av_aac",
                "Gain": 0.0,
                "Mixdown": "stereo",
                "NormalizeMixLevel": false,
                "PresetEncoder": "av_aac",
                "Quality": 10.0,
                "Samplerate": 0,
                "Track": 0
            }
        ],
        "CopyMask": [
            "copy:aac"
        ],
        "FallbackEncoder": "av_aac"
    },
    "Destination": {
        "AlignAVStart": false,
        "ChapterList": [
            {
                "Duration": {
                    "Hours": 0,
                    "Minutes": 3,
                    "Seconds": 36,
                    "Ticks": 19524960
                },
                "Name": ""
            }
        ],
        "ChapterMarkers": false,
        "File": "/home/fenris/Videos/videoplayback (1).m4v",
        "InlineParameterSets": false,
        "Mp4Options": {
            "IpodAtom": false,
            "Mp4Optimize": false
        },
        "Mux": "m4v"
    },
    "Filters": {
        "FilterList": [
            {
                "ID": 3,
                "Settings": {
                    "block-height": "16",
                    "block-thresh": "40",
                    "block-width": "16",
                    "filter-mode": "2",
                    "mode": "3",
                    "motion-thresh": "1",
                    "spatial-metric": "2",
                    "spatial-thresh": "1"
                }
            },
            {
                "ID": 4,
                "Settings": {
                    "mode": "7"
                }
            },
            {
                "ID": 6,
                "Settings": {
                    "mode": 2,
                    "rate": "27000000/900000"
                }
            },
            {
                "ID": 13,
                "Settings": {
                    "crop-bottom": 6,
                    "crop-left": 8,
                    "crop-right": 4,
                    "crop-top": 0,
                    "height": 354,
                    "width": 620
                }
            }
        ]
    },
    "Metadata": {
        "Name": "videoplayback"
    },
    "PAR": {
        "Den": 1,
        "Num": 1
    },
    "SequenceID": 0,
    "Source": {
        "Angle": 0,
        "Path": "/home/fenris/Downloads/videoplayback.mp4",
        "Range": {
            "End": 19260000,
            "Start": 9900000,
            "Type": "time"
        },
        "Title": 1
    },
    "Subtitle": {
        "Search": {
            "Burn": true,
            "Default": false,
            "Enable": false,
            "Forced": false
        },
        "SubtitleList": []
    },
    "Video": {
        "ColorFormat": 0,
        "ColorMatrix": 6,
        "ColorPrimaries": 5,
        "ColorRange": 1,
        "ColorTransfer": 1,
        "Encoder": "x264",
        "Level": "4.0",
        "Options": "",
        "Preset": "medium",
        "Profile": "main",
        "QSV": {
            "AdapterIndex": 1,
            "AsyncDepth": 0,
            "Decode": false
        },
        "Quality": 22.0,
        "Tune": "",
        "Turbo": false,
        "TwoPass": false
    }
}
[20:57:19] CPU: Intel(R) Core(TM) i5-3427U CPU @ 1.80GHz
[20:57:19]  - Intel microarchitecture Ivy Bridge
[20:57:19]  - logical processor count: 4
[20:57:19] Intel Quick Sync Video support: no
[20:57:19] hb_scan: path=/home/fenris/Downloads/videoplayback.mp4, title_index=1
udfread ERROR: ECMA 167 Volume Recognition failed
disc.c:333: failed opening UDF image /home/fenris/Downloads/videoplayback.mp4
disc.c:437: error opening file BDMV/index.bdmv
disc.c:437: error opening file BDMV/BACKUP/index.bdmv
bluray.c:2646: nav_get_title_list(/home/fenris/Downloads/videoplayback.mp4/) failed
[20:57:19] bd: not a bd - trying as a stream/file instead
libdvdread: DVDOpenFileUDF:UDFFindFile /VIDEO_TS/VIDEO_TS.IFO failed
libdvdnav: vm: vm: failed to read VIDEO_TS.IFO
[20:57:19] dvd: not a dvd - trying as a stream/file instead
Input #0, mov,mp4,m4a,3gp,3g2,mj2, from '/home/fenris/Downloads/videoplayback.mp4':
  Metadata:
    major_brand     : mp42
    minor_version   : 0
    compatible_brands: isommp42
    encoder         : Google
  Duration: 00:03:36.94, start: 0.000000, bitrate: 493 kb/s
  Stream #0:0(und): Video: h264 (Main) (avc1 / 0x31637661), yuv420p(tv, smpte170m/bt470bg/bt709), 632x360 [SAR 1:1 DAR 79:45], 394 kb/s, 30 fps, 30 tbr, 15360 tbn, 60 tbc (default)
    Metadata:
      handler_name    : ISO Media file produced by Google Inc.
      vendor_id       : [0][0][0][0]
  Stream #0:1(eng): Audio: aac (LC) (mp4a / 0x6134706D), 44100 Hz, stereo, fltp, 95 kb/s (default)
    Metadata:
      handler_name    : ISO Media file produced by Google Inc.
      vendor_id       : [0][0][0][0]
[20:57:19] scan: decoding previews for title 1
[20:57:19] scan: audio 0x1: aac, rate=44100Hz, bitrate=95999 English (AAC LC) (2.0 ch) (95 kbps)
[20:57:19] scan: 10 previews, 632x360, 30.000 fps, autocrop = 0/6/8/4, aspect 1.76:1, PAR 1:1, color profile: 5-1-6
[20:57:19] libhb: scan thread found 1 valid title(s)
[20:57:19] Starting Task: Encoding Pass
[20:57:19] job configuration:
[20:57:19]  * source
[20:57:19]    + /home/fenris/Downloads/videoplayback.mp4
[20:57:19]    + title 1, start 00:01:50.00 stop 00:03:34.00
[20:57:19]    + container: mov,mp4,m4a,3gp,3g2,mj2
[20:57:19]    + data rate: 493 kbps
[20:57:19]  * destination
[20:57:19]    + /home/fenris/Videos/videoplayback (1).m4v
[20:57:19]    + container: MPEG-4 (libavformat)
[20:57:19]  * video track
[20:57:19]    + decoder: h264 8-bit
[20:57:19]      + bitrate 394 kbps
[20:57:19]    + filters
[20:57:19]      + Comb Detect (mode=3:spatial-metric=2:motion-thresh=1:spatial-thresh=1:filter-mode=2:block-thresh=40:block-width=16:block-height=16)
[20:57:19]      + Decomb (mode=39)
[20:57:19]      + Framerate Shaper (mode=2:rate=27000000/900000)
[20:57:19]        + frame rate: 30.000 fps -> peak rate limited to 30.000 fps
[20:57:19]      + Crop and Scale (width=620:height=354:crop-top=0:crop-bottom=6:crop-left=8:crop-right=4)
[20:57:19]        + source: 632 * 360, crop (0/6/8/4): 620 * 354, scale: 620 * 354
[20:57:19]    + Output geometry
[20:57:19]      + storage dimensions: 620 x 354
[20:57:19]      + pixel aspect ratio: 1 : 1
[20:57:19]      + display dimensions: 620 x 354
[20:57:19]    + encoder: H.264 (libx264)
[20:57:19]      + preset:  medium
[20:57:19]      + profile: main
[20:57:19]      + level:   4.0
[20:57:19]      + quality: 22.00 (RF)
[20:57:19]      + color profile: 5-1-6
[20:57:19]  * audio track 1
[20:57:19]    + decoder: English (AAC LC) (2.0 ch) (95 kbps) (track 1, id 0x1)
[20:57:19]      + bitrate: 95 kbps, samplerate: 44100 Hz
[20:57:19]    + mixdown: Stereo
[20:57:19]    + encoder: AAC (libavcodec)
[20:57:19]      + quality: 10.00, samplerate: 44100 Hz
[20:57:19] sync: expecting 3150 video frames
[20:57:19] encx264: min-keyint: 30, keyint: 300
[20:57:19] encx264: encoding at constant RF 22.000000
[20:57:19] encx264: unparsed options: level=4.0:8x8dct=0:vbv-bufsize=25000:vbv-maxrate=20000
x264 [info]: using SAR=1/1
x264 [info]: using cpu capabilities: MMX2 SSE2Fast SSSE3 SSE4.2 AVX
x264 [info]: profile Main, level 4.0, 4:2:0, 8-bit
[20:57:19] sync: first pts audio 0x1 is 0
[20:57:19] sync: first pts video is 637
[20:57:49] sync: reached audio 0x1 pts 9360196, exiting early
[20:57:49] sync: reached video pts 9360637, exiting early
[20:57:49] reader: done. 1 scr changes
[20:57:49] work: average encoding speed for job is 104.945923 fps
[20:57:49] comb detect: heavy 0 | light 8 | uncombed 3112 | total 3120
[20:57:50] decomb: deinterlaced 0 | blended 8 | unfiltered 3112 | total 3120
[20:57:50] vfr: 3120 frames output, 0 dropped and 0 duped for CFR/PFR
[20:57:50] vfr: lost time: 0 (0 frames)
[20:57:50] vfr: gained time: 0 (0 frames) (0 not accounted for)
[20:57:50] aac-decoder done: 4717 frames, 0 decoder errors
[20:57:50] h264-decoder done: 3283 frames, 0 decoder errors
[20:57:50] sync: got 3120 frames, 3150 expected
[20:57:50] sync: framerate min 30.000 fps, max 30.000 fps, avg 30.000 fps
x264 [info]: frame I:20    Avg QP:18.25  size: 25025
x264 [info]: frame P:1080  Avg QP:21.69  size:  3415
x264 [info]: frame B:2020  Avg QP:26.70  size:   483
x264 [info]: consecutive B-frames: 11.5%  4.9%  4.9% 78.7%
x264 [info]: mb I  I16..4: 15.4%  0.0% 84.6%
x264 [info]: mb P  I16..4:  2.2%  0.0%  1.0%  P16..4: 31.9% 22.8% 12.2%  0.0%  0.0%    skip:29.8%
x264 [info]: mb B  I16..4:  0.1%  0.0%  0.0%  B16..8: 34.7%  3.3%  0.4%  direct: 0.4%  skip:61.1%  L0:48.5% L1:48.0% BI: 3.5%
x264 [info]: coded y,uvDC,uvAC intra: 44.5% 80.4% 38.8% inter: 6.2% 14.0% 0.5%
x264 [info]: i16 v,h,dc,p: 35% 46% 10%  9%
x264 [info]: i4 v,h,dc,ddl,ddr,vr,hd,vl,hu: 32% 28% 11%  5%  5%  5%  5%  5%  4%
x264 [info]: i8c dc,h,v,p: 33% 36% 24%  7%
x264 [info]: Weighted P-Frames: Y:1.2% UV:0.7%
x264 [info]: ref P L0: 74.5% 11.6% 11.8%  2.2%  0.0%
x264 [info]: ref B L0: 94.6%  4.8%  0.6%
x264 [info]: ref B L1: 98.0%  2.0%
x264 [info]: kb/s:397.34
[20:57:50] mux: track 0, 3120 frames, 5164542 bytes, 397.15 kbps, fifo 4096
[20:57:50] mux: track 1, 4480 frames, 3536677 bytes, 271.96 kbps, fifo 8192
[20:57:50] Finished work at: Sat Sep 18 20:57:50 2021

[20:57:50] libhb: work result = 0
