Handbrake Version: 1.4.1 (2021081700)
[20:46:58] gtkgui: Preset: /Devices/Android 480p30
[20:46:58] Starting work at: Sat Sep 18 20:46:58 2021

[20:46:58] 1 job(s) to process
[20:46:58] json job:
{
    "Audio": {
        "AudioList": [
            {
                "Bitrate": 128,
                "CompressionLevel": -1.0,
                "DRC": 0.0,
                "DitherMethod": "auto",
                "Encoder": "av_aac",
                "Gain": 0.0,
                "Mixdown": "stereo",
                "NormalizeMixLevel": false,
                "PresetEncoder": "av_aac",
                "Quality": -3.0,
                "Samplerate": 0,
                "Track": 0
            }
        ],
        "CopyMask": [
            "copy:aac"
        ],
        "FallbackEncoder": "av_aac"
    },
    "Destination": {
        "AlignAVStart": false,
        "ChapterList": [
            {
                "Duration": {
                    "Hours": 0,
                    "Minutes": 3,
                    "Seconds": 36,
                    "Ticks": 19524960
                },
                "Name": ""
            }
        ],
        "ChapterMarkers": false,
        "File": "/home/fenris/Videos/videoplayback.m4v",
        "InlineParameterSets": false,
        "Mp4Options": {
            "IpodAtom": false,
            "Mp4Optimize": false
        },
        "Mux": "m4v"
    },
    "Filters": {
        "FilterList": [
            {
                "ID": 3,
                "Settings": {
                    "block-height": "16",
                    "block-thresh": "40",
                    "block-width": "16",
                    "filter-mode": "2",
                    "mode": "3",
                    "motion-thresh": "1",
                    "spatial-metric": "2",
                    "spatial-thresh": "1"
                }
            },
            {
                "ID": 4,
                "Settings": {
                    "mode": "7"
                }
            },
            {
                "ID": 6,
                "Settings": {
                    "mode": 2,
                    "rate": "27000000/900000"
                }
            },
            {
                "ID": 13,
                "Settings": {
                    "crop-bottom": 6,
                    "crop-left": 8,
                    "crop-right": 4,
                    "crop-top": 0,
                    "height": 354,
                    "width": 620
                }
            }
        ]
    },
    "Metadata": {
        "Name": "videoplayback"
    },
    "PAR": {
        "Den": 1,
        "Num": 1
    },
    "SequenceID": 0,
    "Source": {
        "Angle": 0,
        "Path": "/home/fenris/Downloads/videoplayback.mp4",
        "Range": {
            "End": 1,
            "Start": 1,
            "Type": "chapter"
        },
        "Title": 1
    },
    "Subtitle": {
        "Search": {
            "Burn": true,
            "Default": false,
            "Enable": false,
            "Forced": false
        },
        "SubtitleList": []
    },
    "Video": {
        "ColorFormat": 0,
        "ColorMatrix": 6,
        "ColorPrimaries": 5,
        "ColorRange": 1,
        "ColorTransfer": 1,
        "Encoder": "x264",
        "Level": "3.0",
        "Options": "",
        "Preset": "medium",
        "Profile": "main",
        "QSV": {
            "AdapterIndex": 1,
            "AsyncDepth": 0,
            "Decode": false
        },
        "Quality": 20.0,
        "Tune": "",
        "Turbo": false,
        "TwoPass": false
    }
}
[20:46:58] CPU: Intel(R) Core(TM) i5-3427U CPU @ 1.80GHz
[20:46:58]  - Intel microarchitecture Ivy Bridge
[20:46:58]  - logical processor count: 4
[20:46:58] Intel Quick Sync Video support: no
[20:46:58] hb_scan: path=/home/fenris/Downloads/videoplayback.mp4, title_index=1
udfread ERROR: ECMA 167 Volume Recognition failed
disc.c:333: failed opening UDF image /home/fenris/Downloads/videoplayback.mp4
disc.c:437: error opening file BDMV/index.bdmv
disc.c:437: error opening file BDMV/BACKUP/index.bdmv
bluray.c:2646: nav_get_title_list(/home/fenris/Downloads/videoplayback.mp4/) failed
[20:46:58] bd: not a bd - trying as a stream/file instead
libdvdread: DVDOpenFileUDF:UDFFindFile /VIDEO_TS/VIDEO_TS.IFO failed
libdvdnav: vm: vm: failed to read VIDEO_TS.IFO
[20:46:58] dvd: not a dvd - trying as a stream/file instead
Input #0, mov,mp4,m4a,3gp,3g2,mj2, from '/home/fenris/Downloads/videoplayback.mp4':
  Metadata:
    major_brand     : mp42
    minor_version   : 0
    compatible_brands: isommp42
    encoder         : Google
  Duration: 00:03:36.94, start: 0.000000, bitrate: 493 kb/s
  Stream #0:0(und): Video: h264 (Main) (avc1 / 0x31637661), yuv420p(tv, smpte170m/bt470bg/bt709), 632x360 [SAR 1:1 DAR 79:45], 394 kb/s, 30 fps, 30 tbr, 15360 tbn, 60 tbc (default)
    Metadata:
      handler_name    : ISO Media file produced by Google Inc.
      vendor_id       : [0][0][0][0]
  Stream #0:1(eng): Audio: aac (LC) (mp4a / 0x6134706D), 44100 Hz, stereo, fltp, 95 kb/s (default)
    Metadata:
      handler_name    : ISO Media file produced by Google Inc.
      vendor_id       : [0][0][0][0]
[20:46:58] scan: decoding previews for title 1
[20:46:58] scan: audio 0x1: aac, rate=44100Hz, bitrate=95999 English (AAC LC) (2.0 ch) (95 kbps)
[20:46:58] scan: 10 previews, 632x360, 30.000 fps, autocrop = 0/6/8/4, aspect 1.76:1, PAR 1:1, color profile: 5-1-6
[20:46:58] libhb: scan thread found 1 valid title(s)
[20:46:58] Starting Task: Encoding Pass
[20:46:58] job configuration:
[20:46:58]  * source
[20:46:58]    + /home/fenris/Downloads/videoplayback.mp4
[20:46:58]    + title 1, chapter(s) 1 to 1
[20:46:58]    + container: mov,mp4,m4a,3gp,3g2,mj2
[20:46:58]    + data rate: 493 kbps
[20:46:58]  * destination
[20:46:58]    + /home/fenris/Videos/videoplayback.m4v
[20:46:58]    + container: MPEG-4 (libavformat)
[20:46:58]  * video track
[20:46:58]    + decoder: h264 8-bit
[20:46:58]      + bitrate 394 kbps
[20:46:58]    + filters
[20:46:58]      + Comb Detect (mode=3:spatial-metric=2:motion-thresh=1:spatial-thresh=1:filter-mode=2:block-thresh=40:block-width=16:block-height=16)
[20:46:58]      + Decomb (mode=39)
[20:46:58]      + Framerate Shaper (mode=2:rate=27000000/900000)
[20:46:58]        + frame rate: 30.000 fps -> peak rate limited to 30.000 fps
[20:46:58]      + Crop and Scale (width=620:height=354:crop-top=0:crop-bottom=6:crop-left=8:crop-right=4)
[20:46:58]        + source: 632 * 360, crop (0/6/8/4): 620 * 354, scale: 620 * 354
[20:46:58]    + Output geometry
[20:46:58]      + storage dimensions: 620 x 354
[20:46:58]      + pixel aspect ratio: 1 : 1
[20:46:58]      + display dimensions: 620 x 354
[20:46:58]    + encoder: H.264 (libx264)
[20:46:58]      + preset:  medium
[20:46:58]      + profile: main
[20:46:58]      + level:   3.0
[20:46:58]      + quality: 20.00 (RF)
[20:46:58]      + color profile: 5-1-6
[20:46:58]  * audio track 1
[20:46:58]    + decoder: English (AAC LC) (2.0 ch) (95 kbps) (track 1, id 0x1)
[20:46:58]      + bitrate: 95 kbps, samplerate: 44100 Hz
[20:46:58]    + mixdown: Stereo
[20:46:58]    + encoder: AAC (libavcodec)
[20:46:58]      + bitrate: 128 kbps, samplerate: 44100 Hz
[20:46:58] sync: expecting 6508 video frames
[20:46:58] encx264: min-keyint: 30, keyint: 300
[20:46:58] encx264: encoding at constant RF 20.000000
[20:46:58] encx264: unparsed options: level=3.0:8x8dct=0:vbv-bufsize=10000:vbv-maxrate=10000
x264 [info]: using SAR=1/1
x264 [info]: using cpu capabilities: MMX2 SSE2Fast SSSE3 SSE4.2 AVX
x264 [info]: profile Main, level 3.0, 4:2:0, 8-bit
[20:46:58] sync: first pts video is 0
[20:46:58] sync: Chapter 1 at frame 1 time 0
[20:46:58] sync: first pts audio 0x1 is 0
[20:47:08] work: average encoding speed for job is 100.010384 fps
[20:47:08] comb detect: heavy 0 | light 2 | uncombed 1036 | total 1038
[20:47:09] decomb: deinterlaced 0 | blended 2 | unfiltered 1030 | total 1032
[20:47:09] vfr: 1025 frames output, 0 dropped and 0 duped for CFR/PFR
[20:47:09] vfr: lost time: 0 (0 frames)
[20:47:09] vfr: gained time: 0 (0 frames) (0 not accounted for)
[20:47:09] aac-decoder done: 1571 frames, 0 decoder errors
[20:47:09] h264-decoder done: 1092 frames, 0 decoder errors
[20:47:09] sync: got 1047 frames, 6508 expected
[20:47:09] sync: framerate min 30.000 fps, max 30.000 fps, avg 30.000 fps
x264 [info]: frame I:13    Avg QP:17.28  size: 34634
x264 [info]: frame P:364   Avg QP:20.37  size:  4664
x264 [info]: frame B:587   Avg QP:26.51  size:  1036
x264 [info]: consecutive B-frames: 15.1%  8.1%  8.7% 68.0%
x264 [info]: mb I  I16..4:  7.4%  0.0% 92.6%
x264 [info]: mb P  I16..4:  0.8%  0.0%  3.0%  P16..4: 23.8% 22.1% 15.4%  0.0%  0.0%    skip:35.0%
x264 [info]: mb B  I16..4:  0.1%  0.0%  0.5%  B16..8: 32.9%  8.9%  2.1%  direct: 1.2%  skip:54.3%  L0:51.9% L1:40.8% BI: 7.3%
x264 [info]: coded y,uvDC,uvAC intra: 78.4% 92.4% 61.6% inter: 9.2% 16.5% 1.1%
x264 [info]: i16 v,h,dc,p: 20% 52%  6% 22%
x264 [info]: i4 v,h,dc,ddl,ddr,vr,hd,vl,hu: 26% 26%  9%  6%  7%  6%  7%  6%  6%
x264 [info]: i8c dc,h,v,p: 35% 31% 22% 13%
x264 [info]: Weighted P-Frames: Y:0.0% UV:0.0%
x264 [info]: ref P L0: 79.8%  7.1% 10.7%  2.4%
x264 [info]: ref B L0: 94.6%  4.8%  0.6%
x264 [info]: ref B L1: 98.4%  1.6%
x264 [info]: kb/s:686.19
[20:47:09] mux: track 0, 962 frames, 2754336 bytes, 631.97 kbps, fifo 1024
[20:47:09] mux: track 1, 1501 frames, 558634 bytes, 128.18 kbps, fifo 2048
[20:47:09] Finished work at: Sat Sep 18 20:47:09 2021

[20:47:09] libhb: work result = 1
