[2021-12-07 12:42:09.881] [renderer1] [info] Starting extension host with pid 2348.
[2021-12-07 12:42:09.882] [renderer1] [info] [LocalProcessExtensionHost]: IExtensionHostStarter.start() took 52 ms.
[2021-12-07 12:42:14.366] [renderer1] [error] [Extension Host] (node:2348) [DEP0005] DeprecationWarning: Buffer() is deprecated due to security and usability issues. Please use the Buffer.alloc(), Buffer.allocUnsafe(), or Buffer.from() methods instead.
(Use `code --trace-deprecation ...` to show where the warning was created)
[2021-12-07 12:42:18.020] [renderer1] [critical] FAILED to destory notebook {"fileOperationResult":1,"options":{}}
[2021-12-07 12:42:18.047] [renderer1] [error] Error: Unable to read file '/home/fenris/work/Semester5/Minor_Proj/main.ipynb' (Error: Unable to resolve nonexistent file '/home/fenris/work/Semester5/Minor_Proj/main.ipynb')
    at yi.doReadFileStream (vscode-file://vscode-app/opt/visual-studio-code/resources/app/out/vs/workbench/workbench.desktop.main.js:602:27791)
    at async Ds.resolveFromFile (vscode-file://vscode-app/opt/visual-studio-code/resources/app/out/vs/workbench/workbench.desktop.main.js:2388:56436)
    at async f.doResolve (vscode-file://vscode-app/opt/visual-studio-code/resources/app/out/vs/workbench/workbench.desktop.main.js:2388:72343)
    at async sr.load (vscode-file://vscode-app/opt/visual-studio-code/resources/app/out/vs/workbench/workbench.desktop.main.js:2379:4655)
    at async u.createReferencedObject (vscode-file://vscode-app/opt/visual-studio-code/resources/app/out/vs/workbench/workbench.desktop.main.js:2388:81781)
    at async c.resolve (vscode-file://vscode-app/opt/visual-studio-code/resources/app/out/vs/workbench/workbench.desktop.main.js:2388:84080)
    at async wn.resolve (vscode-file://vscode-app/opt/visual-studio-code/resources/app/out/vs/workbench/workbench.desktop.main.js:1936:816)
    at async Ss.setInput (vscode-file://vscode-app/opt/visual-studio-code/resources/app/out/vs/workbench/workbench.desktop.main.js:1938:75643)
    at async n.doSetInput (vscode-file://vscode-app/opt/visual-studio-code/resources/app/out/vs/workbench/workbench.desktop.main.js:2342:34632)
    at async n.doOpenEditor (vscode-file://vscode-app/opt/visual-studio-code/resources/app/out/vs/workbench/workbench.desktop.main.js:2342:33032)
    at async n.openEditor (vscode-file://vscode-app/opt/visual-studio-code/resources/app/out/vs/workbench/workbench.desktop.main.js:2342:32680)
    at async vscode-file://vscode-app/opt/visual-studio-code/resources/app/out/vs/workbench/workbench.desktop.main.js:2544:16967
[2021-12-07 12:42:23.079] [renderer1] [critical] FAILED to destory notebook {"fileOperationResult":1,"options":{}}
[2021-12-07 12:42:23.090] [renderer1] [error] Error: Unable to read file '/home/fenris/work/Semester5/Minor_Proj/main_2.ipynb' (Error: Unable to resolve nonexistent file '/home/fenris/work/Semester5/Minor_Proj/main_2.ipynb')
    at yi.doReadFileStream (vscode-file://vscode-app/opt/visual-studio-code/resources/app/out/vs/workbench/workbench.desktop.main.js:602:27791)
    at async Ds.resolveFromFile (vscode-file://vscode-app/opt/visual-studio-code/resources/app/out/vs/workbench/workbench.desktop.main.js:2388:56436)
    at async f.doResolve (vscode-file://vscode-app/opt/visual-studio-code/resources/app/out/vs/workbench/workbench.desktop.main.js:2388:72343)
    at async sr.load (vscode-file://vscode-app/opt/visual-studio-code/resources/app/out/vs/workbench/workbench.desktop.main.js:2379:4655)
    at async u.createReferencedObject (vscode-file://vscode-app/opt/visual-studio-code/resources/app/out/vs/workbench/workbench.desktop.main.js:2388:81781)
    at async c.resolve (vscode-file://vscode-app/opt/visual-studio-code/resources/app/out/vs/workbench/workbench.desktop.main.js:2388:84080)
    at async wn.resolve (vscode-file://vscode-app/opt/visual-studio-code/resources/app/out/vs/workbench/workbench.desktop.main.js:1936:816)
    at async Ss.setInput (vscode-file://vscode-app/opt/visual-studio-code/resources/app/out/vs/workbench/workbench.desktop.main.js:1938:75643)
    at async n.doSetInput (vscode-file://vscode-app/opt/visual-studio-code/resources/app/out/vs/workbench/workbench.desktop.main.js:2342:34632)
    at async n.doOpenEditor (vscode-file://vscode-app/opt/visual-studio-code/resources/app/out/vs/workbench/workbench.desktop.main.js:2342:33032)
    at async n.openEditor (vscode-file://vscode-app/opt/visual-studio-code/resources/app/out/vs/workbench/workbench.desktop.main.js:2342:32680)
    at async vscode-file://vscode-app/opt/visual-studio-code/resources/app/out/vs/workbench/workbench.desktop.main.js:2544:16967
