[2021-07-16 14:35:57.452] [exthost] [info] extension host started
[2021-07-16 14:35:57.487] [exthost] [info] Lock '/home/fenris/.config/Code/User/workspaceStorage/6637ba1f45412384169ec2025a466c2b/vscode.lock': Lock acquired.
[2021-07-16 14:35:57.550] [exthost] [info] ExtensionService#_doActivateExtension vscode.microsoft-authentication {"startup":false,"extensionId":{"value":"vscode.microsoft-authentication","_lower":"vscode.microsoft-authentication"},"activationEvent":"onAuthenticationRequest:microsoft"}
[2021-07-16 14:35:57.550] [exthost] [info] ExtensionService#loadCommonJSModule file:///opt/visual-studio-code/resources/app/extensions/microsoft-authentication/dist/extension.js
[2021-07-16 14:35:57.564] [exthost] [info] ExtensionService#_doActivateExtension vscode.git {"startup":true,"extensionId":{"value":"vscode.github","_lower":"vscode.github"},"activationEvent":"*"}
[2021-07-16 14:35:57.564] [exthost] [info] ExtensionService#loadCommonJSModule file:///opt/visual-studio-code/resources/app/extensions/git/dist/main
[2021-07-16 14:35:57.582] [exthost] [info] ExtensionService#_doActivateExtension alefragnani.project-manager {"startup":true,"extensionId":{"value":"alefragnani.project-manager","_lower":"alefragnani.project-manager"},"activationEvent":"*"}
[2021-07-16 14:35:57.582] [exthost] [info] ExtensionService#loadCommonJSModule file:///home/fenris/.vscode/extensions/alefragnani.project-manager-12.3.0/dist/extension
[2021-07-16 14:35:57.592] [exthost] [info] ExtensionService#_doActivateExtension christian-kohler.path-intellisense {"startup":true,"extensionId":{"value":"christian-kohler.path-intellisense","_lower":"christian-kohler.path-intellisense"},"activationEvent":"*"}
[2021-07-16 14:35:57.592] [exthost] [info] ExtensionService#loadCommonJSModule file:///home/fenris/.vscode/extensions/christian-kohler.path-intellisense-2.3.0/out/extension.js
[2021-07-16 14:35:57.607] [exthost] [info] ExtensionService#_doActivateExtension CoenraadS.bracket-pair-colorizer {"startup":true,"extensionId":{"value":"CoenraadS.bracket-pair-colorizer","_lower":"coenraads.bracket-pair-colorizer"},"activationEvent":"*"}
[2021-07-16 14:35:57.607] [exthost] [info] ExtensionService#loadCommonJSModule file:///home/fenris/.vscode/extensions/coenraads.bracket-pair-colorizer-1.0.61/out/src/extension
[2021-07-16 14:35:57.620] [exthost] [info] ExtensionService#_doActivateExtension GitHub.vscode-pull-request-github {"startup":true,"extensionId":{"value":"GitHub.vscode-pull-request-github","_lower":"github.vscode-pull-request-github"},"activationEvent":"*"}
[2021-07-16 14:35:57.620] [exthost] [info] ExtensionService#loadCommonJSModule file:///home/fenris/.vscode/extensions/github.vscode-pull-request-github-0.28.0/dist/extension
[2021-07-16 14:35:57.639] [exthost] [info] ExtensionService#_doActivateExtension PKief.material-icon-theme {"startup":true,"extensionId":{"value":"PKief.material-icon-theme","_lower":"pkief.material-icon-theme"},"activationEvent":"*"}
[2021-07-16 14:35:57.640] [exthost] [info] ExtensionService#loadCommonJSModule file:///home/fenris/.vscode/extensions/pkief.material-icon-theme-4.8.0/dist/extension
[2021-07-16 14:35:57.652] [exthost] [info] ExtensionService#_doActivateExtension ritwickdey.LiveServer {"startup":true,"extensionId":{"value":"ritwickdey.LiveServer","_lower":"ritwickdey.liveserver"},"activationEvent":"*"}
[2021-07-16 14:35:57.652] [exthost] [info] ExtensionService#loadCommonJSModule file:///home/fenris/.vscode/extensions/ritwickdey.liveserver-5.6.1/out/src/extension
[2021-07-16 14:35:58.027] [exthost] [info] ExtensionService#_doActivateExtension vscode.github-authentication {"startup":false,"extensionId":{"value":"vscode.github-authentication","_lower":"vscode.github-authentication"},"activationEvent":"onAuthenticationRequest:github"}
[2021-07-16 14:35:58.027] [exthost] [info] ExtensionService#loadCommonJSModule file:///opt/visual-studio-code/resources/app/extensions/github-authentication/dist/extension.js
[2021-07-16 14:35:58.069] [exthost] [info] ExtensionService#_doActivateExtension vscode.github {"startup":true,"extensionId":{"value":"vscode.github","_lower":"vscode.github"},"activationEvent":"*"}
[2021-07-16 14:35:58.069] [exthost] [info] ExtensionService#loadCommonJSModule file:///opt/visual-studio-code/resources/app/extensions/github/dist/extension.js
[2021-07-16 14:35:58.121] [exthost] [info] eager extensions activated
[2021-07-16 14:35:58.171] [exthost] [info] ExtensionService#_doActivateExtension vscode.emmet {"startup":false,"extensionId":{"value":"vscode.emmet","_lower":"vscode.emmet"},"activationEvent":"onStartupFinished"}
[2021-07-16 14:35:58.171] [exthost] [info] ExtensionService#loadCommonJSModule file:///opt/visual-studio-code/resources/app/extensions/emmet/dist/node/emmetNodeMain
[2021-07-16 14:35:58.184] [exthost] [info] ExtensionService#_doActivateExtension vscode.merge-conflict {"startup":false,"extensionId":{"value":"vscode.merge-conflict","_lower":"vscode.merge-conflict"},"activationEvent":"onStartupFinished"}
[2021-07-16 14:35:58.184] [exthost] [info] ExtensionService#loadCommonJSModule file:///opt/visual-studio-code/resources/app/extensions/merge-conflict/dist/mergeConflictMain
[2021-07-16 14:35:58.187] [exthost] [info] ExtensionService#_doActivateExtension vscode.testing-editor-contributions {"startup":false,"extensionId":{"value":"vscode.testing-editor-contributions","_lower":"vscode.testing-editor-contributions"},"activationEvent":"onStartupFinished"}
[2021-07-16 14:35:58.187] [exthost] [info] ExtensionService#loadCommonJSModule file:///opt/visual-studio-code/resources/app/extensions/testing-editor-contributions/dist/extension.js
[2021-07-16 14:36:26.617] [exthost] [info] extension host terminating: renderer closed the socket
[2021-07-16 14:36:26.618] [exthost] [info] Lock '/home/fenris/.config/Code/User/workspaceStorage/6637ba1f45412384169ec2025a466c2b/vscode.lock': Marking the lockfile as scheduled to be released in 6000 ms.
[2021-07-16 14:36:27.642] [exthost] [info] exiting with code 0
