[2022-02-18 18:31:06.888] [sharedprocess] [info] Starting worker process with pid 24288 (type: fileWatcher, window: 1).
[2022-02-18 18:31:08.506] [sharedprocess] [info] Deleted from disk davidanson.vscode-markdownlint /home/fenris/.vscode/extensions/davidanson.vscode-markdownlint-0.45.0
[2022-02-18 18:31:08.507] [sharedprocess] [info] Deleted from disk golang.go /home/fenris/.vscode/extensions/golang.go-0.29.0
[2022-02-18 18:31:09.816] [sharedprocess] [info] Deleted from disk pkief.material-product-icons /home/fenris/.vscode/extensions/pkief.material-product-icons-1.1.1
[2022-02-18 18:31:10.978] [sharedprocess] [info] Deleted from disk alefragnani.project-manager /home/fenris/.vscode/extensions/alefragnani.project-manager-12.4.0
[2022-02-18 18:31:11.370] [sharedprocess] [info] Deleted from disk ms-toolsai.jupyter-renderers /home/fenris/.vscode/extensions/ms-toolsai.jupyter-renderers-1.0.3
[2022-02-18 18:31:11.415] [sharedprocess] [info] Deleted from disk pkief.material-icon-theme /home/fenris/.vscode/extensions/pkief.material-icon-theme-4.11.0
[2022-02-18 18:31:11.416] [sharedprocess] [info] Deleted from disk redhat.vscode-yaml /home/fenris/.vscode/extensions/redhat.vscode-yaml-1.2.1
[2022-02-18 18:31:12.013] [sharedprocess] [info] Deleted from disk github.vscode-pull-request-github /home/fenris/.vscode/extensions/github.vscode-pull-request-github-0.32.0
[2022-02-18 18:31:12.014] [sharedprocess] [info] Deleted from disk christian-kohler.path-intellisense /home/fenris/.vscode/extensions/christian-kohler.path-intellisense-2.5.0
[2022-02-18 18:31:13.225] [sharedprocess] [info] Deleted from disk batisteo.vscode-django /home/fenris/.vscode/extensions/batisteo.vscode-django-1.6.0
[2022-02-18 18:31:13.229] [sharedprocess] [info] Deleted from disk coenraads.bracket-pair-colorizer /home/fenris/.vscode/extensions/coenraads.bracket-pair-colorizer-1.0.61
[2022-02-18 18:31:13.251] [sharedprocess] [info] Deleted from disk ms-vscode.cpptools /home/fenris/.vscode/extensions/ms-vscode.cpptools-1.7.1
[2022-02-18 18:31:13.676] [sharedprocess] [info] Deleted from disk espressif.esp-idf-extension /home/fenris/.vscode/extensions/espressif.esp-idf-extension-1.2.0
[2022-02-18 18:31:14.848] [sharedprocess] [info] Deleted from disk ms-toolsai.jupyter /home/fenris/.vscode/extensions/ms-toolsai.jupyter-2021.10.1101450599
[2022-02-18 18:31:15.128] [sharedprocess] [info] Deleted from disk jakebecker.elixir-ls /home/fenris/.vscode/extensions/jakebecker.elixir-ls-0.8.1
[2022-02-18 18:31:15.670] [sharedprocess] [info] Deleted from disk ritwickdey.liveserver /home/fenris/.vscode/extensions/ritwickdey.liveserver-5.6.1
[2022-02-18 18:31:15.865] [sharedprocess] [info] Deleted from disk ms-python.vscode-pylance /home/fenris/.vscode/extensions/ms-python.vscode-pylance-2021.11.2
[2022-02-18 18:31:15.898] [sharedprocess] [info] Deleted from disk james-yu.latex-workshop /home/fenris/.vscode/extensions/james-yu.latex-workshop-8.22.0
[2022-02-18 18:31:15.918] [sharedprocess] [info] Deleted from disk ms-vscode-remote.remote-containers /home/fenris/.vscode/extensions/ms-vscode-remote.remote-containers-0.205.2
[2022-02-18 18:31:16.102] [sharedprocess] [info] Deleted from disk ms-python.python /home/fenris/.vscode/extensions/ms-python.python-2021.11.1422169775
[2022-02-18 18:33:36.728] [sharedprocess] [info] Worker process with pid 24288 terminated normally (type: fileWatcher, window: 1).
[2022-02-18 18:33:38.311] [sharedprocess] [info] Starting worker process with pid 24479 (type: fileWatcher, window: 1).
