Info 2021-12-02 14:51:45: Experimentation service retrieved: [object Object]
User belongs to experiment group 'jupyterTestcf'
User belongs to experiment group 'jupyterEnhancedDataViewer'
Info 2021-12-02 14:51:45: ZMQ install verified.
Info 2021-12-02 14:51:46: Experiment status for python is {"enabled":true,"optInto":[],"optOutFrom":[]}
Error 2021-12-02 14:51:56: Failed to get activated conda env variables for arima: /home/fenris/Apps/anaconda3/envs/arima/bin/python
Info 2021-12-02 14:51:56: Process Execution: > ~/Apps/anaconda3/envs/arima/bin/python -m pip list
> ~/Apps/anaconda3/envs/arima/bin/python -m pip list
Error 2021-12-02 14:51:56: Failed to get activated conda env variables for arima: /home/fenris/Apps/anaconda3/envs/arima/bin/python
Info 2021-12-02 14:51:56: Process Execution: > ~/Apps/anaconda3/envs/arima/bin/python -c "import notebook"
> ~/Apps/anaconda3/envs/arima/bin/python -c "import notebook"
Error 2021-12-02 14:51:56: Failed to get activated conda env variables for arima: /home/fenris/Apps/anaconda3/envs/arima/bin/python
Info 2021-12-02 14:51:56: Process Execution: > ~/Apps/anaconda3/envs/arima/bin/python -c "import jupyter"
> ~/Apps/anaconda3/envs/arima/bin/python -c "import jupyter"
Info 2021-12-02 14:54:09: Shutting down notebooks for 23aa0f0e-db20-467d-a12b-22424d467025
Info 2021-12-02 14:54:09: Disposing HostJupyterExecution 7bdd64c0-808a-4f30-b166-fe12a437bae6
Info 2021-12-02 14:54:09: Disposing super HostJupyterExecution 7bdd64c0-808a-4f30-b166-fe12a437bae6
Info 2021-12-02 14:54:09: Disposing HostJupyterExecution 7bdd64c0-808a-4f30-b166-fe12a437bae6
Info 2021-12-02 14:54:09: Finished disposing HostJupyterExecution  7bdd64c0-808a-4f30-b166-fe12a437bae6
Info 2021-12-02 14:54:09: Cleaning up server cache 7bdd64c0-808a-4f30-b166-fe12a437bae6
Info 2021-12-02 14:54:09: Finished disposing HostJupyterExecution  7bdd64c0-808a-4f30-b166-fe12a437bae6
