Validating found git in: git
Using git 2.34.1 from git
> git rev-parse --git-dir
Open repository: /home/fenris/work/IN - Arima
> git status -z -u
> git symbolic-ref --short HEAD
> git for-each-ref --format=%(refname)%00%(upstream:short)%00%(objectname)%00%(upstream:track) refs/heads/main refs/remotes/main
> git for-each-ref --sort -committerdate --format %(refname) %(objectname) %(*objectname)
> git remote --verbose
> git config --get commit.template
> git show --textconv :plate/main.py
> git ls-files --stage -- /home/fenris/work/IN - Arima/plate/main.py
> git check-ignore -v -z --stdin
> git config --local branch.main.github-pr-owner-number
> git fetch
> git status -z -u
> git symbolic-ref --short HEAD
> git ls-files --stage -- /home/fenris/work/IN - Arima/plate/main.py
> git for-each-ref --format=%(refname)%00%(upstream:short)%00%(objectname)%00%(upstream:track) refs/heads/main refs/remotes/main
> git for-each-ref --sort -committerdate --format %(refname) %(objectname) %(*objectname)
> git remote --verbose
> git show --textconv :plate/main.py
> git config --get commit.template
> git ls-files --stage -- /home/fenris/work/IN - Arima/plate/main.py
> git show --textconv :plate/main.py
> git status -z -u
> git symbolic-ref --short HEAD
> git for-each-ref --format=%(refname)%00%(upstream:short)%00%(objectname)%00%(upstream:track) refs/heads/main refs/remotes/main
> git for-each-ref --sort -committerdate --format %(refname) %(objectname) %(*objectname)
> git remote --verbose
> git config --get commit.template
