Info 2021-12-06 20:33:10: Experimentation service retrieved: [object Object]
User belongs to experiment group 'jupyterTestcf'
User belongs to experiment group 'jupyterEnhancedDataViewer'
Info 2021-12-06 20:33:10: ZMQ install verified.
Info 2021-12-06 20:33:11: Experiment status for python is {"enabled":true,"optInto":[],"optOutFrom":[]}
Error 2021-12-06 20:33:12: Failed to get activated conda env variables for arima: /home/fenris/Apps/anaconda3/envs/arima/bin/python
Info 2021-12-06 20:33:12: Process Execution: > ~/Apps/anaconda3/envs/arima/bin/python -m pip list
> ~/Apps/anaconda3/envs/arima/bin/python -m pip list
Error 2021-12-06 20:33:12: Failed to get activated conda env variables for arima: /home/fenris/Apps/anaconda3/envs/arima/bin/python
Info 2021-12-06 20:33:12: Process Execution: > ~/Apps/anaconda3/envs/arima/bin/python -c "import jupyter"
> ~/Apps/anaconda3/envs/arima/bin/python -c "import jupyter"
Error 2021-12-06 20:33:12: Failed to get activated conda env variables for arima: /home/fenris/Apps/anaconda3/envs/arima/bin/python
Info 2021-12-06 20:33:13: Process Execution: > ~/Apps/anaconda3/envs/arima/bin/python -c "import notebook"
> ~/Apps/anaconda3/envs/arima/bin/python -c "import notebook"
Info 2021-12-06 20:43:51: Shutting down notebooks for b3543d78-e4a8-4023-932a-e05acbc6a749
Info 2021-12-06 20:43:51: Disposing HostJupyterExecution 0a1786dd-37b9-409d-8ff9-98abf4209991
Info 2021-12-06 20:43:51: Disposing super HostJupyterExecution 0a1786dd-37b9-409d-8ff9-98abf4209991
Info 2021-12-06 20:43:51: Disposing HostJupyterExecution 0a1786dd-37b9-409d-8ff9-98abf4209991
Info 2021-12-06 20:43:51: Finished disposing HostJupyterExecution  0a1786dd-37b9-409d-8ff9-98abf4209991
Info 2021-12-06 20:43:51: Cleaning up server cache 0a1786dd-37b9-409d-8ff9-98abf4209991
Info 2021-12-06 20:43:51: Finished disposing HostJupyterExecution  0a1786dd-37b9-409d-8ff9-98abf4209991
